Mplus VERSION 8
MUTHEN & MUTHEN
05/01/2018   2:58 PM

INPUT INSTRUCTIONS



  TITLE: Homework Achievement Latent Interaction Model Minority measured

  DATA:
    FILE IS HW latent 8-12.dat;
  VARIABLE:
       MISSING ARE ALL (-999);
           NAMES ARE
       bytxrstd
       bytxmstd
       bytxsstd
       bytxhstd
       parocc
       HW_10
       HW_12
       eng_12
       math_12
       sci_12
       ss_12
       Female
       byfaminc
       bypared
       Minority;



  USEVARIABLES ARE
      BYPARED	
      BYFAMINC	
      PAROCC	
      BYTXRSTD	
      BYTXMSTD	
      BYTXSSTD	
      BYTXHSTD	
      HW_10	
      HW_12	
      ENG_12	
      MATH_12	
      SCI_12	
      SS_12;



  MODEL:


      FAMBACK BY
          PAROCC
          BYPARED	
          BYFAMINC;	

      PREVACH BY
          BYTXRSTD	
          BYTXMSTD	
          BYTXSSTD	
          BYTXHSTD;	

      HW BY
          HW_10
          HW_12;	

      GRADES BY
          ENG_12	
          MATH_12	
          SCI_12	
          SS_12;

      BYTXRSTD	WITH ENG_12;
      BYTXMSTD	WITH MATH_12;	
      BYTXSSTD	WITH SCI_12;
      BYTXHSTD	WITH SS_12;	

      PREVACH ON FAMBACK;
      GRADES ON PREVACH HW;
      HW ON PREVACH FAMBACK;


  MODEL INDIRECT :

      GRADES IND PREVACH FAMBACK;
      GRADES IND HW PREVACH;
      GRADES IND HW FAMBACK;
      HW IND PREVACH FAMBACK;


  OUTPUT:  SAMPSTAT STDYX RESIDUAL TECH1;




INPUT READING TERMINATED NORMALLY



Homework Achievement Latent Interaction Model Minority measured

SUMMARY OF ANALYSIS

Number of groups                                                 1
Number of observations                                        1000

Number of dependent variables                                   13
Number of independent variables                                  0
Number of continuous latent variables                            4

Observed dependent variables

  Continuous
   BYPARED     BYFAMINC    PAROCC      BYTXRSTD    BYTXMSTD    BYTXSSTD
   BYTXHSTD    HW_10       HW_12       ENG_12      MATH_12     SCI_12
   SS_12

Continuous latent variables
   FAMBACK     PREVACH     HW          GRADES


Estimator                                                       ML
Information matrix                                        OBSERVED
Maximum number of iterations                                  1000
Convergence criterion                                    0.500D-04
Maximum number of steepest descent iterations                   20
Maximum number of iterations for H1                           2000
Convergence criterion for H1                             0.100D-03

Input data file(s)
  HW latent 8-12.dat

Input data format  FREE


SUMMARY OF DATA

     Number of missing data patterns            42


COVARIANCE COVERAGE OF DATA

Minimum covariance coverage value   0.100


     PROPORTION OF DATA PRESENT


           Covariance Coverage
              BYPARED       BYFAMINC      PAROCC        BYTXRSTD      BYTXMSTD
              ________      ________      ________      ________      ________
 BYPARED        0.999
 BYFAMINC       0.957         0.958
 PAROCC         0.990         0.949         0.991
 BYTXRSTD       0.970         0.930         0.962         0.971
 BYTXMSTD       0.969         0.929         0.962         0.970         0.970
 BYTXSSTD       0.968         0.928         0.960         0.969         0.968
 BYTXHSTD       0.967         0.927         0.959         0.968         0.967
 HW_10          0.953         0.915         0.949         0.926         0.926
 HW_12          0.903         0.866         0.896         0.878         0.877
 ENG_12         0.979         0.940         0.972         0.953         0.952
 MATH_12        0.980         0.940         0.973         0.952         0.951
 SCI_12         0.985         0.945         0.977         0.957         0.956
 SS_12          0.988         0.948         0.980         0.960         0.959


           Covariance Coverage
              BYTXSSTD      BYTXHSTD      HW_10         HW_12         ENG_12
              ________      ________      ________      ________      ________
 BYTXSSTD       0.969
 BYTXHSTD       0.968         0.968
 HW_10          0.924         0.923         0.954
 HW_12          0.876         0.875         0.887         0.904
 ENG_12         0.951         0.950         0.940         0.892         0.980
 MATH_12        0.950         0.949         0.941         0.897         0.967
 SCI_12         0.955         0.954         0.946         0.898         0.973
 SS_12          0.958         0.957         0.948         0.901         0.974


           Covariance Coverage
              MATH_12       SCI_12        SS_12
              ________      ________      ________
 MATH_12        0.981
 SCI_12         0.972         0.986
 SS_12          0.976         0.982         0.989


SAMPLE STATISTICS


     ESTIMATED SAMPLE STATISTICS


           Means
              BYPARED       BYFAMINC      PAROCC        BYTXRSTD      BYTXMSTD
              ________      ________      ________      ________      ________
                3.128         9.841        51.386        51.259        51.494


           Means
              BYTXSSTD      BYTXHSTD      HW_10         HW_12         ENG_12
              ________      ________      ________      ________      ________
               51.181        51.375         2.482         3.288         6.075


           Means
              MATH_12       SCI_12        SS_12
              ________      ________      ________
                5.483         5.771         6.207


           Covariances
              BYPARED       BYFAMINC      PAROCC        BYTXRSTD      BYTXMSTD
              ________      ________      ________      ________      ________
 BYPARED        1.584
 BYFAMINC       1.955         6.734
 PAROCC        16.142        29.011       458.764
 BYTXRSTD       5.199         9.980        71.829        99.973
 BYTXMSTD       5.314        10.304        75.537        70.679        98.056
 BYTXSSTD       4.809         8.418        60.806        68.924        70.885
 BYTXHSTD       4.539         9.268        64.774        69.591        66.738
 HW_10          0.520         0.863         6.404         4.815         4.806
 HW_12          0.509         0.978         6.034         4.895         5.202
 ENG_12         1.335         2.273        15.794        14.120        13.115
 MATH_12        1.121         1.738        12.962        12.355        13.516
 SCI_12         1.180         1.996        14.100        13.411        13.343
 SS_12          1.293         2.374        16.382        15.257        14.481


           Covariances
              BYTXSSTD      BYTXHSTD      HW_10         HW_12         ENG_12
              ________      ________      ________      ________      ________
 BYTXSSTD     100.122
 BYTXHSTD      67.518        94.023
 HW_10          4.191         4.031         2.861
 HW_12          4.265         3.880         1.375         3.896
 ENG_12        10.955        11.574         1.550         1.438         7.120
 MATH_12       10.559        10.290         1.272         1.343         5.227
 SCI_12        11.666        11.709         1.429         1.414         5.656
 SS_12         12.199        13.107         1.643         1.566         6.302


           Covariances
              MATH_12       SCI_12        SS_12
              ________      ________      ________
 MATH_12        6.942
 SCI_12         5.182         7.001
 SS_12          5.351         5.939         7.911


           Correlations
              BYPARED       BYFAMINC      PAROCC        BYTXRSTD      BYTXMSTD
              ________      ________      ________      ________      ________
 BYPARED        1.000
 BYFAMINC       0.599         1.000
 PAROCC         0.599         0.522         1.000
 BYTXRSTD       0.413         0.385         0.335         1.000
 BYTXMSTD       0.426         0.401         0.356         0.714         1.000
 BYTXSSTD       0.382         0.324         0.284         0.689         0.715
 BYTXHSTD       0.372         0.368         0.312         0.718         0.695
 HW_10          0.244         0.197         0.177         0.285         0.287
 HW_12          0.205         0.191         0.143         0.248         0.266
 ENG_12         0.398         0.328         0.276         0.529         0.496
 MATH_12        0.338         0.254         0.230         0.469         0.518
 SCI_12         0.354         0.291         0.249         0.507         0.509
 SS_12          0.365         0.325         0.272         0.542         0.520


           Correlations
              BYTXSSTD      BYTXHSTD      HW_10         HW_12         ENG_12
              ________      ________      ________      ________      ________
 BYTXSSTD       1.000
 BYTXHSTD       0.696         1.000
 HW_10          0.248         0.246         1.000
 HW_12          0.216         0.203         0.412         1.000
 ENG_12         0.410         0.447         0.343         0.273         1.000
 MATH_12        0.401         0.403         0.285         0.258         0.743
 SCI_12         0.441         0.456         0.319         0.271         0.801
 SS_12          0.433         0.481         0.345         0.282         0.840


           Correlations
              MATH_12       SCI_12        SS_12
              ________      ________      ________
 MATH_12        1.000
 SCI_12         0.743         1.000
 SS_12          0.722         0.798         1.000


     MAXIMUM LOG-LIKELIHOOD VALUE FOR THE UNRESTRICTED (H1) MODEL IS -32048.152


UNIVARIATE SAMPLE STATISTICS


     UNIVARIATE HIGHER-ORDER MOMENT DESCRIPTIVE STATISTICS

         Variable/         Mean/     Skewness/   Minimum/ % with                Percentiles
        Sample Size      Variance    Kurtosis    Maximum  Min/Max      20%/60%    40%/80%    Median

     BYPARED               3.127       0.455       1.000    9.41%       2.000      3.000      3.000
             999.000       1.584      -0.048       6.000    5.81%       3.000      4.000
     BYFAMINC              9.852      -0.683       1.000    0.21%       8.000     10.000     10.000
             958.000       6.684       0.569      15.000    2.19%      11.000     12.000
     PAROCC               51.585      -0.673       7.320    2.93%      25.000     56.330     58.010
             991.000     455.441      -0.919      81.870    6.96%      66.090     66.180
     BYTXRSTD             51.297      -0.259      23.098    0.10%      41.914     48.412     52.473
             971.000      99.818      -0.866      67.499    3.81%      54.775     61.136
     BYTXMSTD             51.544       0.061      30.282    0.10%      41.990     47.880     51.268
             970.000      97.731      -1.048      71.222    0.41%      54.802     61.871
     BYTXSSTD             51.206       0.007      26.505    0.10%      42.231     48.951     51.238
             969.000      99.963      -0.573      75.973    0.10%      53.527     60.103
     BYTXHSTD             51.414      -0.315      24.183    0.10%      42.750     49.413     52.034
             968.000      93.747      -0.461      69.508    1.03%      54.000     60.770
     HW_10                 2.526       0.896       0.000    5.35%       1.000      2.000      2.000
             954.000       2.828       0.254       7.000    3.56%       2.000      4.000
     HW_12                 3.365       0.490       0.000    6.19%       2.000      3.000      3.000
             904.000       3.856      -0.271       8.000    3.76%       3.000      5.000
     ENG_12                6.123      -0.244       0.000    1.53%       3.600      5.370      6.370
             980.000       7.002      -0.728      11.250    0.20%       7.180      8.600
     MATH_12               5.522       0.004       0.000    1.94%       3.000      4.800      5.500
             981.000       6.871      -0.740      11.500    0.20%       6.330      8.000
     SCI_12                5.788      -0.106       0.000    1.42%       3.500      5.000      6.000
             986.000       6.934      -0.706      11.500    0.20%       6.570      8.000
     SS_12                 6.233      -0.346       0.000    2.12%       3.670      5.670      6.500
             989.000       7.855      -0.679      11.670    0.10%       7.290      8.860


THE MODEL ESTIMATION TERMINATED NORMALLY



MODEL FIT INFORMATION

Number of Free Parameters                       48

Loglikelihood

          H0 Value                      -32104.831
          H1 Value                      -32048.152

Information Criteria

          Akaike (AIC)                   64305.662
          Bayesian (BIC)                 64541.235
          Sample-Size Adjusted BIC       64388.784
            (n* = (n + 2) / 24)

Chi-Square Test of Model Fit

          Value                            113.358
          Degrees of Freedom                    56
          P-Value                           0.0000

RMSEA (Root Mean Square Error Of Approximation)

          Estimate                           0.032
          90 Percent C.I.                    0.023  0.040
          Probability RMSEA <= .05           1.000

CFI/TLI

          CFI                                0.993
          TLI                                0.990

Chi-Square Test of Model Fit for the Baseline Model

          Value                           7792.886
          Degrees of Freedom                    78
          P-Value                           0.0000

SRMR (Standardized Root Mean Square Residual)

          Value                              0.023



MODEL RESULTS

                                                    Two-Tailed
                    Estimate       S.E.  Est./S.E.    P-Value

 FAMBACK  BY
    PAROCC             1.000      0.000    999.000    999.000
    BYPARED            0.069      0.003     20.632      0.000
    BYFAMINC           0.124      0.006     19.348      0.000

 PREVACH  BY
    BYTXRSTD           1.000      0.000    999.000    999.000
    BYTXMSTD           0.988      0.030     32.651      0.000
    BYTXSSTD           0.960      0.031     30.702      0.000
    BYTXHSTD           0.942      0.030     31.597      0.000

 HW       BY
    HW_10              1.000      0.000    999.000    999.000
    HW_12              1.006      0.104      9.671      0.000

 GRADES   BY
    ENG_12             1.000      0.000    999.000    999.000
    MATH_12            0.876      0.025     34.958      0.000
    SCI_12             0.961      0.023     41.780      0.000
    SS_12              1.049      0.023     45.416      0.000

 PREVACH  ON
    FAMBACK            0.325      0.022     14.540      0.000

 GRADES   ON
    PREVACH            0.140      0.011     12.973      0.000
    HW                 0.659      0.106      6.216      0.000

 HW       ON
    PREVACH            0.045      0.008      5.900      0.000
    FAMBACK            0.018      0.004      4.117      0.000

 BYTXRSTD WITH
    ENG_12             0.486      0.256      1.900      0.057

 BYTXMSTD WITH
    MATH_12            1.573      0.320      4.915      0.000

 BYTXSSTD WITH
    SCI_12             0.459      0.294      1.563      0.118

 BYTXHSTD WITH
    SS_12              0.266      0.278      0.956      0.339

 Intercepts
    BYPARED            3.128      0.040     78.568      0.000
    BYFAMINC           9.841      0.083    118.414      0.000
    PAROCC            51.388      0.679     75.669      0.000
    BYTXRSTD          51.257      0.320    160.386      0.000
    BYTXMSTD          51.493      0.316    163.072      0.000
    BYTXSSTD          51.179      0.320    160.149      0.000
    BYTXHSTD          51.373      0.310    165.931      0.000
    HW_10              2.481      0.055     45.366      0.000
    HW_12              3.280      0.066     49.942      0.000
    ENG_12             6.074      0.084     71.892      0.000
    MATH_12            5.482      0.083     65.676      0.000
    SCI_12             5.770      0.084     68.653      0.000
    SS_12              6.207      0.089     69.614      0.000

 Variances
    FAMBACK          231.337     19.948     11.597      0.000

 Residual Variances
    BYPARED            0.483      0.044     10.967      0.000
    BYFAMINC           3.161      0.198     15.973      0.000
    PAROCC           227.271     13.266     17.132      0.000
    BYTXRSTD          27.413      1.704     16.091      0.000
    BYTXMSTD          26.728      1.669     16.017      0.000
    BYTXSSTD          32.977      1.881     17.536      0.000
    BYTXHSTD          29.242      1.709     17.107      0.000
    HW_10              1.510      0.149     10.158      0.000
    HW_12              2.537      0.178     14.290      0.000
    ENG_12             1.155      0.080     14.479      0.000
    MATH_12            2.349      0.122     19.249      0.000
    SCI_12             1.541      0.092     16.744      0.000
    SS_12              1.383      0.091     15.197      0.000
    PREVACH           48.379      3.317     14.583      0.000
    HW                 1.009      0.149      6.772      0.000
    GRADES             3.063      0.200     15.324      0.000


STANDARDIZED MODEL RESULTS


STDYX Standardization

                                                    Two-Tailed
                    Estimate       S.E.  Est./S.E.    P-Value

 FAMBACK  BY
    PAROCC             0.710      0.021     34.571      0.000
    BYPARED            0.834      0.017     47.741      0.000
    BYFAMINC           0.728      0.021     35.430      0.000

 PREVACH  BY
    BYTXRSTD           0.852      0.011     76.908      0.000
    BYTXMSTD           0.853      0.011     76.717      0.000
    BYTXSSTD           0.819      0.013     64.717      0.000
    BYTXHSTD           0.830      0.012     68.157      0.000

 HW       BY
    HW_10              0.688      0.038     18.168      0.000
    HW_12              0.592      0.037     16.225      0.000

 GRADES   BY
    ENG_12             0.915      0.007    130.572      0.000
    MATH_12            0.812      0.012     66.890      0.000
    SCI_12             0.884      0.008    103.956      0.000
    SS_12              0.908      0.007    125.819      0.000

 PREVACH  ON
    FAMBACK            0.579      0.027     21.525      0.000

 GRADES   ON
    PREVACH            0.490      0.034     14.307      0.000
    HW                 0.315      0.043      7.378      0.000

 HW       ON
    PREVACH            0.331      0.053      6.216      0.000
    FAMBACK            0.235      0.056      4.231      0.000

 BYTXRSTD WITH
    ENG_12             0.086      0.045      1.933      0.053

 BYTXMSTD WITH
    MATH_12            0.199      0.038      5.196      0.000

 BYTXSSTD WITH
    SCI_12             0.064      0.041      1.577      0.115

 BYTXHSTD WITH
    SS_12              0.042      0.043      0.961      0.337

 Intercepts
    BYPARED            2.485      0.064     38.865      0.000
    BYFAMINC           3.792      0.093     40.980      0.000
    PAROCC             2.400      0.063     38.136      0.000
    BYTXRSTD           5.120      0.121     42.458      0.000
    BYTXMSTD           5.206      0.122     42.654      0.000
    BYTXSSTD           5.117      0.120     42.477      0.000
    BYTXHSTD           5.302      0.125     42.535      0.000
    HW_10              1.465      0.048     30.772      0.000
    HW_12              1.659      0.053     31.301      0.000
    ENG_12             2.281      0.061     37.611      0.000
    MATH_12            2.086      0.057     36.665      0.000
    SCI_12             2.177      0.059     37.149      0.000
    SS_12              2.207      0.059     37.394      0.000

 Variances
    FAMBACK            1.000      0.000    999.000    999.000

 Residual Variances
    BYPARED            0.305      0.029     10.488      0.000
    BYFAMINC           0.469      0.030     15.668      0.000
    PAROCC             0.496      0.029     16.982      0.000
    BYTXRSTD           0.274      0.019     14.480      0.000
    BYTXMSTD           0.273      0.019     14.419      0.000
    BYTXSSTD           0.330      0.021     15.913      0.000
    BYTXHSTD           0.312      0.020     15.418      0.000
    HW_10              0.527      0.052     10.118      0.000
    HW_12              0.649      0.043     15.003      0.000
    ENG_12             0.163      0.013     12.707      0.000
    MATH_12            0.340      0.020     17.236      0.000
    SCI_12             0.219      0.015     14.609      0.000
    SS_12              0.175      0.013     13.322      0.000
    PREVACH            0.665      0.031     21.321      0.000
    HW                 0.745      0.039     18.864      0.000
    GRADES             0.516      0.029     17.546      0.000


R-SQUARE

    Observed                                        Two-Tailed
    Variable        Estimate       S.E.  Est./S.E.    P-Value

    BYPARED            0.695      0.029     23.871      0.000
    BYFAMINC           0.531      0.030     17.715      0.000
    PAROCC             0.504      0.029     17.285      0.000
    BYTXRSTD           0.726      0.019     38.454      0.000
    BYTXMSTD           0.727      0.019     38.358      0.000
    BYTXSSTD           0.670      0.021     32.358      0.000
    BYTXHSTD           0.688      0.020     34.079      0.000
    HW_10              0.473      0.052      9.084      0.000
    HW_12              0.351      0.043      8.113      0.000
    ENG_12             0.837      0.013     65.286      0.000
    MATH_12            0.660      0.020     33.445      0.000
    SCI_12             0.781      0.015     51.978      0.000
    SS_12              0.825      0.013     62.909      0.000

     Latent                                         Two-Tailed
    Variable        Estimate       S.E.  Est./S.E.    P-Value

    PREVACH            0.335      0.031     10.763      0.000
    HW                 0.255      0.039      6.473      0.000
    GRADES             0.484      0.029     16.450      0.000


QUALITY OF NUMERICAL RESULTS

     Condition Number for the Information Matrix              0.332E-04
       (ratio of smallest to largest eigenvalue)


TOTAL, TOTAL INDIRECT, SPECIFIC INDIRECT, AND DIRECT EFFECTS


                                                    Two-Tailed
                    Estimate       S.E.  Est./S.E.    P-Value

Effects from FAMBACK to GRADES

  Sum of indirect      0.057      0.005     11.351      0.000

  Specific indirect

    GRADES
    PREVACH
    FAMBACK            0.045      0.005      9.984      0.000

    GRADES
    HW
    FAMBACK            0.012      0.003      3.402      0.001


Effects from PREVACH to GRADES

  Indirect             0.030      0.006      4.603      0.000

Effects from FAMBACK to HW

  Indirect             0.015      0.003      5.580      0.000


STANDARDIZED TOTAL, TOTAL INDIRECT, SPECIFIC INDIRECT, AND DIRECT EFFECTS


STDYX Standardization

                                                    Two-Tailed
                    Estimate       S.E.  Est./S.E.    P-Value

Effects from FAMBACK to GRADES

  Sum of indirect      0.358      0.026     13.752      0.000

  Specific indirect

    GRADES
    PREVACH
    FAMBACK            0.284      0.025     11.492      0.000

    GRADES
    HW
    FAMBACK            0.074      0.021      3.453      0.001


Effects from PREVACH to GRADES

  Indirect             0.104      0.022      4.701      0.000

Effects from FAMBACK to HW

  Indirect             0.192      0.032      5.959      0.000



RESIDUAL OUTPUT


     ESTIMATED MODEL AND RESIDUALS (OBSERVED - ESTIMATED)


           Model Estimated Means/Intercepts/Thresholds
              BYPARED       BYFAMINC      PAROCC        BYTXRSTD      BYTXMSTD
              ________      ________      ________      ________      ________
                3.128         9.841        51.388        51.257        51.493


           Model Estimated Means/Intercepts/Thresholds
              BYTXSSTD      BYTXHSTD      HW_10         HW_12         ENG_12
              ________      ________      ________      ________      ________
               51.179        51.373         2.481         3.280         6.074


           Model Estimated Means/Intercepts/Thresholds
              MATH_12       SCI_12        SS_12
              ________      ________      ________
                5.482         5.770         6.207


           Residuals for Means/Intercepts/Thresholds
              BYPARED       BYFAMINC      PAROCC        BYTXRSTD      BYTXMSTD
              ________      ________      ________      ________      ________
                0.000         0.000        -0.003         0.002         0.001


           Residuals for Means/Intercepts/Thresholds
              BYTXSSTD      BYTXHSTD      HW_10         HW_12         ENG_12
              ________      ________      ________      ________      ________
                0.002         0.003         0.002         0.007         0.001


           Residuals for Means/Intercepts/Thresholds
              MATH_12       SCI_12        SS_12
              ________      ________      ________
                0.001         0.001         0.000


           Standardized Residuals (z-scores) for Means/Intercepts/Thresholds
              BYPARED       BYFAMINC      PAROCC        BYTXRSTD      BYTXMSTD
              ________      ________      ________      ________      ________
                0.250       999.000        -0.200       999.000         0.053


           Standardized Residuals (z-scores) for Means/Intercepts/Thresholds
              BYTXSSTD      BYTXHSTD      HW_10         HW_12         ENG_12
              ________      ________      ________      ________      ________
                0.148         0.183       999.000         3.196         0.133


           Standardized Residuals (z-scores) for Means/Intercepts/Thresholds
              MATH_12       SCI_12        SS_12
              ________      ________      ________
                0.231       999.000       999.000


           Normalized Residuals for Means/Intercepts/Thresholds
              BYPARED       BYFAMINC      PAROCC        BYTXRSTD      BYTXMSTD
              ________      ________      ________      ________      ________
                0.001         0.000        -0.004         0.006         0.002


           Normalized Residuals for Means/Intercepts/Thresholds
              BYTXSSTD      BYTXHSTD      HW_10         HW_12         ENG_12
              ________      ________      ________      ________      ________
                0.007         0.009         0.030         0.114         0.009


           Normalized Residuals for Means/Intercepts/Thresholds
              MATH_12       SCI_12        SS_12
              ________      ________      ________
                0.016         0.007        -0.002


           Model Estimated Covariances/Correlations/Residual Correlations
              BYPARED       BYFAMINC      PAROCC        BYTXRSTD      BYTXMSTD
              ________      ________      ________      ________      ________
 BYPARED        1.584
 BYFAMINC       1.983         6.735
 PAROCC        15.956        28.754       458.608
 BYTXRSTD       5.184         9.343        75.164       100.214
 BYTXMSTD       5.123         9.233        74.283        71.947        97.832
 BYTXSSTD       4.975         8.966        72.137        69.869        69.050
 BYTXHSTD       4.885         8.803        70.822        68.595        67.791
 HW_10          0.522         0.940         7.566         4.646         4.591
 HW_12          0.525         0.946         7.611         4.673         4.619
 ENG_12         1.069         1.927        15.505        13.735        13.094
 MATH_12        0.937         1.689        13.587        11.610        13.047
 SCI_12         1.028         1.852        14.902        12.734        12.584
 SS_12          1.122         2.022        16.265        13.898        13.735


           Model Estimated Covariances/Correlations/Residual Correlations
              BYTXSSTD      BYTXHSTD      HW_10         HW_12         ENG_12
              ________      ________      ________      ________      ________
 BYTXSSTD     100.033
 BYTXHSTD      65.833        93.875
 HW_10          4.459         4.377         2.866
 HW_12          4.485         4.403         1.364         3.909
 ENG_12        12.716        12.484         1.544         1.553         7.090
 MATH_12       11.143        10.939         1.353         1.361         5.200
 SCI_12        12.680        11.998         1.484         1.493         5.704
 SS_12         13.338        13.361         1.620         1.629         6.225


           Model Estimated Covariances/Correlations/Residual Correlations
              MATH_12       SCI_12        SS_12
              ________      ________      ________
 MATH_12        6.906
 SCI_12         4.998         7.023
 SS_12          5.455         5.983         7.913


           Residuals for Covariances/Correlations/Residual Correlations
              BYPARED       BYFAMINC      PAROCC        BYTXRSTD      BYTXMSTD
              ________      ________      ________      ________      ________
 BYPARED        0.000
 BYFAMINC      -0.028        -0.001
 PAROCC         0.187         0.257         0.156
 BYTXRSTD       0.015         0.637        -3.335        -0.241
 BYTXMSTD       0.191         1.071         1.255        -1.268         0.225
 BYTXSSTD      -0.167        -0.548       -11.331        -0.945         1.835
 BYTXHSTD      -0.346         0.465        -6.048         0.996        -1.053
 HW_10         -0.002        -0.077        -1.162         0.169         0.215
 HW_12         -0.016         0.032        -1.578         0.222         0.583
 ENG_12         0.266         0.346         0.289         0.386         0.021
 MATH_12        0.183         0.049        -0.625         0.744         0.469
 SCI_12         0.152         0.144        -0.803         0.678         0.758
 SS_12          0.171         0.352         0.117         1.359         0.746


           Residuals for Covariances/Correlations/Residual Correlations
              BYTXSSTD      BYTXHSTD      HW_10         HW_12         ENG_12
              ________      ________      ________      ________      ________
 BYTXSSTD       0.089
 BYTXHSTD       1.685         0.149
 HW_10         -0.267        -0.346        -0.005
 HW_12         -0.220        -0.524         0.012        -0.013
 ENG_12        -1.761        -0.909         0.006        -0.115         0.030
 MATH_12       -0.584        -0.650        -0.081        -0.018         0.027
 SCI_12        -1.014        -0.289        -0.055        -0.079        -0.048
 SS_12         -1.139        -0.254         0.023        -0.064         0.076


           Residuals for Covariances/Correlations/Residual Correlations
              MATH_12       SCI_12        SS_12
              ________      ________      ________
 MATH_12        0.036
 SCI_12         0.184        -0.022
 SS_12         -0.104        -0.045        -0.002


           Standardized Residuals (z-scores) for Covariances/Correlations/Residual Corr
              BYPARED       BYFAMINC      PAROCC        BYTXRSTD      BYTXMSTD
              ________      ________      ________      ________      ________
 BYPARED        0.067
 BYFAMINC      -1.919       999.000
 PAROCC         1.745         0.511         0.223
 BYTXRSTD       0.081         1.352        -0.847       999.000
 BYTXMSTD       1.053         2.228         0.316        -3.205         0.462
 BYTXSSTD      -0.847        -1.127        -2.793        -1.722         2.268
 BYTXHSTD      -1.923         0.976        -1.523         1.590        -1.919
 HW_10         -0.069        -0.821        -1.526         0.616         0.821
 HW_12         -0.357         0.255        -1.568         0.575         1.587
 ENG_12         3.694         2.134         0.218         1.290         0.060
 MATH_12        2.385         0.290        -0.448         1.636         1.245
 SCI_12         2.129         0.895        -0.606         1.721         1.900
 SS_12          2.309         2.068         0.084         3.262         1.884


           Standardized Residuals (z-scores) for Covariances/Correlations/Residual Corr
              BYTXSSTD      BYTXHSTD      HW_10         HW_12         ENG_12
              ________      ________      ________      ________      ________
 BYTXSSTD       0.291
 BYTXHSTD       2.013         0.490
 HW_10         -0.919        -1.239       999.000
 HW_12         -0.539        -1.337       999.000       999.000
 ENG_12        -5.175        -2.654         0.105        -1.433         0.936
 MATH_12       -1.268        -1.482        -1.067        -0.181         0.578
 SCI_12        -3.638        -0.747        -0.957        -0.919        -5.511
 SS_12         -2.930        -0.820         0.391        -0.710         2.168


           Standardized Residuals (z-scores) for Covariances/Correlations/Residual Corr
              MATH_12       SCI_12        SS_12
              ________      ________      ________
 MATH_12        0.825
 SCI_12         2.950       999.000
 SS_12         -2.910       999.000       999.000


           Normalized Residuals for Covariances/Correlations/Residual Correlations
              BYPARED       BYFAMINC      PAROCC        BYTXRSTD      BYTXMSTD
              ________      ________      ________      ________      ________
 BYPARED        0.001
 BYFAMINC      -0.230        -0.003
 PAROCC         0.187         0.127         0.008
 BYTXRSTD       0.033         0.710        -0.460        -0.053
 BYTXMSTD       0.442         1.195         0.174        -0.325         0.050
 BYTXSSTD      -0.387        -0.620        -1.585        -0.243         0.469
 BYTXHSTD      -0.832         0.537        -0.864         0.260        -0.281
 HW_10         -0.032        -0.518        -0.970         0.292         0.379
 HW_12         -0.192         0.178        -1.094         0.319         0.859
 ENG_12         2.316         1.475         0.153         0.400         0.022
 MATH_12        1.649         0.216        -0.338         0.801         0.499
 SCI_12         1.356         0.628        -0.431         0.715         0.807
 SS_12          1.430         1.430         0.059         1.330         0.744


           Normalized Residuals for Covariances/Correlations/Residual Correlations
              BYTXSSTD      BYTXHSTD      HW_10         HW_12         ENG_12
              ________      ________      ________      ________      ________
 BYTXSSTD       0.019
 BYTXHSTD       0.444         0.035
 HW_10         -0.469        -0.623        -0.036
 HW_12         -0.319        -0.781         0.096        -0.070
 ENG_12        -1.910        -1.003         0.037        -0.601         0.094
 MATH_12       -0.643        -0.736        -0.528        -0.100         0.095
 SCI_12        -1.095        -0.321        -0.356        -0.419        -0.165
 SS_12         -1.162        -0.262         0.140        -0.314         0.245


           Normalized Residuals for Covariances/Correlations/Residual Correlations
              MATH_12       SCI_12        SS_12
              ________      ________      ________
 MATH_12        0.115
 SCI_12         0.665        -0.070
 SS_12         -0.357        -0.148        -0.005


TECHNICAL 1 OUTPUT


     PARAMETER SPECIFICATION


           NU
              BYPARED       BYFAMINC      PAROCC        BYTXRSTD      BYTXMSTD
              ________      ________      ________      ________      ________
                  1             2             3             4             5


           NU
              BYTXSSTD      BYTXHSTD      HW_10         HW_12         ENG_12
              ________      ________      ________      ________      ________
                  6             7             8             9            10


           NU
              MATH_12       SCI_12        SS_12
              ________      ________      ________
                 11            12            13


           LAMBDA
              FAMBACK       PREVACH       HW            GRADES
              ________      ________      ________      ________
 BYPARED           14             0             0             0
 BYFAMINC          15             0             0             0
 PAROCC             0             0             0             0
 BYTXRSTD           0             0             0             0
 BYTXMSTD           0            16             0             0
 BYTXSSTD           0            17             0             0
 BYTXHSTD           0            18             0             0
 HW_10              0             0             0             0
 HW_12              0             0            19             0
 ENG_12             0             0             0             0
 MATH_12            0             0             0            20
 SCI_12             0             0             0            21
 SS_12              0             0             0            22


           THETA
              BYPARED       BYFAMINC      PAROCC        BYTXRSTD      BYTXMSTD
              ________      ________      ________      ________      ________
 BYPARED           23
 BYFAMINC           0            24
 PAROCC             0             0            25
 BYTXRSTD           0             0             0            26
 BYTXMSTD           0             0             0             0            27
 BYTXSSTD           0             0             0             0             0
 BYTXHSTD           0             0             0             0             0
 HW_10              0             0             0             0             0
 HW_12              0             0             0             0             0
 ENG_12             0             0             0            32             0
 MATH_12            0             0             0             0            34
 SCI_12             0             0             0             0             0
 SS_12              0             0             0             0             0


           THETA
              BYTXSSTD      BYTXHSTD      HW_10         HW_12         ENG_12
              ________      ________      ________      ________      ________
 BYTXSSTD          28
 BYTXHSTD           0            29
 HW_10              0             0            30
 HW_12              0             0             0            31
 ENG_12             0             0             0             0            33
 MATH_12            0             0             0             0             0
 SCI_12            36             0             0             0             0
 SS_12              0            38             0             0             0


           THETA
              MATH_12       SCI_12        SS_12
              ________      ________      ________
 MATH_12           35
 SCI_12             0            37
 SS_12              0             0            39


           ALPHA
              FAMBACK       PREVACH       HW            GRADES
              ________      ________      ________      ________
                  0             0             0             0


           BETA
              FAMBACK       PREVACH       HW            GRADES
              ________      ________      ________      ________
 FAMBACK            0             0             0             0
 PREVACH           40             0             0             0
 HW                41            42             0             0
 GRADES             0            43            44             0


           PSI
              FAMBACK       PREVACH       HW            GRADES
              ________      ________      ________      ________
 FAMBACK           45
 PREVACH            0            46
 HW                 0             0            47
 GRADES             0             0             0            48


     STARTING VALUES


           NU
              BYPARED       BYFAMINC      PAROCC        BYTXRSTD      BYTXMSTD
              ________      ________      ________      ________      ________
                3.127         9.852        51.585        51.297        51.544


           NU
              BYTXSSTD      BYTXHSTD      HW_10         HW_12         ENG_12
              ________      ________      ________      ________      ________
               51.206        51.414         2.526         3.365         6.123


           NU
              MATH_12       SCI_12        SS_12
              ________      ________      ________
                5.522         5.788         6.233


           LAMBDA
              FAMBACK       PREVACH       HW            GRADES
              ________      ________      ________      ________
 BYPARED        0.067         0.000         0.000         0.000
 BYFAMINC       0.121         0.000         0.000         0.000
 PAROCC         1.000         0.000         0.000         0.000
 BYTXRSTD       0.000         1.000         0.000         0.000
 BYTXMSTD       0.000         0.989         0.000         0.000
 BYTXSSTD       0.000         0.986         0.000         0.000
 BYTXHSTD       0.000         0.960         0.000         0.000
 HW_10          0.000         0.000         1.000         0.000
 HW_12          0.000         0.000         0.481         0.000
 ENG_12         0.000         0.000         0.000         1.000
 MATH_12        0.000         0.000         0.000         0.875
 SCI_12         0.000         0.000         0.000         0.956
 SS_12          0.000         0.000         0.000         1.041


           THETA
              BYPARED       BYFAMINC      PAROCC        BYTXRSTD      BYTXMSTD
              ________      ________      ________      ________      ________
 BYPARED        0.792
 BYFAMINC       0.000         3.342
 PAROCC         0.000         0.000       227.721
 BYTXRSTD       0.000         0.000         0.000        49.909
 BYTXMSTD       0.000         0.000         0.000         0.000        48.866
 BYTXSSTD       0.000         0.000         0.000         0.000         0.000
 BYTXHSTD       0.000         0.000         0.000         0.000         0.000
 HW_10          0.000         0.000         0.000         0.000         0.000
 HW_12          0.000         0.000         0.000         0.000         0.000
 ENG_12         0.000         0.000         0.000         0.000         0.000
 MATH_12        0.000         0.000         0.000         0.000         0.000
 SCI_12         0.000         0.000         0.000         0.000         0.000
 SS_12          0.000         0.000         0.000         0.000         0.000


           THETA
              BYTXSSTD      BYTXHSTD      HW_10         HW_12         ENG_12
              ________      ________      ________      ________      ________
 BYTXSSTD      49.982
 BYTXHSTD       0.000        46.874
 HW_10          0.000         0.000         1.414
 HW_12          0.000         0.000         0.000         1.928
 ENG_12         0.000         0.000         0.000         0.000         3.501
 MATH_12        0.000         0.000         0.000         0.000         0.000
 SCI_12         0.000         0.000         0.000         0.000         0.000
 SS_12          0.000         0.000         0.000         0.000         0.000


           THETA
              MATH_12       SCI_12        SS_12
              ________      ________      ________
 MATH_12        3.435
 SCI_12         0.000         3.467
 SS_12          0.000         0.000         3.927


           ALPHA
              FAMBACK       PREVACH       HW            GRADES
              ________      ________      ________      ________
                0.000         0.000         0.000         0.000


           BETA
              FAMBACK       PREVACH       HW            GRADES
              ________      ________      ________      ________
 FAMBACK        0.000         0.000         0.000         0.000
 PREVACH        0.000         0.000         0.000         0.000
 HW             0.000         0.000         0.000         0.000
 GRADES         0.000         0.000         0.000         0.000


           PSI
              FAMBACK       PREVACH       HW            GRADES
              ________      ________      ________      ________
 FAMBACK        0.050
 PREVACH        0.000         0.050
 HW             0.000         0.000         0.050
 GRADES         0.000         0.000         0.000         0.050


DIAGRAM INFORMATION

  Use View Diagram under the Diagram menu in the Mplus Editor to view the diagram.
  If running Mplus from the Mplus Diagrammer, the diagram opens automatically.

  Diagram output
    c:\users\tzkeith\documents\regression book 3\part 2\chap 22 latent interactions mlm\latent interaction\hw grades\hw

     Beginning Time:  14:58:35
        Ending Time:  14:58:36
       Elapsed Time:  00:00:01



MUTHEN & MUTHEN
3463 Stoner Ave.
Los Angeles, CA  90066

Tel: (310) 391-9971
Fax: (310) 391-8971
Web: www.StatModel.com
Support: Support@StatModel.com

Copyright (c) 1998-2017 Muthen & Muthen
