Mplus VERSION 8
MUTHEN & MUTHEN
04/26/2018   5:52 AM

INPUT INSTRUCTIONS



  TITLE: Homework Achievement Latent Interaction Model Minority measured

  DATA:
    FILE IS HW latent 8-12.dat;
  VARIABLE:
       MISSING ARE ALL (-999);
           NAMES ARE
       bytxrstd
       bytxmstd
       bytxsstd
       bytxhstd
       parocc
       HW_10
       HW_12
       eng_12
       math_12
       sci_12
       ss_12
       Female
       byfaminc
       bypared
       Minority;



  USEVARIABLES ARE
      Minority
      BYPARED	
      BYFAMINC	
      PAROCC	
      BYTXRSTD	
      BYTXMSTD	
      BYTXSSTD	
      BYTXHSTD	
      HW_10	
      HW_12	
      ENG_12	
      MATH_12	
      SCI_12	
      SS_12;



  MODEL:


      FAMBACK BY
          PAROCC
          BYPARED	
          BYFAMINC;	

      PREVACH BY
          BYTXRSTD	
          BYTXMSTD	
          BYTXSSTD	
          BYTXHSTD;	

      HW BY
          HW_10
          HW_12;	

      GRADES BY
          ENG_12	
          MATH_12	
          SCI_12	
          SS_12;

      BYTXRSTD	WITH ENG_12;
      BYTXMSTD	WITH MATH_12;	
      BYTXSSTD	WITH SCI_12;
      BYTXHSTD	WITH SS_12;	

      Minority WITH FAMBACK;

      PREVACH ON FAMBACK Minority;
      GRADES ON PREVACH HW;
      HW ON PREVACH FAMBACK Minority;


  MODEL INDIRECT :

      GRADES IND PREVACH FAMBACK;
      GRADES IND HW PREVACH;
      GRADES IND HW FAMBACK;
      HW IND PREVACH FAMBACK;


  OUTPUT:  SAMPSTAT STDYX RESIDUAL TECH1 TECH8;




*** WARNING in OUTPUT command
  TECH8 option is available only with analysis types MIXTURE, RANDOM, or
  TWOLEVEL with estimators ML, MLF, or MLR or ALGORITHM=INTEGRATION.
  Request for TECH8 is ignored.
   1 WARNING(S) FOUND IN THE INPUT INSTRUCTIONS



Homework Achievement Latent Interaction Model Minority measured

SUMMARY OF ANALYSIS

Number of groups                                                 1
Number of observations                                        1000

Number of dependent variables                                   13
Number of independent variables                                  1
Number of continuous latent variables                            4

Observed dependent variables

  Continuous
   BYPARED     BYFAMINC    PAROCC      BYTXRSTD    BYTXMSTD    BYTXSSTD
   BYTXHSTD    HW_10       HW_12       ENG_12      MATH_12     SCI_12
   SS_12

Observed independent variables
   MINORITY

Continuous latent variables
   FAMBACK     PREVACH     HW          GRADES


Estimator                                                       ML
Information matrix                                        OBSERVED
Maximum number of iterations                                  1000
Convergence criterion                                    0.500D-04
Maximum number of steepest descent iterations                   20
Maximum number of iterations for H1                           2000
Convergence criterion for H1                             0.100D-03

Input data file(s)
  HW latent 8-12.dat

Input data format  FREE


SUMMARY OF DATA

     Number of missing data patterns            46


COVARIANCE COVERAGE OF DATA

Minimum covariance coverage value   0.100


     PROPORTION OF DATA PRESENT


           Covariance Coverage
              BYPARED       BYFAMINC      PAROCC        BYTXRSTD      BYTXMSTD
              ________      ________      ________      ________      ________
 BYPARED        0.999
 BYFAMINC       0.957         0.958
 PAROCC         0.990         0.949         0.991
 BYTXRSTD       0.970         0.930         0.962         0.971
 BYTXMSTD       0.969         0.929         0.962         0.970         0.970
 BYTXSSTD       0.968         0.928         0.960         0.969         0.968
 BYTXHSTD       0.967         0.927         0.959         0.968         0.967
 HW_10          0.953         0.915         0.949         0.926         0.926
 HW_12          0.903         0.866         0.896         0.878         0.877
 ENG_12         0.979         0.940         0.972         0.953         0.952
 MATH_12        0.980         0.940         0.973         0.952         0.951
 SCI_12         0.985         0.945         0.977         0.957         0.956
 SS_12          0.988         0.948         0.980         0.960         0.959
 MINORITY       0.990         0.951         0.982         0.963         0.962


           Covariance Coverage
              BYTXSSTD      BYTXHSTD      HW_10         HW_12         ENG_12
              ________      ________      ________      ________      ________
 BYTXSSTD       0.969
 BYTXHSTD       0.968         0.968
 HW_10          0.924         0.923         0.954
 HW_12          0.876         0.875         0.887         0.904
 ENG_12         0.951         0.950         0.940         0.892         0.980
 MATH_12        0.950         0.949         0.941         0.897         0.967
 SCI_12         0.955         0.954         0.946         0.898         0.973
 SS_12          0.958         0.957         0.948         0.901         0.974
 MINORITY       0.961         0.960         0.945         0.897         0.971


           Covariance Coverage
              MATH_12       SCI_12        SS_12         MINORITY
              ________      ________      ________      ________
 MATH_12        0.981
 SCI_12         0.972         0.986
 SS_12          0.976         0.982         0.989
 MINORITY       0.972         0.977         0.980         0.991


SAMPLE STATISTICS


     ESTIMATED SAMPLE STATISTICS


           Means
              BYPARED       BYFAMINC      PAROCC        BYTXRSTD      BYTXMSTD
              ________      ________      ________      ________      ________
                3.128         9.839        51.384        51.254        51.490


           Means
              BYTXSSTD      BYTXHSTD      HW_10         HW_12         ENG_12
              ________      ________      ________      ________      ________
               51.172        51.369         2.483         3.287         6.075


           Means
              MATH_12       SCI_12        SS_12         MINORITY
              ________      ________      ________      ________
                5.483         5.771         6.207         0.252


           Covariances
              BYPARED       BYFAMINC      PAROCC        BYTXRSTD      BYTXMSTD
              ________      ________      ________      ________      ________
 BYPARED        1.584
 BYFAMINC       1.954         6.738
 PAROCC        16.143        29.086       458.848
 BYTXRSTD       5.190         9.981        71.828        99.962
 BYTXMSTD       5.306        10.315        75.508        70.664        98.038
 BYTXSSTD       4.796         8.416        60.719        68.888        70.859
 BYTXHSTD       4.529         9.260        64.805        69.574        66.725
 HW_10          0.520         0.865         6.440         4.811         4.807
 HW_12          0.510         0.989         6.131         4.902         5.219
 ENG_12         1.335         2.271        15.816        14.121        13.114
 MATH_12        1.121         1.735        12.998        12.348        13.509
 SCI_12         1.180         1.995        14.121        13.421        13.353
 SS_12          1.293         2.375        16.411        15.259        14.484
 MINORITY      -0.110        -0.289        -2.083        -0.914        -0.921


           Covariances
              BYTXSSTD      BYTXHSTD      HW_10         HW_12         ENG_12
              ________      ________      ________      ________      ________
 BYTXSSTD     100.089
 BYTXHSTD      67.498        94.012
 HW_10          4.198         4.030         2.860
 HW_12          4.280         3.889         1.375         3.898
 ENG_12        10.952        11.571         1.548         1.438         7.120
 MATH_12       10.544        10.281         1.270         1.339         5.227
 SCI_12        11.677        11.716         1.428         1.412         5.658
 SS_12         12.199        13.106         1.641         1.565         6.302
 MINORITY      -1.004        -0.895        -0.023        -0.015        -0.181


           Covariances
              MATH_12       SCI_12        SS_12         MINORITY
              ________      ________      ________      ________
 MATH_12        6.942
 SCI_12         5.184         7.003
 SS_12          5.353         5.941         7.913
 MINORITY      -0.158        -0.191        -0.158         0.188


           Correlations
              BYPARED       BYFAMINC      PAROCC        BYTXRSTD      BYTXMSTD
              ________      ________      ________      ________      ________
 BYPARED        1.000
 BYFAMINC       0.598         1.000
 PAROCC         0.599         0.523         1.000
 BYTXRSTD       0.412         0.385         0.335         1.000
 BYTXMSTD       0.426         0.401         0.356         0.714         1.000
 BYTXSSTD       0.381         0.324         0.283         0.689         0.715
 BYTXHSTD       0.371         0.368         0.312         0.718         0.695
 HW_10          0.244         0.197         0.178         0.285         0.287
 HW_12          0.205         0.193         0.145         0.248         0.267
 ENG_12         0.398         0.328         0.277         0.529         0.496
 MATH_12        0.338         0.254         0.230         0.469         0.518
 SCI_12         0.354         0.290         0.249         0.507         0.510
 SS_12          0.365         0.325         0.272         0.543         0.520
 MINORITY      -0.201        -0.257        -0.224        -0.211        -0.214


           Correlations
              BYTXSSTD      BYTXHSTD      HW_10         HW_12         ENG_12
              ________      ________      ________      ________      ________
 BYTXSSTD       1.000
 BYTXHSTD       0.696         1.000
 HW_10          0.248         0.246         1.000
 HW_12          0.217         0.203         0.412         1.000
 ENG_12         0.410         0.447         0.343         0.273         1.000
 MATH_12        0.400         0.402         0.285         0.257         0.744
 SCI_12         0.441         0.457         0.319         0.270         0.801
 SS_12          0.433         0.481         0.345         0.282         0.840
 MINORITY      -0.231        -0.213        -0.032        -0.018        -0.157


           Correlations
              MATH_12       SCI_12        SS_12         MINORITY
              ________      ________      ________      ________
 MATH_12        1.000
 SCI_12         0.744         1.000
 SS_12          0.722         0.798         1.000
 MINORITY      -0.138        -0.167        -0.129         1.000


     MAXIMUM LOG-LIKELIHOOD VALUE FOR THE UNRESTRICTED (H1) MODEL IS -32569.824


UNIVARIATE SAMPLE STATISTICS


     UNIVARIATE HIGHER-ORDER MOMENT DESCRIPTIVE STATISTICS

         Variable/         Mean/     Skewness/   Minimum/ % with                Percentiles
        Sample Size      Variance    Kurtosis    Maximum  Min/Max      20%/60%    40%/80%    Median

     BYPARED               3.127       0.455       1.000    9.41%       2.000      3.000      3.000
             999.000       1.584      -0.048       6.000    5.81%       3.000      4.000
     BYFAMINC              9.852      -0.683       1.000    0.21%       8.000     10.000     10.000
             958.000       6.684       0.569      15.000    2.19%      11.000     12.000
     PAROCC               51.585      -0.673       7.320    2.93%      25.000     56.330     58.010
             991.000     455.441      -0.919      81.870    6.96%      66.090     66.180
     BYTXRSTD             51.297      -0.259      23.098    0.10%      41.914     48.412     52.473
             971.000      99.818      -0.866      67.499    3.81%      54.775     61.136
     BYTXMSTD             51.544       0.061      30.282    0.10%      41.990     47.880     51.268
             970.000      97.731      -1.048      71.222    0.41%      54.802     61.871
     BYTXSSTD             51.206       0.007      26.505    0.10%      42.231     48.951     51.238
             969.000      99.963      -0.573      75.973    0.10%      53.527     60.103
     BYTXHSTD             51.414      -0.315      24.183    0.10%      42.750     49.413     52.034
             968.000      93.747      -0.461      69.508    1.03%      54.000     60.770
     HW_10                 2.526       0.896       0.000    5.35%       1.000      2.000      2.000
             954.000       2.828       0.254       7.000    3.56%       2.000      4.000
     HW_12                 3.365       0.490       0.000    6.19%       2.000      3.000      3.000
             904.000       3.856      -0.271       8.000    3.76%       3.000      5.000
     ENG_12                6.123      -0.244       0.000    1.53%       3.600      5.370      6.370
             980.000       7.002      -0.728      11.250    0.20%       7.180      8.600
     MATH_12               5.522       0.004       0.000    1.94%       3.000      4.800      5.500
             981.000       6.871      -0.740      11.500    0.20%       6.330      8.000
     SCI_12                5.788      -0.106       0.000    1.42%       3.500      5.000      6.000
             986.000       6.934      -0.706      11.500    0.20%       6.570      8.000
     SS_12                 6.233      -0.346       0.000    2.12%       3.670      5.670      6.500
             989.000       7.855      -0.679      11.670    0.10%       7.290      8.860
     MINORITY              0.251       1.147       0.000   74.87%       0.000      0.000      0.000
             991.000       0.188      -0.685       1.000   25.13%       0.000      1.000


THE MODEL ESTIMATION TERMINATED NORMALLY



MODEL FIT INFORMATION

Number of Free Parameters                       53

Loglikelihood

          H0 Value                      -32636.572
          H1 Value                      -32569.824

Information Criteria

          Akaike (AIC)                   65379.143
          Bayesian (BIC)                 65639.254
          Sample-Size Adjusted BIC       65470.924
            (n* = (n + 2) / 24)

Chi-Square Test of Model Fit

          Value                            133.496
          Degrees of Freedom                    66
          P-Value                           0.0000

RMSEA (Root Mean Square Error Of Approximation)

          Estimate                           0.032
          90 Percent C.I.                    0.024  0.040
          Probability RMSEA <= .05           1.000

CFI/TLI

          CFI                                0.991
          TLI                                0.988

Chi-Square Test of Model Fit for the Baseline Model

          Value                           7906.287
          Degrees of Freedom                    91
          P-Value                           0.0000

SRMR (Standardized Root Mean Square Residual)

          Value                              0.023



MODEL RESULTS

                                                    Two-Tailed
                    Estimate       S.E.  Est./S.E.    P-Value

 FAMBACK  BY
    PAROCC             1.000      0.000    999.000    999.000
    BYPARED            0.068      0.003     20.861      0.000
    BYFAMINC           0.125      0.006     19.473      0.000

 PREVACH  BY
    BYTXRSTD           1.000      0.000    999.000    999.000
    BYTXMSTD           0.989      0.030     32.655      0.000
    BYTXSSTD           0.961      0.031     30.734      0.000
    BYTXHSTD           0.943      0.030     31.597      0.000

 HW       BY
    HW_10              1.000      0.000    999.000    999.000
    HW_12              1.010      0.104      9.744      0.000

 GRADES   BY
    ENG_12             1.000      0.000    999.000    999.000
    MATH_12            0.876      0.025     34.955      0.000
    SCI_12             0.961      0.023     41.781      0.000
    SS_12              1.049      0.023     45.411      0.000

 PREVACH  ON
    FAMBACK            0.307      0.023     13.581      0.000

 GRADES   ON
    PREVACH            0.141      0.011     13.115      0.000
    HW                 0.652      0.104      6.248      0.000

 HW       ON
    PREVACH            0.047      0.008      6.140      0.000
    FAMBACK            0.020      0.004      4.432      0.000

 PREVACH  ON
    MINORITY          -1.970      0.616     -3.199      0.001

 HW       ON
    MINORITY           0.305      0.111      2.756      0.006

 MINORITY WITH
    FAMBACK           -1.914      0.252     -7.585      0.000

 BYTXRSTD WITH
    ENG_12             0.484      0.256      1.891      0.059

 BYTXMSTD WITH
    MATH_12            1.567      0.320      4.899      0.000

 BYTXSSTD WITH
    SCI_12             0.445      0.293      1.517      0.129

 BYTXHSTD WITH
    SS_12              0.282      0.278      1.016      0.309

 Means
    MINORITY           0.252      0.014     18.304      0.000

 Intercepts
    BYPARED            3.128      0.040     78.567      0.000
    BYFAMINC           9.840      0.083    118.412      0.000
    PAROCC            51.382      0.679     75.639      0.000
    BYTXRSTD          51.749      0.351    147.585      0.000
    BYTXMSTD          51.979      0.346    150.030      0.000
    BYTXSSTD          51.651      0.348    148.272      0.000
    BYTXHSTD          51.835      0.338    153.319      0.000
    HW_10              2.428      0.062     39.353      0.000
    HW_12              3.226      0.072     44.682      0.000
    ENG_12             6.109      0.090     67.594      0.000
    MATH_12            5.512      0.088     62.591      0.000
    SCI_12             5.804      0.090     64.825      0.000
    SS_12              6.244      0.095     65.505      0.000

 Variances
    MINORITY           0.188      0.008     22.263      0.000
    FAMBACK          234.088     20.007     11.701      0.000

 Residual Variances
    BYPARED            0.508      0.044     11.673      0.000
    BYFAMINC           3.090      0.195     15.811      0.000
    PAROCC           224.786     13.159     17.082      0.000
    BYTXRSTD          27.482      1.703     16.142      0.000
    BYTXMSTD          26.759      1.666     16.065      0.000
    BYTXSSTD          32.861      1.875     17.528      0.000
    BYTXHSTD          29.249      1.707     17.134      0.000
    HW_10              1.512      0.147     10.291      0.000
    HW_12              2.529      0.177     14.272      0.000
    ENG_12             1.155      0.080     14.477      0.000
    MATH_12            2.348      0.122     19.249      0.000
    SCI_12             1.540      0.092     16.734      0.000
    SS_12              1.384      0.091     15.204      0.000
    PREVACH           47.604      3.254     14.629      0.000
    HW                 0.991      0.146      6.782      0.000
    GRADES             3.071      0.200     15.388      0.000


STANDARDIZED MODEL RESULTS


STDYX Standardization

                                                    Two-Tailed
                    Estimate       S.E.  Est./S.E.    P-Value

 FAMBACK  BY
    PAROCC             0.714      0.020     35.152      0.000
    BYPARED            0.824      0.017     47.191      0.000
    BYFAMINC           0.736      0.020     36.398      0.000

 PREVACH  BY
    BYTXRSTD           0.852      0.011     76.855      0.000
    BYTXMSTD           0.852      0.011     76.784      0.000
    BYTXSSTD           0.819      0.013     64.979      0.000
    BYTXHSTD           0.830      0.012     68.226      0.000

 HW       BY
    HW_10              0.687      0.037     18.353      0.000
    HW_12              0.594      0.036     16.337      0.000

 GRADES   BY
    ENG_12             0.915      0.007    130.547      0.000
    MATH_12            0.812      0.012     66.890      0.000
    SCI_12             0.884      0.008    103.989      0.000
    SS_12              0.908      0.007    125.768      0.000

 PREVACH  ON
    FAMBACK            0.551      0.029     18.719      0.000

 GRADES   ON
    PREVACH            0.492      0.034     14.503      0.000
    HW                 0.311      0.042      7.352      0.000

 HW       ON
    PREVACH            0.347      0.053      6.497      0.000
    FAMBACK            0.259      0.057      4.577      0.000

 PREVACH  ON
    MINORITY          -0.100      0.031     -3.211      0.001

 HW       ON
    MINORITY           0.114      0.041      2.776      0.006

 MINORITY WITH
    FAMBACK           -0.288      0.033     -8.772      0.000

 BYTXRSTD WITH
    ENG_12             0.086      0.045      1.924      0.054

 BYTXMSTD WITH
    MATH_12            0.198      0.038      5.177      0.000

 BYTXSSTD WITH
    SCI_12             0.063      0.041      1.531      0.126

 BYTXHSTD WITH
    SS_12              0.044      0.043      1.023      0.306

 Means
    MINORITY           0.581      0.034     16.944      0.000

 Intercepts
    BYPARED            2.485      0.064     38.865      0.000
    BYFAMINC           3.791      0.093     40.981      0.000
    PAROCC             2.399      0.063     38.121      0.000
    BYTXRSTD           5.170      0.121     42.758      0.000
    BYTXMSTD           5.255      0.122     42.950      0.000
    BYTXSSTD           5.165      0.121     42.788      0.000
    BYTXHSTD           5.350      0.125     42.846      0.000
    HW_10              1.435      0.051     28.224      0.000
    HW_12              1.632      0.056     29.393      0.000
    ENG_12             2.294      0.062     37.212      0.000
    MATH_12            2.098      0.058     36.356      0.000
    SCI_12             2.190      0.060     36.751      0.000
    SS_12              2.219      0.060     36.967      0.000

 Variances
    MINORITY           1.000      0.000    999.000    999.000
    FAMBACK            1.000      0.000    999.000    999.000

 Residual Variances
    BYPARED            0.321      0.029     11.143      0.000
    BYFAMINC           0.459      0.030     15.430      0.000
    PAROCC             0.490      0.029     16.877      0.000
    BYTXRSTD           0.274      0.019     14.522      0.000
    BYTXMSTD           0.274      0.019     14.456      0.000
    BYTXSSTD           0.329      0.021     15.900      0.000
    BYTXHSTD           0.312      0.020     15.443      0.000
    HW_10              0.528      0.051     10.257      0.000
    HW_12              0.647      0.043     14.969      0.000
    ENG_12             0.163      0.013     12.705      0.000
    MATH_12            0.340      0.020     17.235      0.000
    SCI_12             0.219      0.015     14.601      0.000
    SS_12              0.175      0.013     13.327      0.000
    PREVACH            0.655      0.031     21.323      0.000
    HW                 0.733      0.040     18.273      0.000
    GRADES             0.517      0.029     17.654      0.000


R-SQUARE

    Observed                                        Two-Tailed
    Variable        Estimate       S.E.  Est./S.E.    P-Value

    BYPARED            0.679      0.029     23.595      0.000
    BYFAMINC           0.541      0.030     18.199      0.000
    PAROCC             0.510      0.029     17.576      0.000
    BYTXRSTD           0.726      0.019     38.428      0.000
    BYTXMSTD           0.726      0.019     38.392      0.000
    BYTXSSTD           0.671      0.021     32.489      0.000
    BYTXHSTD           0.688      0.020     34.113      0.000
    HW_10              0.472      0.051      9.177      0.000
    HW_12              0.353      0.043      8.168      0.000
    ENG_12             0.837      0.013     65.274      0.000
    MATH_12            0.660      0.020     33.445      0.000
    SCI_12             0.781      0.015     51.994      0.000
    SS_12              0.825      0.013     62.884      0.000

     Latent                                         Two-Tailed
    Variable        Estimate       S.E.  Est./S.E.    P-Value

    PREVACH            0.345      0.031     11.250      0.000
    HW                 0.267      0.040      6.659      0.000
    GRADES             0.483      0.029     16.467      0.000


QUALITY OF NUMERICAL RESULTS

     Condition Number for the Information Matrix              0.953E-05
       (ratio of smallest to largest eigenvalue)


TOTAL, TOTAL INDIRECT, SPECIFIC INDIRECT, AND DIRECT EFFECTS


                                                    Two-Tailed
                    Estimate       S.E.  Est./S.E.    P-Value

Effects from FAMBACK to GRADES

  Sum of indirect      0.056      0.005     11.147      0.000

  Specific indirect

    GRADES
    PREVACH
    FAMBACK            0.043      0.004      9.702      0.000

    GRADES
    HW
    FAMBACK            0.013      0.004      3.605      0.000


Effects from PREVACH to GRADES

  Indirect             0.031      0.007      4.732      0.000

Effects from FAMBACK to HW

  Indirect             0.015      0.003      5.733      0.000


STANDARDIZED TOTAL, TOTAL INDIRECT, SPECIFIC INDIRECT, AND DIRECT EFFECTS


STDYX Standardization

                                                    Two-Tailed
                    Estimate       S.E.  Est./S.E.    P-Value

Effects from FAMBACK to GRADES

  Sum of indirect      0.352      0.026     13.399      0.000

  Specific indirect

    GRADES
    PREVACH
    FAMBACK            0.271      0.024     11.089      0.000

    GRADES
    HW
    FAMBACK            0.081      0.022      3.663      0.000


Effects from PREVACH to GRADES

  Indirect             0.108      0.022      4.836      0.000

Effects from FAMBACK to HW

  Indirect             0.191      0.031      6.153      0.000



RESIDUAL OUTPUT


     ESTIMATED MODEL AND RESIDUALS (OBSERVED - ESTIMATED)


           Model Estimated Means/Intercepts/Thresholds
              BYPARED       BYFAMINC      PAROCC        BYTXRSTD      BYTXMSTD
              ________      ________      ________      ________      ________
                3.128         9.840        51.382        51.252        51.488


           Model Estimated Means/Intercepts/Thresholds
              BYTXSSTD      BYTXHSTD      HW_10         HW_12         ENG_12
              ________      ________      ________      ________      ________
               51.173        51.367         2.481         3.280         6.074


           Model Estimated Means/Intercepts/Thresholds
              MATH_12       SCI_12        SS_12         MINORITY
              ________      ________      ________      ________
                5.482         5.770         6.207         0.252


           Residuals for Means/Intercepts/Thresholds
              BYPARED       BYFAMINC      PAROCC        BYTXRSTD      BYTXMSTD
              ________      ________      ________      ________      ________
                0.000        -0.001         0.002         0.002         0.001


           Residuals for Means/Intercepts/Thresholds
              BYTXSSTD      BYTXHSTD      HW_10         HW_12         ENG_12
              ________      ________      ________      ________      ________
               -0.001         0.002         0.001         0.007         0.001


           Residuals for Means/Intercepts/Thresholds
              MATH_12       SCI_12        SS_12         MINORITY
              ________      ________      ________      ________
                0.001         0.001        -0.001         0.000


           Standardized Residuals (z-scores) for Means/Intercepts/Thresholds
              BYPARED       BYFAMINC      PAROCC        BYTXRSTD      BYTXMSTD
              ________      ________      ________      ________      ________
                0.000        -1.388       999.000       999.000         0.103


           Standardized Residuals (z-scores) for Means/Intercepts/Thresholds
              BYTXSSTD      BYTXHSTD      HW_10         HW_12         ENG_12
              ________      ________      ________      ________      ________
               -0.081         0.137       999.000         2.439         0.154


           Standardized Residuals (z-scores) for Means/Intercepts/Thresholds
              MATH_12       SCI_12        SS_12         MINORITY
              ________      ________      ________      ________
                0.217       999.000       999.000         0.000


           Normalized Residuals for Means/Intercepts/Thresholds
              BYPARED       BYFAMINC      PAROCC        BYTXRSTD      BYTXMSTD
              ________      ________      ________      ________      ________
                0.000        -0.014         0.002         0.007         0.004


           Normalized Residuals for Means/Intercepts/Thresholds
              BYTXSSTD      BYTXHSTD      HW_10         HW_12         ENG_12
              ________      ________      ________      ________      ________
               -0.004         0.007         0.023         0.105         0.010


           Normalized Residuals for Means/Intercepts/Thresholds
              MATH_12       SCI_12        SS_12         MINORITY
              ________      ________      ________      ________
                0.015         0.009        -0.006         0.000


           Model Estimated Covariances/Correlations/Residual Correlations
              BYPARED       BYFAMINC      PAROCC        BYTXRSTD      BYTXMSTD
              ________      ________      ________      ________      ________
 BYPARED        1.584
 BYFAMINC       1.980         6.735
 PAROCC        15.870        29.210       458.875
 BYTXRSTD       5.129         9.440        75.648       100.201
 BYTXMSTD       5.070         9.332        74.783        71.888        97.825
 BYTXSSTD       4.928         9.071        72.692        69.878        69.079
 BYTXHSTD       4.834         8.898        71.306        68.546        67.762
 HW_10          0.515         0.949         7.603         4.637         4.584
 HW_12          0.521         0.958         7.680         4.684         4.630
 ENG_12         1.057         1.946        15.597        13.734        13.099
 MATH_12        0.927         1.705        13.668        11.611        13.045
 SCI_12         1.016         1.871        14.991        12.735        12.590
 SS_12          1.109         2.042        16.361        13.899        13.740
 MINORITY      -0.130        -0.239        -1.914        -0.958        -0.947


           Model Estimated Covariances/Correlations/Residual Correlations
              BYTXSSTD      BYTXHSTD      HW_10         HW_12         ENG_12
              ________      ________      ________      ________      ________
 BYTXSSTD     100.009
 BYTXHSTD      65.868        93.861
 HW_10          4.456         4.371         2.864
 HW_12          4.501         4.415         1.366         3.909
 ENG_12        12.733        12.490         1.534         1.550         7.090
 MATH_12       11.157        10.945         1.345         1.358         5.201
 SCI_12        12.683        12.004         1.475         1.490         5.704
 SS_12         13.356        13.384         1.610         1.626         6.225
 MINORITY      -0.921        -0.903        -0.026        -0.026        -0.151


           Model Estimated Covariances/Correlations/Residual Correlations
              MATH_12       SCI_12        SS_12         MINORITY
              ________      ________      ________      ________
 MATH_12        6.906
 SCI_12         4.998         7.022
 SS_12          5.455         5.983         7.914
 MINORITY      -0.133        -0.146        -0.159         0.188


           Residuals for Covariances/Correlations/Residual Correlations
              BYPARED       BYFAMINC      PAROCC        BYTXRSTD      BYTXMSTD
              ________      ________      ________      ________      ________
 BYPARED        0.000
 BYFAMINC      -0.026         0.003
 PAROCC         0.272        -0.124        -0.026
 BYTXRSTD       0.061         0.541        -3.820        -0.240
 BYTXMSTD       0.236         0.983         0.725        -1.224         0.213
 BYTXSSTD      -0.132        -0.655       -11.974        -0.990         1.780
 BYTXHSTD      -0.305         0.363        -6.501         1.028        -1.037
 HW_10          0.004        -0.083        -1.164         0.174         0.223
 HW_12         -0.011         0.031        -1.549         0.218         0.589
 ENG_12         0.278         0.324         0.218         0.387         0.015
 MATH_12        0.194         0.029        -0.669         0.737         0.463
 SCI_12         0.164         0.125        -0.870         0.686         0.763
 SS_12          0.184         0.334         0.051         1.360         0.744
 MINORITY       0.020        -0.051        -0.170         0.045         0.027


           Residuals for Covariances/Correlations/Residual Correlations
              BYTXSSTD      BYTXHSTD      HW_10         HW_12         ENG_12
              ________      ________      ________      ________      ________
 BYTXSSTD       0.080
 BYTXHSTD       1.630         0.151
 HW_10         -0.258        -0.341        -0.004
 HW_12         -0.221        -0.526         0.009        -0.012
 ENG_12        -1.781        -0.919         0.014        -0.112         0.030
 MATH_12       -0.613        -0.664        -0.074        -0.019         0.027
 SCI_12        -1.006        -0.288        -0.047        -0.078        -0.047
 SS_12         -1.157        -0.278         0.031        -0.061         0.077
 MINORITY      -0.083         0.008         0.002         0.010        -0.030


           Residuals for Covariances/Correlations/Residual Correlations
              MATH_12       SCI_12        SS_12         MINORITY
              ________      ________      ________      ________
 MATH_12        0.036
 SCI_12         0.186        -0.019
 SS_12         -0.103        -0.043        -0.001
 MINORITY      -0.025        -0.046         0.001         0.000


           Standardized Residuals (z-scores) for Covariances/Correlations/Residual Corr
              BYPARED       BYFAMINC      PAROCC        BYTXRSTD      BYTXMSTD
              ________      ________      ________      ________      ________
 BYPARED      999.000
 BYFAMINC      -1.667         0.309
 PAROCC         2.429        -0.248       999.000
 BYTXRSTD       0.334         1.161        -0.973       999.000
 BYTXMSTD       1.269         2.069         0.183        -3.026         0.444
 BYTXSSTD      -0.661        -1.364        -2.969        -1.818         2.215
 BYTXHSTD      -1.660         0.770        -1.643         1.614        -1.874
 HW_10          0.126        -0.898        -1.539         0.632         0.850
 HW_12         -0.229         0.248        -1.547         0.565         1.596
 ENG_12         3.816         2.011         0.165         1.292         0.043
 MATH_12        2.501         0.172        -0.480         1.619         1.229
 SCI_12         2.269         0.778        -0.658         1.738         1.909
 SS_12          2.452         1.968         0.036         3.259         1.875
 MINORITY       3.139        -2.539        -0.999         0.750         0.454


           Standardized Residuals (z-scores) for Covariances/Correlations/Residual Corr
              BYTXSSTD      BYTXHSTD      HW_10         HW_12         ENG_12
              ________      ________      ________      ________      ________
 BYTXSSTD       0.274
 BYTXHSTD       1.957         0.487
 HW_10         -0.885        -1.215       999.000
 HW_12         -0.541        -1.341       999.000       999.000
 ENG_12        -5.256        -2.682         0.248        -1.355         0.928
 MATH_12       -1.336        -1.515        -0.973        -0.187         0.576
 SCI_12        -3.610        -0.743        -0.806        -0.886        -4.697
 SS_12         -2.984        -0.901         0.517        -0.658         2.181
 MINORITY      -1.161         0.122         0.209         0.547        -1.151


           Standardized Residuals (z-scores) for Covariances/Correlations/Residual Corr
              MATH_12       SCI_12        SS_12         MINORITY
              ________      ________      ________      ________
 MATH_12        0.829
 SCI_12         2.963       999.000
 SS_12         -2.851       999.000       999.000
 MINORITY      -0.889        -1.723         0.042         0.000


           Normalized Residuals for Covariances/Correlations/Residual Correlations
              BYPARED       BYFAMINC      PAROCC        BYTXRSTD      BYTXMSTD
              ________      ________      ________      ________      ________
 BYPARED        0.000
 BYFAMINC      -0.214         0.009
 PAROCC         0.273        -0.061        -0.001
 BYTXRSTD       0.141         0.603        -0.527        -0.053
 BYTXMSTD       0.546         1.098         0.100        -0.314         0.048
 BYTXSSTD      -0.307        -0.741        -1.675        -0.254         0.456
 BYTXHSTD      -0.734         0.419        -0.928         0.269        -0.276
 HW_10          0.060        -0.561        -0.971         0.302         0.394
 HW_12         -0.126         0.171        -1.073         0.315         0.867
 ENG_12         2.420         1.383         0.115         0.402         0.016
 MATH_12        1.744         0.128        -0.362         0.793         0.493
 SCI_12         1.462         0.543        -0.468         0.724         0.812
 SS_12          1.537         1.355         0.025         1.332         0.742
 MINORITY       1.124        -1.355        -0.558         0.312         0.189


           Normalized Residuals for Covariances/Correlations/Residual Correlations
              BYTXSSTD      BYTXHSTD      HW_10         HW_12         ENG_12
              ________      ________      ________      ________      ________
 BYTXSSTD       0.018
 BYTXHSTD       0.430         0.035
 HW_10         -0.453        -0.614        -0.029
 HW_12         -0.321        -0.785         0.072        -0.063
 ENG_12        -1.932        -1.013         0.087        -0.585         0.092
 MATH_12       -0.676        -0.752        -0.484        -0.104         0.095
 SCI_12        -1.087        -0.319        -0.303        -0.414        -0.162
 SS_12         -1.179        -0.287         0.186        -0.298         0.247
 MINORITY      -0.575         0.058         0.100         0.366        -0.797


           Normalized Residuals for Covariances/Correlations/Residual Correlations
              MATH_12       SCI_12        SS_12         MINORITY
              ________      ________      ________      ________
 MATH_12        0.116
 SCI_12         0.671        -0.060
 SS_12         -0.352        -0.141        -0.003
 MINORITY      -0.680        -1.231         0.029         0.000


TECHNICAL 1 OUTPUT


     PARAMETER SPECIFICATION


           NU
              BYPARED       BYFAMINC      PAROCC        BYTXRSTD      BYTXMSTD
              ________      ________      ________      ________      ________
                  1             2             3             4             5


           NU
              BYTXSSTD      BYTXHSTD      HW_10         HW_12         ENG_12
              ________      ________      ________      ________      ________
                  6             7             8             9            10


           NU
              MATH_12       SCI_12        SS_12         MINORITY
              ________      ________      ________      ________
                 11            12            13             0


           LAMBDA
              FAMBACK       PREVACH       HW            GRADES        MINORITY
              ________      ________      ________      ________      ________
 BYPARED           14             0             0             0             0
 BYFAMINC          15             0             0             0             0
 PAROCC             0             0             0             0             0
 BYTXRSTD           0             0             0             0             0
 BYTXMSTD           0            16             0             0             0
 BYTXSSTD           0            17             0             0             0
 BYTXHSTD           0            18             0             0             0
 HW_10              0             0             0             0             0
 HW_12              0             0            19             0             0
 ENG_12             0             0             0             0             0
 MATH_12            0             0             0            20             0
 SCI_12             0             0             0            21             0
 SS_12              0             0             0            22             0
 MINORITY           0             0             0             0             0


           THETA
              BYPARED       BYFAMINC      PAROCC        BYTXRSTD      BYTXMSTD
              ________      ________      ________      ________      ________
 BYPARED           23
 BYFAMINC           0            24
 PAROCC             0             0            25
 BYTXRSTD           0             0             0            26
 BYTXMSTD           0             0             0             0            27
 BYTXSSTD           0             0             0             0             0
 BYTXHSTD           0             0             0             0             0
 HW_10              0             0             0             0             0
 HW_12              0             0             0             0             0
 ENG_12             0             0             0            32             0
 MATH_12            0             0             0             0            34
 SCI_12             0             0             0             0             0
 SS_12              0             0             0             0             0
 MINORITY           0             0             0             0             0


           THETA
              BYTXSSTD      BYTXHSTD      HW_10         HW_12         ENG_12
              ________      ________      ________      ________      ________
 BYTXSSTD          28
 BYTXHSTD           0            29
 HW_10              0             0            30
 HW_12              0             0             0            31
 ENG_12             0             0             0             0            33
 MATH_12            0             0             0             0             0
 SCI_12            36             0             0             0             0
 SS_12              0            38             0             0             0
 MINORITY           0             0             0             0             0


           THETA
              MATH_12       SCI_12        SS_12         MINORITY
              ________      ________      ________      ________
 MATH_12           35
 SCI_12             0            37
 SS_12              0             0            39
 MINORITY           0             0             0             0


           ALPHA
              FAMBACK       PREVACH       HW            GRADES        MINORITY
              ________      ________      ________      ________      ________
                  0             0             0             0            40


           BETA
              FAMBACK       PREVACH       HW            GRADES        MINORITY
              ________      ________      ________      ________      ________
 FAMBACK            0             0             0             0             0
 PREVACH           41             0             0             0            42
 HW                43            44             0             0            45
 GRADES             0            46            47             0             0
 MINORITY           0             0             0             0             0


           PSI
              FAMBACK       PREVACH       HW            GRADES        MINORITY
              ________      ________      ________      ________      ________
 FAMBACK           48
 PREVACH            0            49
 HW                 0             0            50
 GRADES             0             0             0            51
 MINORITY          52             0             0             0            53


     STARTING VALUES


           NU
              BYPARED       BYFAMINC      PAROCC        BYTXRSTD      BYTXMSTD
              ________      ________      ________      ________      ________
                3.127         9.852        51.585        51.297        51.544


           NU
              BYTXSSTD      BYTXHSTD      HW_10         HW_12         ENG_12
              ________      ________      ________      ________      ________
               51.206        51.414         2.526         3.365         6.123


           NU
              MATH_12       SCI_12        SS_12         MINORITY
              ________      ________      ________      ________
                5.522         5.788         6.233         0.000


           LAMBDA
              FAMBACK       PREVACH       HW            GRADES        MINORITY
              ________      ________      ________      ________      ________
 BYPARED        0.067         0.000         0.000         0.000         0.000
 BYFAMINC       0.121         0.000         0.000         0.000         0.000
 PAROCC         1.000         0.000         0.000         0.000         0.000
 BYTXRSTD       0.000         1.000         0.000         0.000         0.000
 BYTXMSTD       0.000         0.989         0.000         0.000         0.000
 BYTXSSTD       0.000         0.986         0.000         0.000         0.000
 BYTXHSTD       0.000         0.960         0.000         0.000         0.000
 HW_10          0.000         0.000         1.000         0.000         0.000
 HW_12          0.000         0.000         0.481         0.000         0.000
 ENG_12         0.000         0.000         0.000         1.000         0.000
 MATH_12        0.000         0.000         0.000         0.875         0.000
 SCI_12         0.000         0.000         0.000         0.957         0.000
 SS_12          0.000         0.000         0.000         1.041         0.000
 MINORITY       0.000         0.000         0.000         0.000         1.000


           THETA
              BYPARED       BYFAMINC      PAROCC        BYTXRSTD      BYTXMSTD
              ________      ________      ________      ________      ________
 BYPARED        0.792
 BYFAMINC       0.000         3.342
 PAROCC         0.000         0.000       227.721
 BYTXRSTD       0.000         0.000         0.000        49.909
 BYTXMSTD       0.000         0.000         0.000         0.000        48.866
 BYTXSSTD       0.000         0.000         0.000         0.000         0.000
 BYTXHSTD       0.000         0.000         0.000         0.000         0.000
 HW_10          0.000         0.000         0.000         0.000         0.000
 HW_12          0.000         0.000         0.000         0.000         0.000
 ENG_12         0.000         0.000         0.000         0.000         0.000
 MATH_12        0.000         0.000         0.000         0.000         0.000
 SCI_12         0.000         0.000         0.000         0.000         0.000
 SS_12          0.000         0.000         0.000         0.000         0.000
 MINORITY       0.000         0.000         0.000         0.000         0.000


           THETA
              BYTXSSTD      BYTXHSTD      HW_10         HW_12         ENG_12
              ________      ________      ________      ________      ________
 BYTXSSTD      49.982
 BYTXHSTD       0.000        46.874
 HW_10          0.000         0.000         1.414
 HW_12          0.000         0.000         0.000         1.928
 ENG_12         0.000         0.000         0.000         0.000         3.501
 MATH_12        0.000         0.000         0.000         0.000         0.000
 SCI_12         0.000         0.000         0.000         0.000         0.000
 SS_12          0.000         0.000         0.000         0.000         0.000
 MINORITY       0.000         0.000         0.000         0.000         0.000


           THETA
              MATH_12       SCI_12        SS_12         MINORITY
              ________      ________      ________      ________
 MATH_12        3.435
 SCI_12         0.000         3.467
 SS_12          0.000         0.000         3.927
 MINORITY       0.000         0.000         0.000         0.000


           ALPHA
              FAMBACK       PREVACH       HW            GRADES        MINORITY
              ________      ________      ________      ________      ________
                0.000         0.000         0.000         0.000         0.251


           BETA
              FAMBACK       PREVACH       HW            GRADES        MINORITY
              ________      ________      ________      ________      ________
 FAMBACK        0.000         0.000         0.000         0.000         0.000
 PREVACH        0.000         0.000         0.000         0.000         0.000
 HW             0.000         0.000         0.000         0.000         0.000
 GRADES         0.000         0.000         0.000         0.000         0.000
 MINORITY       0.000         0.000         0.000         0.000         0.000


           PSI
              FAMBACK       PREVACH       HW            GRADES        MINORITY
              ________      ________      ________      ________      ________
 FAMBACK        0.050
 PREVACH        0.000         0.050
 HW             0.000         0.000         0.050
 GRADES         0.000         0.000         0.000         0.050
 MINORITY       0.000         0.000         0.000         0.000         0.094


DIAGRAM INFORMATION

  Use View Diagram under the Diagram menu in the Mplus Editor to view the diagram.
  If running Mplus from the Mplus Diagrammer, the diagram opens automatically.

  Diagram output
    c:\users\tzkeith\documents\regression book 3\part 2\chap 22 latent interactions mlm\latent interaction\hw ach no int

     Beginning Time:  05:52:32
        Ending Time:  05:52:33
       Elapsed Time:  00:00:01



MUTHEN & MUTHEN
3463 Stoner Ave.
Los Angeles, CA  90066

Tel: (310) 391-9971
Fax: (310) 391-8971
Web: www.StatModel.com
Support: Support@StatModel.com

Copyright (c) 1998-2017 Muthen & Muthen
