Mplus VERSION 8
MUTHEN & MUTHEN
05/01/2018  11:32 AM

INPUT INSTRUCTIONS



  TITLE: Homework Achievement Latent Interaction Model
  DATA:
    FILE IS HW latent 8-12.dat;
  VARIABLE:
       MISSING ARE ALL (-999);
           NAMES ARE
       bytxrstd
       bytxmstd
       bytxsstd
       bytxhstd
       parocc
       HW_10
       HW_12
       eng_12
       math_12
       sci_12
       ss_12
       Female
       byfaminc
       bypared
       Minority;



  USEVARIABLES ARE
      BYPARED	
      BYFAMINC	
      PAROCC	
      BYTXRSTD	
      BYTXMSTD	
      BYTXSSTD	
      BYTXHSTD	
      HW_10	
      HW_12	
      ENG_12	
      MATH_12	
      SCI_12	
      SS_12;

  ANALYSIS:
      TYPE=RANDOM;
      ALGORITHM=INTEGRATION;

  MODEL:


      FAMBACK BY
          PAROCC
          BYPARED	
          BYFAMINC;	

      PREVACH BY
          BYTXRSTD	
          BYTXMSTD	
          BYTXSSTD	
          BYTXHSTD;	

      HW BY
          HW_10
          HW_12;	

      GRADES BY
          ENG_12	
          MATH_12	
          SCI_12	
          SS_12;

      BYTXRSTD	WITH ENG_12;
      BYTXMSTD	WITH MATH_12;	
      BYTXSSTD	WITH SCI_12;
      BYTXHSTD	WITH SS_12;	

      PREVxHW | PREVACH XWITH HW;

      PREVACH ON FAMBACK;
      HW ON PREVACH FAMBACK;
      GRADES ON PREVACH HW PREVxHW;



  OUTPUT:  SAMPSTAT STDYX RESIDUAL TECH1 TECH8;




INPUT READING TERMINATED NORMALLY



Homework Achievement Latent Interaction Model

SUMMARY OF ANALYSIS

Number of groups                                                 1
Number of observations                                        1000

Number of dependent variables                                   13
Number of independent variables                                  0
Number of continuous latent variables                            5

Observed dependent variables

  Continuous
   BYPARED     BYFAMINC    PAROCC      BYTXRSTD    BYTXMSTD    BYTXSSTD
   BYTXHSTD    HW_10       HW_12       ENG_12      MATH_12     SCI_12
   SS_12

Continuous latent variables
   FAMBACK     PREVACH     HW          GRADES      PREVXHW


Estimator                                                      MLR
Information matrix                                        OBSERVED
Optimization Specifications for the Quasi-Newton Algorithm for
Continuous Outcomes
  Maximum number of iterations                                 100
  Convergence criterion                                  0.100D-05
Optimization Specifications for the EM Algorithm
  Maximum number of iterations                                 500
  Convergence criteria
    Loglikelihood change                                 0.100D-02
    Relative loglikelihood change                        0.100D-05
    Derivative                                           0.100D-02
Optimization Specifications for the M step of the EM Algorithm for
Categorical Latent variables
  Number of M step iterations                                    1
  M step convergence criterion                           0.100D-02
  Basis for M step termination                           ITERATION
Optimization Specifications for the M step of the EM Algorithm for
Censored, Binary or Ordered Categorical (Ordinal), Unordered
Categorical (Nominal) and Count Outcomes
  Number of M step iterations                                    1
  M step convergence criterion                           0.100D-02
  Basis for M step termination                           ITERATION
  Maximum value for logit thresholds                            15
  Minimum value for logit thresholds                           -15
  Minimum expected cell size for chi-square              0.100D-01
Maximum number of iterations for H1                           2000
Convergence criterion for H1                             0.100D-03
Optimization algorithm                                         EMA
Integration Specifications
  Type                                                    STANDARD
  Number of integration points                                  15
  Dimensions of numerical integration                            2
  Adaptive quadrature                                           ON
Cholesky                                                       OFF

Input data file(s)
  HW latent 8-12.dat
Input data format  FREE


SUMMARY OF DATA

     Number of missing data patterns            42


COVARIANCE COVERAGE OF DATA

Minimum covariance coverage value   0.100


     PROPORTION OF DATA PRESENT FOR Y


           Covariance Coverage
              BYPARED       BYFAMINC      PAROCC        BYTXRSTD      BYTXMSTD
              ________      ________      ________      ________      ________
 BYPARED        0.999
 BYFAMINC       0.957         0.958
 PAROCC         0.990         0.949         0.991
 BYTXRSTD       0.970         0.930         0.962         0.971
 BYTXMSTD       0.969         0.929         0.962         0.970         0.970
 BYTXSSTD       0.968         0.928         0.960         0.969         0.968
 BYTXHSTD       0.967         0.927         0.959         0.968         0.967
 HW_10          0.953         0.915         0.949         0.926         0.926
 HW_12          0.903         0.866         0.896         0.878         0.877
 ENG_12         0.979         0.940         0.972         0.953         0.952
 MATH_12        0.980         0.940         0.973         0.952         0.951
 SCI_12         0.985         0.945         0.977         0.957         0.956
 SS_12          0.988         0.948         0.980         0.960         0.959


           Covariance Coverage
              BYTXSSTD      BYTXHSTD      HW_10         HW_12         ENG_12
              ________      ________      ________      ________      ________
 BYTXSSTD       0.969
 BYTXHSTD       0.968         0.968
 HW_10          0.924         0.923         0.954
 HW_12          0.876         0.875         0.887         0.904
 ENG_12         0.951         0.950         0.940         0.892         0.980
 MATH_12        0.950         0.949         0.941         0.897         0.967
 SCI_12         0.955         0.954         0.946         0.898         0.973
 SS_12          0.958         0.957         0.948         0.901         0.974


           Covariance Coverage
              MATH_12       SCI_12        SS_12
              ________      ________      ________
 MATH_12        0.981
 SCI_12         0.972         0.986
 SS_12          0.976         0.982         0.989


SAMPLE STATISTICS


     ESTIMATED SAMPLE STATISTICS


           Means
              BYPARED       BYFAMINC      PAROCC        BYTXRSTD      BYTXMSTD
              ________      ________      ________      ________      ________
                3.128         9.841        51.386        51.259        51.494


           Means
              BYTXSSTD      BYTXHSTD      HW_10         HW_12         ENG_12
              ________      ________      ________      ________      ________
               51.181        51.375         2.482         3.288         6.075


           Means
              MATH_12       SCI_12        SS_12
              ________      ________      ________
                5.483         5.771         6.207


           Covariances
              BYPARED       BYFAMINC      PAROCC        BYTXRSTD      BYTXMSTD
              ________      ________      ________      ________      ________
 BYPARED        1.584
 BYFAMINC       1.955         6.734
 PAROCC        16.142        29.011       458.764
 BYTXRSTD       5.199         9.980        71.829        99.973
 BYTXMSTD       5.314        10.304        75.537        70.679        98.056
 BYTXSSTD       4.809         8.418        60.806        68.924        70.885
 BYTXHSTD       4.539         9.268        64.774        69.591        66.738
 HW_10          0.520         0.863         6.404         4.815         4.806
 HW_12          0.509         0.978         6.034         4.895         5.202
 ENG_12         1.335         2.273        15.794        14.120        13.115
 MATH_12        1.121         1.738        12.962        12.355        13.516
 SCI_12         1.180         1.996        14.100        13.411        13.343
 SS_12          1.293         2.374        16.382        15.257        14.481


           Covariances
              BYTXSSTD      BYTXHSTD      HW_10         HW_12         ENG_12
              ________      ________      ________      ________      ________
 BYTXSSTD     100.122
 BYTXHSTD      67.518        94.023
 HW_10          4.191         4.031         2.861
 HW_12          4.265         3.880         1.375         3.896
 ENG_12        10.955        11.574         1.550         1.438         7.120
 MATH_12       10.559        10.290         1.272         1.343         5.227
 SCI_12        11.666        11.709         1.429         1.414         5.656
 SS_12         12.199        13.107         1.643         1.566         6.302


           Covariances
              MATH_12       SCI_12        SS_12
              ________      ________      ________
 MATH_12        6.942
 SCI_12         5.182         7.001
 SS_12          5.351         5.939         7.911


           Correlations
              BYPARED       BYFAMINC      PAROCC        BYTXRSTD      BYTXMSTD
              ________      ________      ________      ________      ________
 BYPARED        1.000
 BYFAMINC       0.599         1.000
 PAROCC         0.599         0.522         1.000
 BYTXRSTD       0.413         0.385         0.335         1.000
 BYTXMSTD       0.426         0.401         0.356         0.714         1.000
 BYTXSSTD       0.382         0.324         0.284         0.689         0.715
 BYTXHSTD       0.372         0.368         0.312         0.718         0.695
 HW_10          0.244         0.197         0.177         0.285         0.287
 HW_12          0.205         0.191         0.143         0.248         0.266
 ENG_12         0.398         0.328         0.276         0.529         0.496
 MATH_12        0.338         0.254         0.230         0.469         0.518
 SCI_12         0.354         0.291         0.249         0.507         0.509
 SS_12          0.365         0.325         0.272         0.542         0.520


           Correlations
              BYTXSSTD      BYTXHSTD      HW_10         HW_12         ENG_12
              ________      ________      ________      ________      ________
 BYTXSSTD       1.000
 BYTXHSTD       0.696         1.000
 HW_10          0.248         0.246         1.000
 HW_12          0.216         0.203         0.412         1.000
 ENG_12         0.410         0.447         0.343         0.273         1.000
 MATH_12        0.401         0.403         0.285         0.258         0.743
 SCI_12         0.441         0.456         0.319         0.271         0.801
 SS_12          0.433         0.481         0.345         0.282         0.840


           Correlations
              MATH_12       SCI_12        SS_12
              ________      ________      ________
 MATH_12        1.000
 SCI_12         0.743         1.000
 SS_12          0.722         0.798         1.000


     MAXIMUM LOG-LIKELIHOOD VALUE FOR THE UNRESTRICTED (H1) MODEL IS -32048.152


UNIVARIATE SAMPLE STATISTICS


     UNIVARIATE HIGHER-ORDER MOMENT DESCRIPTIVE STATISTICS

         Variable/         Mean/     Skewness/   Minimum/ % with                Percentiles
        Sample Size      Variance    Kurtosis    Maximum  Min/Max      20%/60%    40%/80%    Median

     BYPARED               3.127       0.455       1.000    9.41%       2.000      3.000      3.000
             999.000       1.584      -0.048       6.000    5.81%       3.000      4.000
     BYFAMINC              9.852      -0.683       1.000    0.21%       8.000     10.000     10.000
             958.000       6.684       0.569      15.000    2.19%      11.000     12.000
     PAROCC               51.585      -0.673       7.320    2.93%      25.000     56.330     58.010
             991.000     455.441      -0.919      81.870    6.96%      66.090     66.180
     BYTXRSTD             51.297      -0.259      23.098    0.10%      41.914     48.412     52.473
             971.000      99.818      -0.866      67.499    3.81%      54.775     61.136
     BYTXMSTD             51.544       0.061      30.282    0.10%      41.990     47.880     51.268
             970.000      97.731      -1.048      71.222    0.41%      54.802     61.871
     BYTXSSTD             51.206       0.007      26.505    0.10%      42.231     48.951     51.238
             969.000      99.963      -0.573      75.973    0.10%      53.527     60.103
     BYTXHSTD             51.414      -0.315      24.183    0.10%      42.750     49.413     52.034
             968.000      93.747      -0.461      69.508    1.03%      54.000     60.770
     HW_10                 2.526       0.896       0.000    5.35%       1.000      2.000      2.000
             954.000       2.828       0.254       7.000    3.56%       2.000      4.000
     HW_12                 3.365       0.490       0.000    6.19%       2.000      3.000      3.000
             904.000       3.856      -0.271       8.000    3.76%       3.000      5.000
     ENG_12                6.123      -0.244       0.000    1.53%       3.600      5.370      6.370
             980.000       7.002      -0.728      11.250    0.20%       7.180      8.600
     MATH_12               5.522       0.004       0.000    1.94%       3.000      4.800      5.500
             981.000       6.871      -0.740      11.500    0.20%       6.330      8.000
     SCI_12                5.788      -0.106       0.000    1.42%       3.500      5.000      6.000
             986.000       6.934      -0.706      11.500    0.20%       6.570      8.000
     SS_12                 6.233      -0.346       0.000    2.12%       3.670      5.670      6.500
             989.000       7.855      -0.679      11.670    0.10%       7.290      8.860


THE MODEL ESTIMATION TERMINATED NORMALLY



MODEL FIT INFORMATION

Number of Free Parameters                       49

Loglikelihood

          H0 Value                      -32108.269
          H0 Scaling Correction Factor      1.0202
            for MLR

Information Criteria

          Akaike (AIC)                   64314.538
          Bayesian (BIC)                 64555.018
          Sample-Size Adjusted BIC       64399.391
            (n* = (n + 2) / 24)



MODEL RESULTS

                                                    Two-Tailed
                    Estimate       S.E.  Est./S.E.    P-Value

 FAMBACK  BY
    PAROCC             1.000      0.000    999.000    999.000
    BYPARED            0.069      0.003     22.067      0.000
    BYFAMINC           0.124      0.006     21.763      0.000

 PREVACH  BY
    BYTXRSTD           1.000      0.000    999.000    999.000
    BYTXMSTD           0.976      0.028     34.829      0.000
    BYTXSSTD           0.950      0.031     30.908      0.000
    BYTXHSTD           0.931      0.028     33.100      0.000

 HW       BY
    HW_10              1.000      0.000    999.000    999.000
    HW_12              1.004      0.105      9.561      0.000

 GRADES   BY
    ENG_12             1.000      0.000    999.000    999.000
    MATH_12            0.875      0.023     37.663      0.000
    SCI_12             0.961      0.022     44.127      0.000
    SS_12              1.049      0.021     50.540      0.000

 PREVACH    ON
    FAMBACK            0.327      0.022     15.185      0.000

 HW         ON
    PREVACH            0.045      0.008      5.670      0.000
    FAMBACK            0.018      0.005      4.002      0.000

 GRADES     ON
    PREVACH            0.138      0.012     11.655      0.000
    HW                 0.673      0.128      5.278      0.000
    PREVXHW           -0.004      0.007     -0.506      0.613

 BYTXRSTD WITH
    ENG_12             0.502      0.258      1.944      0.052

 BYTXMSTD WITH
    MATH_12            1.611      0.319      5.045      0.000

 BYTXSSTD WITH
    SCI_12             0.451      0.321      1.403      0.160

 BYTXHSTD WITH
    SS_12              0.275      0.305      0.900      0.368

 Intercepts
    BYPARED            3.119      0.043     72.522      0.000
    BYFAMINC           9.825      0.089    109.785      0.000
    PAROCC            51.262      0.720     71.188      0.000
    BYTXRSTD          51.130      0.401    127.416      0.000
    BYTXMSTD          51.371      0.394    130.267      0.000
    BYTXSSTD          51.059      0.392    130.271      0.000
    BYTXHSTD          51.256      0.384    133.526      0.000
    HW_10              2.472      0.056     44.336      0.000
    HW_12              3.272      0.068     48.461      0.000
    ENG_12             6.068      0.109     55.911      0.000
    MATH_12            5.477      0.102     53.713      0.000
    SCI_12             5.765      0.105     55.119      0.000
    SS_12              6.201      0.114     54.494      0.000

 Variances
    FAMBACK          231.384     16.932     13.666      0.000

 Residual Variances
    BYPARED            0.483      0.043     11.237      0.000
    BYFAMINC           3.166      0.237     13.354      0.000
    PAROCC           227.231     12.679     17.922      0.000
    BYTXRSTD          27.323      1.771     15.429      0.000
    BYTXMSTD          27.323      1.588     17.204      0.000
    BYTXSSTD          33.129      1.881     17.613      0.000
    BYTXHSTD          29.593      1.792     16.514      0.000
    HW_10              1.511      0.169      8.938      0.000
    HW_12              2.543      0.185     13.719      0.000
    ENG_12             1.156      0.086     13.463      0.000
    MATH_12            2.352      0.124     18.995      0.000
    SCI_12             1.540      0.100     15.334      0.000
    SS_12              1.381      0.112     12.365      0.000
    PREVACH           49.327      3.259     15.136      0.000
    HW                 1.007      0.166      6.085      0.000
    GRADES             3.057      0.213     14.323      0.000


STANDARDIZED MODEL RESULTS


STDYX Standardization

                                                    Two-Tailed
                    Estimate       S.E.  Est./S.E.    P-Value

 FAMBACK  BY
    PAROCC             0.710      0.020     35.951      0.000
    BYPARED            0.834      0.018     47.186      0.000
    BYFAMINC           0.728      0.021     34.803      0.000

 PREVACH  BY
    BYTXRSTD           0.855      0.011     78.047      0.000
    BYTXMSTD           0.849      0.010     82.847      0.000
    BYTXSSTD           0.818      0.012     66.243      0.000
    BYTXHSTD           0.828      0.012     69.031      0.000

 HW       BY
    HW_10              0.688      0.042     16.463      0.000
    HW_12              0.591      0.037     15.806      0.000

 GRADES   BY
    ENG_12             0.915      0.007    124.317      0.000
    MATH_12            0.812      0.013     62.050      0.000
    SCI_12             0.884      0.009     97.651      0.000
    SS_12              0.909      0.008    109.291      0.000

 PREVACH    ON
    FAMBACK            0.578      0.028     20.473      0.000

 HW         ON
    PREVACH            0.332      0.054      6.109      0.000
    FAMBACK            0.237      0.059      4.009      0.000

 GRADES     ON
    PREVACH            0.486      0.040     12.117      0.000
    HW                 0.321      0.051      6.303      0.000
    PREVXHW           -0.015      0.029     -0.508      0.611

 BYTXRSTD WITH
    ENG_12             0.089      0.045      1.970      0.049

 BYTXMSTD WITH
    MATH_12            0.201      0.038      5.324      0.000

 BYTXSSTD WITH
    SCI_12             0.063      0.045      1.419      0.156

 BYTXHSTD WITH
    SS_12              0.043      0.047      0.907      0.365

 Intercepts
    BYPARED            2.478      0.055     45.022      0.000
    BYFAMINC           3.786      0.116     32.505      0.000
    PAROCC             2.394      0.066     36.233      0.000
    BYTXRSTD           5.077      0.110     46.098      0.000
    BYTXMSTD           5.193      0.089     58.620      0.000
    BYTXSSTD           5.105      0.106     48.341      0.000
    BYTXHSTD           5.290      0.122     43.380      0.000
    HW_10              1.460      0.033     44.433      0.000
    HW_12              1.655      0.042     39.417      0.000
    ENG_12             2.277      0.062     36.693      0.000
    MATH_12            2.084      0.054     38.924      0.000
    SCI_12             2.174      0.057     37.957      0.000
    SS_12              2.203      0.063     35.123      0.000

 Variances
    FAMBACK            1.000      0.000    999.000    999.000

 Residual Variances
    BYPARED            0.305      0.029     10.336      0.000
    BYFAMINC           0.470      0.030     15.433      0.000
    PAROCC             0.495      0.028     17.653      0.000
    BYTXRSTD           0.269      0.019     14.389      0.000
    BYTXMSTD           0.279      0.017     16.044      0.000
    BYTXSSTD           0.331      0.020     16.398      0.000
    BYTXHSTD           0.315      0.020     15.888      0.000
    HW_10              0.527      0.057      9.165      0.000
    HW_12              0.650      0.044     14.699      0.000
    ENG_12             0.163      0.013     12.079      0.000
    MATH_12            0.340      0.021     16.011      0.000
    SCI_12             0.219      0.016     13.691      0.000
    SS_12              0.174      0.015     11.533      0.000
    PREVACH            0.666      0.033     20.382      0.000
    HW                 0.742      0.044     16.757      0.000
    GRADES             0.514      0.032     15.882      0.000


R-SQUARE

    Observed                                        Two-Tailed
    Variable        Estimate       S.E.  Est./S.E.    P-Value

    BYPARED            0.695      0.029     23.593      0.000
    BYFAMINC           0.530      0.030     17.401      0.000
    PAROCC             0.505      0.028     17.976      0.000
    BYTXRSTD           0.731      0.019     39.023      0.000
    BYTXMSTD           0.721      0.017     41.424      0.000
    BYTXSSTD           0.669      0.020     33.122      0.000
    BYTXHSTD           0.685      0.020     34.516      0.000
    HW_10              0.473      0.057      8.231      0.000
    HW_12              0.350      0.044      7.903      0.000
    ENG_12             0.837      0.013     62.158      0.000
    MATH_12            0.660      0.021     31.025      0.000
    SCI_12             0.781      0.016     48.825      0.000
    SS_12              0.826      0.015     54.645      0.000

     Latent                                         Two-Tailed
    Variable        Estimate       S.E.  Est./S.E.    P-Value

    PREVACH            0.334      0.033     10.237      0.000
    HW                 0.258      0.044      5.818      0.000
    GRADES             0.486      0.032     15.027      0.000


QUALITY OF NUMERICAL RESULTS

     Condition Number for the Information Matrix              0.279E-04
       (ratio of smallest to largest eigenvalue)


RESIDUAL OUTPUT


     ESTIMATED MODEL AND RESIDUALS (OBSERVED - ESTIMATED)


           Model Estimated Means
              BYPARED       BYFAMINC      PAROCC        BYTXRSTD      BYTXMSTD
              ________      ________      ________      ________      ________
                3.119         9.825        51.262        51.130        51.371


           Model Estimated Means
              BYTXSSTD      BYTXHSTD      HW_10         HW_12         ENG_12
              ________      ________      ________      ________      ________
               51.059        51.256         2.472         3.272         6.051


           Model Estimated Means
              MATH_12       SCI_12        SS_12
              ________      ________      ________
                5.462         5.749         6.184


           Residuals for Means
              BYPARED       BYFAMINC      PAROCC        BYTXRSTD      BYTXMSTD
              ________      ________      ________      ________      ________
                0.008         0.026         0.323         0.167         0.174


           Residuals for Means
              BYTXSSTD      BYTXHSTD      HW_10         HW_12         ENG_12
              ________      ________      ________      ________      ________
                0.147         0.158         0.054         0.093         0.072


           Residuals for Means
              MATH_12       SCI_12        SS_12
              ________      ________      ________
                0.060         0.040         0.050


           Model Estimated Covariances
              BYPARED       BYFAMINC      PAROCC        BYTXRSTD      BYTXMSTD
              ________      ________      ________      ________      ________
 BYPARED        1.584
 BYFAMINC       1.983         6.735
 PAROCC        15.965        28.738       458.614
 BYTXRSTD       5.224         9.403        75.711       101.423
 BYTXMSTD       5.097         9.175        73.872        72.301        97.868
 BYTXSSTD       4.964         8.936        71.947        70.417        68.707
 BYTXHSTD       4.866         8.759        70.520        69.020        67.344
 HW_10          0.525         0.945         7.606         4.707         4.592
 HW_12          0.527         0.948         7.635         4.724         4.610
 ENG_12         1.072         1.930        15.540        13.869        13.042
 MATH_12        0.938         1.689        13.602        11.699        13.027
 SCI_12         1.030         1.855        14.933        12.844        12.532
 SS_12          1.125         2.024        16.300        14.020        13.680


           Model Estimated Covariances
              BYTXSSTD      BYTXHSTD      HW_10         HW_12         ENG_12
              ________      ________      ________      ________      ________
 BYTXSSTD     100.045
 BYTXHSTD      65.589        93.881
 HW_10          4.473         4.384         2.868
 HW_12          4.489         4.400         1.362         3.910
 ENG_12        12.703        12.451         1.561         1.567         7.105
 MATH_12       11.118        10.897         1.366         1.372         5.207
 SCI_12        12.657        11.963         1.500         1.506         5.716
 SS_12         13.323        13.333         1.638         1.644         6.240


           Model Estimated Covariances
              MATH_12       SCI_12        SS_12
              ________      ________      ________
 MATH_12        6.909
 SCI_12         5.003         7.033
 SS_12          5.461         5.996         7.926


           Residuals for Covariances
              BYPARED       BYFAMINC      PAROCC        BYTXRSTD      BYTXMSTD
              ________      ________      ________      ________      ________
 BYPARED        0.000
 BYFAMINC      -0.033        -0.051
 PAROCC         0.562         3.587        -3.173
 BYTXRSTD       0.567         1.798         4.045        -1.605
 BYTXMSTD       0.756         3.216         8.032        -1.235        -0.136
 BYTXSSTD       0.432         1.274        -4.877        -2.684         2.358
 BYTXHSTD       0.268         2.127         2.873        -0.032         0.420
 HW_10          0.077         0.054        -0.704         1.379         1.218
 HW_12          0.206         0.447         1.825         1.727         1.803
 ENG_12         0.342         0.339         2.000         1.575         1.348
 MATH_12        0.243         0.162         0.343         1.576         1.593
 SCI_12         0.201         0.259         0.543         1.342         1.546
 SS_12          0.184         0.373         1.410         2.099         1.624


           Residuals for Covariances
              BYTXSSTD      BYTXHSTD      HW_10         HW_12         ENG_12
              ________      ________      ________      ________      ________
 BYTXSSTD      -0.082
 BYTXHSTD       2.622        -0.133
 HW_10          0.843         0.715        -0.040
 HW_12          0.871         0.591         0.173        -0.055
 ENG_12        -0.585         0.440         0.291         0.893        -0.104
 MATH_12        0.242         0.298         0.178         0.656         0.294
 SCI_12        -0.478         0.550         0.120         0.784         0.087
 SS_12         -0.343         0.581         0.295         0.873         0.313


           Residuals for Covariances
              MATH_12       SCI_12        SS_12
              ________      ________      ________
 MATH_12       -0.039
 SCI_12         0.299        -0.098
 SS_12          0.084        -0.056        -0.071


TECHNICAL 1 OUTPUT


     PARAMETER SPECIFICATION


           NU
              BYPARED       BYFAMINC      PAROCC        BYTXRSTD      BYTXMSTD
              ________      ________      ________      ________      ________
                    1             2             3             4             5


           NU
              BYTXSSTD      BYTXHSTD      HW_10         HW_12         ENG_12
              ________      ________      ________      ________      ________
                    6             7             8             9            10


           NU
              MATH_12       SCI_12        SS_12
              ________      ________      ________
                   11            12            13


           LAMBDA
              FAMBACK       PREVACH       HW            GRADES        PREVXHW
              ________      ________      ________      ________      ________
 BYPARED           14             0             0             0             0
 BYFAMINC          15             0             0             0             0
 PAROCC             0             0             0             0             0
 BYTXRSTD           0             0             0             0             0
 BYTXMSTD           0            16             0             0             0
 BYTXSSTD           0            17             0             0             0
 BYTXHSTD           0            18             0             0             0
 HW_10              0             0             0             0             0
 HW_12              0             0            19             0             0
 ENG_12             0             0             0             0             0
 MATH_12            0             0             0            20             0
 SCI_12             0             0             0            21             0
 SS_12              0             0             0            22             0


           THETA
              BYPARED       BYFAMINC      PAROCC        BYTXRSTD      BYTXMSTD
              ________      ________      ________      ________      ________
 BYPARED           23
 BYFAMINC           0            24
 PAROCC             0             0            25
 BYTXRSTD           0             0             0            26
 BYTXMSTD           0             0             0             0            27
 BYTXSSTD           0             0             0             0             0
 BYTXHSTD           0             0             0             0             0
 HW_10              0             0             0             0             0
 HW_12              0             0             0             0             0
 ENG_12             0             0             0            32             0
 MATH_12            0             0             0             0            34
 SCI_12             0             0             0             0             0
 SS_12              0             0             0             0             0


           THETA
              BYTXSSTD      BYTXHSTD      HW_10         HW_12         ENG_12
              ________      ________      ________      ________      ________
 BYTXSSTD          28
 BYTXHSTD           0            29
 HW_10              0             0            30
 HW_12              0             0             0            31
 ENG_12             0             0             0             0            33
 MATH_12            0             0             0             0             0
 SCI_12            36             0             0             0             0
 SS_12              0            38             0             0             0


           THETA
              MATH_12       SCI_12        SS_12
              ________      ________      ________
 MATH_12           35
 SCI_12             0            37
 SS_12              0             0            39


           ALPHA
              FAMBACK       PREVACH       HW            GRADES        PREVXHW
              ________      ________      ________      ________      ________
                    0             0             0             0             0


           BETA
              FAMBACK       PREVACH       HW            GRADES        PREVXHW
              ________      ________      ________      ________      ________
 FAMBACK            0             0             0             0             0
 PREVACH           40             0             0             0             0
 HW                41            42             0             0             0
 GRADES             0            43            44             0            45
 PREVXHW            0             0             0             0             0


           PSI
              FAMBACK       PREVACH       HW            GRADES        PREVXHW
              ________      ________      ________      ________      ________
 FAMBACK           46
 PREVACH            0            47
 HW                 0             0            48
 GRADES             0             0             0            49
 PREVXHW            0             0             0             0             0


     STARTING VALUES


           NU
              BYPARED       BYFAMINC      PAROCC        BYTXRSTD      BYTXMSTD
              ________      ________      ________      ________      ________
                3.127         9.852        51.585        51.297        51.544


           NU
              BYTXSSTD      BYTXHSTD      HW_10         HW_12         ENG_12
              ________      ________      ________      ________      ________
               51.206        51.414         2.526         3.365         6.123


           NU
              MATH_12       SCI_12        SS_12
              ________      ________      ________
                5.522         5.788         6.233


           LAMBDA
              FAMBACK       PREVACH       HW            GRADES        PREVXHW
              ________      ________      ________      ________      ________
 BYPARED        1.000         0.000         0.000         0.000         0.000
 BYFAMINC       1.000         0.000         0.000         0.000         0.000
 PAROCC         1.000         0.000         0.000         0.000         0.000
 BYTXRSTD       0.000         1.000         0.000         0.000         0.000
 BYTXMSTD       0.000         1.000         0.000         0.000         0.000
 BYTXSSTD       0.000         1.000         0.000         0.000         0.000
 BYTXHSTD       0.000         1.000         0.000         0.000         0.000
 HW_10          0.000         0.000         1.000         0.000         0.000
 HW_12          0.000         0.000         1.000         0.000         0.000
 ENG_12         0.000         0.000         0.000         1.000         0.000
 MATH_12        0.000         0.000         0.000         1.000         0.000
 SCI_12         0.000         0.000         0.000         1.000         0.000
 SS_12          0.000         0.000         0.000         1.000         0.000


           THETA
              BYPARED       BYFAMINC      PAROCC        BYTXRSTD      BYTXMSTD
              ________      ________      ________      ________      ________
 BYPARED        0.792
 BYFAMINC       0.000         3.342
 PAROCC         0.000         0.000       227.721
 BYTXRSTD       0.000         0.000         0.000        49.909
 BYTXMSTD       0.000         0.000         0.000         0.000        48.866
 BYTXSSTD       0.000         0.000         0.000         0.000         0.000
 BYTXHSTD       0.000         0.000         0.000         0.000         0.000
 HW_10          0.000         0.000         0.000         0.000         0.000
 HW_12          0.000         0.000         0.000         0.000         0.000
 ENG_12         0.000         0.000         0.000         0.000         0.000
 MATH_12        0.000         0.000         0.000         0.000         0.000
 SCI_12         0.000         0.000         0.000         0.000         0.000
 SS_12          0.000         0.000         0.000         0.000         0.000


           THETA
              BYTXSSTD      BYTXHSTD      HW_10         HW_12         ENG_12
              ________      ________      ________      ________      ________
 BYTXSSTD      49.982
 BYTXHSTD       0.000        46.874
 HW_10          0.000         0.000         1.414
 HW_12          0.000         0.000         0.000         1.928
 ENG_12         0.000         0.000         0.000         0.000         3.501
 MATH_12        0.000         0.000         0.000         0.000         0.000
 SCI_12         0.000         0.000         0.000         0.000         0.000
 SS_12          0.000         0.000         0.000         0.000         0.000


           THETA
              MATH_12       SCI_12        SS_12
              ________      ________      ________
 MATH_12        3.435
 SCI_12         0.000         3.467
 SS_12          0.000         0.000         3.927


           ALPHA
              FAMBACK       PREVACH       HW            GRADES        PREVXHW
              ________      ________      ________      ________      ________
                0.000         0.000         0.000         0.000         0.000


           BETA
              FAMBACK       PREVACH       HW            GRADES        PREVXHW
              ________      ________      ________      ________      ________
 FAMBACK        0.000         0.000         0.000         0.000         0.000
 PREVACH        0.000         0.000         0.000         0.000         0.000
 HW             0.000         0.000         0.000         0.000         0.000
 GRADES         0.000         0.000         0.000         0.000         0.000
 PREVXHW        0.000         0.000         0.000         0.000         0.000


           PSI
              FAMBACK       PREVACH       HW            GRADES        PREVXHW
              ________      ________      ________      ________      ________
 FAMBACK        0.050
 PREVACH        0.000         0.050
 HW             0.000         0.000         0.050
 GRADES         0.000         0.000         0.000         0.050
 PREVXHW        0.000         0.000         0.000         0.000         0.000


TECHNICAL 8 OUTPUT


   E STEP  ITER  LOGLIKELIHOOD    ABS CHANGE   REL CHANGE  ALGORITHM
              1 -0.37608308D+05    0.0000000    0.0000000  EM
              2 -0.33675400D+05 3932.9082580    0.1045755  EM
              3 -0.33360183D+05  315.2170947    0.0093605  EM
              4 -0.32906823D+05  453.3595688    0.0135898  EM
              5 -0.32719924D+05  186.8991147    0.0056796  EM
              6 -0.32672350D+05   47.5733890    0.0014540  EM
              7 -0.32659626D+05   12.7246031    0.0003895  EM
              8 -0.32655274D+05    4.3515132    0.0001332  EM
              9 -0.32653165D+05    2.1094924    0.0000646  EM
             10 -0.32651793D+05    1.3715250    0.0000420  EM
             11 -0.32650708D+05    1.0850113    0.0000332  EM
             12 -0.32649742D+05    0.9664331    0.0000296  EM
             13 -0.32648823D+05    0.9189577    0.0000281  EM
             14 -0.32647919D+05    0.9037227    0.0000277  EM
             15 -0.32647015D+05    0.9037783    0.0000277  EM
             16 -0.32646104D+05    0.9113250    0.0000279  EM
             17 -0.32645182D+05    0.9226073    0.0000283  EM
             18 -0.32644246D+05    0.9357182    0.0000287  EM
             19 -0.32643296D+05    0.9496349    0.0000291  EM
             20 -0.32642332D+05    0.9637734    0.0000295  EM
             21 -0.32641355D+05    0.9777833    0.0000300  EM
             22 -0.32640363D+05    0.9914333    0.0000304  EM
             23 -0.32639359D+05    1.0045719    0.0000308  EM
             24 -0.32638342D+05    1.0170835    0.0000312  EM
             25 -0.32637313D+05    1.0288886    0.0000315  EM
             26 -0.32636273D+05    1.0399254    0.0000319  EM
             27 -0.32635223D+05    1.0501477    0.0000322  EM
             28 -0.32634163D+05    1.0595203    0.0000325  EM
             29 -0.32633095D+05    1.0680223    0.0000327  EM
             30 -0.32632019D+05    1.0756396    0.0000330  EM
             31 -0.32630937D+05    1.0823670    0.0000332  EM
             32 -0.32629849D+05    1.0882057    0.0000333  EM
             33 -0.32628756D+05    1.0931626    0.0000335  EM
             34 -0.32627658D+05    1.0972483    0.0000336  EM
             35 -0.32626558D+05    1.1004816    0.0000337  EM
             36 -0.32625455D+05    1.1028830    0.0000338  EM
             37 -0.32624351D+05    1.1044755    0.0000339  EM
             38 -0.32623245D+05    1.1052871    0.0000339  EM
             39 -0.32622140D+05    1.1053480    0.0000339  EM
             40 -0.32621908D+05    0.2320486    0.0000071  EM
             41 -0.32620770D+05    1.1382864    0.0000349  EM
             42 -0.32619639D+05    1.1303211    0.0000347  EM
             43 -0.32618514D+05    1.1248656    0.0000345  EM
             44 -0.32617395D+05    1.1198887    0.0000343  EM
             45 -0.32616280D+05    1.1148885    0.0000342  EM
             46 -0.32615170D+05    1.1097088    0.0000340  EM
             47 -0.32614066D+05    1.1042956    0.0000339  EM
             48 -0.32612967D+05    1.0986602    0.0000337  EM
             49 -0.32611874D+05    1.0928288    0.0000335  EM
             50 -0.32610787D+05    1.0868446    0.0000333  EM
             51 -0.32609707D+05    1.0807579    0.0000331  EM
             52 -0.32608632D+05    1.0746222    0.0000330  EM
             53 -0.32607563D+05    1.0684892    0.0000328  EM
             54 -0.32606501D+05    1.0624090    0.0000326  EM
             55 -0.32605445D+05    1.0564243    0.0000324  EM
             56 -0.32604394D+05    1.0505689    0.0000322  EM
             57 -0.32603349D+05    1.0448647    0.0000320  EM
             58 -0.32602310D+05    1.0393178    0.0000319  EM
             59 -0.32601276D+05    1.0339193    0.0000317  EM
             60 -0.32600247D+05    1.0286379    0.0000316  EM
             61 -0.32599224D+05    1.0234212    0.0000314  EM
             62 -0.32598206D+05    1.0181901    0.0000312  EM
             63 -0.32595818D+05    2.3874696    0.0000732  QN
             64 -0.32593070D+05    2.7484782    0.0000843  EM
             65 -0.32592026D+05    1.0437720    0.0000320  EM
             66 -0.32591002D+05    1.0240638    0.0000314  EM
             67 -0.32589985D+05    1.0166173    0.0000312  EM
             68 -0.32588975D+05    1.0101756    0.0000310  EM
             69 -0.32587972D+05    1.0030627    0.0000308  EM
             70 -0.32586977D+05    0.9947967    0.0000305  EM
             71 -0.32585992D+05    0.9850746    0.0000302  EM
             72 -0.32585019D+05    0.9736321    0.0000299  EM
             73 -0.32584058D+05    0.9602453    0.0000295  EM
             74 -0.32583114D+05    0.9447314    0.0000290  EM
             75 -0.32581130D+05    1.9840394    0.0000609  QN
             76 -0.32578630D+05    2.4997013    0.0000767  EM
             77 -0.32577665D+05    0.9652054    0.0000296  EM
             78 -0.32576772D+05    0.8929374    0.0000274  EM
             79 -0.32575925D+05    0.8471099    0.0000260  EM
             80 -0.32575115D+05    0.8090647    0.0000248  EM
             81 -0.32574342D+05    0.7737062    0.0000238  EM
             82 -0.32573602D+05    0.7393441    0.0000227  EM
             83 -0.32572897D+05    0.7054547    0.0000217  EM
             84 -0.32572225D+05    0.6719964    0.0000206  EM
             85 -0.32571586D+05    0.6391393    0.0000196  EM
             86 -0.32570979D+05    0.6071403    0.0000186  EM
             87 -0.32570402D+05    0.5762688    0.0000177  EM
             88 -0.32569856D+05    0.5467715    0.0000168  EM
             89 -0.32569337D+05    0.5188455    0.0000159  EM
             90 -0.32568844D+05    0.4926412    0.0000151  EM
             91 -0.32568376D+05    0.4682514    0.0000144  EM
             92 -0.32567930D+05    0.4457198    0.0000137  EM
             93 -0.32567505D+05    0.4250468    0.0000131  EM
             94 -0.32567099D+05    0.4061983    0.0000125  EM
             95 -0.32566710D+05    0.3891116    0.0000119  EM
             96 -0.32566336D+05    0.3737061    0.0000115  EM
             97 -0.32565976D+05    0.3598874    0.0000111  EM
             98 -0.32565629D+05    0.3475545    0.0000107  EM
             99 -0.32565292D+05    0.3366033    0.0000103  EM
            100 -0.32564965D+05    0.3269304    0.0000100  EM
            101 -0.32564647D+05    0.3184347    0.0000098  EM
            102 -0.32564336D+05    0.3110198    0.0000096  EM
            103 -0.32564031D+05    0.3045944    0.0000094  EM
            104 -0.32563732D+05    0.2990731    0.0000092  EM
            105 -0.32563438D+05    0.2943774    0.0000090  EM
            106 -0.32563147D+05    0.2904309    0.0000089  EM
            107 -0.32562860D+05    0.2871695    0.0000088  EM
            108 -0.32562576D+05    0.2845297    0.0000087  EM
            109 -0.32562293D+05    0.2824551    0.0000087  EM
            110 -0.32562012D+05    0.2808933    0.0000086  EM
            111 -0.32561732D+05    0.2797998    0.0000086  EM
            112 -0.32561453D+05    0.2791308    0.0000086  EM
            113 -0.32561174D+05    0.2788472    0.0000086  EM
            114 -0.32560895D+05    0.2789149    0.0000086  EM
            115 -0.32560616D+05    0.2793030    0.0000086  EM
            116 -0.32560336D+05    0.2799830    0.0000086  EM
            117 -0.32560055D+05    0.2809298    0.0000086  EM
            118 -0.32559773D+05    0.2821208    0.0000087  EM
            119 -0.32559490D+05    0.2835364    0.0000087  EM
            120 -0.32559204D+05    0.2851574    0.0000088  EM
            121 -0.32558917D+05    0.2869692    0.0000088  EM
            122 -0.32558629D+05    0.2889567    0.0000089  EM
            123 -0.32558337D+05    0.2911076    0.0000089  EM
            124 -0.32558044D+05    0.2934102    0.0000090  EM
            125 -0.32557748D+05    0.2958562    0.0000091  EM
            126 -0.32557450D+05    0.2984348    0.0000092  EM
            127 -0.32549814D+05    7.6359499    0.0002345  QN
            128 -0.32541546D+05    8.2678006    0.0002540  EM
            129 -0.32540725D+05    0.8205651    0.0000252  EM
            130 -0.32540099D+05    0.6266634    0.0000193  EM
            131 -0.32539503D+05    0.5961389    0.0000183  EM
            132 -0.32538915D+05    0.5879884    0.0000181  EM
            133 -0.32538329D+05    0.5857187    0.0000180  EM
            134 -0.32537743D+05    0.5862756    0.0000180  EM
            135 -0.32537154D+05    0.5887296    0.0000181  EM
            136 -0.32536561D+05    0.5926180    0.0000182  EM
            137 -0.32535964D+05    0.5976591    0.0000184  EM
            138 -0.32535360D+05    0.6036523    0.0000186  EM
            139 -0.32534750D+05    0.6104493    0.0000188  EM
            140 -0.32527513D+05    7.2363343    0.0002224  QN
            141 -0.32516330D+05   11.1830971    0.0003438  EM
            142 -0.32514666D+05    1.6642760    0.0000512  EM
            143 -0.32513554D+05    1.1120012    0.0000342  EM
            144 -0.32512516D+05    1.0373209    0.0000319  EM
            145 -0.32511483D+05    1.0331239    0.0000318  EM
            146 -0.32510437D+05    1.0458904    0.0000322  EM
            147 -0.32509373D+05    1.0643658    0.0000327  EM
            148 -0.32508288D+05    1.0853537    0.0000334  EM
            149 -0.32507180D+05    1.1077868    0.0000341  EM
            150 -0.32506049D+05    1.1312832    0.0000348  EM
            151 -0.32504893D+05    1.1557057    0.0000356  EM
            152 -0.32503712D+05    1.1810173    0.0000363  EM
            153 -0.32502505D+05    1.2072221    0.0000371  EM
            154 -0.32501270D+05    1.2343416    0.0000380  EM
            155 -0.32500008D+05    1.2624061    0.0000388  EM
            156 -0.32498717D+05    1.2914506    0.0000397  EM
            157 -0.32497395D+05    1.3215169    0.0000407  EM
            158 -0.32496042D+05    1.3526464    0.0000416  EM
            159 -0.32494657D+05    1.3848870    0.0000426  EM
            160 -0.32493239D+05    1.4182866    0.0000436  EM
            161 -0.32491786D+05    1.4528994    0.0000447  EM
            162 -0.32490298D+05    1.4887794    0.0000458  EM
            163 -0.32488772D+05    1.5259868    0.0000470  EM
            164 -0.32487207D+05    1.5645837    0.0000482  EM
            165 -0.32485602D+05    1.6046376    0.0000494  EM
            166 -0.32483956D+05    1.6462178    0.0000507  EM
            167 -0.32482267D+05    1.6894002    0.0000520  EM
            168 -0.32480532D+05    1.7342639    0.0000534  EM
            169 -0.32478752D+05    1.7808941    0.0000548  EM
            170 -0.32476922D+05    1.8293787    0.0000563  EM
            171 -0.32475042D+05    1.8798135    0.0000579  EM
            172 -0.32473110D+05    1.9323000    0.0000595  EM
            173 -0.32471123D+05    1.9869453    0.0000612  EM
            174 -0.32469079D+05    2.0438625    0.0000629  EM
            175 -0.32466976D+05    2.1031738    0.0000648  EM
            176 -0.32464811D+05    2.1650065    0.0000667  EM
            177 -0.32462582D+05    2.2294983    0.0000687  EM
            178 -0.32346236D+05  116.3453189    0.0035840  QN
            179 -0.32262952D+05   83.2839295    0.0025748  EM
            180 -0.32245343D+05   17.6092294    0.0005458  EM
            181 -0.32233588D+05   11.7549763    0.0003645  EM
            182 -0.32222854D+05   10.7339674    0.0003330  EM
            183 -0.32212354D+05   10.4997265    0.0003258  EM
            184 -0.32201976D+05   10.3779549    0.0003222  EM
            185 -0.32191762D+05   10.2143641    0.0003172  EM
            186 -0.32181801D+05    9.9607558    0.0003094  EM
            187 -0.32172203D+05    9.5979075    0.0002982  EM
            188 -0.32163084D+05    9.1192056    0.0002834  EM
            189 -0.32154557D+05    8.5273758    0.0002651  EM
            190 -0.32146723D+05    7.8339891    0.0002436  EM
            191 -0.32139664D+05    7.0590928    0.0002196  EM
            192 -0.32128004D+05   11.6599745    0.0003628  QN
            193 -0.32118102D+05    9.9015153    0.0003082  EM
            194 -0.32115315D+05    2.7871800    0.0000868  EM
            195 -0.32113248D+05    2.0674582    0.0000644  EM
            196 -0.32111700D+05    1.5479053    0.0000482  EM
            197 -0.32110561D+05    1.1389449    0.0000355  EM
            198 -0.32109742D+05    0.8192244    0.0000255  EM
            199 -0.32109167D+05    0.5747815    0.0000179  EM
            200 -0.32108774D+05    0.3924082    0.0000122  EM
            201 -0.32108515D+05    0.2595981    0.0000081  EM
            202 -0.32108350D+05    0.1651590    0.0000051  EM
            203 -0.32108250D+05    0.0996047    0.0000031  EM
            204 -0.32108195D+05    0.0552474    0.0000017  EM
            205 -0.32108169D+05    0.0260851    0.0000008  EM
            206 -0.32108161D+05    0.0075769    0.0000002  EM
            207 -0.32108165D+05   -0.0036246   -0.0000001  EM
            208 -0.32108175D+05   -0.0099307   -0.0000003  EM
            209 -0.32108188D+05   -0.0130379   -0.0000004  EM
            210 -0.32108202D+05   -0.0141239   -0.0000004  EM
            211 -0.32108216D+05   -0.0139916   -0.0000004  EM
            212 -0.32108229D+05   -0.0131588   -0.0000004  EM
            213 -0.32108241D+05   -0.0119760   -0.0000004  EM
            214 -0.32108252D+05   -0.0106598   -0.0000003  EM
            215 -0.32108261D+05   -0.0093372   -0.0000003  EM
            216 -0.32108269D+05   -0.0080863   -0.0000003  EM


DIAGRAM INFORMATION

  Use View Diagram under the Diagram menu in the Mplus Editor to view the diagram.
  If running Mplus from the Mplus Diagrammer, the diagram opens automatically.

  Diagram output
    c:\users\tzkeith\documents\regression book 3\part 2\chap 22 latent interactions mlm\latent interaction\hw grades\hw

     Beginning Time:  11:32:05
        Ending Time:  11:32:40
       Elapsed Time:  00:00:35



MUTHEN & MUTHEN
3463 Stoner Ave.
Los Angeles, CA  90066

Tel: (310) 391-9971
Fax: (310) 391-8971
Web: www.StatModel.com
Support: Support@StatModel.com

Copyright (c) 1998-2017 Muthen & Muthen
