Mplus VERSION 8
MUTHEN & MUTHEN
04/26/2018   5:54 AM

INPUT INSTRUCTIONS



  TITLE: Homework Achievement Latent Interaction Model Minority measured

  DATA:
    FILE IS HW latent 8-12.dat;
  VARIABLE:
       MISSING ARE ALL (-999);
           NAMES ARE
       bytxrstd
       bytxmstd
       bytxsstd
       bytxhstd
       parocc
       HW_10
       HW_12
       eng_12
       math_12
       sci_12
       ss_12
       Female
       byfaminc
       bypared
       Minority;



  USEVARIABLES ARE
      Minority
      BYPARED	
      BYFAMINC	
      PAROCC	
      BYTXRSTD	
      BYTXMSTD	
      BYTXSSTD	
      BYTXHSTD	
      HW_10	
      HW_12	
      ENG_12	
      MATH_12	
      SCI_12	
      SS_12;

  ANALYSIS:
      TYPE=RANDOM;
      ALGORITHM=INTEGRATION;

  MODEL:


      FAMBACK BY
          PAROCC
          BYPARED	
          BYFAMINC;	

      PREVACH BY
          BYTXRSTD	
          BYTXMSTD	
          BYTXSSTD	
          BYTXHSTD;	

      HW BY
          HW_10
          HW_12;	

      GRADES BY
          ENG_12	
          MATH_12	
          SCI_12	
          SS_12;

      BYTXRSTD	WITH ENG_12;
      BYTXMSTD	WITH MATH_12;	
      BYTXSSTD	WITH SCI_12;
      BYTXHSTD	WITH SS_12;	
      Minority    WITH FAMBACK;

      PREVACH ON FAMBACK Minority;
      GRADES ON PREVACH HW;
      HW ON PREVACH FAMBACK Minority;
      PREVxHW | PREVACH XWITH HW;
      GRADES on PREVxHW;



  OUTPUT:  SAMPSTAT STDYX RESIDUAL TECH1 TECH8;




INPUT READING TERMINATED NORMALLY



Homework Achievement Latent Interaction Model Minority measured

SUMMARY OF ANALYSIS

Number of groups                                                 1
Number of observations                                        1000

Number of dependent variables                                   13
Number of independent variables                                  1
Number of continuous latent variables                            5

Observed dependent variables

  Continuous
   BYPARED     BYFAMINC    PAROCC      BYTXRSTD    BYTXMSTD    BYTXSSTD
   BYTXHSTD    HW_10       HW_12       ENG_12      MATH_12     SCI_12
   SS_12

Observed independent variables
   MINORITY

Continuous latent variables
   FAMBACK     PREVACH     HW          GRADES      PREVXHW


Estimator                                                      MLR
Information matrix                                        OBSERVED
Optimization Specifications for the Quasi-Newton Algorithm for
Continuous Outcomes
  Maximum number of iterations                                 100
  Convergence criterion                                  0.100D-05
Optimization Specifications for the EM Algorithm
  Maximum number of iterations                                 500
  Convergence criteria
    Loglikelihood change                                 0.100D-02
    Relative loglikelihood change                        0.100D-05
    Derivative                                           0.100D-02
Optimization Specifications for the M step of the EM Algorithm for
Categorical Latent variables
  Number of M step iterations                                    1
  M step convergence criterion                           0.100D-02
  Basis for M step termination                           ITERATION
Optimization Specifications for the M step of the EM Algorithm for
Censored, Binary or Ordered Categorical (Ordinal), Unordered
Categorical (Nominal) and Count Outcomes
  Number of M step iterations                                    1
  M step convergence criterion                           0.100D-02
  Basis for M step termination                           ITERATION
  Maximum value for logit thresholds                            15
  Minimum value for logit thresholds                           -15
  Minimum expected cell size for chi-square              0.100D-01
Maximum number of iterations for H1                           2000
Convergence criterion for H1                             0.100D-03
Optimization algorithm                                         EMA
Integration Specifications
  Type                                                    STANDARD
  Number of integration points                                  15
  Dimensions of numerical integration                            2
  Adaptive quadrature                                           ON
Cholesky                                                       OFF

Input data file(s)
  HW latent 8-12.dat
Input data format  FREE


SUMMARY OF DATA

     Number of missing data patterns            46


COVARIANCE COVERAGE OF DATA

Minimum covariance coverage value   0.100


     PROPORTION OF DATA PRESENT FOR Y


           Covariance Coverage
              BYPARED       BYFAMINC      PAROCC        BYTXRSTD      BYTXMSTD
              ________      ________      ________      ________      ________
 BYPARED        0.999
 BYFAMINC       0.957         0.958
 PAROCC         0.990         0.949         0.991
 BYTXRSTD       0.970         0.930         0.962         0.971
 BYTXMSTD       0.969         0.929         0.962         0.970         0.970
 BYTXSSTD       0.968         0.928         0.960         0.969         0.968
 BYTXHSTD       0.967         0.927         0.959         0.968         0.967
 HW_10          0.953         0.915         0.949         0.926         0.926
 HW_12          0.903         0.866         0.896         0.878         0.877
 ENG_12         0.979         0.940         0.972         0.953         0.952
 MATH_12        0.980         0.940         0.973         0.952         0.951
 SCI_12         0.985         0.945         0.977         0.957         0.956
 SS_12          0.988         0.948         0.980         0.960         0.959
 MINORITY       0.990         0.951         0.982         0.963         0.962


           Covariance Coverage
              BYTXSSTD      BYTXHSTD      HW_10         HW_12         ENG_12
              ________      ________      ________      ________      ________
 BYTXSSTD       0.969
 BYTXHSTD       0.968         0.968
 HW_10          0.924         0.923         0.954
 HW_12          0.876         0.875         0.887         0.904
 ENG_12         0.951         0.950         0.940         0.892         0.980
 MATH_12        0.950         0.949         0.941         0.897         0.967
 SCI_12         0.955         0.954         0.946         0.898         0.973
 SS_12          0.958         0.957         0.948         0.901         0.974
 MINORITY       0.961         0.960         0.945         0.897         0.971


           Covariance Coverage
              MATH_12       SCI_12        SS_12         MINORITY
              ________      ________      ________      ________
 MATH_12        0.981
 SCI_12         0.972         0.986
 SS_12          0.976         0.982         0.989
 MINORITY       0.972         0.977         0.980         0.991


SAMPLE STATISTICS


     ESTIMATED SAMPLE STATISTICS


           Means
              BYPARED       BYFAMINC      PAROCC        BYTXRSTD      BYTXMSTD
              ________      ________      ________      ________      ________
                3.128         9.839        51.384        51.254        51.490


           Means
              BYTXSSTD      BYTXHSTD      HW_10         HW_12         ENG_12
              ________      ________      ________      ________      ________
               51.172        51.369         2.483         3.287         6.075


           Means
              MATH_12       SCI_12        SS_12         MINORITY
              ________      ________      ________      ________
                5.483         5.771         6.207         0.252


           Covariances
              BYPARED       BYFAMINC      PAROCC        BYTXRSTD      BYTXMSTD
              ________      ________      ________      ________      ________
 BYPARED        1.584
 BYFAMINC       1.954         6.738
 PAROCC        16.143        29.086       458.848
 BYTXRSTD       5.190         9.981        71.828        99.962
 BYTXMSTD       5.306        10.315        75.508        70.664        98.038
 BYTXSSTD       4.796         8.416        60.719        68.888        70.859
 BYTXHSTD       4.529         9.260        64.805        69.574        66.725
 HW_10          0.520         0.865         6.440         4.811         4.807
 HW_12          0.510         0.989         6.131         4.902         5.219
 ENG_12         1.335         2.271        15.816        14.121        13.114
 MATH_12        1.121         1.735        12.998        12.348        13.509
 SCI_12         1.180         1.995        14.121        13.421        13.353
 SS_12          1.293         2.375        16.411        15.259        14.484
 MINORITY      -0.110        -0.289        -2.083        -0.914        -0.921


           Covariances
              BYTXSSTD      BYTXHSTD      HW_10         HW_12         ENG_12
              ________      ________      ________      ________      ________
 BYTXSSTD     100.089
 BYTXHSTD      67.498        94.012
 HW_10          4.198         4.030         2.860
 HW_12          4.280         3.889         1.375         3.898
 ENG_12        10.952        11.571         1.548         1.438         7.120
 MATH_12       10.544        10.281         1.270         1.339         5.227
 SCI_12        11.677        11.716         1.428         1.412         5.658
 SS_12         12.199        13.106         1.641         1.565         6.302
 MINORITY      -1.004        -0.895        -0.023        -0.015        -0.181


           Covariances
              MATH_12       SCI_12        SS_12         MINORITY
              ________      ________      ________      ________
 MATH_12        6.942
 SCI_12         5.184         7.003
 SS_12          5.353         5.941         7.913
 MINORITY      -0.158        -0.191        -0.158         0.188


           Correlations
              BYPARED       BYFAMINC      PAROCC        BYTXRSTD      BYTXMSTD
              ________      ________      ________      ________      ________
 BYPARED        1.000
 BYFAMINC       0.598         1.000
 PAROCC         0.599         0.523         1.000
 BYTXRSTD       0.412         0.385         0.335         1.000
 BYTXMSTD       0.426         0.401         0.356         0.714         1.000
 BYTXSSTD       0.381         0.324         0.283         0.689         0.715
 BYTXHSTD       0.371         0.368         0.312         0.718         0.695
 HW_10          0.244         0.197         0.178         0.285         0.287
 HW_12          0.205         0.193         0.145         0.248         0.267
 ENG_12         0.398         0.328         0.277         0.529         0.496
 MATH_12        0.338         0.254         0.230         0.469         0.518
 SCI_12         0.354         0.290         0.249         0.507         0.510
 SS_12          0.365         0.325         0.272         0.543         0.520
 MINORITY      -0.201        -0.257        -0.224        -0.211        -0.214


           Correlations
              BYTXSSTD      BYTXHSTD      HW_10         HW_12         ENG_12
              ________      ________      ________      ________      ________
 BYTXSSTD       1.000
 BYTXHSTD       0.696         1.000
 HW_10          0.248         0.246         1.000
 HW_12          0.217         0.203         0.412         1.000
 ENG_12         0.410         0.447         0.343         0.273         1.000
 MATH_12        0.400         0.402         0.285         0.257         0.744
 SCI_12         0.441         0.457         0.319         0.270         0.801
 SS_12          0.433         0.481         0.345         0.282         0.840
 MINORITY      -0.231        -0.213        -0.032        -0.018        -0.157


           Correlations
              MATH_12       SCI_12        SS_12         MINORITY
              ________      ________      ________      ________
 MATH_12        1.000
 SCI_12         0.744         1.000
 SS_12          0.722         0.798         1.000
 MINORITY      -0.138        -0.167        -0.129         1.000


     MAXIMUM LOG-LIKELIHOOD VALUE FOR THE UNRESTRICTED (H1) MODEL IS -32569.824


UNIVARIATE SAMPLE STATISTICS


     UNIVARIATE HIGHER-ORDER MOMENT DESCRIPTIVE STATISTICS

         Variable/         Mean/     Skewness/   Minimum/ % with                Percentiles
        Sample Size      Variance    Kurtosis    Maximum  Min/Max      20%/60%    40%/80%    Median

     BYPARED               3.127       0.455       1.000    9.41%       2.000      3.000      3.000
             999.000       1.584      -0.048       6.000    5.81%       3.000      4.000
     BYFAMINC              9.852      -0.683       1.000    0.21%       8.000     10.000     10.000
             958.000       6.684       0.569      15.000    2.19%      11.000     12.000
     PAROCC               51.585      -0.673       7.320    2.93%      25.000     56.330     58.010
             991.000     455.441      -0.919      81.870    6.96%      66.090     66.180
     BYTXRSTD             51.297      -0.259      23.098    0.10%      41.914     48.412     52.473
             971.000      99.818      -0.866      67.499    3.81%      54.775     61.136
     BYTXMSTD             51.544       0.061      30.282    0.10%      41.990     47.880     51.268
             970.000      97.731      -1.048      71.222    0.41%      54.802     61.871
     BYTXSSTD             51.206       0.007      26.505    0.10%      42.231     48.951     51.238
             969.000      99.963      -0.573      75.973    0.10%      53.527     60.103
     BYTXHSTD             51.414      -0.315      24.183    0.10%      42.750     49.413     52.034
             968.000      93.747      -0.461      69.508    1.03%      54.000     60.770
     HW_10                 2.526       0.896       0.000    5.35%       1.000      2.000      2.000
             954.000       2.828       0.254       7.000    3.56%       2.000      4.000
     HW_12                 3.365       0.490       0.000    6.19%       2.000      3.000      3.000
             904.000       3.856      -0.271       8.000    3.76%       3.000      5.000
     ENG_12                6.123      -0.244       0.000    1.53%       3.600      5.370      6.370
             980.000       7.002      -0.728      11.250    0.20%       7.180      8.600
     MATH_12               5.522       0.004       0.000    1.94%       3.000      4.800      5.500
             981.000       6.871      -0.740      11.500    0.20%       6.330      8.000
     SCI_12                5.788      -0.106       0.000    1.42%       3.500      5.000      6.000
             986.000       6.934      -0.706      11.500    0.20%       6.570      8.000
     SS_12                 6.233      -0.346       0.000    2.12%       3.670      5.670      6.500
             989.000       7.855      -0.679      11.670    0.10%       7.290      8.860
     MINORITY              0.251       1.147       0.000   74.87%       0.000      0.000      0.000
             991.000       0.188      -0.685       1.000   25.13%       0.000      1.000


THE MODEL ESTIMATION TERMINATED NORMALLY



MODEL FIT INFORMATION

Number of Free Parameters                       54

Loglikelihood

          H0 Value                      -32640.456
          H0 Scaling Correction Factor      1.0154
            for MLR

Information Criteria

          Akaike (AIC)                   65388.912
          Bayesian (BIC)                 65653.931
          Sample-Size Adjusted BIC       65482.424
            (n* = (n + 2) / 24)



MODEL RESULTS

                                                    Two-Tailed
                    Estimate       S.E.  Est./S.E.    P-Value

 FAMBACK  BY
    PAROCC             1.000      0.000    999.000    999.000
    BYPARED            0.068      0.003     22.392      0.000
    BYFAMINC           0.125      0.006     21.337      0.000

 PREVACH  BY
    BYTXRSTD           1.000      0.000    999.000    999.000
    BYTXMSTD           0.973      0.027     35.867      0.000
    BYTXSSTD           0.948      0.030     31.548      0.000
    BYTXHSTD           0.930      0.028     33.547      0.000

 HW       BY
    HW_10              1.000      0.000    999.000    999.000
    HW_12              1.005      0.104      9.685      0.000

 GRADES   BY
    ENG_12             1.000      0.000    999.000    999.000
    MATH_12            0.875      0.023     37.661      0.000
    SCI_12             0.961      0.022     44.108      0.000
    SS_12              1.049      0.021     50.524      0.000

 PREVACH    ON
    FAMBACK            0.313      0.023     13.823      0.000

 GRADES     ON
    PREVACH            0.138      0.012     11.944      0.000
    HW                 0.663      0.122      5.419      0.000
    PREVXHW           -0.004      0.007     -0.530      0.596

 HW         ON
    PREVACH            0.047      0.008      5.902      0.000
    FAMBACK            0.020      0.005      4.305      0.000

 PREVACH    ON
    MINORITY          -1.732      0.696     -2.487      0.013

 HW         ON
    MINORITY           0.301      0.108      2.801      0.005

 MINORITY WITH
    FAMBACK           -1.925      0.252     -7.648      0.000

 BYTXRSTD WITH
    ENG_12             0.500      0.257      1.943      0.052

 BYTXMSTD WITH
    MATH_12            1.603      0.320      5.013      0.000

 BYTXSSTD WITH
    SCI_12             0.441      0.323      1.365      0.172

 BYTXHSTD WITH
    SS_12              0.289      0.306      0.945      0.344

 Means
    MINORITY           0.253      0.014     18.009      0.000

 Intercepts
    BYPARED            3.117      0.043     72.088      0.000
    BYFAMINC           9.819      0.090    109.413      0.000
    PAROCC            51.218      0.725     70.605      0.000
    BYTXRSTD          51.526      0.474    108.718      0.000
    BYTXMSTD          51.756      0.473    109.329      0.000
    BYTXSSTD          51.433      0.458    112.265      0.000
    BYTXHSTD          51.622      0.452    114.278      0.000
    HW_10              2.414      0.064     37.786      0.000
    HW_12              3.213      0.075     42.573      0.000
    ENG_12             6.086      0.120     50.745      0.000
    MATH_12            5.492      0.112     49.233      0.000
    SCI_12             5.782      0.116     49.807      0.000
    SS_12              6.220      0.126     49.485      0.000

 Variances
    MINORITY           0.188      0.007     27.460      0.000
    FAMBACK          234.177     17.037     13.746      0.000

 Residual Variances
    BYPARED            0.509      0.042     12.062      0.000
    BYFAMINC           3.091      0.235     13.130      0.000
    PAROCC           224.729     12.569     17.879      0.000
    BYTXRSTD          27.313      1.765     15.476      0.000
    BYTXMSTD          27.380      1.581     17.322      0.000
    BYTXSSTD          33.131      1.877     17.649      0.000
    BYTXHSTD          29.553      1.794     16.475      0.000
    HW_10              1.509      0.164      9.190      0.000
    HW_12              2.537      0.185     13.685      0.000
    ENG_12             1.156      0.086     13.460      0.000
    MATH_12            2.352      0.124     18.999      0.000
    SCI_12             1.539      0.101     15.309      0.000
    SS_12              1.382      0.112     12.367      0.000
    PREVACH           48.759      3.165     15.408      0.000
    HW                 0.994      0.162      6.150      0.000
    GRADES             3.065      0.213     14.392      0.000


STANDARDIZED MODEL RESULTS


STDYX Standardization

                                                    Two-Tailed
                    Estimate       S.E.  Est./S.E.    P-Value

 FAMBACK  BY
    PAROCC             0.714      0.020     36.439      0.000
    BYPARED            0.824      0.018     46.412      0.000
    BYFAMINC           0.736      0.021     35.651      0.000

 PREVACH  BY
    BYTXRSTD           0.855      0.011     79.690      0.000
    BYTXMSTD           0.849      0.010     83.117      0.000
    BYTXSSTD           0.818      0.012     66.424      0.000
    BYTXHSTD           0.828      0.012     68.738      0.000

 HW       BY
    HW_10              0.688      0.041     16.966      0.000
    HW_12              0.593      0.037     15.913      0.000

 GRADES   BY
    ENG_12             0.915      0.007    124.304      0.000
    MATH_12            0.812      0.013     62.064      0.000
    SCI_12             0.884      0.009     97.620      0.000
    SS_12              0.909      0.008    109.210      0.000

 PREVACH    ON
    FAMBACK            0.555      0.031     17.913      0.000

 GRADES     ON
    PREVACH            0.489      0.039     12.483      0.000
    HW                 0.317      0.050      6.381      0.000
    PREVXHW           -0.015      0.029     -0.533      0.594

 HW         ON
    PREVACH            0.346      0.055      6.332      0.000
    FAMBACK            0.260      0.060      4.324      0.000

 PREVACH    ON
    MINORITY          -0.087      0.035     -2.474      0.013

 HW         ON
    MINORITY           0.112      0.040      2.780      0.005

 MINORITY WITH
    FAMBACK           -0.290      0.034     -8.547      0.000

 BYTXRSTD WITH
    ENG_12             0.089      0.045      1.969      0.049

 BYTXMSTD WITH
    MATH_12            0.200      0.038      5.288      0.000

 BYTXSSTD WITH
    SCI_12             0.062      0.045      1.380      0.168

 BYTXHSTD WITH
    SS_12              0.045      0.048      0.953      0.341

 Means
    MINORITY           0.584      0.022     26.701      0.000

 Intercepts
    BYPARED            2.476      0.055     44.843      0.000
    BYFAMINC           3.784      0.116     32.514      0.000
    PAROCC             2.391      0.066     36.104      0.000
    BYTXRSTD           5.112      0.111     46.129      0.000
    BYTXMSTD           5.234      0.092     56.627      0.000
    BYTXSSTD           5.145      0.108     47.733      0.000
    BYTXHSTD           5.330      0.124     42.934      0.000
    HW_10              1.426      0.038     37.942      0.000
    HW_12              1.625      0.045     35.788      0.000
    ENG_12             2.283      0.065     35.191      0.000
    MATH_12            2.089      0.056     37.029      0.000
    SCI_12             2.180      0.060     36.109      0.000
    SS_12              2.209      0.065     33.784      0.000

 Variances
    MINORITY           1.000      0.000    999.000    999.000
    FAMBACK            1.000      0.000    999.000    999.000

 Residual Variances
    BYPARED            0.321      0.029     10.986      0.000
    BYFAMINC           0.459      0.030     15.121      0.000
    PAROCC             0.490      0.028     17.484      0.000
    BYTXRSTD           0.269      0.018     14.647      0.000
    BYTXMSTD           0.280      0.017     16.164      0.000
    BYTXSSTD           0.331      0.020     16.469      0.000
    BYTXHSTD           0.315      0.020     15.811      0.000
    HW_10              0.526      0.056      9.413      0.000
    HW_12              0.649      0.044     14.694      0.000
    ENG_12             0.163      0.013     12.075      0.000
    MATH_12            0.340      0.021     16.010      0.000
    SCI_12             0.219      0.016     13.675      0.000
    SS_12              0.174      0.015     11.530      0.000
    PREVACH            0.656      0.032     20.253      0.000
    HW                 0.731      0.045     16.293      0.000
    GRADES             0.515      0.032     16.033      0.000


R-SQUARE

    Observed                                        Two-Tailed
    Variable        Estimate       S.E.  Est./S.E.    P-Value

    BYPARED            0.679      0.029     23.206      0.000
    BYFAMINC           0.541      0.030     17.826      0.000
    PAROCC             0.510      0.028     18.219      0.000
    BYTXRSTD           0.731      0.018     39.845      0.000
    BYTXMSTD           0.720      0.017     41.558      0.000
    BYTXSSTD           0.669      0.020     33.212      0.000
    BYTXHSTD           0.685      0.020     34.369      0.000
    HW_10              0.474      0.056      8.483      0.000
    HW_12              0.351      0.044      7.956      0.000
    ENG_12             0.837      0.013     62.152      0.000
    MATH_12            0.660      0.021     31.032      0.000
    SCI_12             0.781      0.016     48.810      0.000
    SS_12              0.826      0.015     54.605      0.000

     Latent                                         Two-Tailed
    Variable        Estimate       S.E.  Est./S.E.    P-Value

    PREVACH            0.344      0.032     10.609      0.000
    HW                 0.269      0.045      5.994      0.000
    GRADES             0.485      0.032     15.094      0.000


QUALITY OF NUMERICAL RESULTS

     Condition Number for the Information Matrix              0.111E-05
       (ratio of smallest to largest eigenvalue)


RESIDUAL OUTPUT


     ESTIMATED MODEL AND RESIDUALS (OBSERVED - ESTIMATED)


           Model Estimated Means
              BYPARED       BYFAMINC      PAROCC        BYTXRSTD      BYTXMSTD
              ________      ________      ________      ________      ________
                3.117         9.819        51.218        51.087        51.328


           Model Estimated Means
              BYTXSSTD      BYTXHSTD      HW_10         HW_12         ENG_12
              ________      ________      ________      ________      ________
               51.017        51.214         2.470         3.269         6.044


           Model Estimated Means
              MATH_12       SCI_12        SS_12         MINORITY
              ________      ________      ________      ________
                5.456         5.742         6.176         0.253


           Residuals for Means
              BYPARED       BYFAMINC      PAROCC        BYTXRSTD      BYTXMSTD
              ________      ________      ________      ________      ________
                0.010         0.033         0.367         0.210         0.216


           Residuals for Means
              BYTXSSTD      BYTXHSTD      HW_10         HW_12         ENG_12
              ________      ________      ________      ________      ________
                0.189         0.200         0.056         0.096         0.079


           Residuals for Means
              MATH_12       SCI_12        SS_12         MINORITY
              ________      ________      ________      ________
                0.067         0.047         0.057        -0.002


           Model Estimated Covariances
              BYPARED       BYFAMINC      PAROCC        BYTXRSTD      BYTXMSTD
              ________      ________      ________      ________      ________
 BYPARED        1.584
 BYFAMINC       1.979         6.735
 PAROCC        15.868        29.213       458.907
 BYTXRSTD       5.187         9.549        76.550       101.612
 BYTXMSTD       5.049         9.295        74.512        72.320        97.775
 BYTXSSTD       4.919         9.056        72.592        70.457        68.581
 BYTXHSTD       4.823         8.879        71.181        69.088        67.248
 HW_10          0.519         0.955         7.655         4.722         4.596
 HW_12          0.521         0.960         7.695         4.746         4.620
 ENG_12         1.061         1.953        15.659        13.900        13.043
 MATH_12        0.929         1.710        13.704        11.727        13.017
 SCI_12         1.019         1.877        15.045        12.875        12.532
 SS_12          1.113         2.049        16.422        14.053        13.679
 MINORITY      -0.130        -0.240        -1.925        -0.928        -0.903


           Model Estimated Covariances
              BYTXSSTD      BYTXHSTD      HW_10         HW_12         ENG_12
              ________      ________      ________      ________      ________
 BYTXSSTD      99.945
 BYTXHSTD      65.515        93.795
 HW_10          4.478         4.391         2.868
 HW_12          4.501         4.413         1.367         3.911
 ENG_12        12.707        12.460         1.555         1.563         7.108
 MATH_12       11.121        10.904         1.361         1.368         5.208
 SCI_12        12.649        11.971         1.494         1.502         5.718
 SS_12         13.326        13.357         1.631         1.640         6.241
 MINORITY      -0.880        -0.862        -0.025        -0.025        -0.145


           Model Estimated Covariances
              MATH_12       SCI_12        SS_12         MINORITY
              ________      ________      ________      ________
 MATH_12        6.910
 SCI_12         5.004         7.033
 SS_12          5.462         5.997         7.928
 MINORITY      -0.127        -0.139        -0.152         0.188


           Residuals for Covariances
              BYPARED       BYFAMINC      PAROCC        BYTXRSTD      BYTXMSTD
              ________      ________      ________      ________      ________
 BYPARED        0.000
 BYFAMINC      -0.030        -0.052
 PAROCC         0.659         3.113        -3.465
 BYTXRSTD       0.604         1.652         3.205        -1.794
 BYTXMSTD       0.804         3.096         7.392        -1.255        -0.044
 BYTXSSTD       0.478         1.155        -5.522        -2.724         2.484
 BYTXHSTD       0.310         2.006         2.213        -0.099         0.516
 HW_10          0.083         0.044        -0.753         1.364         1.214
 HW_12          0.211         0.436         1.765         1.705         1.792
 ENG_12         0.353         0.316         1.882         1.544         1.347
 MATH_12        0.252         0.141         0.240         1.548         1.603
 SCI_12         0.212         0.237         0.430         1.312         1.547
 SS_12          0.196         0.349         1.287         2.066         1.625
 MINORITY       0.021        -0.094        -0.234        -0.115        -0.188


           Residuals for Covariances
              BYTXSSTD      BYTXHSTD      HW_10         HW_12         ENG_12
              ________      ________      ________      ________      ________
 BYTXSSTD       0.018
 BYTXHSTD       2.696        -0.047
 HW_10          0.838         0.708        -0.040
 HW_12          0.860         0.578         0.169        -0.055
 ENG_12        -0.589         0.431         0.297         0.896        -0.106
 MATH_12        0.239         0.291         0.183         0.660         0.292
 SCI_12        -0.470         0.542         0.126         0.788         0.085
 SS_12         -0.346         0.558         0.301         0.877         0.311
 MINORITY      -0.337        -0.280        -0.013        -0.017        -0.042


           Residuals for Covariances
              MATH_12       SCI_12        SS_12         MINORITY
              ________      ________      ________      ________
 MATH_12       -0.039
 SCI_12         0.298        -0.098
 SS_12          0.083        -0.057        -0.073
 MINORITY      -0.033        -0.045        -0.001         0.000


TECHNICAL 1 OUTPUT


     PARAMETER SPECIFICATION


           NU
              BYPARED       BYFAMINC      PAROCC        BYTXRSTD      BYTXMSTD
              ________      ________      ________      ________      ________
                    1             2             3             4             5


           NU
              BYTXSSTD      BYTXHSTD      HW_10         HW_12         ENG_12
              ________      ________      ________      ________      ________
                    6             7             8             9            10


           NU
              MATH_12       SCI_12        SS_12         MINORITY
              ________      ________      ________      ________
                   11            12            13             0


           LAMBDA
              FAMBACK       PREVACH       HW            GRADES        PREVXHW
              ________      ________      ________      ________      ________
 BYPARED           14             0             0             0             0
 BYFAMINC          15             0             0             0             0
 PAROCC             0             0             0             0             0
 BYTXRSTD           0             0             0             0             0
 BYTXMSTD           0            16             0             0             0
 BYTXSSTD           0            17             0             0             0
 BYTXHSTD           0            18             0             0             0
 HW_10              0             0             0             0             0
 HW_12              0             0            19             0             0
 ENG_12             0             0             0             0             0
 MATH_12            0             0             0            20             0
 SCI_12             0             0             0            21             0
 SS_12              0             0             0            22             0
 MINORITY           0             0             0             0             0


           LAMBDA
              MINORITY
              ________
 BYPARED            0
 BYFAMINC           0
 PAROCC             0
 BYTXRSTD           0
 BYTXMSTD           0
 BYTXSSTD           0
 BYTXHSTD           0
 HW_10              0
 HW_12              0
 ENG_12             0
 MATH_12            0
 SCI_12             0
 SS_12              0
 MINORITY           0


           THETA
              BYPARED       BYFAMINC      PAROCC        BYTXRSTD      BYTXMSTD
              ________      ________      ________      ________      ________
 BYPARED           23
 BYFAMINC           0            24
 PAROCC             0             0            25
 BYTXRSTD           0             0             0            26
 BYTXMSTD           0             0             0             0            27
 BYTXSSTD           0             0             0             0             0
 BYTXHSTD           0             0             0             0             0
 HW_10              0             0             0             0             0
 HW_12              0             0             0             0             0
 ENG_12             0             0             0            32             0
 MATH_12            0             0             0             0            34
 SCI_12             0             0             0             0             0
 SS_12              0             0             0             0             0
 MINORITY           0             0             0             0             0


           THETA
              BYTXSSTD      BYTXHSTD      HW_10         HW_12         ENG_12
              ________      ________      ________      ________      ________
 BYTXSSTD          28
 BYTXHSTD           0            29
 HW_10              0             0            30
 HW_12              0             0             0            31
 ENG_12             0             0             0             0            33
 MATH_12            0             0             0             0             0
 SCI_12            36             0             0             0             0
 SS_12              0            38             0             0             0
 MINORITY           0             0             0             0             0


           THETA
              MATH_12       SCI_12        SS_12         MINORITY
              ________      ________      ________      ________
 MATH_12           35
 SCI_12             0            37
 SS_12              0             0            39
 MINORITY           0             0             0             0


           ALPHA
              FAMBACK       PREVACH       HW            GRADES        PREVXHW
              ________      ________      ________      ________      ________
                    0             0             0             0             0


           ALPHA
              MINORITY
              ________
                   40


           BETA
              FAMBACK       PREVACH       HW            GRADES        PREVXHW
              ________      ________      ________      ________      ________
 FAMBACK            0             0             0             0             0
 PREVACH           41             0             0             0             0
 HW                43            44             0             0             0
 GRADES             0            46            47             0            48
 PREVXHW            0             0             0             0             0
 MINORITY           0             0             0             0             0


           BETA
              MINORITY
              ________
 FAMBACK            0
 PREVACH           42
 HW                45
 GRADES             0
 PREVXHW            0
 MINORITY           0


           PSI
              FAMBACK       PREVACH       HW            GRADES        PREVXHW
              ________      ________      ________      ________      ________
 FAMBACK           49
 PREVACH            0            50
 HW                 0             0            51
 GRADES             0             0             0            52
 PREVXHW            0             0             0             0             0
 MINORITY          53             0             0             0             0


           PSI
              MINORITY
              ________
 MINORITY          54


     STARTING VALUES


           NU
              BYPARED       BYFAMINC      PAROCC        BYTXRSTD      BYTXMSTD
              ________      ________      ________      ________      ________
                3.127         9.852        51.585        51.297        51.544


           NU
              BYTXSSTD      BYTXHSTD      HW_10         HW_12         ENG_12
              ________      ________      ________      ________      ________
               51.206        51.414         2.526         3.365         6.123


           NU
              MATH_12       SCI_12        SS_12         MINORITY
              ________      ________      ________      ________
                5.522         5.788         6.233         0.000


           LAMBDA
              FAMBACK       PREVACH       HW            GRADES        PREVXHW
              ________      ________      ________      ________      ________
 BYPARED        1.000         0.000         0.000         0.000         0.000
 BYFAMINC       1.000         0.000         0.000         0.000         0.000
 PAROCC         1.000         0.000         0.000         0.000         0.000
 BYTXRSTD       0.000         1.000         0.000         0.000         0.000
 BYTXMSTD       0.000         1.000         0.000         0.000         0.000
 BYTXSSTD       0.000         1.000         0.000         0.000         0.000
 BYTXHSTD       0.000         1.000         0.000         0.000         0.000
 HW_10          0.000         0.000         1.000         0.000         0.000
 HW_12          0.000         0.000         1.000         0.000         0.000
 ENG_12         0.000         0.000         0.000         1.000         0.000
 MATH_12        0.000         0.000         0.000         1.000         0.000
 SCI_12         0.000         0.000         0.000         1.000         0.000
 SS_12          0.000         0.000         0.000         1.000         0.000
 MINORITY       0.000         0.000         0.000         0.000         0.000


           LAMBDA
              MINORITY
              ________
 BYPARED        0.000
 BYFAMINC       0.000
 PAROCC         0.000
 BYTXRSTD       0.000
 BYTXMSTD       0.000
 BYTXSSTD       0.000
 BYTXHSTD       0.000
 HW_10          0.000
 HW_12          0.000
 ENG_12         0.000
 MATH_12        0.000
 SCI_12         0.000
 SS_12          0.000
 MINORITY       1.000


           THETA
              BYPARED       BYFAMINC      PAROCC        BYTXRSTD      BYTXMSTD
              ________      ________      ________      ________      ________
 BYPARED        0.792
 BYFAMINC       0.000         3.342
 PAROCC         0.000         0.000       227.721
 BYTXRSTD       0.000         0.000         0.000        49.909
 BYTXMSTD       0.000         0.000         0.000         0.000        48.866
 BYTXSSTD       0.000         0.000         0.000         0.000         0.000
 BYTXHSTD       0.000         0.000         0.000         0.000         0.000
 HW_10          0.000         0.000         0.000         0.000         0.000
 HW_12          0.000         0.000         0.000         0.000         0.000
 ENG_12         0.000         0.000         0.000         0.000         0.000
 MATH_12        0.000         0.000         0.000         0.000         0.000
 SCI_12         0.000         0.000         0.000         0.000         0.000
 SS_12          0.000         0.000         0.000         0.000         0.000
 MINORITY       0.000         0.000         0.000         0.000         0.000


           THETA
              BYTXSSTD      BYTXHSTD      HW_10         HW_12         ENG_12
              ________      ________      ________      ________      ________
 BYTXSSTD      49.982
 BYTXHSTD       0.000        46.874
 HW_10          0.000         0.000         1.414
 HW_12          0.000         0.000         0.000         1.928
 ENG_12         0.000         0.000         0.000         0.000         3.501
 MATH_12        0.000         0.000         0.000         0.000         0.000
 SCI_12         0.000         0.000         0.000         0.000         0.000
 SS_12          0.000         0.000         0.000         0.000         0.000
 MINORITY       0.000         0.000         0.000         0.000         0.000


           THETA
              MATH_12       SCI_12        SS_12         MINORITY
              ________      ________      ________      ________
 MATH_12        3.435
 SCI_12         0.000         3.467
 SS_12          0.000         0.000         3.927
 MINORITY       0.000         0.000         0.000         0.000


           ALPHA
              FAMBACK       PREVACH       HW            GRADES        PREVXHW
              ________      ________      ________      ________      ________
                0.000         0.000         0.000         0.000         0.000


           ALPHA
              MINORITY
              ________
                0.251


           BETA
              FAMBACK       PREVACH       HW            GRADES        PREVXHW
              ________      ________      ________      ________      ________
 FAMBACK        0.000         0.000         0.000         0.000         0.000
 PREVACH        0.000         0.000         0.000         0.000         0.000
 HW             0.000         0.000         0.000         0.000         0.000
 GRADES         0.000         0.000         0.000         0.000         0.000
 PREVXHW        0.000         0.000         0.000         0.000         0.000
 MINORITY       0.000         0.000         0.000         0.000         0.000


           BETA
              MINORITY
              ________
 FAMBACK        0.000
 PREVACH        0.000
 HW             0.000
 GRADES         0.000
 PREVXHW        0.000
 MINORITY       0.000


           PSI
              FAMBACK       PREVACH       HW            GRADES        PREVXHW
              ________      ________      ________      ________      ________
 FAMBACK        0.050
 PREVACH        0.000         0.050
 HW             0.000         0.000         0.050
 GRADES         0.000         0.000         0.000         0.050
 PREVXHW        0.000         0.000         0.000         0.000         0.000
 MINORITY       0.000         0.000         0.000         0.000         0.000


           PSI
              MINORITY
              ________
 MINORITY       0.094


TECHNICAL 8 OUTPUT


   E STEP  ITER  LOGLIKELIHOOD    ABS CHANGE   REL CHANGE  ALGORITHM
              1 -0.38338726D+05    0.0000000    0.0000000  EM
              2 -0.34218410D+05 4120.3159857    0.1074714  EM
              3 -0.33898423D+05  319.9866694    0.0093513  EM
              4 -0.33439511D+05  458.9118860    0.0135379  EM
              5 -0.33252530D+05  186.9809282    0.0055916  EM
              6 -0.33205316D+05   47.2140248    0.0014199  EM
              7 -0.33192497D+05   12.8195325    0.0003861  EM
              8 -0.33187981D+05    4.5154729    0.0001360  EM
              9 -0.33185753D+05    2.2287566    0.0000672  EM
             10 -0.33184306D+05    1.4464107    0.0000436  EM
             11 -0.33183176D+05    1.1300848    0.0000341  EM
             12 -0.33182184D+05    0.9924402    0.0000299  EM
             13 -0.33181251D+05    0.9324447    0.0000281  EM
             14 -0.33180343D+05    0.9086344    0.0000274  EM
             15 -0.33179440D+05    0.9026034    0.0000272  EM
             16 -0.33178534D+05    0.9057555    0.0000273  EM
             17 -0.33177620D+05    0.9138824    0.0000275  EM
             18 -0.33176696D+05    0.9248132    0.0000279  EM
             19 -0.33175758D+05    0.9373653    0.0000283  EM
             20 -0.33174807D+05    0.9508562    0.0000287  EM
             21 -0.33173843D+05    0.9648686    0.0000291  EM
             22 -0.33172863D+05    0.9791321    0.0000295  EM
             23 -0.33171870D+05    0.9934623    0.0000299  EM
             24 -0.33170862D+05    1.0077251    0.0000304  EM
             25 -0.33169840D+05    1.0218183    0.0000308  EM
             26 -0.33168805D+05    1.0356609    0.0000312  EM
             27 -0.33167756D+05    1.0491851    0.0000316  EM
             28 -0.33166693D+05    1.0623336    0.0000320  EM
             29 -0.33165618D+05    1.0750562    0.0000324  EM
             30 -0.33164531D+05    1.0873078    0.0000328  EM
             31 -0.33163432D+05    1.0990500    0.0000331  EM
             32 -0.33162322D+05    1.1102463    0.0000335  EM
             33 -0.33161201D+05    1.1208639    0.0000338  EM
             34 -0.33160070D+05    1.1308746    0.0000341  EM
             35 -0.33158930D+05    1.1402523    0.0000344  EM
             36 -0.33157781D+05    1.1489736    0.0000347  EM
             37 -0.33156624D+05    1.1570183    0.0000349  EM
             38 -0.33155459D+05    1.1643687    0.0000351  EM
             39 -0.33154288D+05    1.1710101    0.0000353  EM
             40 -0.33154102D+05    0.1861733    0.0000056  EM
             41 -0.33152871D+05    1.2313760    0.0000371  EM
             42 -0.33151641D+05    1.2293449    0.0000371  EM
             43 -0.33150411D+05    1.2301657    0.0000371  EM
             44 -0.33149180D+05    1.2313453    0.0000371  EM
             45 -0.33147948D+05    1.2322667    0.0000372  EM
             46 -0.33146715D+05    1.2327091    0.0000372  EM
             47 -0.33145482D+05    1.2325699    0.0000372  EM
             48 -0.33144250D+05    1.2318001    0.0000372  EM
             49 -0.33143020D+05    1.2303730    0.0000371  EM
             50 -0.33141792D+05    1.2282769    0.0000371  EM
             51 -0.33140566D+05    1.2255027    0.0000370  EM
             52 -0.33139344D+05    1.2220442    0.0000369  EM
             53 -0.33138126D+05    1.2178892    0.0000368  EM
             54 -0.33136913D+05    1.2130241    0.0000366  EM
             55 -0.33135706D+05    1.2074224    0.0000364  EM
             56 -0.33134505D+05    1.2010505    0.0000362  EM
             57 -0.33133311D+05    1.1938595    0.0000360  EM
             58 -0.33132125D+05    1.1857879    0.0000358  EM
             59 -0.33130948D+05    1.1767579    0.0000355  EM
             60 -0.33129782D+05    1.1666769    0.0000352  EM
             61 -0.33128626D+05    1.1554366    0.0000349  EM
             62 -0.33127483D+05    1.1429197    0.0000345  EM
             63 -0.33125153D+05    2.3302717    0.0000703  QN
             64 -0.33122359D+05    2.7938848    0.0000843  EM
             65 -0.33121202D+05    1.1573809    0.0000349  EM
             66 -0.33120077D+05    1.1250175    0.0000340  EM
             67 -0.33118972D+05    1.1045733    0.0000334  EM
             68 -0.33117888D+05    1.0843937    0.0000327  EM
             69 -0.33116825D+05    1.0625726    0.0000321  EM
             70 -0.33115787D+05    1.0387672    0.0000314  EM
             71 -0.33114774D+05    1.0129061    0.0000306  EM
             72 -0.33113789D+05    0.9850030    0.0000297  EM
             73 -0.33112833D+05    0.9551588    0.0000288  EM
             74 -0.33111910D+05    0.9235330    0.0000279  EM
             75 -0.33110718D+05    1.1918848    0.0000360  QN
             76 -0.33108891D+05    1.8268631    0.0000552  EM
             77 -0.33108008D+05    0.8833317    0.0000267  EM
             78 -0.33107168D+05    0.8396553    0.0000254  EM
             79 -0.33106366D+05    0.8023700    0.0000242  EM
             80 -0.33105600D+05    0.7660601    0.0000231  EM
             81 -0.33104870D+05    0.7300985    0.0000221  EM
             82 -0.33104175D+05    0.6947128    0.0000210  EM
             83 -0.33103515D+05    0.6602208    0.0000199  EM
             84 -0.33102888D+05    0.6269169    0.0000189  EM
             85 -0.33102293D+05    0.5950470    0.0000180  EM
             86 -0.33101728D+05    0.5648107    0.0000171  EM
             87 -0.33101192D+05    0.5363547    0.0000162  EM
             88 -0.33100682D+05    0.5097739    0.0000154  EM
             89 -0.33100197D+05    0.4851181    0.0000147  EM
             90 -0.33099734D+05    0.4623962    0.0000140  EM
             91 -0.33099293D+05    0.4415833    0.0000133  EM
             92 -0.33098870D+05    0.4226291    0.0000128  EM
             93 -0.33098465D+05    0.4054612    0.0000123  EM
             94 -0.33098075D+05    0.3899931    0.0000118  EM
             95 -0.33097699D+05    0.3761301    0.0000114  EM
             96 -0.33097335D+05    0.3637706    0.0000110  EM
             97 -0.33096982D+05    0.3528128    0.0000107  EM
             98 -0.33096639D+05    0.3431546    0.0000104  EM
             99 -0.33096304D+05    0.3346964    0.0000101  EM
            100 -0.33095977D+05    0.3273416    0.0000099  EM
            101 -0.33095656D+05    0.3210035    0.0000097  EM
            102 -0.33095340D+05    0.3155910    0.0000095  EM
            103 -0.33095029D+05    0.3110271    0.0000094  EM
            104 -0.33094722D+05    0.3072380    0.0000093  EM
            105 -0.33094418D+05    0.3041532    0.0000092  EM
            106 -0.33094116D+05    0.3017100    0.0000091  EM
            107 -0.33093816D+05    0.2998517    0.0000091  EM
            108 -0.33093518D+05    0.2985240    0.0000090  EM
            109 -0.33093220D+05    0.2976790    0.0000090  EM
            110 -0.33092923D+05    0.2972731    0.0000090  EM
            111 -0.33092625D+05    0.2972670    0.0000090  EM
            112 -0.33092328D+05    0.2976250    0.0000090  EM
            113 -0.33092030D+05    0.2983134    0.0000090  EM
            114 -0.33091730D+05    0.2993075    0.0000090  EM
            115 -0.33091430D+05    0.3005772    0.0000091  EM
            116 -0.33091128D+05    0.3021012    0.0000091  EM
            117 -0.33090824D+05    0.3038587    0.0000092  EM
            118 -0.33090518D+05    0.3058316    0.0000092  EM
            119 -0.33090210D+05    0.3080036    0.0000093  EM
            120 -0.33089899D+05    0.3103604    0.0000094  EM
            121 -0.33089587D+05    0.3128887    0.0000095  EM
            122 -0.33089271D+05    0.3155784    0.0000095  EM
            123 -0.33088953D+05    0.3184189    0.0000096  EM
            124 -0.33088631D+05    0.3214019    0.0000097  EM
            125 -0.33088307D+05    0.3245201    0.0000098  EM
            126 -0.33087979D+05    0.3277668    0.0000099  EM
            127 -0.33087648D+05    0.3311356    0.0000100  EM
            128 -0.33087313D+05    0.3346249    0.0000101  EM
            129 -0.33086975D+05    0.3382283    0.0000102  EM
            130 -0.33086633D+05    0.3419406    0.0000103  EM
            131 -0.33086287D+05    0.3457633    0.0000105  EM
            132 -0.33085938D+05    0.3496914    0.0000106  EM
            133 -0.33085584D+05    0.3537242    0.0000107  EM
            134 -0.33085226D+05    0.3578600    0.0000108  EM
            135 -0.33084864D+05    0.3620983    0.0000109  EM
            136 -0.33084497D+05    0.3664383    0.0000111  EM
            137 -0.33084127D+05    0.3708802    0.0000112  EM
            138 -0.33083751D+05    0.3754240    0.0000113  EM
            139 -0.33083371D+05    0.3800698    0.0000115  EM
            140 -0.33082986D+05    0.3848191    0.0000116  EM
            141 -0.33082597D+05    0.3896721    0.0000118  EM
            142 -0.33078530D+05    4.0661719    0.0001229  QN
            143 -0.33073714D+05    4.8166620    0.0001456  EM
            144 -0.33073082D+05    0.6319439    0.0000191  EM
            145 -0.33072534D+05    0.5480855    0.0000166  EM
            146 -0.33071991D+05    0.5424722    0.0000164  EM
            147 -0.33071444D+05    0.5474295    0.0000166  EM
            148 -0.33070889D+05    0.5545361    0.0000168  EM
            149 -0.33070327D+05    0.5623670    0.0000170  EM
            150 -0.33069756D+05    0.5706115    0.0000173  EM
            151 -0.33069177D+05    0.5791773    0.0000175  EM
            152 -0.33068589D+05    0.5880306    0.0000178  EM
            153 -0.33067992D+05    0.5971551    0.0000181  EM
            154 -0.33042542D+05   25.4494062    0.0007696  QN
            155 -0.33025617D+05   16.9254625    0.0005122  EM
            156 -0.33023352D+05    2.2653888    0.0000686  EM
            157 -0.33021599D+05    1.7530140    0.0000531  EM
            158 -0.33019896D+05    1.7027701    0.0000516  EM
            159 -0.33018181D+05    1.7149427    0.0000519  EM
            160 -0.33016439D+05    1.7419650    0.0000528  EM
            161 -0.33014664D+05    1.7753801    0.0000538  EM
            162 -0.33012851D+05    1.8130365    0.0000549  EM
            163 -0.33010996D+05    1.8541698    0.0000562  EM
            164 -0.33009098D+05    1.8984362    0.0000575  EM
            165 -0.33007152D+05    1.9456571    0.0000589  EM
            166 -0.33005156D+05    1.9957557    0.0000605  EM
            167 -0.33003108D+05    2.0487025    0.0000621  EM
            168 -0.32975247D+05   27.8611865    0.0008442  QN
            169 -0.32939286D+05   35.9609100    0.0010905  EM
            170 -0.32932000D+05    7.2854262    0.0002212  EM
            171 -0.32926795D+05    5.2053037    0.0001581  EM
            172 -0.32921806D+05    4.9890606    0.0001515  EM
            173 -0.32916734D+05    5.0715034    0.0001540  EM
            174 -0.32911501D+05    5.2330904    0.0001590  EM
            175 -0.32906074D+05    5.4269653    0.0001649  EM
            176 -0.32900434D+05    5.6399409    0.0001714  EM
            177 -0.32894567D+05    5.8676228    0.0001783  EM
            178 -0.32888458D+05    6.1083566    0.0001857  EM
            179 -0.32882097D+05    6.3613921    0.0001934  EM
            180 -0.32875471D+05    6.6262355    0.0002015  EM
            181 -0.32868568D+05    6.9023557    0.0002100  EM
            182 -0.32861379D+05    7.1890388    0.0002187  EM
            183 -0.32853894D+05    7.4852478    0.0002278  EM
            184 -0.32846105D+05    7.7895434    0.0002371  EM
            185 -0.32838005D+05    8.0999367    0.0002466  EM
            186 -0.32829591D+05    8.4137655    0.0002562  EM
            187 -0.32820863D+05    8.7275556    0.0002658  EM
            188 -0.32811827D+05    9.0368105    0.0002753  EM
            189 -0.32802491D+05    9.3358880    0.0002845  EM
            190 -0.32792873D+05    9.6177986    0.0002932  EM
            191 -0.32782999D+05    9.8740682    0.0003011  EM
            192 -0.32772904D+05   10.0946467    0.0003079  EM
            193 -0.32762636D+05   10.2679287    0.0003133  EM
            194 -0.32752255D+05   10.3809183    0.0003169  EM
            195 -0.32741836D+05   10.4196462    0.0003181  EM
            196 -0.32731466D+05   10.3698665    0.0003167  EM
            197 -0.32721248D+05   10.2181287    0.0003122  EM
            198 -0.32711294D+05    9.9532015    0.0003042  EM
            199 -0.32701727D+05    9.5678004    0.0002925  EM
            200 -0.32692666D+05    9.0604165    0.0002771  EM
            201 -0.32684229D+05    8.4369196    0.0002581  EM
            202 -0.32676518D+05    7.7115939    0.0002359  EM
            203 -0.32669611D+05    6.9070439    0.0002114  EM
            204 -0.32663558D+05    6.0528870    0.0001853  EM
            205 -0.32658375D+05    5.1830609    0.0001587  EM
            206 -0.32654043D+05    4.3321884    0.0001327  EM
            207 -0.32650511D+05    3.5317453    0.0001082  EM
            208 -0.32647704D+05    2.8067386    0.0000860  EM
            209 -0.32645530D+05    2.1736206    0.0000666  EM
            210 -0.32643891D+05    1.6397648    0.0000502  EM
            211 -0.32642686D+05    1.2043623    0.0000369  EM
            212 -0.32641826D+05    0.8602871    0.0000264  EM
            213 -0.32641230D+05    0.5963926    0.0000183  EM
            214 -0.32640830D+05    0.3996801    0.0000122  EM
            215 -0.32640573D+05    0.2570393    0.0000079  EM
            216 -0.32640416D+05    0.1564102    0.0000048  EM
            217 -0.32640329D+05    0.0874176    0.0000027  EM
            218 -0.32640287D+05    0.0415839    0.0000013  EM
            219 -0.32640275D+05    0.0122578    0.0000004  EM
            220 -0.32640281D+05   -0.0055911   -0.0000002  EM
            221 -0.32640297D+05   -0.0156804   -0.0000005  EM
            222 -0.32640317D+05   -0.0206564   -0.0000006  EM
            223 -0.32640340D+05   -0.0223865   -0.0000007  EM
            224 -0.32640362D+05   -0.0221545   -0.0000007  EM
            225 -0.32640383D+05   -0.0207944   -0.0000006  EM
            226 -0.32640401D+05   -0.0188744   -0.0000006  EM
            227 -0.32640418D+05   -0.0167405   -0.0000005  EM
            228 -0.32640433D+05   -0.0146067   -0.0000004  EM
            229 -0.32640445D+05   -0.0125939   -0.0000004  EM
            230 -0.32640456D+05   -0.0107591   -0.0000003  EM


DIAGRAM INFORMATION

  Use View Diagram under the Diagram menu in the Mplus Editor to view the diagram.
  If running Mplus from the Mplus Diagrammer, the diagram opens automatically.

  Diagram output
    c:\users\tzkeith\documents\regression book 3\part 2\chap 22 latent interactions mlm\latent interaction\hw ach intera

     Beginning Time:  05:54:48
        Ending Time:  05:55:25
       Elapsed Time:  00:00:37



MUTHEN & MUTHEN
3463 Stoner Ave.
Los Angeles, CA  90066

Tel: (310) 391-9971
Fax: (310) 391-8971
Web: www.StatModel.com
Support: Support@StatModel.com

Copyright (c) 1998-2017 Muthen & Muthen
