Mplus VERSION 8
MUTHEN & MUTHEN
05/01/2018   4:00 PM

INPUT INSTRUCTIONS



  TITLE: Homework Achievement CFA specify means;
  DATA:
    FILE IS HW latent 8-12.dat;
  VARIABLE:
       MISSING ARE ALL (-999);
           NAMES ARE
       bytxrstd
       bytxmstd
       bytxsstd
       bytxhstd
       parocc
       HW_10
       HW_12
       eng_12
       math_12
       sci_12
       ss_12
       Female
       byfaminc
       bypared
       Minority;



  USEVARIABLES ARE
      BYPARED	
      BYFAMINC	
      PAROCC	
      BYTXRSTD	
      BYTXMSTD	
      BYTXSSTD	
      BYTXHSTD	
      HW_10	
      HW_12	
      ENG_12	
      MATH_12	
      SCI_12	
      SS_12;



  MODEL:


      FAMBACK BY
          PAROCC
          BYPARED	
          BYFAMINC;	

      PREVACH BY
          BYTXRSTD	
          BYTXMSTD	
          BYTXSSTD	
          BYTXHSTD;	

      HW BY
          HW_10
          HW_12;	

      GRADES BY
          ENG_12	
          MATH_12	
          SCI_12	
          SS_12;

      BYTXRSTD	WITH ENG_12;
      BYTXMSTD	WITH MATH_12;	
      BYTXSSTD	WITH SCI_12;
      BYTXHSTD	WITH SS_12;	

      [HW@2.526];
      [GRADES@6.123];
      [FAMBACK@51.585];
      [PREVACH@51.297];


  SAVEDATA: FILE IS CFA_HW w means.dat;
  SAVE IS fscores;
  FORMAT IS free;




  OUTPUT:  SAMPSTAT STDYX RESIDUAL TECH1;




INPUT READING TERMINATED NORMALLY



Homework Achievement CFA specify means;

SUMMARY OF ANALYSIS

Number of groups                                                 1
Number of observations                                        1000

Number of dependent variables                                   13
Number of independent variables                                  0
Number of continuous latent variables                            4

Observed dependent variables

  Continuous
   BYPARED     BYFAMINC    PAROCC      BYTXRSTD    BYTXMSTD    BYTXSSTD
   BYTXHSTD    HW_10       HW_12       ENG_12      MATH_12     SCI_12
   SS_12

Continuous latent variables
   FAMBACK     PREVACH     HW          GRADES


Estimator                                                       ML
Information matrix                                        OBSERVED
Maximum number of iterations                                  1000
Convergence criterion                                    0.500D-04
Maximum number of steepest descent iterations                   20
Maximum number of iterations for H1                           2000
Convergence criterion for H1                             0.100D-03

Input data file(s)
  HW latent 8-12.dat

Input data format  FREE


SUMMARY OF DATA

     Number of missing data patterns            42


COVARIANCE COVERAGE OF DATA

Minimum covariance coverage value   0.100


     PROPORTION OF DATA PRESENT


           Covariance Coverage
              BYPARED       BYFAMINC      PAROCC        BYTXRSTD      BYTXMSTD
              ________      ________      ________      ________      ________
 BYPARED        0.999
 BYFAMINC       0.957         0.958
 PAROCC         0.990         0.949         0.991
 BYTXRSTD       0.970         0.930         0.962         0.971
 BYTXMSTD       0.969         0.929         0.962         0.970         0.970
 BYTXSSTD       0.968         0.928         0.960         0.969         0.968
 BYTXHSTD       0.967         0.927         0.959         0.968         0.967
 HW_10          0.953         0.915         0.949         0.926         0.926
 HW_12          0.903         0.866         0.896         0.878         0.877
 ENG_12         0.979         0.940         0.972         0.953         0.952
 MATH_12        0.980         0.940         0.973         0.952         0.951
 SCI_12         0.985         0.945         0.977         0.957         0.956
 SS_12          0.988         0.948         0.980         0.960         0.959


           Covariance Coverage
              BYTXSSTD      BYTXHSTD      HW_10         HW_12         ENG_12
              ________      ________      ________      ________      ________
 BYTXSSTD       0.969
 BYTXHSTD       0.968         0.968
 HW_10          0.924         0.923         0.954
 HW_12          0.876         0.875         0.887         0.904
 ENG_12         0.951         0.950         0.940         0.892         0.980
 MATH_12        0.950         0.949         0.941         0.897         0.967
 SCI_12         0.955         0.954         0.946         0.898         0.973
 SS_12          0.958         0.957         0.948         0.901         0.974


           Covariance Coverage
              MATH_12       SCI_12        SS_12
              ________      ________      ________
 MATH_12        0.981
 SCI_12         0.972         0.986
 SS_12          0.976         0.982         0.989


SAMPLE STATISTICS


     ESTIMATED SAMPLE STATISTICS


           Means
              BYPARED       BYFAMINC      PAROCC        BYTXRSTD      BYTXMSTD
              ________      ________      ________      ________      ________
                3.128         9.841        51.386        51.259        51.494


           Means
              BYTXSSTD      BYTXHSTD      HW_10         HW_12         ENG_12
              ________      ________      ________      ________      ________
               51.181        51.375         2.482         3.288         6.075


           Means
              MATH_12       SCI_12        SS_12
              ________      ________      ________
                5.483         5.771         6.207


           Covariances
              BYPARED       BYFAMINC      PAROCC        BYTXRSTD      BYTXMSTD
              ________      ________      ________      ________      ________
 BYPARED        1.584
 BYFAMINC       1.955         6.734
 PAROCC        16.142        29.011       458.764
 BYTXRSTD       5.199         9.980        71.829        99.973
 BYTXMSTD       5.314        10.304        75.537        70.679        98.056
 BYTXSSTD       4.809         8.418        60.806        68.924        70.885
 BYTXHSTD       4.539         9.268        64.774        69.591        66.738
 HW_10          0.520         0.863         6.404         4.815         4.806
 HW_12          0.509         0.978         6.034         4.895         5.202
 ENG_12         1.335         2.273        15.794        14.120        13.115
 MATH_12        1.121         1.738        12.962        12.355        13.516
 SCI_12         1.180         1.996        14.100        13.411        13.343
 SS_12          1.293         2.374        16.382        15.257        14.481


           Covariances
              BYTXSSTD      BYTXHSTD      HW_10         HW_12         ENG_12
              ________      ________      ________      ________      ________
 BYTXSSTD     100.122
 BYTXHSTD      67.518        94.023
 HW_10          4.191         4.031         2.861
 HW_12          4.265         3.880         1.375         3.896
 ENG_12        10.955        11.574         1.550         1.438         7.120
 MATH_12       10.559        10.290         1.272         1.343         5.227
 SCI_12        11.666        11.709         1.429         1.414         5.656
 SS_12         12.199        13.107         1.643         1.566         6.302


           Covariances
              MATH_12       SCI_12        SS_12
              ________      ________      ________
 MATH_12        6.942
 SCI_12         5.182         7.001
 SS_12          5.351         5.939         7.911


           Correlations
              BYPARED       BYFAMINC      PAROCC        BYTXRSTD      BYTXMSTD
              ________      ________      ________      ________      ________
 BYPARED        1.000
 BYFAMINC       0.599         1.000
 PAROCC         0.599         0.522         1.000
 BYTXRSTD       0.413         0.385         0.335         1.000
 BYTXMSTD       0.426         0.401         0.356         0.714         1.000
 BYTXSSTD       0.382         0.324         0.284         0.689         0.715
 BYTXHSTD       0.372         0.368         0.312         0.718         0.695
 HW_10          0.244         0.197         0.177         0.285         0.287
 HW_12          0.205         0.191         0.143         0.248         0.266
 ENG_12         0.398         0.328         0.276         0.529         0.496
 MATH_12        0.338         0.254         0.230         0.469         0.518
 SCI_12         0.354         0.291         0.249         0.507         0.509
 SS_12          0.365         0.325         0.272         0.542         0.520


           Correlations
              BYTXSSTD      BYTXHSTD      HW_10         HW_12         ENG_12
              ________      ________      ________      ________      ________
 BYTXSSTD       1.000
 BYTXHSTD       0.696         1.000
 HW_10          0.248         0.246         1.000
 HW_12          0.216         0.203         0.412         1.000
 ENG_12         0.410         0.447         0.343         0.273         1.000
 MATH_12        0.401         0.403         0.285         0.258         0.743
 SCI_12         0.441         0.456         0.319         0.271         0.801
 SS_12          0.433         0.481         0.345         0.282         0.840


           Correlations
              MATH_12       SCI_12        SS_12
              ________      ________      ________
 MATH_12        1.000
 SCI_12         0.743         1.000
 SS_12          0.722         0.798         1.000


     MAXIMUM LOG-LIKELIHOOD VALUE FOR THE UNRESTRICTED (H1) MODEL IS -32048.152


UNIVARIATE SAMPLE STATISTICS


     UNIVARIATE HIGHER-ORDER MOMENT DESCRIPTIVE STATISTICS

         Variable/         Mean/     Skewness/   Minimum/ % with                Percentiles
        Sample Size      Variance    Kurtosis    Maximum  Min/Max      20%/60%    40%/80%    Median

     BYPARED               3.127       0.455       1.000    9.41%       2.000      3.000      3.000
             999.000       1.584      -0.048       6.000    5.81%       3.000      4.000
     BYFAMINC              9.852      -0.683       1.000    0.21%       8.000     10.000     10.000
             958.000       6.684       0.569      15.000    2.19%      11.000     12.000
     PAROCC               51.585      -0.673       7.320    2.93%      25.000     56.330     58.010
             991.000     455.441      -0.919      81.870    6.96%      66.090     66.180
     BYTXRSTD             51.297      -0.259      23.098    0.10%      41.914     48.412     52.473
             971.000      99.818      -0.866      67.499    3.81%      54.775     61.136
     BYTXMSTD             51.544       0.061      30.282    0.10%      41.990     47.880     51.268
             970.000      97.731      -1.048      71.222    0.41%      54.802     61.871
     BYTXSSTD             51.206       0.007      26.505    0.10%      42.231     48.951     51.238
             969.000      99.963      -0.573      75.973    0.10%      53.527     60.103
     BYTXHSTD             51.414      -0.315      24.183    0.10%      42.750     49.413     52.034
             968.000      93.747      -0.461      69.508    1.03%      54.000     60.770
     HW_10                 2.526       0.896       0.000    5.35%       1.000      2.000      2.000
             954.000       2.828       0.254       7.000    3.56%       2.000      4.000
     HW_12                 3.365       0.490       0.000    6.19%       2.000      3.000      3.000
             904.000       3.856      -0.271       8.000    3.76%       3.000      5.000
     ENG_12                6.123      -0.244       0.000    1.53%       3.600      5.370      6.370
             980.000       7.002      -0.728      11.250    0.20%       7.180      8.600
     MATH_12               5.522       0.004       0.000    1.94%       3.000      4.800      5.500
             981.000       6.871      -0.740      11.500    0.20%       6.330      8.000
     SCI_12                5.788      -0.106       0.000    1.42%       3.500      5.000      6.000
             986.000       6.934      -0.706      11.500    0.20%       6.570      8.000
     SS_12                 6.233      -0.346       0.000    2.12%       3.670      5.670      6.500
             989.000       7.855      -0.679      11.670    0.10%       7.290      8.860


THE MODEL ESTIMATION TERMINATED NORMALLY



MODEL FIT INFORMATION

Number of Free Parameters                       49

Loglikelihood

          H0 Value                      -32101.247
          H1 Value                      -32048.152

Information Criteria

          Akaike (AIC)                   64300.494
          Bayesian (BIC)                 64540.974
          Sample-Size Adjusted BIC       64385.347
            (n* = (n + 2) / 24)

Chi-Square Test of Model Fit

          Value                            106.189
          Degrees of Freedom                    55
          P-Value                           0.0000

RMSEA (Root Mean Square Error Of Approximation)

          Estimate                           0.031
          90 Percent C.I.                    0.022  0.039
          Probability RMSEA <= .05           1.000

CFI/TLI

          CFI                                0.993
          TLI                                0.991

Chi-Square Test of Model Fit for the Baseline Model

          Value                           7792.886
          Degrees of Freedom                    78
          P-Value                           0.0000

SRMR (Standardized Root Mean Square Residual)

          Value                              0.020



MODEL RESULTS

                                                    Two-Tailed
                    Estimate       S.E.  Est./S.E.    P-Value

 FAMBACK  BY
    PAROCC             1.000      0.000    999.000    999.000
    BYPARED            0.069      0.003     20.613      0.000
    BYFAMINC           0.124      0.006     19.340      0.000

 PREVACH  BY
    BYTXRSTD           1.000      0.000    999.000    999.000
    BYTXMSTD           0.988      0.030     32.620      0.000
    BYTXSSTD           0.961      0.031     30.725      0.000
    BYTXHSTD           0.943      0.030     31.603      0.000

 HW       BY
    HW_10              1.000      0.000    999.000    999.000
    HW_12              0.992      0.108      9.180      0.000

 GRADES   BY
    ENG_12             1.000      0.000    999.000    999.000
    MATH_12            0.875      0.025     34.928      0.000
    SCI_12             0.960      0.023     41.782      0.000
    SS_12              1.048      0.023     45.425      0.000

 PREVACH  WITH
    FAMBACK           74.264      6.072     12.231      0.000

 HW       WITH
    FAMBACK            7.177      0.934      7.688      0.000
    PREVACH            4.672      0.511      9.139      0.000

 GRADES   WITH
    FAMBACK           17.450      1.570     11.115      0.000
    PREVACH           13.173      0.890     14.795      0.000
    HW                 1.519      0.151     10.089      0.000

 BYTXRSTD WITH
    ENG_12             0.504      0.256      1.972      0.049

 BYTXMSTD WITH
    MATH_12            1.573      0.320      4.912      0.000

 BYTXSSTD WITH
    SCI_12             0.467      0.294      1.590      0.112

 BYTXHSTD WITH
    SS_12              0.275      0.278      0.990      0.322

 Means
    FAMBACK           51.585      0.000    999.000    999.000
    PREVACH           51.297      0.000    999.000    999.000
    HW                 2.526      0.000    999.000    999.000
    GRADES             6.123      0.000    999.000    999.000

 Intercepts
    BYPARED           -0.450      0.178     -2.525      0.012
    BYFAMINC           3.428      0.342     10.020      0.000
    PAROCC            -0.196      0.679     -0.288      0.773
    BYTXRSTD          -0.038      0.320     -0.120      0.905
    BYTXMSTD           0.807      1.586      0.509      0.611
    BYTXSSTD           1.893      1.636      1.157      0.247
    BYTXHSTD           3.012      1.562      1.928      0.054
    HW_10             -0.044      0.055     -0.805      0.421
    HW_12              0.779      0.287      2.715      0.007
    ENG_12            -0.049      0.084     -0.585      0.559
    MATH_12            0.123      0.175      0.701      0.483
    SCI_12            -0.111      0.164     -0.676      0.499
    SS_12             -0.212      0.167     -1.269      0.204

 Variances
    FAMBACK          230.242     19.901     11.569      0.000
    PREVACH           72.764      4.518     16.104      0.000
    HW                 1.392      0.183      7.603      0.000
    GRADES             5.939      0.322     18.441      0.000

 Residual Variances
    BYPARED            0.477      0.044     10.813      0.000
    BYFAMINC           3.176      0.198     16.030      0.000
    PAROCC           228.322     13.274     17.201      0.000
    BYTXRSTD          27.435      1.708     16.067      0.000
    BYTXMSTD          26.736      1.672     15.988      0.000
    BYTXSSTD          32.823      1.878     17.482      0.000
    BYTXHSTD          29.164      1.709     17.066      0.000
    HW_10              1.471      0.156      9.416      0.000
    HW_12              2.534      0.183     13.879      0.000
    ENG_12             1.149      0.080     14.437      0.000
    MATH_12            2.351      0.122     19.258      0.000
    SCI_12             1.544      0.092     16.769      0.000
    SS_12              1.386      0.091     15.229      0.000


STANDARDIZED MODEL RESULTS


STDYX Standardization

                                                    Two-Tailed
                    Estimate       S.E.  Est./S.E.    P-Value

 FAMBACK  BY
    PAROCC             0.709      0.021     34.435      0.000
    BYPARED            0.836      0.017     48.048      0.000
    BYFAMINC           0.727      0.021     35.285      0.000

 PREVACH  BY
    BYTXRSTD           0.852      0.011     76.736      0.000
    BYTXMSTD           0.852      0.011     76.525      0.000
    BYTXSSTD           0.820      0.013     64.928      0.000
    BYTXHSTD           0.830      0.012     68.235      0.000

 HW       BY
    HW_10              0.697      0.039     17.714      0.000
    HW_12              0.592      0.038     15.694      0.000

 GRADES   BY
    ENG_12             0.915      0.007    130.951      0.000
    MATH_12            0.812      0.012     66.712      0.000
    SCI_12             0.883      0.009    103.804      0.000
    SS_12              0.908      0.007    125.713      0.000

 PREVACH  WITH
    FAMBACK            0.574      0.027     21.122      0.000

 HW       WITH
    FAMBACK            0.401      0.043      9.361      0.000
    PREVACH            0.464      0.040     11.648      0.000

 GRADES   WITH
    FAMBACK            0.472      0.029     16.054      0.000
    PREVACH            0.634      0.022     28.953      0.000
    HW                 0.528      0.038     13.900      0.000

 BYTXRSTD WITH
    ENG_12             0.090      0.045      2.007      0.045

 BYTXMSTD WITH
    MATH_12            0.198      0.038      5.192      0.000

 BYTXSSTD WITH
    SCI_12             0.066      0.041      1.605      0.109

 BYTXHSTD WITH
    SS_12              0.043      0.043      0.996      0.319

 Means
    FAMBACK            3.400      0.147     23.138      0.000
    PREVACH            6.014      0.187     32.208      0.000
    HW                 2.141      0.141     15.206      0.000
    GRADES             2.512      0.068     36.883      0.000

 Intercepts
    BYPARED           -0.357      0.140     -2.560      0.010
    BYFAMINC           1.321      0.147      8.981      0.000
    PAROCC            -0.009      0.032     -0.288      0.773
    BYTXRSTD          -0.004      0.032     -0.120      0.905
    BYTXMSTD           0.082      0.161      0.507      0.612
    BYTXSSTD           0.189      0.166      1.143      0.253
    BYTXHSTD           0.311      0.164      1.890      0.059
    HW_10             -0.026      0.032     -0.805      0.421
    HW_12              0.394      0.149      2.656      0.008
    ENG_12            -0.019      0.032     -0.585      0.559
    MATH_12            0.047      0.067      0.696      0.487
    SCI_12            -0.042      0.062     -0.680      0.496
    SS_12             -0.075      0.059     -1.280      0.201

 Variances
    FAMBACK            1.000      0.000    999.000    999.000
    PREVACH            1.000      0.000    999.000    999.000
    HW                 1.000      0.000    999.000    999.000
    GRADES             1.000      0.000    999.000    999.000

 Residual Variances
    BYPARED            0.301      0.029     10.344      0.000
    BYFAMINC           0.472      0.030     15.742      0.000
    PAROCC             0.498      0.029     17.074      0.000
    BYTXRSTD           0.274      0.019     14.466      0.000
    BYTXMSTD           0.273      0.019     14.399      0.000
    BYTXSSTD           0.328      0.021     15.863      0.000
    BYTXHSTD           0.311      0.020     15.384      0.000
    HW_10              0.514      0.055      9.357      0.000
    HW_12              0.649      0.045     14.521      0.000
    ENG_12             0.162      0.013     12.670      0.000
    MATH_12            0.341      0.020     17.236      0.000
    SCI_12             0.220      0.015     14.627      0.000
    SS_12              0.175      0.013     13.343      0.000


R-SQUARE

    Observed                                        Two-Tailed
    Variable        Estimate       S.E.  Est./S.E.    P-Value

    BYPARED            0.699      0.029     24.024      0.000
    BYFAMINC           0.528      0.030     17.642      0.000
    PAROCC             0.502      0.029     17.217      0.000
    BYTXRSTD           0.726      0.019     38.368      0.000
    BYTXMSTD           0.727      0.019     38.263      0.000
    BYTXSSTD           0.672      0.021     32.464      0.000
    BYTXHSTD           0.689      0.020     34.117      0.000
    HW_10              0.486      0.055      8.857      0.000
    HW_12              0.351      0.045      7.847      0.000
    ENG_12             0.838      0.013     65.476      0.000
    MATH_12            0.659      0.020     33.356      0.000
    SCI_12             0.780      0.015     51.902      0.000
    SS_12              0.825      0.013     62.857      0.000


QUALITY OF NUMERICAL RESULTS

     Condition Number for the Information Matrix              0.619E-07
       (ratio of smallest to largest eigenvalue)


RESIDUAL OUTPUT


     ESTIMATED MODEL AND RESIDUALS (OBSERVED - ESTIMATED)


           Model Estimated Means/Intercepts/Thresholds
              BYPARED       BYFAMINC      PAROCC        BYTXRSTD      BYTXMSTD
              ________      ________      ________      ________      ________
                3.128         9.841        51.389        51.259        51.495


           Model Estimated Means/Intercepts/Thresholds
              BYTXSSTD      BYTXHSTD      HW_10         HW_12         ENG_12
              ________      ________      ________      ________      ________
               51.181        51.374         2.482         3.284         6.074


           Model Estimated Means/Intercepts/Thresholds
              MATH_12       SCI_12        SS_12
              ________      ________      ________
                5.482         5.770         6.207


           Residuals for Means/Intercepts/Thresholds
              BYPARED       BYFAMINC      PAROCC        BYTXRSTD      BYTXMSTD
              ________      ________      ________      ________      ________
                0.000         0.000        -0.004         0.000        -0.001


           Residuals for Means/Intercepts/Thresholds
              BYTXSSTD      BYTXHSTD      HW_10         HW_12         ENG_12
              ________      ________      ________      ________      ________
                0.000         0.001         0.000         0.004         0.001


           Residuals for Means/Intercepts/Thresholds
              MATH_12       SCI_12        SS_12
              ________      ________      ________
                0.002         0.001         0.000


           Standardized Residuals (z-scores) for Means/Intercepts/Thresholds
              BYPARED       BYFAMINC      PAROCC        BYTXRSTD      BYTXMSTD
              ________      ________      ________      ________      ________
                0.000       999.000        -0.248       999.000        -0.106


           Standardized Residuals (z-scores) for Means/Intercepts/Thresholds
              BYTXSSTD      BYTXHSTD      HW_10         HW_12         ENG_12
              ________      ________      ________      ________      ________
                0.031         0.072       999.000         1.147         0.186


           Standardized Residuals (z-scores) for Means/Intercepts/Thresholds
              MATH_12       SCI_12        SS_12
              ________      ________      ________
                0.242       999.000         0.000


           Normalized Residuals for Means/Intercepts/Thresholds
              BYPARED       BYFAMINC      PAROCC        BYTXRSTD      BYTXMSTD
              ________      ________      ________      ________      ________
                0.000        -0.004        -0.005         0.000        -0.004


           Normalized Residuals for Means/Intercepts/Thresholds
              BYTXSSTD      BYTXHSTD      HW_10         HW_12         ENG_12
              ________      ________      ________      ________      ________
                0.002         0.004         0.005         0.054         0.012


           Normalized Residuals for Means/Intercepts/Thresholds
              MATH_12       SCI_12        SS_12
              ________      ________      ________
                0.019         0.010         0.000


           Model Estimated Covariances/Correlations/Residual Correlations
              BYPARED       BYFAMINC      PAROCC        BYTXRSTD      BYTXMSTD
              ________      ________      ________      ________      ________
 BYPARED        1.584
 BYFAMINC       1.985         6.735
 PAROCC        15.967        28.626       458.564
 BYTXRSTD       5.150         9.233        74.264       100.199
 BYTXMSTD       5.089         9.124        73.382        71.900        97.782
 BYTXSSTD       4.948         8.871        71.355        69.913        69.083
 BYTXHSTD       4.855         8.705        70.016        68.602        67.787
 HW_10          0.498         0.892         7.177         4.672         4.616
 HW_12          0.494         0.885         7.118         4.633         4.578
 ENG_12         1.210         2.170        17.450        13.677        13.017
 MATH_12        1.059         1.899        15.271        11.528        12.965
 SCI_12         1.162         2.084        16.761        12.653        12.502
 SS_12          1.269         2.275        18.295        13.811        13.647


           Model Estimated Covariances/Correlations/Residual Correlations
              BYTXSSTD      BYTXHSTD      HW_10         HW_12         ENG_12
              ________      ________      ________      ________      ________
 BYTXSSTD      99.998
 BYTXHSTD      65.914        93.842
 HW_10          4.489         4.405         2.863
 HW_12          4.452         4.368         1.381         3.903
 ENG_12        12.657        12.420         1.519         1.507         7.089
 MATH_12       11.077        10.869         1.329         1.318         5.198
 SCI_12        12.623        11.929         1.459         1.447         5.705
 SS_12         13.270        13.296         1.593         1.580         6.227


           Model Estimated Covariances/Correlations/Residual Correlations
              MATH_12       SCI_12        SS_12
              ________      ________      ________
 MATH_12        6.899
 SCI_12         4.992         7.023
 SS_12          5.449         5.981         7.914


           Residuals for Covariances/Correlations/Residual Correlations
              BYPARED       BYFAMINC      PAROCC        BYTXRSTD      BYTXMSTD
              ________      ________      ________      ________      ________
 BYPARED        0.000
 BYFAMINC      -0.030         0.000
 PAROCC         0.175         0.386         0.201
 BYTXRSTD       0.049         0.747        -2.436        -0.226
 BYTXMSTD       0.225         1.180         2.155        -1.221         0.275
 BYTXSSTD      -0.140        -0.453       -10.549        -0.990         1.802
 BYTXHSTD      -0.317         0.563        -5.242         0.990        -1.049
 HW_10          0.022        -0.029        -0.773         0.143         0.190
 HW_12          0.015         0.093        -1.084         0.262         0.623
 ENG_12         0.125         0.103        -1.656         0.443         0.098
 MATH_12        0.062        -0.161        -2.309         0.826         0.551
 SCI_12         0.018        -0.087        -2.661         0.759         0.841
 SS_12          0.024         0.099        -1.913         1.446         0.835


           Residuals for Covariances/Correlations/Residual Correlations
              BYTXSSTD      BYTXHSTD      HW_10         HW_12         ENG_12
              ________      ________      ________      ________      ________
 BYTXSSTD       0.124
 BYTXHSTD       1.604         0.182
 HW_10         -0.298        -0.373        -0.002
 HW_12         -0.187        -0.488        -0.005        -0.007
 ENG_12        -1.702        -0.845         0.031        -0.068         0.031
 MATH_12       -0.518        -0.579        -0.058         0.024         0.029
 SCI_12        -0.957        -0.220        -0.031        -0.033        -0.048
 SS_12         -1.071        -0.189         0.050        -0.014         0.075


           Residuals for Covariances/Correlations/Residual Correlations
              MATH_12       SCI_12        SS_12
              ________      ________      ________
 MATH_12        0.042
 SCI_12         0.190        -0.023
 SS_12         -0.098        -0.042        -0.003


           Standardized Residuals (z-scores) for Covariances/Correlations/Residual Corr
              BYPARED       BYFAMINC      PAROCC        BYTXRSTD      BYTXMSTD
              ________      ________      ________      ________      ________
 BYPARED      999.000
 BYFAMINC      -2.049       999.000
 PAROCC         1.629         0.756         0.255
 BYTXRSTD       0.270         1.571        -0.614       999.000
 BYTXMSTD       1.237         2.437         0.538        -2.984         0.536
 BYTXSSTD      -0.709        -0.927        -2.586        -1.812         2.227
 BYTXHSTD      -1.756         1.174        -1.312         1.578        -1.888
 HW_10          0.709        -0.313        -1.029         0.530         0.738
 HW_12          0.337         0.738        -1.072         0.709         1.777
 ENG_12         2.755         0.809        -1.565         1.469         0.280
 MATH_12        1.039        -1.100        -1.913         1.803         1.440
 SCI_12         0.372        -0.674        -2.460         1.914         2.090
 SS_12          0.525         0.734        -1.712         3.448         2.090


           Standardized Residuals (z-scores) for Covariances/Correlations/Residual Corr
              BYTXSSTD      BYTXHSTD      HW_10         HW_12         ENG_12
              ________      ________      ________      ________      ________
 BYTXSSTD       0.371
 BYTXHSTD       1.929         0.552
 HW_10         -1.040        -1.359       999.000
 HW_12         -0.474        -1.295       999.000       999.000
 ENG_12        -4.979        -2.453         0.589        -0.894         0.966
 MATH_12       -1.119        -1.313        -0.774         0.243         0.629
 SCI_12        -3.388        -0.564        -0.554        -0.401        -7.144
 SS_12         -2.737        -0.603         0.884        -0.163         2.159


           Standardized Residuals (z-scores) for Covariances/Correlations/Residual Corr
              MATH_12       SCI_12        SS_12
              ________      ________      ________
 MATH_12        0.919
 SCI_12         3.011       999.000
 SS_12         -2.667       999.000       999.000


           Normalized Residuals for Covariances/Correlations/Residual Correlations
              BYPARED       BYFAMINC      PAROCC        BYTXRSTD      BYTXMSTD
              ________      ________      ________      ________      ________
 BYPARED        0.000
 BYFAMINC      -0.246        -0.001
 PAROCC         0.176         0.190         0.010
 BYTXRSTD       0.112         0.832        -0.336        -0.050
 BYTXMSTD       0.522         1.317         0.298        -0.313         0.062
 BYTXSSTD      -0.324        -0.513        -1.475        -0.254         0.461
 BYTXHSTD      -0.762         0.650        -0.749         0.259        -0.280
 HW_10          0.309        -0.195        -0.645         0.247         0.334
 HW_12          0.182         0.518        -0.752         0.377         0.918
 ENG_12         1.090         0.441        -0.875         0.460         0.104
 MATH_12        0.553        -0.704        -1.249         0.888         0.587
 SCI_12         0.157        -0.381        -1.430         0.801         0.894
 SS_12          0.201         0.402        -0.962         1.416         0.833


           Normalized Residuals for Covariances/Correlations/Residual Correlations
              BYTXSSTD      BYTXHSTD      HW_10         HW_12         ENG_12
              ________      ________      ________      ________      ________
 BYTXSSTD       0.027
 BYTXHSTD       0.423         0.043
 HW_10         -0.522        -0.672        -0.015
 HW_12         -0.271        -0.728        -0.044        -0.039
 ENG_12        -1.847        -0.932         0.192        -0.357         0.097
 MATH_12       -0.570        -0.656        -0.376         0.131         0.105
 SCI_12        -1.034        -0.244        -0.197        -0.176        -0.168
 SS_12         -1.092        -0.195         0.300        -0.069         0.240


           Normalized Residuals for Covariances/Correlations/Residual Correlations
              MATH_12       SCI_12        SS_12
              ________      ________      ________
 MATH_12        0.135
 SCI_12         0.686        -0.072
 SS_12         -0.337        -0.140        -0.008


TECHNICAL 1 OUTPUT


     PARAMETER SPECIFICATION


           NU
              BYPARED       BYFAMINC      PAROCC        BYTXRSTD      BYTXMSTD
              ________      ________      ________      ________      ________
                  1             2             3             4             5


           NU
              BYTXSSTD      BYTXHSTD      HW_10         HW_12         ENG_12
              ________      ________      ________      ________      ________
                  6             7             8             9            10


           NU
              MATH_12       SCI_12        SS_12
              ________      ________      ________
                 11            12            13


           LAMBDA
              FAMBACK       PREVACH       HW            GRADES
              ________      ________      ________      ________
 BYPARED           14             0             0             0
 BYFAMINC          15             0             0             0
 PAROCC             0             0             0             0
 BYTXRSTD           0             0             0             0
 BYTXMSTD           0            16             0             0
 BYTXSSTD           0            17             0             0
 BYTXHSTD           0            18             0             0
 HW_10              0             0             0             0
 HW_12              0             0            19             0
 ENG_12             0             0             0             0
 MATH_12            0             0             0            20
 SCI_12             0             0             0            21
 SS_12              0             0             0            22


           THETA
              BYPARED       BYFAMINC      PAROCC        BYTXRSTD      BYTXMSTD
              ________      ________      ________      ________      ________
 BYPARED           23
 BYFAMINC           0            24
 PAROCC             0             0            25
 BYTXRSTD           0             0             0            26
 BYTXMSTD           0             0             0             0            27
 BYTXSSTD           0             0             0             0             0
 BYTXHSTD           0             0             0             0             0
 HW_10              0             0             0             0             0
 HW_12              0             0             0             0             0
 ENG_12             0             0             0            32             0
 MATH_12            0             0             0             0            34
 SCI_12             0             0             0             0             0
 SS_12              0             0             0             0             0


           THETA
              BYTXSSTD      BYTXHSTD      HW_10         HW_12         ENG_12
              ________      ________      ________      ________      ________
 BYTXSSTD          28
 BYTXHSTD           0            29
 HW_10              0             0            30
 HW_12              0             0             0            31
 ENG_12             0             0             0             0            33
 MATH_12            0             0             0             0             0
 SCI_12            36             0             0             0             0
 SS_12              0            38             0             0             0


           THETA
              MATH_12       SCI_12        SS_12
              ________      ________      ________
 MATH_12           35
 SCI_12             0            37
 SS_12              0             0            39


           ALPHA
              FAMBACK       PREVACH       HW            GRADES
              ________      ________      ________      ________
                  0             0             0             0


           BETA
              FAMBACK       PREVACH       HW            GRADES
              ________      ________      ________      ________
 FAMBACK            0             0             0             0
 PREVACH            0             0             0             0
 HW                 0             0             0             0
 GRADES             0             0             0             0


           PSI
              FAMBACK       PREVACH       HW            GRADES
              ________      ________      ________      ________
 FAMBACK           40
 PREVACH           41            42
 HW                43            44            45
 GRADES            46            47            48            49


     STARTING VALUES


           NU
              BYPARED       BYFAMINC      PAROCC        BYTXRSTD      BYTXMSTD
              ________      ________      ________      ________      ________
                3.127         9.852        51.585        51.297        51.544


           NU
              BYTXSSTD      BYTXHSTD      HW_10         HW_12         ENG_12
              ________      ________      ________      ________      ________
               51.206        51.414         2.526         3.365         6.123


           NU
              MATH_12       SCI_12        SS_12
              ________      ________      ________
                5.522         5.788         6.233


           LAMBDA
              FAMBACK       PREVACH       HW            GRADES
              ________      ________      ________      ________
 BYPARED        0.067         0.000         0.000         0.000
 BYFAMINC       0.121         0.000         0.000         0.000
 PAROCC         1.000         0.000         0.000         0.000
 BYTXRSTD       0.000         1.000         0.000         0.000
 BYTXMSTD       0.000         0.989         0.000         0.000
 BYTXSSTD       0.000         0.986         0.000         0.000
 BYTXHSTD       0.000         0.960         0.000         0.000
 HW_10          0.000         0.000         1.000         0.000
 HW_12          0.000         0.000         0.481         0.000
 ENG_12         0.000         0.000         0.000         1.000
 MATH_12        0.000         0.000         0.000         0.875
 SCI_12         0.000         0.000         0.000         0.956
 SS_12          0.000         0.000         0.000         1.041


           THETA
              BYPARED       BYFAMINC      PAROCC        BYTXRSTD      BYTXMSTD
              ________      ________      ________      ________      ________
 BYPARED        0.792
 BYFAMINC       0.000         3.342
 PAROCC         0.000         0.000       227.721
 BYTXRSTD       0.000         0.000         0.000        49.909
 BYTXMSTD       0.000         0.000         0.000         0.000        48.866
 BYTXSSTD       0.000         0.000         0.000         0.000         0.000
 BYTXHSTD       0.000         0.000         0.000         0.000         0.000
 HW_10          0.000         0.000         0.000         0.000         0.000
 HW_12          0.000         0.000         0.000         0.000         0.000
 ENG_12         0.000         0.000         0.000         0.000         0.000
 MATH_12        0.000         0.000         0.000         0.000         0.000
 SCI_12         0.000         0.000         0.000         0.000         0.000
 SS_12          0.000         0.000         0.000         0.000         0.000


           THETA
              BYTXSSTD      BYTXHSTD      HW_10         HW_12         ENG_12
              ________      ________      ________      ________      ________
 BYTXSSTD      49.982
 BYTXHSTD       0.000        46.874
 HW_10          0.000         0.000         1.414
 HW_12          0.000         0.000         0.000         1.928
 ENG_12         0.000         0.000         0.000         0.000         3.501
 MATH_12        0.000         0.000         0.000         0.000         0.000
 SCI_12         0.000         0.000         0.000         0.000         0.000
 SS_12          0.000         0.000         0.000         0.000         0.000


           THETA
              MATH_12       SCI_12        SS_12
              ________      ________      ________
 MATH_12        3.435
 SCI_12         0.000         3.467
 SS_12          0.000         0.000         3.927


           ALPHA
              FAMBACK       PREVACH       HW            GRADES
              ________      ________      ________      ________
               51.585        51.297         2.526         6.123


           BETA
              FAMBACK       PREVACH       HW            GRADES
              ________      ________      ________      ________
 FAMBACK        0.000         0.000         0.000         0.000
 PREVACH        0.000         0.000         0.000         0.000
 HW             0.000         0.000         0.000         0.000
 GRADES         0.000         0.000         0.000         0.000


           PSI
              FAMBACK       PREVACH       HW            GRADES
              ________      ________      ________      ________
 FAMBACK        0.050
 PREVACH        0.000         0.050
 HW             0.000         0.000         0.050
 GRADES         0.000         0.000         0.000         0.050


SAMPLE STATISTICS FOR ESTIMATED FACTOR SCORES


     SAMPLE STATISTICS


           Means
              FAMBACK       FAMBACK_      PREVACH       PREVACH_      HW
              ________      ________      ________      ________      ________
               51.585         6.258        51.297         2.635         2.526


           Means
              HW_SE         GRADES        GRADES_S
              ________      ________      ________
                0.706         6.123         0.602


           Covariances
              FAMBACK       FAMBACK_      PREVACH       PREVACH_      HW
              ________      ________      ________      ________      ________
 FAMBACK      191.049
 FAMBACK_      -0.177         0.025
 PREVACH       72.688        -0.118        65.435
 PREVACH_      -0.415         0.011        -0.143         0.385
 HW             6.920        -0.006         4.561        -0.011         0.890
 HW_SE         -0.194         0.001        -0.122         0.000        -0.014
 GRADES        17.308        -0.012        12.942        -0.036         1.481
 GRADES_S      -0.105         0.001        -0.058         0.001        -0.007


           Covariances
              HW_SE         GRADES        GRADES_S
              ________      ________      ________
 HW_SE          0.003
 GRADES        -0.052         5.570
 GRADES_S       0.001        -0.017         0.008


           Correlations
              FAMBACK       FAMBACK_      PREVACH       PREVACH_      HW
              ________      ________      ________      ________      ________
 FAMBACK        1.000
 FAMBACK_      -0.081         1.000
 PREVACH        0.650        -0.092         1.000
 PREVACH_      -0.048         0.108        -0.028         1.000
 HW             0.531        -0.038         0.598        -0.019         1.000
 HW_SE         -0.253         0.081        -0.271         0.013        -0.269
 GRADES         0.531        -0.032         0.678        -0.024         0.665
 GRADES_S      -0.087         0.070        -0.083         0.010        -0.083


           Correlations
              HW_SE         GRADES        GRADES_S
              ________      ________      ________
 HW_SE          1.000
 GRADES        -0.398         1.000
 GRADES_S       0.294        -0.082         1.000


SAVEDATA INFORMATION


  Save file
    CFA_HW w means.dat

  Order of variables

    BYPARED
    BYFAMINC
    PAROCC
    BYTXRSTD
    BYTXMSTD
    BYTXSSTD
    BYTXHSTD
    HW_10
    HW_12
    ENG_12
    MATH_12
    SCI_12
    SS_12
    FAMBACK
    FAMBACK_SE
    PREVACH
    PREVACH_SE
    HW
    HW_SE
    GRADES
    GRADES_SE

  Save file format           Free

  Save file record length    10000


DIAGRAM INFORMATION

  Use View Diagram under the Diagram menu in the Mplus Editor to view the diagram.
  If running Mplus from the Mplus Diagrammer, the diagram opens automatically.

  Diagram output
    c:\users\tzkeith\documents\regression book 3\part 2\chap 22 latent interactions mlm\latent interaction\hw grades\hw

     Beginning Time:  16:00:45
        Ending Time:  16:00:45
       Elapsed Time:  00:00:00



MUTHEN & MUTHEN
3463 Stoner Ave.
Los Angeles, CA  90066

Tel: (310) 391-9971
Fax: (310) 391-8971
Web: www.StatModel.com
Support: Support@StatModel.com

Copyright (c) 1998-2017 Muthen & Muthen
