Mplus VERSION 8
MUTHEN & MUTHEN
04/25/2018   7:12 PM

INPUT INSTRUCTIONS



  TITLE: Homework Achievement Latent Interaction Model Minority measured

  DATA:
    FILE IS HW latent 8-12.dat;
  VARIABLE:
       MISSING ARE ALL (-999);
           NAMES ARE
       bytxrstd
       bytxmstd
       bytxsstd
       bytxhstd
       parocc
       HW_10
       HW_12
       eng_12
       math_12
       sci_12
       ss_12
       Female
       byfaminc
       bypared
       Minority;



  USEVARIABLES ARE
      Minority
      BYPARED	
      BYFAMINC	
      PAROCC	
      BYTXRSTD	
      BYTXMSTD	
      BYTXSSTD	
      BYTXHSTD	
      HW_10	
      HW_12	
      ENG_12	
      MATH_12	
      SCI_12	
      SS_12;



  MODEL:


      FAMBACK BY
          PAROCC
          BYPARED	
          BYFAMINC;	

      PREVACH BY
          BYTXRSTD	
          BYTXMSTD	
          BYTXSSTD	
          BYTXHSTD;	

      HW BY
          HW_10
          HW_12;	

      GRADES BY
          ENG_12	
          MATH_12	
          SCI_12	
          SS_12;

      BYTXRSTD	WITH ENG_12;
      BYTXMSTD	WITH MATH_12;	
      BYTXSSTD	WITH SCI_12;
      BYTXHSTD	WITH SS_12;	

      PREVACH ON FAMBACK Minority;
      GRADES ON PREVACH HW;
      HW ON PREVACH FAMBACK Minority;


  MODEL INDIRECT :

      GRADES IND PREVACH FAMBACK;
      GRADES IND HW PREVACH;
      GRADES IND HW FAMBACK;
      HW IND PREVACH FAMBACK;


  OUTPUT:  SAMPSTAT STDYX RESIDUAL TECH1 TECH8;




*** WARNING in OUTPUT command
  TECH8 option is available only with analysis types MIXTURE, RANDOM, or
  TWOLEVEL with estimators ML, MLF, or MLR or ALGORITHM=INTEGRATION.
  Request for TECH8 is ignored.
*** WARNING
  Data set contains cases with missing on x-variables.
  These cases were not included in the analysis.
  Number of cases with missing on x-variables:  9
   2 WARNING(S) FOUND IN THE INPUT INSTRUCTIONS



Homework Achievement Latent Interaction Model Minority measured

SUMMARY OF ANALYSIS

Number of groups                                                 1
Number of observations                                         991

Number of dependent variables                                   13
Number of independent variables                                  1
Number of continuous latent variables                            4

Observed dependent variables

  Continuous
   BYPARED     BYFAMINC    PAROCC      BYTXRSTD    BYTXMSTD    BYTXSSTD
   BYTXHSTD    HW_10       HW_12       ENG_12      MATH_12     SCI_12
   SS_12

Observed independent variables
   MINORITY

Continuous latent variables
   FAMBACK     PREVACH     HW          GRADES


Estimator                                                       ML
Information matrix                                        OBSERVED
Maximum number of iterations                                  1000
Convergence criterion                                    0.500D-04
Maximum number of steepest descent iterations                   20
Maximum number of iterations for H1                           2000
Convergence criterion for H1                             0.100D-03

Input data file(s)
  HW latent 8-12.dat

Input data format  FREE


SUMMARY OF DATA

     Number of missing data patterns            42


COVARIANCE COVERAGE OF DATA

Minimum covariance coverage value   0.100


     PROPORTION OF DATA PRESENT


           Covariance Coverage
              BYPARED       BYFAMINC      PAROCC        BYTXRSTD      BYTXMSTD
              ________      ________      ________      ________      ________
 BYPARED        0.999
 BYFAMINC       0.959         0.960
 PAROCC         0.990         0.951         0.991
 BYTXRSTD       0.971         0.932         0.963         0.972
 BYTXMSTD       0.970         0.931         0.963         0.971         0.971
 BYTXSSTD       0.969         0.930         0.961         0.970         0.969
 BYTXHSTD       0.968         0.929         0.960         0.969         0.968
 HW_10          0.953         0.916         0.949         0.926         0.926
 HW_12          0.904         0.869         0.897         0.880         0.879
 ENG_12         0.979         0.941         0.972         0.954         0.953
 MATH_12        0.980         0.941         0.973         0.953         0.952
 SCI_12         0.985         0.947         0.977         0.958         0.957
 SS_12          0.988         0.950         0.980         0.961         0.960
 MINORITY       0.999         0.960         0.991         0.972         0.971


           Covariance Coverage
              BYTXSSTD      BYTXHSTD      HW_10         HW_12         ENG_12
              ________      ________      ________      ________      ________
 BYTXSSTD       0.970
 BYTXHSTD       0.969         0.969
 HW_10          0.924         0.923         0.954
 HW_12          0.878         0.877         0.888         0.905
 ENG_12         0.952         0.951         0.939         0.893         0.980
 MATH_12        0.951         0.950         0.940         0.898         0.967
 SCI_12         0.956         0.955         0.946         0.899         0.973
 SS_12          0.959         0.958         0.948         0.902         0.974
 MINORITY       0.970         0.969         0.954         0.905         0.980


           Covariance Coverage
              MATH_12       SCI_12        SS_12         MINORITY
              ________      ________      ________      ________
 MATH_12        0.981
 SCI_12         0.972         0.986
 SS_12          0.976         0.982         0.989
 MINORITY       0.981         0.986         0.989         1.000


SAMPLE STATISTICS


     ESTIMATED SAMPLE STATISTICS


           Means
              BYPARED       BYFAMINC      PAROCC        BYTXRSTD      BYTXMSTD
              ________      ________      ________      ________      ________
                3.130         9.841        51.459        51.345        51.560


           Means
              BYTXSSTD      BYTXHSTD      HW_10         HW_12         ENG_12
              ________      ________      ________      ________      ________
               51.259        51.448         2.485         3.289         6.081


           Means
              MATH_12       SCI_12        SS_12         MINORITY
              ________      ________      ________      ________
                5.503         5.775         6.215         0.251


           Covariances
              BYPARED       BYFAMINC      PAROCC        BYTXRSTD      BYTXMSTD
              ________      ________      ________      ________      ________
 BYPARED        1.591
 BYFAMINC       1.963         6.774
 PAROCC        16.224        29.352       457.648
 BYTXRSTD       5.210        10.052        71.894        99.492
 BYTXMSTD       5.341        10.416        75.706        70.298        98.093
 BYTXSSTD       4.824         8.446        61.274        68.141        70.581
 BYTXHSTD       4.539         9.323        64.520        68.843        66.389
 HW_10          0.525         0.869         6.428         4.811         4.823
 HW_12          0.515         1.000         5.990         4.917         5.247
 ENG_12         1.340         2.293        15.732        14.167        13.189
 MATH_12        1.126         1.745        13.037        12.192        13.433
 SCI_12         1.190         2.023        14.239        13.414        13.392
 SS_12          1.304         2.397        16.591        15.232        14.523
 MINORITY      -0.110        -0.291        -2.089        -0.911        -0.921


           Covariances
              BYTXSSTD      BYTXHSTD      HW_10         HW_12         ENG_12
              ________      ________      ________      ________      ________
 BYTXSSTD      98.941
 BYTXHSTD      66.614        93.184
 HW_10          4.174         3.995         2.875
 HW_12          4.315         3.903         1.378         3.900
 ENG_12        10.944        11.515         1.564         1.453         7.122
 MATH_12       10.309        10.094         1.271         1.346         5.245
 SCI_12        11.660        11.602         1.436         1.432         5.664
 SS_12         12.102        13.000         1.646         1.576         6.330
 MINORITY      -0.999        -0.889        -0.023        -0.016        -0.181


           Covariances
              MATH_12       SCI_12        SS_12         MINORITY
              ________      ________      ________      ________
 MATH_12        6.937
 SCI_12         5.201         7.006
 SS_12          5.364         5.952         7.937
 MINORITY      -0.156        -0.191        -0.158         0.188


           Correlations
              BYPARED       BYFAMINC      PAROCC        BYTXRSTD      BYTXMSTD
              ________      ________      ________      ________      ________
 BYPARED        1.000
 BYFAMINC       0.598         1.000
 PAROCC         0.601         0.527         1.000
 BYTXRSTD       0.414         0.387         0.337         1.000
 BYTXMSTD       0.428         0.404         0.357         0.712         1.000
 BYTXSSTD       0.384         0.326         0.288         0.687         0.716
 BYTXHSTD       0.373         0.371         0.312         0.715         0.694
 HW_10          0.245         0.197         0.177         0.285         0.287
 HW_12          0.207         0.195         0.142         0.250         0.268
 ENG_12         0.398         0.330         0.276         0.532         0.499
 MATH_12        0.339         0.255         0.231         0.464         0.515
 SCI_12         0.356         0.294         0.251         0.508         0.511
 SS_12          0.367         0.327         0.275         0.542         0.520
 MINORITY      -0.202        -0.258        -0.225        -0.210        -0.214


           Correlations
              BYTXSSTD      BYTXHSTD      HW_10         HW_12         ENG_12
              ________      ________      ________      ________      ________
 BYTXSSTD       1.000
 BYTXHSTD       0.694         1.000
 HW_10          0.247         0.244         1.000
 HW_12          0.220         0.205         0.412         1.000
 ENG_12         0.412         0.447         0.346         0.276         1.000
 MATH_12        0.393         0.397         0.285         0.259         0.746
 SCI_12         0.443         0.454         0.320         0.274         0.802
 SS_12          0.432         0.478         0.345         0.283         0.842
 MINORITY      -0.231        -0.212        -0.031        -0.019        -0.156


           Correlations
              MATH_12       SCI_12        SS_12         MINORITY
              ________      ________      ________      ________
 MATH_12        1.000
 SCI_12         0.746         1.000
 SS_12          0.723         0.798         1.000
 MINORITY      -0.137        -0.167        -0.129         1.000


     MAXIMUM LOG-LIKELIHOOD VALUE FOR THE UNRESTRICTED (H1) MODEL IS -32279.838


UNIVARIATE SAMPLE STATISTICS


     UNIVARIATE HIGHER-ORDER MOMENT DESCRIPTIVE STATISTICS

         Variable/         Mean/     Skewness/   Minimum/ % with                Percentiles
        Sample Size      Variance    Kurtosis    Maximum  Min/Max      20%/60%    40%/80%    Median

     BYPARED               3.129       0.456       1.000    9.39%       2.000      3.000      3.000
             990.000       1.591      -0.059       6.000    5.86%       3.000      4.000
     BYFAMINC              9.854      -0.684       1.000    0.21%       8.000     10.000     10.000
             951.000       6.716       0.562      15.000    2.21%      11.000     12.000
     PAROCC               51.663      -0.678       7.320    2.95%      27.410     56.330     58.010
             982.000     454.170      -0.905      81.870    7.03%      66.090     66.180
     BYTXRSTD             51.389      -0.272      23.098    0.10%      41.914     48.412     52.608
             963.000      99.313      -0.844      67.499    3.84%      54.909     61.136
     BYTXMSTD             51.617       0.050      30.282    0.10%      41.990     47.880     51.341
             962.000      97.739      -1.045      71.222    0.42%      54.802     61.871
     BYTXSSTD             51.294       0.016      26.505    0.10%      42.231     48.951     51.238
             961.000      98.785      -0.566      75.973    0.10%      53.669     60.245
     BYTXHSTD             51.494      -0.316      24.183    0.10%      43.405     49.521     52.034
             960.000      92.890      -0.444      69.508    1.04%      54.000     60.770
     HW_10                 2.529       0.897       0.000    5.29%       1.000      2.000      2.000
             945.000       2.842       0.241       7.000    3.60%       2.000      4.000
     HW_12                 3.366       0.488       0.000    6.24%       2.000      3.000      3.000
             897.000       3.857      -0.269       8.000    3.79%       3.000      5.000
     ENG_12                6.130      -0.249       0.000    1.54%       3.600      5.370      6.400
             971.000       7.001      -0.723      11.250    0.21%       7.240      8.600
     MATH_12               5.543      -0.006       0.000    1.95%       3.000      4.830      5.500
             972.000       6.865      -0.736      11.500    0.21%       6.330      8.000
     SCI_12                5.793      -0.116       0.000    1.43%       3.500      5.000      6.000
             977.000       6.936      -0.706      11.500    0.20%       6.570      8.000
     SS_12                 6.242      -0.351       0.000    2.14%       3.670      5.670      6.500
             980.000       7.876      -0.677      11.670    0.10%       7.290      8.890
     MINORITY              0.251       1.147       0.000   74.87%       0.000      0.000      0.000
             991.000       0.188      -0.685       1.000   25.13%       0.000      1.000


THE MODEL ESTIMATION TERMINATED NORMALLY



MODEL FIT INFORMATION

Number of Free Parameters                       50

Loglikelihood

          H0 Value                      -31803.377
          H1 Value                      -31701.465

Information Criteria

          Akaike (AIC)                   63706.753
          Bayesian (BIC)                 63951.689
          Sample-Size Adjusted BIC       63792.887
            (n* = (n + 2) / 24)

Chi-Square Test of Model Fit

          Value                            203.822
          Degrees of Freedom                    67
          P-Value                           0.0000

RMSEA (Root Mean Square Error Of Approximation)

          Estimate                           0.045
          90 Percent C.I.                    0.038  0.053
          Probability RMSEA <= .05           0.850

CFI/TLI

          CFI                                0.982
          TLI                                0.976

Chi-Square Test of Model Fit for the Baseline Model

          Value                           7856.323
          Degrees of Freedom                    91
          P-Value                           0.0000

SRMR (Standardized Root Mean Square Residual)

          Value                              0.053



MODEL RESULTS

                                                    Two-Tailed
                    Estimate       S.E.  Est./S.E.    P-Value

 FAMBACK  BY
    PAROCC             1.000      0.000    999.000    999.000
    BYPARED            0.069      0.003     20.493      0.000
    BYFAMINC           0.124      0.006     19.322      0.000

 PREVACH  BY
    BYTXRSTD           1.000      0.000    999.000    999.000
    BYTXMSTD           0.996      0.031     32.393      0.000
    BYTXSSTD           0.961      0.032     30.475      0.000
    BYTXHSTD           0.941      0.030     31.208      0.000

 HW       BY
    HW_10              1.000      0.000    999.000    999.000
    HW_12              1.010      0.104      9.746      0.000

 GRADES   BY
    ENG_12             1.000      0.000    999.000    999.000
    MATH_12            0.875      0.025     35.010      0.000
    SCI_12             0.960      0.023     41.767      0.000
    SS_12              1.049      0.023     45.540      0.000

 PREVACH  ON
    FAMBACK            0.303      0.022     13.634      0.000

 GRADES   ON
    PREVACH            0.141      0.011     12.946      0.000
    HW                 0.660      0.106      6.258      0.000

 HW       ON
    PREVACH            0.048      0.008      6.150      0.000
    FAMBACK            0.019      0.004      4.404      0.000

 PREVACH  ON
    MINORITY          -2.597      0.590     -4.402      0.000

 HW       ON
    MINORITY           0.264      0.109      2.413      0.016

 BYTXRSTD WITH
    ENG_12             0.512      0.256      2.000      0.046

 BYTXMSTD WITH
    MATH_12            1.568      0.321      4.890      0.000

 BYTXSSTD WITH
    SCI_12             0.506      0.293      1.727      0.084

 BYTXHSTD WITH
    SS_12              0.289      0.279      1.037      0.300

 Intercepts
    BYPARED            3.130      0.040     78.097      0.000
    BYFAMINC           9.844      0.084    117.665      0.000
    PAROCC            51.467      0.681     75.551      0.000
    BYTXRSTD          51.996      0.347    149.820      0.000
    BYTXMSTD          52.209      0.344    151.661      0.000
    BYTXSSTD          51.887      0.344    150.808      0.000
    BYTXHSTD          52.060      0.334    155.776      0.000
    HW_10              2.449      0.062     39.760      0.000
    HW_12              3.247      0.072     45.183      0.000
    ENG_12             6.149      0.090     68.200      0.000
    MATH_12            5.562      0.088     63.245      0.000
    SCI_12             5.841      0.089     65.340      0.000
    SS_12              6.288      0.095     66.027      0.000

 Variances
    FAMBACK          232.014     20.048     11.573      0.000

 Residual Variances
    BYPARED            0.479      0.045     10.658      0.000
    BYFAMINC           3.195      0.201     15.905      0.000
    PAROCC           225.263     13.293     16.946      0.000
    BYTXRSTD          27.745      1.718     16.146      0.000
    BYTXMSTD          26.642      1.673     15.921      0.000
    BYTXSSTD          32.442      1.862     17.426      0.000
    BYTXHSTD          29.295      1.712     17.108      0.000
    HW_10              1.525      0.148     10.332      0.000
    HW_12              2.528      0.178     14.227      0.000
    ENG_12             1.131      0.079     14.283      0.000
    MATH_12            2.335      0.122     19.161      0.000
    SCI_12             1.543      0.092     16.697      0.000
    SS_12              1.383      0.091     15.171      0.000
    PREVACH           47.026      3.234     14.541      0.000
    HW                 0.992      0.147      6.762      0.000
    GRADES             3.081      0.201     15.339      0.000


STANDARDIZED MODEL RESULTS


STDYX Standardization

                                                    Two-Tailed
                    Estimate       S.E.  Est./S.E.    P-Value

 FAMBACK  BY
    PAROCC             0.712      0.021     34.543      0.000
    BYPARED            0.836      0.018     47.417      0.000
    BYFAMINC           0.727      0.021     34.947      0.000

 PREVACH  BY
    BYTXRSTD           0.845      0.011     73.776      0.000
    BYTXMSTD           0.849      0.011     75.144      0.000
    BYTXSSTD           0.815      0.013     63.511      0.000
    BYTXHSTD           0.823      0.013     65.825      0.000

 HW       BY
    HW_10              0.688      0.037     18.404      0.000
    HW_12              0.597      0.036     16.359      0.000

 GRADES   BY
    ENG_12             0.916      0.007    131.264      0.000
    MATH_12            0.812      0.012     66.694      0.000
    SCI_12             0.883      0.009    103.036      0.000
    SS_12              0.908      0.007    125.149      0.000

 PREVACH  ON
    FAMBACK            0.553      0.029     19.009      0.000

 GRADES   ON
    PREVACH            0.483      0.034     14.189      0.000
    HW                 0.318      0.043      7.404      0.000

 HW       ON
    PREVACH            0.341      0.052      6.500      0.000
    FAMBACK            0.252      0.055      4.579      0.000

 PREVACH  ON
    MINORITY          -0.135      0.031     -4.371      0.000

 HW       ON
    MINORITY           0.098      0.040      2.453      0.014

 BYTXRSTD WITH
    ENG_12             0.091      0.045      2.038      0.042

 BYTXMSTD WITH
    MATH_12            0.199      0.038      5.170      0.000

 BYTXSSTD WITH
    SCI_12             0.072      0.041      1.746      0.081

 BYTXHSTD WITH
    SS_12              0.045      0.044      1.044      0.297

 Intercepts
    BYPARED            2.481      0.064     38.675      0.000
    BYFAMINC           3.783      0.093     40.806      0.000
    PAROCC             2.407      0.063     37.995      0.000
    BYTXRSTD           5.271      0.123     42.902      0.000
    BYTXMSTD           5.340      0.124     43.059      0.000
    BYTXSSTD           5.279      0.123     42.968      0.000
    BYTXHSTD           5.460      0.127     43.020      0.000
    HW_10              1.440      0.052     27.863      0.000
    HW_12              1.639      0.056     29.216      0.000
    ENG_12             2.318      0.062     37.116      0.000
    MATH_12            2.124      0.058     36.391      0.000
    SCI_12             2.211      0.060     36.671      0.000
    SS_12              2.240      0.061     36.860      0.000

 Variances
    FAMBACK            1.000      0.000    999.000    999.000

 Residual Variances
    BYPARED            0.301      0.029     10.203      0.000
    BYFAMINC           0.472      0.030     15.619      0.000
    PAROCC             0.493      0.029     16.769      0.000
    BYTXRSTD           0.285      0.019     14.714      0.000
    BYTXMSTD           0.279      0.019     14.515      0.000
    BYTXSSTD           0.336      0.021     16.053      0.000
    BYTXHSTD           0.322      0.021     15.652      0.000
    HW_10              0.527      0.051     10.249      0.000
    HW_12              0.644      0.044     14.796      0.000
    ENG_12             0.161      0.013     12.571      0.000
    MATH_12            0.340      0.020     17.214      0.000
    SCI_12             0.221      0.015     14.616      0.000
    SS_12              0.176      0.013     13.320      0.000
    PREVACH            0.676      0.030     22.272      0.000
    HW                 0.725      0.041     17.480      0.000
    GRADES             0.522      0.030     17.608      0.000


R-SQUARE

    Observed                                        Two-Tailed
    Variable        Estimate       S.E.  Est./S.E.    P-Value

    BYPARED            0.699      0.029     23.708      0.000
    BYFAMINC           0.528      0.030     17.474      0.000
    PAROCC             0.507      0.029     17.271      0.000
    BYTXRSTD           0.715      0.019     36.888      0.000
    BYTXMSTD           0.721      0.019     37.572      0.000
    BYTXSSTD           0.664      0.021     31.756      0.000
    BYTXHSTD           0.678      0.021     32.913      0.000
    HW_10              0.473      0.051      9.202      0.000
    HW_12              0.356      0.044      8.179      0.000
    ENG_12             0.839      0.013     65.632      0.000
    MATH_12            0.660      0.020     33.347      0.000
    SCI_12             0.779      0.015     51.518      0.000
    SS_12              0.824      0.013     62.575      0.000

     Latent                                         Two-Tailed
    Variable        Estimate       S.E.  Est./S.E.    P-Value

    PREVACH            0.324      0.030     10.669      0.000
    HW                 0.275      0.041      6.643      0.000
    GRADES             0.478      0.030     16.133      0.000


QUALITY OF NUMERICAL RESULTS

     Condition Number for the Information Matrix              0.174E-04
       (ratio of smallest to largest eigenvalue)


TOTAL, TOTAL INDIRECT, SPECIFIC INDIRECT, AND DIRECT EFFECTS


                                                    Two-Tailed
                    Estimate       S.E.  Est./S.E.    P-Value

Effects from FAMBACK to GRADES

  Sum of indirect      0.055      0.005     11.123      0.000

  Specific indirect

    GRADES
    PREVACH
    FAMBACK            0.043      0.004      9.659      0.000

    GRADES
    HW
    FAMBACK            0.013      0.004      3.594      0.000


Effects from PREVACH to GRADES

  Indirect             0.032      0.007      4.736      0.000

Effects from FAMBACK to HW

  Indirect             0.014      0.003      5.740      0.000


STANDARDIZED TOTAL, TOTAL INDIRECT, SPECIFIC INDIRECT, AND DIRECT EFFECTS


STDYX Standardization

                                                    Two-Tailed
                    Estimate       S.E.  Est./S.E.    P-Value

Effects from FAMBACK to GRADES

  Sum of indirect      0.347      0.026     13.366      0.000

  Specific indirect

    GRADES
    PREVACH
    FAMBACK            0.267      0.024     10.991      0.000

    GRADES
    HW
    FAMBACK            0.080      0.022      3.657      0.000


Effects from PREVACH to GRADES

  Indirect             0.108      0.022      4.851      0.000

Effects from FAMBACK to HW

  Indirect             0.189      0.031      6.155      0.000



RESIDUAL OUTPUT


     ESTIMATED MODEL AND RESIDUALS (OBSERVED - ESTIMATED)


           Model Estimated Means/Intercepts/Thresholds
              BYPARED       BYFAMINC      PAROCC        BYTXRSTD      BYTXMSTD
              ________      ________      ________      ________      ________
                3.130         9.844        51.467        51.343        51.559


           Model Estimated Means/Intercepts/Thresholds
              BYTXSSTD      BYTXHSTD      HW_10         HW_12         ENG_12
              ________      ________      ________      ________      ________
               51.260        51.446         2.484         3.282         6.080


           Model Estimated Means/Intercepts/Thresholds
              MATH_12       SCI_12        SS_12         MINORITY
              ________      ________      ________      ________
                5.502         5.775         6.216         0.251


           Residuals for Means/Intercepts/Thresholds
              BYPARED       BYFAMINC      PAROCC        BYTXRSTD      BYTXMSTD
              ________      ________      ________      ________      ________
                0.000        -0.003        -0.008         0.002         0.001


           Residuals for Means/Intercepts/Thresholds
              BYTXSSTD      BYTXHSTD      HW_10         HW_12         ENG_12
              ________      ________      ________      ________      ________
               -0.001         0.003         0.001         0.006         0.001


           Residuals for Means/Intercepts/Thresholds
              MATH_12       SCI_12        SS_12         MINORITY
              ________      ________      ________      ________
                0.001         0.001        -0.001         0.000


           Standardized Residuals (z-scores) for Means/Intercepts/Thresholds
              BYPARED       BYFAMINC      PAROCC        BYTXRSTD      BYTXMSTD
              ________      ________      ________      ________      ________
                0.227       999.000        -0.404         0.048         0.018


           Standardized Residuals (z-scores) for Means/Intercepts/Thresholds
              BYTXSSTD      BYTXHSTD      HW_10         HW_12         ENG_12
              ________      ________      ________      ________      ________
               -0.022         0.059       999.000       999.000         0.094


           Standardized Residuals (z-scores) for Means/Intercepts/Thresholds
              MATH_12       SCI_12        SS_12         MINORITY
              ________      ________      ________      ________
                0.155         0.143        -0.078         0.000


           Normalized Residuals for Means/Intercepts/Thresholds
              BYPARED       BYFAMINC      PAROCC        BYTXRSTD      BYTXMSTD
              ________      ________      ________      ________      ________
                0.001        -0.033        -0.011         0.007         0.003


           Normalized Residuals for Means/Intercepts/Thresholds
              BYTXSSTD      BYTXHSTD      HW_10         HW_12         ENG_12
              ________      ________      ________      ________      ________
               -0.003         0.009         0.024         0.096         0.010


           Normalized Residuals for Means/Intercepts/Thresholds
              MATH_12       SCI_12        SS_12         MINORITY
              ________      ________      ________      ________
                0.016         0.009        -0.007         0.000


           Model Estimated Covariances/Correlations/Residual Correlations
              BYPARED       BYFAMINC      PAROCC        BYTXRSTD      BYTXMSTD
              ________      ________      ________      ________      ________
 BYPARED        1.591
 BYFAMINC       1.994         6.770
 PAROCC        16.064        28.798       457.277
 BYTXRSTD       4.863         8.717        70.231        97.299
 BYTXMSTD       4.842         8.680        69.932        69.258        95.606
 BYTXSSTD       4.671         8.373        67.461        66.811        66.527
 BYTXHSTD       4.576         8.204        66.094        65.457        65.178
 HW_10          0.543         0.974         7.849         4.558         4.539
 HW_12          0.549         0.984         7.931         4.606         4.586
 ENG_12         1.043         1.871        15.071        13.314        12.748
 MATH_12        0.913         1.637        13.192        11.206        12.726
 SCI_12         1.001         1.795        14.462        12.286        12.233
 SS_12          1.094         1.962        15.807        13.428        13.371
 MINORITY       0.000         0.000         0.000        -0.489        -0.487


           Model Estimated Covariances/Correlations/Residual Correlations
              BYTXSSTD      BYTXHSTD      HW_10         HW_12         ENG_12
              ________      ________      ________      ________      ________
 BYTXSSTD      96.618
 BYTXHSTD      62.875        90.896
 HW_10          4.379         4.290         2.893
 HW_12          4.424         4.334         1.383         3.925
 ENG_12        12.298        12.048         1.546         1.562         7.035
 MATH_12       10.764        10.546         1.353         1.367         5.168
 SCI_12        12.307        11.562         1.483         1.499         5.666
 SS_12         12.899        12.926         1.621         1.638         6.193
 MINORITY      -0.469        -0.460         0.026         0.027        -0.051


           Model Estimated Covariances/Correlations/Residual Correlations
              MATH_12       SCI_12        SS_12         MINORITY
              ________      ________      ________      ________
 MATH_12        6.859
 SCI_12         4.959         6.979
 SS_12          5.421         5.943         7.878
 MINORITY      -0.045        -0.049        -0.054         0.188


           Residuals for Covariances/Correlations/Residual Correlations
              BYPARED       BYFAMINC      PAROCC        BYTXRSTD      BYTXMSTD
              ________      ________      ________      ________      ________
 BYPARED        0.000
 BYFAMINC      -0.031         0.004
 PAROCC         0.160         0.554         0.371
 BYTXRSTD       0.347         1.335         1.663         2.193
 BYTXMSTD       0.499         1.736         5.773         1.040         2.487
 BYTXSSTD       0.153         0.073        -6.187         1.330         4.054
 BYTXHSTD      -0.037         1.119        -1.574         3.387         1.211
 HW_10         -0.019        -0.105        -1.421         0.253         0.284
 HW_12         -0.034         0.016        -1.940         0.311         0.660
 ENG_12         0.297         0.423         0.662         0.852         0.441
 MATH_12        0.212         0.107        -0.155         0.985         0.706
 SCI_12         0.188         0.228        -0.223         1.129         1.159
 SS_12          0.210         0.435         0.784         1.804         1.152
 MINORITY      -0.110        -0.291        -2.089        -0.422        -0.435


           Residuals for Covariances/Correlations/Residual Correlations
              BYTXSSTD      BYTXHSTD      HW_10         HW_12         ENG_12
              ________      ________      ________      ________      ________
 BYTXSSTD       2.323
 BYTXHSTD       3.739         2.288
 HW_10         -0.205        -0.295        -0.019
 HW_12         -0.109        -0.432        -0.005        -0.025
 ENG_12        -1.354        -0.534         0.018        -0.108         0.087
 MATH_12       -0.456        -0.452        -0.082        -0.021         0.076
 SCI_12        -0.646         0.040        -0.047        -0.066        -0.002
 SS_12         -0.797         0.073         0.025        -0.062         0.138
 MINORITY      -0.529        -0.429        -0.049        -0.042        -0.129


           Residuals for Covariances/Correlations/Residual Correlations
              MATH_12       SCI_12        SS_12         MINORITY
              ________      ________      ________      ________
 MATH_12        0.078
 SCI_12         0.242         0.027
 SS_12         -0.057         0.009         0.059
 MINORITY      -0.111        -0.142        -0.104         0.000


           Standardized Residuals (z-scores) for Covariances/Correlations/Residual Corr
              BYPARED       BYFAMINC      PAROCC        BYTXRSTD      BYTXMSTD
              ________      ________      ________      ________      ________
 BYPARED        0.047
 BYFAMINC      -2.201         0.432
 PAROCC         1.538         1.123         0.358
 BYTXRSTD       1.802         2.673         0.402         1.824
 BYTXMSTD       2.592         3.430         1.395         0.869         1.914
 BYTXSSTD       0.738         0.143        -1.470         1.063         2.961
 BYTXHSTD      -0.194         2.235        -0.381         2.660         1.000
 HW_10         -0.654        -1.155        -1.953         0.861         1.021
 HW_12         -0.824         0.128        -2.002         0.778         1.733
 ENG_12         4.117         2.584         0.498         2.232         1.065
 MATH_12        2.745         0.626        -0.110         1.970         1.656
 SCI_12         2.620         1.397        -0.167         2.471         2.534
 SS_12          2.816         2.529         0.559         3.716         2.486
 MINORITY      -6.223        -7.752        -6.880        -4.920        -5.114


           Standardized Residuals (z-scores) for Covariances/Correlations/Residual Corr
              BYTXSSTD      BYTXHSTD      HW_10         HW_12         ENG_12
              ________      ________      ________      ________      ________
 BYTXSSTD       1.863
 BYTXHSTD       2.759         1.925
 HW_10         -0.673        -0.997       999.000
 HW_12         -0.262        -1.078       999.000       999.000
 ENG_12        -3.351        -1.314         0.338        -1.345         1.458
 MATH_12       -0.917        -0.943        -1.082        -0.208         1.208
 SCI_12        -1.840         0.091        -0.812        -0.758        -0.037
 SS_12         -1.767         0.190         0.417        -0.685         2.264
 MINORITY      -5.751        -4.911        -4.094        -2.191        -4.483


           Standardized Residuals (z-scores) for Covariances/Correlations/Residual Corr
              MATH_12       SCI_12        SS_12         MINORITY
              ________      ________      ________      ________
 MATH_12        1.251
 SCI_12         3.171         0.817
 SS_12         -0.988         0.201         1.098
 MINORITY      -3.666        -4.855        -3.425         0.000


           Normalized Residuals for Covariances/Correlations/Residual Correlations
              BYPARED       BYFAMINC      PAROCC        BYTXRSTD      BYTXMSTD
              ________      ________      ________      ________      ________
 BYPARED        0.000
 BYFAMINC      -0.254         0.014
 PAROCC         0.159         0.271         0.018
 BYTXRSTD       0.795         1.481         0.229         0.484
 BYTXMSTD       1.146         1.923         0.796         0.266         0.556
 BYTXSSTD       0.354         0.082        -0.867         0.343         1.038
 BYTXHSTD      -0.089         1.290        -0.225         0.888         0.323
 HW_10         -0.262        -0.697        -1.179         0.435         0.497
 HW_12         -0.406         0.087        -1.343         0.448         0.969
 ENG_12         2.567         1.789         0.348         0.881         0.465
 MATH_12        1.896         0.468        -0.083         1.060         0.750
 SCI_12         1.666         0.983        -0.119         1.188         1.225
 SS_12          1.739         1.753         0.392         1.760         1.142
 MINORITY      -6.223        -7.752        -6.880        -2.972        -3.081


           Normalized Residuals for Covariances/Correlations/Residual Correlations
              BYTXSSTD      BYTXHSTD      HW_10         HW_12         ENG_12
              ________      ________      ________      ________      ________
 BYTXSSTD       0.515
 BYTXHSTD       0.992         0.538
 HW_10         -0.359        -0.529        -0.139
 HW_12         -0.159        -0.646        -0.040        -0.137
 ENG_12        -1.469        -0.588         0.115        -0.564         0.269
 MATH_12       -0.504        -0.513        -0.532        -0.114         0.272
 SCI_12        -0.699         0.045        -0.300        -0.349        -0.006
 SS_12         -0.813         0.076         0.147        -0.305         0.438
 MINORITY      -3.711        -3.114        -2.048        -1.480        -3.461


           Normalized Residuals for Covariances/Correlations/Residual Correlations
              MATH_12       SCI_12        SS_12         MINORITY
              ________      ________      ________      ________
 MATH_12        0.248
 SCI_12         0.868         0.085
 SS_12         -0.194         0.031         0.164
 MINORITY      -3.025        -3.830        -2.646         0.000


TECHNICAL 1 OUTPUT


     PARAMETER SPECIFICATION


           NU
              BYPARED       BYFAMINC      PAROCC        BYTXRSTD      BYTXMSTD
              ________      ________      ________      ________      ________
                  1             2             3             4             5


           NU
              BYTXSSTD      BYTXHSTD      HW_10         HW_12         ENG_12
              ________      ________      ________      ________      ________
                  6             7             8             9            10


           NU
              MATH_12       SCI_12        SS_12         MINORITY
              ________      ________      ________      ________
                 11            12            13             0


           LAMBDA
              FAMBACK       PREVACH       HW            GRADES        MINORITY
              ________      ________      ________      ________      ________
 BYPARED           14             0             0             0             0
 BYFAMINC          15             0             0             0             0
 PAROCC             0             0             0             0             0
 BYTXRSTD           0             0             0             0             0
 BYTXMSTD           0            16             0             0             0
 BYTXSSTD           0            17             0             0             0
 BYTXHSTD           0            18             0             0             0
 HW_10              0             0             0             0             0
 HW_12              0             0            19             0             0
 ENG_12             0             0             0             0             0
 MATH_12            0             0             0            20             0
 SCI_12             0             0             0            21             0
 SS_12              0             0             0            22             0
 MINORITY           0             0             0             0             0


           THETA
              BYPARED       BYFAMINC      PAROCC        BYTXRSTD      BYTXMSTD
              ________      ________      ________      ________      ________
 BYPARED           23
 BYFAMINC           0            24
 PAROCC             0             0            25
 BYTXRSTD           0             0             0            26
 BYTXMSTD           0             0             0             0            27
 BYTXSSTD           0             0             0             0             0
 BYTXHSTD           0             0             0             0             0
 HW_10              0             0             0             0             0
 HW_12              0             0             0             0             0
 ENG_12             0             0             0            32             0
 MATH_12            0             0             0             0            34
 SCI_12             0             0             0             0             0
 SS_12              0             0             0             0             0
 MINORITY           0             0             0             0             0


           THETA
              BYTXSSTD      BYTXHSTD      HW_10         HW_12         ENG_12
              ________      ________      ________      ________      ________
 BYTXSSTD          28
 BYTXHSTD           0            29
 HW_10              0             0            30
 HW_12              0             0             0            31
 ENG_12             0             0             0             0            33
 MATH_12            0             0             0             0             0
 SCI_12            36             0             0             0             0
 SS_12              0            38             0             0             0
 MINORITY           0             0             0             0             0


           THETA
              MATH_12       SCI_12        SS_12         MINORITY
              ________      ________      ________      ________
 MATH_12           35
 SCI_12             0            37
 SS_12              0             0            39
 MINORITY           0             0             0             0


           ALPHA
              FAMBACK       PREVACH       HW            GRADES        MINORITY
              ________      ________      ________      ________      ________
                  0             0             0             0             0


           BETA
              FAMBACK       PREVACH       HW            GRADES        MINORITY
              ________      ________      ________      ________      ________
 FAMBACK            0             0             0             0             0
 PREVACH           40             0             0             0            41
 HW                42            43             0             0            44
 GRADES             0            45            46             0             0
 MINORITY           0             0             0             0             0


           PSI
              FAMBACK       PREVACH       HW            GRADES        MINORITY
              ________      ________      ________      ________      ________
 FAMBACK           47
 PREVACH            0            48
 HW                 0             0            49
 GRADES             0             0             0            50
 MINORITY           0             0             0             0             0


     STARTING VALUES


           NU
              BYPARED       BYFAMINC      PAROCC        BYTXRSTD      BYTXMSTD
              ________      ________      ________      ________      ________
                3.129         9.854        51.663        51.389        51.617


           NU
              BYTXSSTD      BYTXHSTD      HW_10         HW_12         ENG_12
              ________      ________      ________      ________      ________
               51.294        51.494         2.529         3.366         6.130


           NU
              MATH_12       SCI_12        SS_12         MINORITY
              ________      ________      ________      ________
                5.543         5.793         6.242         0.000


           LAMBDA
              FAMBACK       PREVACH       HW            GRADES        MINORITY
              ________      ________      ________      ________      ________
 BYPARED        0.067         0.000         0.000         0.000         0.000
 BYFAMINC       0.121         0.000         0.000         0.000         0.000
 PAROCC         1.000         0.000         0.000         0.000         0.000
 BYTXRSTD       0.000         1.000         0.000         0.000         0.000
 BYTXMSTD       0.000         0.995         0.000         0.000         0.000
 BYTXSSTD       0.000         0.986         0.000         0.000         0.000
 BYTXHSTD       0.000         0.959         0.000         0.000         0.000
 HW_10          0.000         0.000         1.000         0.000         0.000
 HW_12          0.000         0.000         0.479         0.000         0.000
 ENG_12         0.000         0.000         0.000         1.000         0.000
 MATH_12        0.000         0.000         0.000         0.874         0.000
 SCI_12         0.000         0.000         0.000         0.955         0.000
 SS_12          0.000         0.000         0.000         1.041         0.000
 MINORITY       0.000         0.000         0.000         0.000         1.000


           THETA
              BYPARED       BYFAMINC      PAROCC        BYTXRSTD      BYTXMSTD
              ________      ________      ________      ________      ________
 BYPARED        0.796
 BYFAMINC       0.000         3.358
 PAROCC         0.000         0.000       227.085
 BYTXRSTD       0.000         0.000         0.000        49.656
 BYTXMSTD       0.000         0.000         0.000         0.000        48.870
 BYTXSSTD       0.000         0.000         0.000         0.000         0.000
 BYTXHSTD       0.000         0.000         0.000         0.000         0.000
 HW_10          0.000         0.000         0.000         0.000         0.000
 HW_12          0.000         0.000         0.000         0.000         0.000
 ENG_12         0.000         0.000         0.000         0.000         0.000
 MATH_12        0.000         0.000         0.000         0.000         0.000
 SCI_12         0.000         0.000         0.000         0.000         0.000
 SS_12          0.000         0.000         0.000         0.000         0.000
 MINORITY       0.000         0.000         0.000         0.000         0.000


           THETA
              BYTXSSTD      BYTXHSTD      HW_10         HW_12         ENG_12
              ________      ________      ________      ________      ________
 BYTXSSTD      49.393
 BYTXHSTD       0.000        46.445
 HW_10          0.000         0.000         1.421
 HW_12          0.000         0.000         0.000         1.929
 ENG_12         0.000         0.000         0.000         0.000         3.501
 MATH_12        0.000         0.000         0.000         0.000         0.000
 SCI_12         0.000         0.000         0.000         0.000         0.000
 SS_12          0.000         0.000         0.000         0.000         0.000
 MINORITY       0.000         0.000         0.000         0.000         0.000


           THETA
              MATH_12       SCI_12        SS_12         MINORITY
              ________      ________      ________      ________
 MATH_12        3.433
 SCI_12         0.000         3.468
 SS_12          0.000         0.000         3.938
 MINORITY       0.000         0.000         0.000         0.000


           ALPHA
              FAMBACK       PREVACH       HW            GRADES        MINORITY
              ________      ________      ________      ________      ________
                0.000         0.000         0.000         0.000         0.251


           BETA
              FAMBACK       PREVACH       HW            GRADES        MINORITY
              ________      ________      ________      ________      ________
 FAMBACK        0.000         0.000         0.000         0.000         0.000
 PREVACH        0.000         0.000         0.000         0.000         0.000
 HW             0.000         0.000         0.000         0.000         0.000
 GRADES         0.000         0.000         0.000         0.000         0.000
 MINORITY       0.000         0.000         0.000         0.000         0.000


           PSI
              FAMBACK       PREVACH       HW            GRADES        MINORITY
              ________      ________      ________      ________      ________
 FAMBACK        0.050
 PREVACH        0.000         0.050
 HW             0.000         0.000         0.050
 GRADES         0.000         0.000         0.000         0.050
 MINORITY       0.000         0.000         0.000         0.000         0.188


DIAGRAM INFORMATION

  Use View Diagram under the Diagram menu in the Mplus Editor to view the diagram.
  If running Mplus from the Mplus Diagrammer, the diagram opens automatically.

  Diagram output
    c:\users\tzkeith\documents\regression book 3\part 2\chap 22 latent interactions mlm\latent interaction\hw ach no int

     Beginning Time:  19:12:52
        Ending Time:  19:12:53
       Elapsed Time:  00:00:01



MUTHEN & MUTHEN
3463 Stoner Ave.
Los Angeles, CA  90066

Tel: (310) 391-9971
Fax: (310) 391-8971
Web: www.StatModel.com
Support: Support@StatModel.com

Copyright (c) 1998-2017 Muthen & Muthen
