Mplus VERSION 8
MUTHEN & MUTHEN
05/01/2018   1:44 PM

INPUT INSTRUCTIONS



  TITLE: Homework Achievement Latent curve in regression line?

  DATA:
    FILE IS HW latent 8-12.dat;
  VARIABLE:
       MISSING ARE ALL (-999);
           NAMES ARE
       bytxrstd
       bytxmstd
       bytxsstd
       bytxhstd
       parocc
       HW_10
       HW_12
       eng_12
       math_12
       sci_12
       ss_12
       Female
       byfaminc
       bypared
       Minority;



  USEVARIABLES ARE
      BYPARED	
      BYFAMINC	
      PAROCC	
      BYTXRSTD	
      BYTXMSTD	
      BYTXSSTD	
      BYTXHSTD	
      HW_10	
      HW_12	
      ENG_12	
      MATH_12	
      SCI_12	
      SS_12;

  ANALYSIS:
      TYPE=RANDOM;
      ALGORITHM=INTEGRATION;

  MODEL:


      FAMBACK BY
          PAROCC
          BYPARED	
          BYFAMINC;	

      PREVACH BY
          BYTXRSTD	
          BYTXMSTD	
          BYTXSSTD	
          BYTXHSTD;	

      HW BY
          HW_10
          HW_12;	

      GRADES BY
          ENG_12	
          MATH_12	
          SCI_12	
          SS_12;

      BYTXRSTD	WITH ENG_12;
      BYTXMSTD	WITH MATH_12;	
      BYTXSSTD	WITH SCI_12;
      BYTXHSTD	WITH SS_12;	

      HW_Sq | HW XWITH HW;

      PREVACH ON FAMBACK;
      GRADES ON PREVACH HW HW_Sq;
      HW ON PREVACH FAMBACK;


  OUTPUT:  SAMPSTAT STDYX RESIDUAL TECH1 TECH8;




INPUT READING TERMINATED NORMALLY



Homework Achievement Latent curve in regression line?

SUMMARY OF ANALYSIS

Number of groups                                                 1
Number of observations                                        1000

Number of dependent variables                                   13
Number of independent variables                                  0
Number of continuous latent variables                            5

Observed dependent variables

  Continuous
   BYPARED     BYFAMINC    PAROCC      BYTXRSTD    BYTXMSTD    BYTXSSTD
   BYTXHSTD    HW_10       HW_12       ENG_12      MATH_12     SCI_12
   SS_12

Continuous latent variables
   FAMBACK     PREVACH     HW          GRADES      HW_SQ


Estimator                                                      MLR
Information matrix                                        OBSERVED
Optimization Specifications for the Quasi-Newton Algorithm for
Continuous Outcomes
  Maximum number of iterations                                 100
  Convergence criterion                                  0.100D-05
Optimization Specifications for the EM Algorithm
  Maximum number of iterations                                 500
  Convergence criteria
    Loglikelihood change                                 0.100D-02
    Relative loglikelihood change                        0.100D-05
    Derivative                                           0.100D-02
Optimization Specifications for the M step of the EM Algorithm for
Categorical Latent variables
  Number of M step iterations                                    1
  M step convergence criterion                           0.100D-02
  Basis for M step termination                           ITERATION
Optimization Specifications for the M step of the EM Algorithm for
Censored, Binary or Ordered Categorical (Ordinal), Unordered
Categorical (Nominal) and Count Outcomes
  Number of M step iterations                                    1
  M step convergence criterion                           0.100D-02
  Basis for M step termination                           ITERATION
  Maximum value for logit thresholds                            15
  Minimum value for logit thresholds                           -15
  Minimum expected cell size for chi-square              0.100D-01
Maximum number of iterations for H1                           2000
Convergence criterion for H1                             0.100D-03
Optimization algorithm                                         EMA
Integration Specifications
  Type                                                    STANDARD
  Number of integration points                                  15
  Dimensions of numerical integration                            1
  Adaptive quadrature                                           ON
Cholesky                                                       OFF

Input data file(s)
  HW latent 8-12.dat
Input data format  FREE


SUMMARY OF DATA

     Number of missing data patterns            42


COVARIANCE COVERAGE OF DATA

Minimum covariance coverage value   0.100


     PROPORTION OF DATA PRESENT FOR Y


           Covariance Coverage
              BYPARED       BYFAMINC      PAROCC        BYTXRSTD      BYTXMSTD
              ________      ________      ________      ________      ________
 BYPARED        0.999
 BYFAMINC       0.957         0.958
 PAROCC         0.990         0.949         0.991
 BYTXRSTD       0.970         0.930         0.962         0.971
 BYTXMSTD       0.969         0.929         0.962         0.970         0.970
 BYTXSSTD       0.968         0.928         0.960         0.969         0.968
 BYTXHSTD       0.967         0.927         0.959         0.968         0.967
 HW_10          0.953         0.915         0.949         0.926         0.926
 HW_12          0.903         0.866         0.896         0.878         0.877
 ENG_12         0.979         0.940         0.972         0.953         0.952
 MATH_12        0.980         0.940         0.973         0.952         0.951
 SCI_12         0.985         0.945         0.977         0.957         0.956
 SS_12          0.988         0.948         0.980         0.960         0.959


           Covariance Coverage
              BYTXSSTD      BYTXHSTD      HW_10         HW_12         ENG_12
              ________      ________      ________      ________      ________
 BYTXSSTD       0.969
 BYTXHSTD       0.968         0.968
 HW_10          0.924         0.923         0.954
 HW_12          0.876         0.875         0.887         0.904
 ENG_12         0.951         0.950         0.940         0.892         0.980
 MATH_12        0.950         0.949         0.941         0.897         0.967
 SCI_12         0.955         0.954         0.946         0.898         0.973
 SS_12          0.958         0.957         0.948         0.901         0.974


           Covariance Coverage
              MATH_12       SCI_12        SS_12
              ________      ________      ________
 MATH_12        0.981
 SCI_12         0.972         0.986
 SS_12          0.976         0.982         0.989


SAMPLE STATISTICS


     ESTIMATED SAMPLE STATISTICS


           Means
              BYPARED       BYFAMINC      PAROCC        BYTXRSTD      BYTXMSTD
              ________      ________      ________      ________      ________
                3.128         9.841        51.386        51.259        51.494


           Means
              BYTXSSTD      BYTXHSTD      HW_10         HW_12         ENG_12
              ________      ________      ________      ________      ________
               51.181        51.375         2.482         3.288         6.075


           Means
              MATH_12       SCI_12        SS_12
              ________      ________      ________
                5.483         5.771         6.207


           Covariances
              BYPARED       BYFAMINC      PAROCC        BYTXRSTD      BYTXMSTD
              ________      ________      ________      ________      ________
 BYPARED        1.584
 BYFAMINC       1.955         6.734
 PAROCC        16.142        29.011       458.764
 BYTXRSTD       5.199         9.980        71.829        99.973
 BYTXMSTD       5.314        10.304        75.537        70.679        98.056
 BYTXSSTD       4.809         8.418        60.806        68.924        70.885
 BYTXHSTD       4.539         9.268        64.774        69.591        66.738
 HW_10          0.520         0.863         6.404         4.815         4.806
 HW_12          0.509         0.978         6.034         4.895         5.202
 ENG_12         1.335         2.273        15.794        14.120        13.115
 MATH_12        1.121         1.738        12.962        12.355        13.516
 SCI_12         1.180         1.996        14.100        13.411        13.343
 SS_12          1.293         2.374        16.382        15.257        14.481


           Covariances
              BYTXSSTD      BYTXHSTD      HW_10         HW_12         ENG_12
              ________      ________      ________      ________      ________
 BYTXSSTD     100.122
 BYTXHSTD      67.518        94.023
 HW_10          4.191         4.031         2.861
 HW_12          4.265         3.880         1.375         3.896
 ENG_12        10.955        11.574         1.550         1.438         7.120
 MATH_12       10.559        10.290         1.272         1.343         5.227
 SCI_12        11.666        11.709         1.429         1.414         5.656
 SS_12         12.199        13.107         1.643         1.566         6.302


           Covariances
              MATH_12       SCI_12        SS_12
              ________      ________      ________
 MATH_12        6.942
 SCI_12         5.182         7.001
 SS_12          5.351         5.939         7.911


           Correlations
              BYPARED       BYFAMINC      PAROCC        BYTXRSTD      BYTXMSTD
              ________      ________      ________      ________      ________
 BYPARED        1.000
 BYFAMINC       0.599         1.000
 PAROCC         0.599         0.522         1.000
 BYTXRSTD       0.413         0.385         0.335         1.000
 BYTXMSTD       0.426         0.401         0.356         0.714         1.000
 BYTXSSTD       0.382         0.324         0.284         0.689         0.715
 BYTXHSTD       0.372         0.368         0.312         0.718         0.695
 HW_10          0.244         0.197         0.177         0.285         0.287
 HW_12          0.205         0.191         0.143         0.248         0.266
 ENG_12         0.398         0.328         0.276         0.529         0.496
 MATH_12        0.338         0.254         0.230         0.469         0.518
 SCI_12         0.354         0.291         0.249         0.507         0.509
 SS_12          0.365         0.325         0.272         0.542         0.520


           Correlations
              BYTXSSTD      BYTXHSTD      HW_10         HW_12         ENG_12
              ________      ________      ________      ________      ________
 BYTXSSTD       1.000
 BYTXHSTD       0.696         1.000
 HW_10          0.248         0.246         1.000
 HW_12          0.216         0.203         0.412         1.000
 ENG_12         0.410         0.447         0.343         0.273         1.000
 MATH_12        0.401         0.403         0.285         0.258         0.743
 SCI_12         0.441         0.456         0.319         0.271         0.801
 SS_12          0.433         0.481         0.345         0.282         0.840


           Correlations
              MATH_12       SCI_12        SS_12
              ________      ________      ________
 MATH_12        1.000
 SCI_12         0.743         1.000
 SS_12          0.722         0.798         1.000


     MAXIMUM LOG-LIKELIHOOD VALUE FOR THE UNRESTRICTED (H1) MODEL IS -32048.152


UNIVARIATE SAMPLE STATISTICS


     UNIVARIATE HIGHER-ORDER MOMENT DESCRIPTIVE STATISTICS

         Variable/         Mean/     Skewness/   Minimum/ % with                Percentiles
        Sample Size      Variance    Kurtosis    Maximum  Min/Max      20%/60%    40%/80%    Median

     BYPARED               3.127       0.455       1.000    9.41%       2.000      3.000      3.000
             999.000       1.584      -0.048       6.000    5.81%       3.000      4.000
     BYFAMINC              9.852      -0.683       1.000    0.21%       8.000     10.000     10.000
             958.000       6.684       0.569      15.000    2.19%      11.000     12.000
     PAROCC               51.585      -0.673       7.320    2.93%      25.000     56.330     58.010
             991.000     455.441      -0.919      81.870    6.96%      66.090     66.180
     BYTXRSTD             51.297      -0.259      23.098    0.10%      41.914     48.412     52.473
             971.000      99.818      -0.866      67.499    3.81%      54.775     61.136
     BYTXMSTD             51.544       0.061      30.282    0.10%      41.990     47.880     51.268
             970.000      97.731      -1.048      71.222    0.41%      54.802     61.871
     BYTXSSTD             51.206       0.007      26.505    0.10%      42.231     48.951     51.238
             969.000      99.963      -0.573      75.973    0.10%      53.527     60.103
     BYTXHSTD             51.414      -0.315      24.183    0.10%      42.750     49.413     52.034
             968.000      93.747      -0.461      69.508    1.03%      54.000     60.770
     HW_10                 2.526       0.896       0.000    5.35%       1.000      2.000      2.000
             954.000       2.828       0.254       7.000    3.56%       2.000      4.000
     HW_12                 3.365       0.490       0.000    6.19%       2.000      3.000      3.000
             904.000       3.856      -0.271       8.000    3.76%       3.000      5.000
     ENG_12                6.123      -0.244       0.000    1.53%       3.600      5.370      6.370
             980.000       7.002      -0.728      11.250    0.20%       7.180      8.600
     MATH_12               5.522       0.004       0.000    1.94%       3.000      4.800      5.500
             981.000       6.871      -0.740      11.500    0.20%       6.330      8.000
     SCI_12                5.788      -0.106       0.000    1.42%       3.500      5.000      6.000
             986.000       6.934      -0.706      11.500    0.20%       6.570      8.000
     SS_12                 6.233      -0.346       0.000    2.12%       3.670      5.670      6.500
             989.000       7.855      -0.679      11.670    0.10%       7.290      8.860


THE MODEL ESTIMATION TERMINATED NORMALLY



MODEL FIT INFORMATION

Number of Free Parameters                       49

Loglikelihood

          H0 Value                      -32097.719
          H0 Scaling Correction Factor      1.0282
            for MLR

Information Criteria

          Akaike (AIC)                   64293.438
          Bayesian (BIC)                 64533.918
          Sample-Size Adjusted BIC       64378.291
            (n* = (n + 2) / 24)



MODEL RESULTS

                                                    Two-Tailed
                    Estimate       S.E.  Est./S.E.    P-Value

 FAMBACK  BY
    PAROCC             1.000      0.000    999.000    999.000
    BYPARED            0.069      0.003     22.117      0.000
    BYFAMINC           0.124      0.006     21.762      0.000

 PREVACH  BY
    BYTXRSTD           1.000      0.000    999.000    999.000
    BYTXMSTD           0.988      0.028     35.885      0.000
    BYTXSSTD           0.960      0.029     32.713      0.000
    BYTXHSTD           0.943      0.028     34.204      0.000

 HW       BY
    HW_10              1.000      0.000    999.000    999.000
    HW_12              0.953      0.130      7.314      0.000

 GRADES   BY
    ENG_12             1.000      0.000    999.000    999.000
    MATH_12            0.876      0.023     37.732      0.000
    SCI_12             0.961      0.022     44.256      0.000
    SS_12              1.050      0.021     50.437      0.000

 PREVACH    ON
    FAMBACK            0.325      0.021     15.396      0.000

 GRADES     ON
    PREVACH            0.137      0.012     11.716      0.000
    HW                 0.771      0.130      5.949      0.000
    HW_SQ             -0.181      0.045     -4.047      0.000

 HW         ON
    PREVACH            0.044      0.008      5.268      0.000
    FAMBACK            0.019      0.005      4.178      0.000

 BYTXRSTD WITH
    ENG_12             0.473      0.256      1.849      0.064

 BYTXMSTD WITH
    MATH_12            1.577      0.318      4.958      0.000

 BYTXSSTD WITH
    SCI_12             0.465      0.319      1.457      0.145

 BYTXHSTD WITH
    SS_12              0.277      0.305      0.908      0.364

 Intercepts
    BYPARED            3.127      0.040     78.546      0.000
    BYFAMINC           9.841      0.083    118.213      0.000
    PAROCC            51.384      0.682     75.385      0.000
    BYTXRSTD          51.256      0.319    160.572      0.000
    BYTXMSTD          51.492      0.316    163.080      0.000
    BYTXSSTD          51.178      0.320    159.999      0.000
    BYTXHSTD          51.372      0.310    165.638      0.000
    HW_10              2.473      0.054     45.630      0.000
    HW_12              3.271      0.066     49.262      0.000
    ENG_12             6.338      0.117     54.043      0.000
    MATH_12            5.713      0.108     52.763      0.000
    SCI_12             6.024      0.113     53.248      0.000
    SS_12              6.484      0.123     52.907      0.000

 Variances
    FAMBACK          231.133     16.921     13.659      0.000

 Residual Variances
    BYPARED            0.484      0.043     11.308      0.000
    BYFAMINC           3.158      0.237     13.349      0.000
    PAROCC           227.471     12.678     17.943      0.000
    BYTXRSTD          27.456      1.763     15.574      0.000
    BYTXMSTD          26.746      1.631     16.403      0.000
    BYTXSSTD          32.925      1.863     17.673      0.000
    BYTXHSTD          29.205      1.809     16.147      0.000
    HW_10              1.413      0.224      6.298      0.000
    HW_12              2.601      0.203     12.835      0.000
    ENG_12             1.158      0.086     13.445      0.000
    MATH_12            2.358      0.124     19.060      0.000
    SCI_12             1.543      0.100     15.399      0.000
    SS_12              1.371      0.112     12.285      0.000
    PREVACH           48.369      3.144     15.382      0.000
    HW                 1.117      0.226      4.940      0.000
    GRADES             2.804      0.227     12.369      0.000


STANDARDIZED MODEL RESULTS


STDYX Standardization

                                                    Two-Tailed
                    Estimate       S.E.  Est./S.E.    P-Value

 FAMBACK  BY
    PAROCC             0.710      0.020     35.928      0.000
    BYPARED            0.833      0.018     47.273      0.000
    BYFAMINC           0.729      0.021     34.922      0.000

 PREVACH  BY
    BYTXRSTD           0.852      0.011     79.185      0.000
    BYTXMSTD           0.852      0.010     81.492      0.000
    BYTXSSTD           0.819      0.012     67.191      0.000
    BYTXHSTD           0.830      0.012     68.561      0.000

 HW       BY
    HW_10              0.714      0.055     13.015      0.000
    HW_12              0.582      0.043     13.617      0.000

 GRADES   BY
    ENG_12             0.918      0.007    126.070      0.000
    MATH_12            0.817      0.013     63.343      0.000
    SCI_12             0.887      0.009     99.226      0.000
    SS_12              0.912      0.008    111.206      0.000

 PREVACH    ON
    FAMBACK            0.579      0.028     20.562      0.000

 GRADES     ON
    PREVACH            0.472      0.038     12.325      0.000
    HW                 0.376      0.049      7.674      0.000
    HW_SQ             -0.107      0.027     -3.947      0.000

 HW         ON
    PREVACH            0.307      0.057      5.415      0.000
    FAMBACK            0.241      0.058      4.172      0.000

 BYTXRSTD WITH
    ENG_12             0.084      0.045      1.871      0.061

 BYTXMSTD WITH
    MATH_12            0.199      0.038      5.232      0.000

 BYTXSSTD WITH
    SCI_12             0.065      0.044      1.471      0.141

 BYTXHSTD WITH
    SS_12              0.044      0.048      0.916      0.360

 Intercepts
    BYPARED            2.485      0.054     46.270      0.000
    BYFAMINC           3.792      0.115     32.837      0.000
    PAROCC             2.399      0.065     36.899      0.000
    BYTXRSTD           5.121      0.100     51.179      0.000
    BYTXMSTD           5.207      0.086     60.855      0.000
    BYTXSSTD           5.117      0.103     49.695      0.000
    BYTXHSTD           5.303      0.118     44.909      0.000
    HW_10              1.457      0.032     44.860      0.000
    HW_12              1.649      0.042     39.365      0.000
    ENG_12             2.342      0.060     39.161      0.000
    MATH_12            2.146      0.052     41.293      0.000
    SCI_12             2.239      0.056     40.134      0.000
    SS_12              2.269      0.061     37.367      0.000

 Variances
    FAMBACK            1.000      0.000    999.000    999.000

 Residual Variances
    BYPARED            0.305      0.029     10.387      0.000
    BYFAMINC           0.469      0.030     15.415      0.000
    PAROCC             0.496      0.028     17.680      0.000
    BYTXRSTD           0.274      0.018     14.947      0.000
    BYTXMSTD           0.273      0.018     15.339      0.000
    BYTXSSTD           0.329      0.020     16.488      0.000
    BYTXHSTD           0.311      0.020     15.485      0.000
    HW_10              0.491      0.078      6.269      0.000
    HW_12              0.661      0.050     13.299      0.000
    ENG_12             0.158      0.013     11.841      0.000
    MATH_12            0.333      0.021     15.803      0.000
    SCI_12             0.213      0.016     13.437      0.000
    SS_12              0.168      0.015     11.212      0.000
    PREVACH            0.665      0.033     20.416      0.000
    HW                 0.762      0.046     16.641      0.000
    GRADES             0.455      0.037     12.324      0.000


R-SQUARE

    Observed                                        Two-Tailed
    Variable        Estimate       S.E.  Est./S.E.    P-Value

    BYPARED            0.695      0.029     23.636      0.000
    BYFAMINC           0.531      0.030     17.461      0.000
    PAROCC             0.504      0.028     17.964      0.000
    BYTXRSTD           0.726      0.018     39.593      0.000
    BYTXMSTD           0.727      0.018     40.746      0.000
    BYTXSSTD           0.671      0.020     33.596      0.000
    BYTXHSTD           0.689      0.020     34.280      0.000
    HW_10              0.509      0.078      6.507      0.000
    HW_12              0.339      0.050      6.809      0.000
    ENG_12             0.842      0.013     63.035      0.000
    MATH_12            0.667      0.021     31.671      0.000
    SCI_12             0.787      0.016     49.613      0.000
    SS_12              0.832      0.015     55.603      0.000

     Latent                                         Two-Tailed
    Variable        Estimate       S.E.  Est./S.E.    P-Value

    PREVACH            0.335      0.033     10.281      0.000
    HW                 0.238      0.046      5.212      0.000
    GRADES             0.545      0.037     14.772      0.000


QUALITY OF NUMERICAL RESULTS

     Condition Number for the Information Matrix              0.284E-04
       (ratio of smallest to largest eigenvalue)


RESIDUAL OUTPUT


     ESTIMATED MODEL AND RESIDUALS (OBSERVED - ESTIMATED)


           Model Estimated Means
              BYPARED       BYFAMINC      PAROCC        BYTXRSTD      BYTXMSTD
              ________      ________      ________      ________      ________
                3.127         9.841        51.384        51.256        51.492


           Model Estimated Means
              BYTXSSTD      BYTXHSTD      HW_10         HW_12         ENG_12
              ________      ________      ________      ________      ________
               51.178        51.372         2.473         3.271         6.072


           Model Estimated Means
              MATH_12       SCI_12        SS_12
              ________      ________      ________
                5.480         5.769         6.206


           Residuals for Means
              BYPARED       BYFAMINC      PAROCC        BYTXRSTD      BYTXMSTD
              ________      ________      ________      ________      ________
                0.000         0.011         0.201         0.041         0.052


           Residuals for Means
              BYTXSSTD      BYTXHSTD      HW_10         HW_12         ENG_12
              ________      ________      ________      ________      ________
                0.028         0.042         0.053         0.094         0.051


           Residuals for Means
              MATH_12       SCI_12        SS_12
              ________      ________      ________
                0.042         0.020         0.028


           Model Estimated Covariances
              BYPARED       BYFAMINC      PAROCC        BYTXRSTD      BYTXMSTD
              ________      ________      ________      ________      ________
 BYPARED        1.584
 BYFAMINC       1.984         6.735
 PAROCC        15.948        28.754       458.604
 BYTXRSTD       5.177         9.334        75.032       100.183
 BYTXMSTD       5.117         9.226        74.161        71.883        97.795
 BYTXSSTD       4.972         8.965        72.065        69.851        69.041
 BYTXHSTD       4.881         8.801        70.746        68.572        67.777
 HW_10          0.533         0.960         7.718         4.616         4.562
 HW_12          0.507         0.915         7.354         4.398         4.347
 ENG_12         1.121         2.022        16.251        14.016        13.386
 MATH_12        0.982         1.770        14.229        11.858        13.297
 SCI_12         1.078         1.943        15.622        13.019        12.868
 SS_12          1.177         2.123        17.065        14.221        14.056


           Model Estimated Covariances
              BYTXSSTD      BYTXHSTD      HW_10         HW_12         ENG_12
              ________      ________      ________      ________      ________
 BYTXSSTD     100.014
 BYTXHSTD      65.861        93.860
 HW_10          4.433         4.352         2.880
 HW_12          4.224         4.147         1.398         3.933
 ENG_12        13.008        12.770         1.765         1.681         7.322
 MATH_12       11.389        11.180         1.545         1.472         5.397
 SCI_12        12.968        12.275         1.696         1.616         5.926
 SS_12         13.659        13.686         1.853         1.766         6.473


           Model Estimated Covariances
              MATH_12       SCI_12        SS_12
              ________      ________      ________
 MATH_12        7.083
 SCI_12         5.188         7.239
 SS_12          5.667         6.222         8.168


           Residuals for Covariances
              BYPARED       BYFAMINC      PAROCC        BYTXRSTD      BYTXMSTD
              ________      ________      ________      ________      ________
 BYPARED        0.000
 BYFAMINC      -0.034        -0.051
 PAROCC         0.579         3.572        -3.163
 BYTXRSTD       0.614         1.867         4.724        -0.365
 BYTXMSTD       0.736         3.165         7.742        -0.817        -0.064
 BYTXSSTD       0.424         1.245        -4.995        -2.118         2.024
 BYTXHSTD       0.252         2.085         2.647         0.416        -0.013
 HW_10          0.069         0.039        -0.815         1.469         1.248
 HW_12          0.225         0.481         2.106         2.053         2.065
 ENG_12         0.293         0.247         1.290         1.427         1.004
 MATH_12        0.199         0.081        -0.284         1.417         1.323
 SCI_12         0.153         0.170        -0.146         1.168         1.211
 SS_12          0.131         0.275         0.645         1.898         1.247


           Residuals for Covariances
              BYTXSSTD      BYTXHSTD      HW_10         HW_12         ENG_12
              ________      ________      ________      ________      ________
 BYTXSSTD      -0.051
 BYTXHSTD       2.351        -0.113
 HW_10          0.882         0.746        -0.052
 HW_12          1.136         0.844         0.138        -0.077
 ENG_12        -0.890         0.121         0.088         0.778        -0.321
 MATH_12       -0.029         0.015        -0.001         0.556         0.103
 SCI_12        -0.789         0.238        -0.076         0.674        -0.122
 SS_12         -0.678         0.229         0.080         0.751         0.080


           Residuals for Covariances
              MATH_12       SCI_12        SS_12
              ________      ________      ________
 MATH_12       -0.213
 SCI_12         0.114        -0.304
 SS_12         -0.122        -0.282        -0.313


TECHNICAL 1 OUTPUT


     PARAMETER SPECIFICATION


           NU
              BYPARED       BYFAMINC      PAROCC        BYTXRSTD      BYTXMSTD
              ________      ________      ________      ________      ________
                    1             2             3             4             5


           NU
              BYTXSSTD      BYTXHSTD      HW_10         HW_12         ENG_12
              ________      ________      ________      ________      ________
                    6             7             8             9            10


           NU
              MATH_12       SCI_12        SS_12
              ________      ________      ________
                   11            12            13


           LAMBDA
              FAMBACK       PREVACH       HW            GRADES        HW_SQ
              ________      ________      ________      ________      ________
 BYPARED           14             0             0             0             0
 BYFAMINC          15             0             0             0             0
 PAROCC             0             0             0             0             0
 BYTXRSTD           0             0             0             0             0
 BYTXMSTD           0            16             0             0             0
 BYTXSSTD           0            17             0             0             0
 BYTXHSTD           0            18             0             0             0
 HW_10              0             0             0             0             0
 HW_12              0             0            19             0             0
 ENG_12             0             0             0             0             0
 MATH_12            0             0             0            20             0
 SCI_12             0             0             0            21             0
 SS_12              0             0             0            22             0


           THETA
              BYPARED       BYFAMINC      PAROCC        BYTXRSTD      BYTXMSTD
              ________      ________      ________      ________      ________
 BYPARED           23
 BYFAMINC           0            24
 PAROCC             0             0            25
 BYTXRSTD           0             0             0            26
 BYTXMSTD           0             0             0             0            27
 BYTXSSTD           0             0             0             0             0
 BYTXHSTD           0             0             0             0             0
 HW_10              0             0             0             0             0
 HW_12              0             0             0             0             0
 ENG_12             0             0             0            32             0
 MATH_12            0             0             0             0            34
 SCI_12             0             0             0             0             0
 SS_12              0             0             0             0             0


           THETA
              BYTXSSTD      BYTXHSTD      HW_10         HW_12         ENG_12
              ________      ________      ________      ________      ________
 BYTXSSTD          28
 BYTXHSTD           0            29
 HW_10              0             0            30
 HW_12              0             0             0            31
 ENG_12             0             0             0             0            33
 MATH_12            0             0             0             0             0
 SCI_12            36             0             0             0             0
 SS_12              0            38             0             0             0


           THETA
              MATH_12       SCI_12        SS_12
              ________      ________      ________
 MATH_12           35
 SCI_12             0            37
 SS_12              0             0            39


           ALPHA
              FAMBACK       PREVACH       HW            GRADES        HW_SQ
              ________      ________      ________      ________      ________
                    0             0             0             0             0


           BETA
              FAMBACK       PREVACH       HW            GRADES        HW_SQ
              ________      ________      ________      ________      ________
 FAMBACK            0             0             0             0             0
 PREVACH           40             0             0             0             0
 HW                41            42             0             0             0
 GRADES             0            43            44             0            45
 HW_SQ              0             0             0             0             0


           PSI
              FAMBACK       PREVACH       HW            GRADES        HW_SQ
              ________      ________      ________      ________      ________
 FAMBACK           46
 PREVACH            0            47
 HW                 0             0            48
 GRADES             0             0             0            49
 HW_SQ              0             0             0             0             0


     STARTING VALUES


           NU
              BYPARED       BYFAMINC      PAROCC        BYTXRSTD      BYTXMSTD
              ________      ________      ________      ________      ________
                3.127         9.852        51.585        51.297        51.544


           NU
              BYTXSSTD      BYTXHSTD      HW_10         HW_12         ENG_12
              ________      ________      ________      ________      ________
               51.206        51.414         2.526         3.365         6.123


           NU
              MATH_12       SCI_12        SS_12
              ________      ________      ________
                5.522         5.788         6.233


           LAMBDA
              FAMBACK       PREVACH       HW            GRADES        HW_SQ
              ________      ________      ________      ________      ________
 BYPARED        1.000         0.000         0.000         0.000         0.000
 BYFAMINC       1.000         0.000         0.000         0.000         0.000
 PAROCC         1.000         0.000         0.000         0.000         0.000
 BYTXRSTD       0.000         1.000         0.000         0.000         0.000
 BYTXMSTD       0.000         1.000         0.000         0.000         0.000
 BYTXSSTD       0.000         1.000         0.000         0.000         0.000
 BYTXHSTD       0.000         1.000         0.000         0.000         0.000
 HW_10          0.000         0.000         1.000         0.000         0.000
 HW_12          0.000         0.000         1.000         0.000         0.000
 ENG_12         0.000         0.000         0.000         1.000         0.000
 MATH_12        0.000         0.000         0.000         1.000         0.000
 SCI_12         0.000         0.000         0.000         1.000         0.000
 SS_12          0.000         0.000         0.000         1.000         0.000


           THETA
              BYPARED       BYFAMINC      PAROCC        BYTXRSTD      BYTXMSTD
              ________      ________      ________      ________      ________
 BYPARED        0.792
 BYFAMINC       0.000         3.342
 PAROCC         0.000         0.000       227.721
 BYTXRSTD       0.000         0.000         0.000        49.909
 BYTXMSTD       0.000         0.000         0.000         0.000        48.866
 BYTXSSTD       0.000         0.000         0.000         0.000         0.000
 BYTXHSTD       0.000         0.000         0.000         0.000         0.000
 HW_10          0.000         0.000         0.000         0.000         0.000
 HW_12          0.000         0.000         0.000         0.000         0.000
 ENG_12         0.000         0.000         0.000         0.000         0.000
 MATH_12        0.000         0.000         0.000         0.000         0.000
 SCI_12         0.000         0.000         0.000         0.000         0.000
 SS_12          0.000         0.000         0.000         0.000         0.000


           THETA
              BYTXSSTD      BYTXHSTD      HW_10         HW_12         ENG_12
              ________      ________      ________      ________      ________
 BYTXSSTD      49.982
 BYTXHSTD       0.000        46.874
 HW_10          0.000         0.000         1.414
 HW_12          0.000         0.000         0.000         1.928
 ENG_12         0.000         0.000         0.000         0.000         3.501
 MATH_12        0.000         0.000         0.000         0.000         0.000
 SCI_12         0.000         0.000         0.000         0.000         0.000
 SS_12          0.000         0.000         0.000         0.000         0.000


           THETA
              MATH_12       SCI_12        SS_12
              ________      ________      ________
 MATH_12        3.435
 SCI_12         0.000         3.467
 SS_12          0.000         0.000         3.927


           ALPHA
              FAMBACK       PREVACH       HW            GRADES        HW_SQ
              ________      ________      ________      ________      ________
                0.000         0.000         0.000         0.000         0.000


           BETA
              FAMBACK       PREVACH       HW            GRADES        HW_SQ
              ________      ________      ________      ________      ________
 FAMBACK        0.000         0.000         0.000         0.000         0.000
 PREVACH        0.000         0.000         0.000         0.000         0.000
 HW             0.000         0.000         0.000         0.000         0.000
 GRADES         0.000         0.000         0.000         0.000         0.000
 HW_SQ          0.000         0.000         0.000         0.000         0.000


           PSI
              FAMBACK       PREVACH       HW            GRADES        HW_SQ
              ________      ________      ________      ________      ________
 FAMBACK        0.050
 PREVACH        0.000         0.050
 HW             0.000         0.000         0.050
 GRADES         0.000         0.000         0.000         0.050
 HW_SQ          0.000         0.000         0.000         0.000         0.000


TECHNICAL 8 OUTPUT


   E STEP  ITER  LOGLIKELIHOOD    ABS CHANGE   REL CHANGE  ALGORITHM
              1 -0.37608308D+05    0.0000000    0.0000000  EM
              2 -0.32246538D+05 5361.7703243    0.1425688  EM
              3 -0.32228241D+05   18.2970020    0.0005674  EM
              4 -0.32210177D+05   18.0639889    0.0005605  EM
              5 -0.32195572D+05   14.6048133    0.0004534  EM
              6 -0.32185712D+05    9.8593724    0.0003062  EM
              7 -0.32179751D+05    5.9615828    0.0001852  EM
              8 -0.32176243D+05    3.5077528    0.0001090  EM
              9 -0.32174078D+05    2.1648726    0.0000673  EM
             10 -0.32172602D+05    1.4764755    0.0000459  EM
             11 -0.32171471D+05    1.1308504    0.0000351  EM
             12 -0.32170514D+05    0.9565368    0.0000297  EM
             13 -0.32169647D+05    0.8676070    0.0000270  EM
             14 -0.32168824D+05    0.8225011    0.0000256  EM
             15 -0.32168023D+05    0.8010461    0.0000249  EM
             16 -0.32167230D+05    0.7931316    0.0000247  EM
             17 -0.32166437D+05    0.7934238    0.0000247  EM
             18 -0.32165638D+05    0.7989239    0.0000248  EM
             19 -0.32164830D+05    0.8078840    0.0000251  EM
             20 -0.32164011D+05    0.8191940    0.0000255  EM
             21 -0.32163178D+05    0.8321228    0.0000259  EM
             22 -0.32162332D+05    0.8462646    0.0000263  EM
             23 -0.32161471D+05    0.8611848    0.0000268  EM
             24 -0.32160594D+05    0.8766928    0.0000273  EM
             25 -0.32159702D+05    0.8926239    0.0000278  EM
             26 -0.32158793D+05    0.9088348    0.0000283  EM
             27 -0.32157868D+05    0.9252150    0.0000288  EM
             28 -0.32156926D+05    0.9416695    0.0000293  EM
             29 -0.32155968D+05    0.9581127    0.0000298  EM
             30 -0.32154993D+05    0.9744643    0.0000303  EM
             31 -0.32154003D+05    0.9906459    0.0000308  EM
             32 -0.32152996D+05    1.0065817    0.0000313  EM
             33 -0.32151974D+05    1.0221943    0.0000318  EM
             34 -0.32150937D+05    1.0374065    0.0000323  EM
             35 -0.32149884D+05    1.0521356    0.0000327  EM
             36 -0.32148818D+05    1.0663190    0.0000332  EM
             37 -0.32147738D+05    1.0798645    0.0000336  EM
             38 -0.32146646D+05    1.0927019    0.0000340  EM
             39 -0.32145541D+05    1.1047577    0.0000344  EM
             40 -0.32144425D+05    1.1159612    0.0000347  EM
             41 -0.32143299D+05    1.1262465    0.0000350  EM
             42 -0.32142163D+05    1.1355530    0.0000353  EM
             43 -0.32141019D+05    1.1438260    0.0000356  EM
             44 -0.32139868D+05    1.1510158    0.0000358  EM
             45 -0.32138711D+05    1.1570835    0.0000360  EM
             46 -0.32137549D+05    1.1619958    0.0000362  EM
             47 -0.32136383D+05    1.1657282    0.0000363  EM
             48 -0.32135215D+05    1.1682636    0.0000364  EM
             49 -0.32134046D+05    1.1695930    0.0000364  EM
             50 -0.32132876D+05    1.1697129    0.0000364  EM
             51 -0.32131707D+05    1.1686280    0.0000364  EM
             52 -0.32130541D+05    1.1663436    0.0000363  EM
             53 -0.32129378D+05    1.1628702    0.0000362  EM
             54 -0.32128220D+05    1.1582164    0.0000360  EM
             55 -0.32127067D+05    1.1523893    0.0000359  EM
             56 -0.32125922D+05    1.1453939    0.0000357  EM
             57 -0.32124785D+05    1.1372251    0.0000354  EM
             58 -0.32123657D+05    1.1278704    0.0000351  EM
             59 -0.32122540D+05    1.1173029    0.0000348  EM
             60 -0.32121434D+05    1.1054950    0.0000344  EM
             61 -0.32120226D+05    1.2078261    0.0000376  QN
             62 -0.32118268D+05    1.9579337    0.0000610  EM
             63 -0.32117162D+05    1.1065951    0.0000345  EM
             64 -0.32116110D+05    1.0516689    0.0000327  EM
             65 -0.32115094D+05    1.0156617    0.0000316  EM
             66 -0.32114108D+05    0.9861744    0.0000307  EM
             67 -0.32113150D+05    0.9585871    0.0000298  EM
             68 -0.32112219D+05    0.9310034    0.0000290  EM
             69 -0.32111316D+05    0.9025647    0.0000281  EM
             70 -0.32110443D+05    0.8728660    0.0000272  EM
             71 -0.32109601D+05    0.8417321    0.0000262  EM
             72 -0.32108792D+05    0.8091555    0.0000252  EM
             73 -0.32108017D+05    0.7752126    0.0000241  EM
             74 -0.32107277D+05    0.7400950    0.0000231  EM
             75 -0.32106573D+05    0.7040322    0.0000219  EM
             76 -0.32105906D+05    0.6673203    0.0000208  EM
             77 -0.32105275D+05    0.6302692    0.0000196  EM
             78 -0.32104682D+05    0.5932078    0.0000185  EM
             79 -0.32104126D+05    0.5564591    0.0000173  EM
             80 -0.32103605D+05    0.5203275    0.0000162  EM
             81 -0.32103120D+05    0.4850891    0.0000151  EM
             82 -0.32102669D+05    0.4509788    0.0000140  EM
             83 -0.32102251D+05    0.4181948    0.0000130  EM
             84 -0.32101864D+05    0.3868856    0.0000121  EM
             85 -0.32101507D+05    0.3571573    0.0000111  EM
             86 -0.32099795D+05    1.7123846    0.0000533  FS
             87 -0.32098310D+05    1.4843872    0.0000462  EM
             88 -0.32098079D+05    0.2315791    0.0000072  EM
             89 -0.32097750D+05    0.3284621    0.0000102  QN
             90 -0.32097721D+05    0.0292134    0.0000009  EM
             91 -0.32097720D+05    0.0015571    0.0000000  EM
             92 -0.32097719D+05    0.0007543    0.0000000  EM


DIAGRAM INFORMATION

  Use View Diagram under the Diagram menu in the Mplus Editor to view the diagram.
  If running Mplus from the Mplus Diagrammer, the diagram opens automatically.

  Diagram output
    c:\users\tzkeith\documents\regression book 3\part 2\chap 22 latent interactions mlm\latent interaction\hw grades\hw

     Beginning Time:  13:44:49
        Ending Time:  13:44:51
       Elapsed Time:  00:00:02



MUTHEN & MUTHEN
3463 Stoner Ave.
Los Angeles, CA  90066

Tel: (310) 391-9971
Fax: (310) 391-8971
Web: www.StatModel.com
Support: Support@StatModel.com

Copyright (c) 1998-2017 Muthen & Muthen
