Mplus VERSION 8
MUTHEN & MUTHEN
04/29/2018   1:07 PM

INPUT INSTRUCTIONS



  TITLE: Homework Achievement Latent curve in regression line?

  DATA:
    FILE IS HW latent 8-12.dat;
  VARIABLE:
       MISSING ARE ALL (-999);
           NAMES ARE
       bytxrstd
       bytxmstd
       bytxsstd
       bytxhstd
       parocc
       HW_10
       HW_12
       eng_12
       math_12
       sci_12
       ss_12
       Female
       byfaminc
       bypared
       Minority;



  USEVARIABLES ARE
      Minority
      BYPARED	
      BYFAMINC	
      PAROCC	
      BYTXRSTD	
      BYTXMSTD	
      BYTXSSTD	
      BYTXHSTD	
      HW_10	
      HW_12	
      ENG_12	
      MATH_12	
      SCI_12	
      SS_12;

  ANALYSIS:
      TYPE=RANDOM;
      ALGORITHM=INTEGRATION;

  MODEL:


      FAMBACK BY
          PAROCC
          BYPARED	
          BYFAMINC;	

      PREVACH BY
          BYTXRSTD	
          BYTXMSTD	
          BYTXSSTD	
          BYTXHSTD;	

      HW BY
          HW_10
          HW_12;	

      GRADES BY
          ENG_12	
          MATH_12	
          SCI_12	
          SS_12;

      BYTXRSTD	WITH ENG_12;
      BYTXMSTD	WITH MATH_12;	
      BYTXSSTD	WITH SCI_12;
      BYTXHSTD	WITH SS_12;	
      Minority    WITH FAMBACK;

      PREVACH ON FAMBACK Minority;
      GRADES ON PREVACH HW;
      HW ON PREVACH FAMBACK Minority;
      HW_Sq | HW XWITH HW;
      GRADES on HW_Sq@0;



  OUTPUT:  SAMPSTAT STDYX RESIDUAL TECH1 TECH8;




INPUT READING TERMINATED NORMALLY



Homework Achievement Latent curve in regression line?

SUMMARY OF ANALYSIS

Number of groups                                                 1
Number of observations                                        1000

Number of dependent variables                                   13
Number of independent variables                                  1
Number of continuous latent variables                            5

Observed dependent variables

  Continuous
   BYPARED     BYFAMINC    PAROCC      BYTXRSTD    BYTXMSTD    BYTXSSTD
   BYTXHSTD    HW_10       HW_12       ENG_12      MATH_12     SCI_12
   SS_12

Observed independent variables
   MINORITY

Continuous latent variables
   FAMBACK     PREVACH     HW          GRADES      HW_SQ


Estimator                                                      MLR
Information matrix                                        OBSERVED
Optimization Specifications for the Quasi-Newton Algorithm for
Continuous Outcomes
  Maximum number of iterations                                 100
  Convergence criterion                                  0.100D-05
Optimization Specifications for the EM Algorithm
  Maximum number of iterations                                 500
  Convergence criteria
    Loglikelihood change                                 0.100D-02
    Relative loglikelihood change                        0.100D-05
    Derivative                                           0.100D-02
Optimization Specifications for the M step of the EM Algorithm for
Categorical Latent variables
  Number of M step iterations                                    1
  M step convergence criterion                           0.100D-02
  Basis for M step termination                           ITERATION
Optimization Specifications for the M step of the EM Algorithm for
Censored, Binary or Ordered Categorical (Ordinal), Unordered
Categorical (Nominal) and Count Outcomes
  Number of M step iterations                                    1
  M step convergence criterion                           0.100D-02
  Basis for M step termination                           ITERATION
  Maximum value for logit thresholds                            15
  Minimum value for logit thresholds                           -15
  Minimum expected cell size for chi-square              0.100D-01
Maximum number of iterations for H1                           2000
Convergence criterion for H1                             0.100D-03
Optimization algorithm                                         EMA
Integration Specifications
  Type                                                    STANDARD
  Number of integration points                                  15
  Dimensions of numerical integration                            1
  Adaptive quadrature                                           ON
Cholesky                                                       OFF

Input data file(s)
  HW latent 8-12.dat
Input data format  FREE


SUMMARY OF DATA

     Number of missing data patterns            46


COVARIANCE COVERAGE OF DATA

Minimum covariance coverage value   0.100


     PROPORTION OF DATA PRESENT FOR Y


           Covariance Coverage
              BYPARED       BYFAMINC      PAROCC        BYTXRSTD      BYTXMSTD
              ________      ________      ________      ________      ________
 BYPARED        0.999
 BYFAMINC       0.957         0.958
 PAROCC         0.990         0.949         0.991
 BYTXRSTD       0.970         0.930         0.962         0.971
 BYTXMSTD       0.969         0.929         0.962         0.970         0.970
 BYTXSSTD       0.968         0.928         0.960         0.969         0.968
 BYTXHSTD       0.967         0.927         0.959         0.968         0.967
 HW_10          0.953         0.915         0.949         0.926         0.926
 HW_12          0.903         0.866         0.896         0.878         0.877
 ENG_12         0.979         0.940         0.972         0.953         0.952
 MATH_12        0.980         0.940         0.973         0.952         0.951
 SCI_12         0.985         0.945         0.977         0.957         0.956
 SS_12          0.988         0.948         0.980         0.960         0.959
 MINORITY       0.990         0.951         0.982         0.963         0.962


           Covariance Coverage
              BYTXSSTD      BYTXHSTD      HW_10         HW_12         ENG_12
              ________      ________      ________      ________      ________
 BYTXSSTD       0.969
 BYTXHSTD       0.968         0.968
 HW_10          0.924         0.923         0.954
 HW_12          0.876         0.875         0.887         0.904
 ENG_12         0.951         0.950         0.940         0.892         0.980
 MATH_12        0.950         0.949         0.941         0.897         0.967
 SCI_12         0.955         0.954         0.946         0.898         0.973
 SS_12          0.958         0.957         0.948         0.901         0.974
 MINORITY       0.961         0.960         0.945         0.897         0.971


           Covariance Coverage
              MATH_12       SCI_12        SS_12         MINORITY
              ________      ________      ________      ________
 MATH_12        0.981
 SCI_12         0.972         0.986
 SS_12          0.976         0.982         0.989
 MINORITY       0.972         0.977         0.980         0.991


SAMPLE STATISTICS


     ESTIMATED SAMPLE STATISTICS


           Means
              BYPARED       BYFAMINC      PAROCC        BYTXRSTD      BYTXMSTD
              ________      ________      ________      ________      ________
                3.128         9.839        51.384        51.254        51.490


           Means
              BYTXSSTD      BYTXHSTD      HW_10         HW_12         ENG_12
              ________      ________      ________      ________      ________
               51.172        51.369         2.483         3.287         6.075


           Means
              MATH_12       SCI_12        SS_12         MINORITY
              ________      ________      ________      ________
                5.483         5.771         6.207         0.252


           Covariances
              BYPARED       BYFAMINC      PAROCC        BYTXRSTD      BYTXMSTD
              ________      ________      ________      ________      ________
 BYPARED        1.584
 BYFAMINC       1.954         6.738
 PAROCC        16.143        29.086       458.848
 BYTXRSTD       5.190         9.981        71.828        99.962
 BYTXMSTD       5.306        10.315        75.508        70.664        98.038
 BYTXSSTD       4.796         8.416        60.719        68.888        70.859
 BYTXHSTD       4.529         9.260        64.805        69.574        66.725
 HW_10          0.520         0.865         6.440         4.811         4.807
 HW_12          0.510         0.989         6.131         4.902         5.219
 ENG_12         1.335         2.271        15.816        14.121        13.114
 MATH_12        1.121         1.735        12.998        12.348        13.509
 SCI_12         1.180         1.995        14.121        13.421        13.353
 SS_12          1.293         2.375        16.411        15.259        14.484
 MINORITY      -0.110        -0.289        -2.083        -0.914        -0.921


           Covariances
              BYTXSSTD      BYTXHSTD      HW_10         HW_12         ENG_12
              ________      ________      ________      ________      ________
 BYTXSSTD     100.089
 BYTXHSTD      67.498        94.012
 HW_10          4.198         4.030         2.860
 HW_12          4.280         3.889         1.375         3.898
 ENG_12        10.952        11.571         1.548         1.438         7.120
 MATH_12       10.544        10.281         1.270         1.339         5.227
 SCI_12        11.677        11.716         1.428         1.412         5.658
 SS_12         12.199        13.106         1.641         1.565         6.302
 MINORITY      -1.004        -0.895        -0.023        -0.015        -0.181


           Covariances
              MATH_12       SCI_12        SS_12         MINORITY
              ________      ________      ________      ________
 MATH_12        6.942
 SCI_12         5.184         7.003
 SS_12          5.353         5.941         7.913
 MINORITY      -0.158        -0.191        -0.158         0.188


           Correlations
              BYPARED       BYFAMINC      PAROCC        BYTXRSTD      BYTXMSTD
              ________      ________      ________      ________      ________
 BYPARED        1.000
 BYFAMINC       0.598         1.000
 PAROCC         0.599         0.523         1.000
 BYTXRSTD       0.412         0.385         0.335         1.000
 BYTXMSTD       0.426         0.401         0.356         0.714         1.000
 BYTXSSTD       0.381         0.324         0.283         0.689         0.715
 BYTXHSTD       0.371         0.368         0.312         0.718         0.695
 HW_10          0.244         0.197         0.178         0.285         0.287
 HW_12          0.205         0.193         0.145         0.248         0.267
 ENG_12         0.398         0.328         0.277         0.529         0.496
 MATH_12        0.338         0.254         0.230         0.469         0.518
 SCI_12         0.354         0.290         0.249         0.507         0.510
 SS_12          0.365         0.325         0.272         0.543         0.520
 MINORITY      -0.201        -0.257        -0.224        -0.211        -0.214


           Correlations
              BYTXSSTD      BYTXHSTD      HW_10         HW_12         ENG_12
              ________      ________      ________      ________      ________
 BYTXSSTD       1.000
 BYTXHSTD       0.696         1.000
 HW_10          0.248         0.246         1.000
 HW_12          0.217         0.203         0.412         1.000
 ENG_12         0.410         0.447         0.343         0.273         1.000
 MATH_12        0.400         0.402         0.285         0.257         0.744
 SCI_12         0.441         0.457         0.319         0.270         0.801
 SS_12          0.433         0.481         0.345         0.282         0.840
 MINORITY      -0.231        -0.213        -0.032        -0.018        -0.157


           Correlations
              MATH_12       SCI_12        SS_12         MINORITY
              ________      ________      ________      ________
 MATH_12        1.000
 SCI_12         0.744         1.000
 SS_12          0.722         0.798         1.000
 MINORITY      -0.138        -0.167        -0.129         1.000


     MAXIMUM LOG-LIKELIHOOD VALUE FOR THE UNRESTRICTED (H1) MODEL IS -32569.824


UNIVARIATE SAMPLE STATISTICS


     UNIVARIATE HIGHER-ORDER MOMENT DESCRIPTIVE STATISTICS

         Variable/         Mean/     Skewness/   Minimum/ % with                Percentiles
        Sample Size      Variance    Kurtosis    Maximum  Min/Max      20%/60%    40%/80%    Median

     BYPARED               3.127       0.455       1.000    9.41%       2.000      3.000      3.000
             999.000       1.584      -0.048       6.000    5.81%       3.000      4.000
     BYFAMINC              9.852      -0.683       1.000    0.21%       8.000     10.000     10.000
             958.000       6.684       0.569      15.000    2.19%      11.000     12.000
     PAROCC               51.585      -0.673       7.320    2.93%      25.000     56.330     58.010
             991.000     455.441      -0.919      81.870    6.96%      66.090     66.180
     BYTXRSTD             51.297      -0.259      23.098    0.10%      41.914     48.412     52.473
             971.000      99.818      -0.866      67.499    3.81%      54.775     61.136
     BYTXMSTD             51.544       0.061      30.282    0.10%      41.990     47.880     51.268
             970.000      97.731      -1.048      71.222    0.41%      54.802     61.871
     BYTXSSTD             51.206       0.007      26.505    0.10%      42.231     48.951     51.238
             969.000      99.963      -0.573      75.973    0.10%      53.527     60.103
     BYTXHSTD             51.414      -0.315      24.183    0.10%      42.750     49.413     52.034
             968.000      93.747      -0.461      69.508    1.03%      54.000     60.770
     HW_10                 2.526       0.896       0.000    5.35%       1.000      2.000      2.000
             954.000       2.828       0.254       7.000    3.56%       2.000      4.000
     HW_12                 3.365       0.490       0.000    6.19%       2.000      3.000      3.000
             904.000       3.856      -0.271       8.000    3.76%       3.000      5.000
     ENG_12                6.123      -0.244       0.000    1.53%       3.600      5.370      6.370
             980.000       7.002      -0.728      11.250    0.20%       7.180      8.600
     MATH_12               5.522       0.004       0.000    1.94%       3.000      4.800      5.500
             981.000       6.871      -0.740      11.500    0.20%       6.330      8.000
     SCI_12                5.788      -0.106       0.000    1.42%       3.500      5.000      6.000
             986.000       6.934      -0.706      11.500    0.20%       6.570      8.000
     SS_12                 6.233      -0.346       0.000    2.12%       3.670      5.670      6.500
             989.000       7.855      -0.679      11.670    0.10%       7.290      8.860
     MINORITY              0.251       1.147       0.000   74.87%       0.000      0.000      0.000
             991.000       0.188      -0.685       1.000   25.13%       0.000      1.000


THE MODEL ESTIMATION TERMINATED NORMALLY



MODEL FIT INFORMATION

Number of Free Parameters                       53

Loglikelihood

          H0 Value                      -32636.579
          H0 Scaling Correction Factor      1.0090
            for MLR

Information Criteria

          Akaike (AIC)                   65379.159
          Bayesian (BIC)                 65639.270
          Sample-Size Adjusted BIC       65470.939
            (n* = (n + 2) / 24)



MODEL RESULTS

                                                    Two-Tailed
                    Estimate       S.E.  Est./S.E.    P-Value

 FAMBACK  BY
    PAROCC             1.000      0.000    999.000    999.000
    BYPARED            0.068      0.003     22.425      0.000
    BYFAMINC           0.125      0.006     21.350      0.000

 PREVACH  BY
    BYTXRSTD           1.000      0.000    999.000    999.000
    BYTXMSTD           0.989      0.027     35.949      0.000
    BYTXSSTD           0.961      0.029     32.784      0.000
    BYTXHSTD           0.943      0.028     34.108      0.000

 HW       BY
    HW_10              1.000      0.000    999.000    999.000
    HW_12              1.021      0.105      9.769      0.000

 GRADES   BY
    ENG_12             1.000      0.000    999.000    999.000
    MATH_12            0.876      0.023     37.676      0.000
    SCI_12             0.961      0.022     44.116      0.000
    SS_12              1.049      0.021     50.599      0.000

 PREVACH    ON
    FAMBACK            0.307      0.022     14.170      0.000

 GRADES     ON
    PREVACH            0.140      0.012     12.057      0.000
    HW                 0.660      0.117      5.655      0.000
    HW_SQ              0.000      0.000    999.000    999.000

 HW         ON
    PREVACH            0.047      0.008      5.923      0.000
    FAMBACK            0.020      0.005      4.293      0.000

 PREVACH    ON
    MINORITY          -1.970      0.629     -3.130      0.002

 HW         ON
    MINORITY           0.304      0.107      2.831      0.005

 MINORITY WITH
    FAMBACK           -1.914      0.250     -7.653      0.000

 BYTXRSTD WITH
    ENG_12             0.484      0.255      1.897      0.058

 BYTXMSTD WITH
    MATH_12            1.567      0.317      4.938      0.000

 BYTXSSTD WITH
    SCI_12             0.445      0.319      1.394      0.163

 BYTXHSTD WITH
    SS_12              0.283      0.306      0.923      0.356

 Means
    MINORITY           0.252      0.014     18.269      0.000

 Intercepts
    BYPARED            3.128      0.040     78.544      0.000
    BYFAMINC           9.840      0.083    118.212      0.000
    PAROCC            51.382      0.682     75.373      0.000
    BYTXRSTD          51.749      0.347    149.073      0.000
    BYTXMSTD          51.979      0.350    148.425      0.000
    BYTXSSTD          51.651      0.342    150.963      0.000
    BYTXHSTD          51.835      0.335    154.679      0.000
    HW_10              2.429      0.061     39.928      0.000
    HW_12              3.225      0.073     44.459      0.000
    ENG_12             6.108      0.091     67.208      0.000
    MATH_12            5.512      0.089     62.092      0.000
    SCI_12             5.803      0.090     64.200      0.000
    SS_12              6.243      0.095     65.448      0.000

 Variances
    MINORITY           0.188      0.007     27.458      0.000
    FAMBACK          234.076     17.023     13.751      0.000

 Residual Variances
    BYPARED            0.508      0.042     12.036      0.000
    BYFAMINC           3.090      0.236     13.107      0.000
    PAROCC           224.797     12.580     17.869      0.000
    BYTXRSTD          27.482      1.758     15.633      0.000
    BYTXMSTD          26.759      1.617     16.544      0.000
    BYTXSSTD          32.860      1.862     17.652      0.000
    BYTXHSTD          29.249      1.809     16.167      0.000
    HW_10              1.527      0.161      9.494      0.000
    HW_12              2.521      0.185     13.595      0.000
    ENG_12             1.155      0.086     13.413      0.000
    MATH_12            2.348      0.124     18.998      0.000
    SCI_12             1.540      0.100     15.360      0.000
    SS_12              1.384      0.111     12.418      0.000
    PREVACH           47.607      3.108     15.318      0.000
    HW                 0.974      0.156      6.264      0.000
    GRADES             3.068      0.204     15.024      0.000


STANDARDIZED MODEL RESULTS


STDYX Standardization

                                                    Two-Tailed
                    Estimate       S.E.  Est./S.E.    P-Value

 FAMBACK  BY
    PAROCC             0.714      0.020     36.430      0.000
    BYPARED            0.824      0.018     46.493      0.000
    BYFAMINC           0.736      0.021     35.592      0.000

 PREVACH  BY
    BYTXRSTD           0.852      0.011     79.333      0.000
    BYTXMSTD           0.852      0.010     82.059      0.000
    BYTXSSTD           0.819      0.012     67.453      0.000
    BYTXHSTD           0.830      0.012     68.263      0.000

 HW       BY
    HW_10              0.683      0.040     17.077      0.000
    HW_12              0.596      0.037     16.054      0.000

 GRADES   BY
    ENG_12             0.915      0.007    124.064      0.000
    MATH_12            0.812      0.013     62.198      0.000
    SCI_12             0.884      0.009     97.746      0.000
    SS_12              0.908      0.008    110.199      0.000

 PREVACH    ON
    FAMBACK            0.551      0.031     18.018      0.000

 GRADES     ON
    PREVACH            0.491      0.038     12.765      0.000
    HW                 0.313      0.047      6.630      0.000
    HW_SQ              0.000      0.000    999.000    999.000

 HW         ON
    PREVACH            0.348      0.055      6.350      0.000
    FAMBACK            0.260      0.060      4.332      0.000

 PREVACH    ON
    MINORITY          -0.100      0.032     -3.131      0.002

 HW         ON
    MINORITY           0.114      0.041      2.810      0.005

 MINORITY WITH
    FAMBACK           -0.288      0.034     -8.543      0.000

 BYTXRSTD WITH
    ENG_12             0.086      0.045      1.920      0.055

 BYTXMSTD WITH
    MATH_12            0.198      0.038      5.210      0.000

 BYTXSSTD WITH
    SCI_12             0.063      0.044      1.408      0.159

 BYTXHSTD WITH
    SS_12              0.044      0.048      0.931      0.352

 Means
    MINORITY           0.581      0.021     27.369      0.000

 Intercepts
    BYPARED            2.485      0.054     46.278      0.000
    BYFAMINC           3.791      0.115     32.845      0.000
    PAROCC             2.399      0.065     36.895      0.000
    BYTXRSTD           5.170      0.101     51.193      0.000
    BYTXMSTD           5.255      0.087     60.355      0.000
    BYTXSSTD           5.165      0.103     49.988      0.000
    BYTXHSTD           5.350      0.118     45.188      0.000
    HW_10              1.436      0.036     40.164      0.000
    HW_12              1.631      0.044     37.050      0.000
    ENG_12             2.294      0.058     39.390      0.000
    MATH_12            2.098      0.051     41.421      0.000
    SCI_12             2.190      0.054     40.368      0.000
    SS_12              2.219      0.059     37.591      0.000

 Variances
    MINORITY           1.000      0.000    999.000    999.000
    FAMBACK            1.000      0.000    999.000    999.000

 Residual Variances
    BYPARED            0.321      0.029     10.977      0.000
    BYFAMINC           0.459      0.030     15.087      0.000
    PAROCC             0.490      0.028     17.493      0.000
    BYTXRSTD           0.274      0.018     14.991      0.000
    BYTXMSTD           0.274      0.018     15.449      0.000
    BYTXSSTD           0.329      0.020     16.504      0.000
    BYTXHSTD           0.312      0.020     15.451      0.000
    HW_10              0.534      0.055      9.782      0.000
    HW_12              0.645      0.044     14.572      0.000
    ENG_12             0.163      0.013     12.074      0.000
    MATH_12            0.340      0.021     16.026      0.000
    SCI_12             0.219      0.016     13.725      0.000
    SS_12              0.175      0.015     11.677      0.000
    PREVACH            0.655      0.032     20.296      0.000
    HW                 0.731      0.044     16.687      0.000
    GRADES             0.517      0.029     17.618      0.000


R-SQUARE

    Observed                                        Two-Tailed
    Variable        Estimate       S.E.  Est./S.E.    P-Value

    BYPARED            0.679      0.029     23.246      0.000
    BYFAMINC           0.541      0.030     17.796      0.000
    PAROCC             0.510      0.028     18.215      0.000
    BYTXRSTD           0.726      0.018     39.666      0.000
    BYTXMSTD           0.726      0.018     41.030      0.000
    BYTXSSTD           0.671      0.020     33.726      0.000
    BYTXHSTD           0.688      0.020     34.132      0.000
    HW_10              0.466      0.055      8.539      0.000
    HW_12              0.355      0.044      8.027      0.000
    ENG_12             0.837      0.013     62.032      0.000
    MATH_12            0.660      0.021     31.099      0.000
    SCI_12             0.781      0.016     48.873      0.000
    SS_12              0.825      0.015     55.100      0.000

     Latent                                         Two-Tailed
    Variable        Estimate       S.E.  Est./S.E.    P-Value

    PREVACH            0.345      0.032     10.706      0.000
    HW                 0.269      0.044      6.136      0.000
    GRADES             0.483      0.029     16.468      0.000


QUALITY OF NUMERICAL RESULTS

     Condition Number for the Information Matrix              0.144E-06
       (ratio of smallest to largest eigenvalue)


RESIDUAL OUTPUT


     ESTIMATED MODEL AND RESIDUALS (OBSERVED - ESTIMATED)


           Model Estimated Means
              BYPARED       BYFAMINC      PAROCC        BYTXRSTD      BYTXMSTD
              ________      ________      ________      ________      ________
                3.128         9.840        51.382        51.252        51.488


           Model Estimated Means
              BYTXSSTD      BYTXHSTD      HW_10         HW_12         ENG_12
              ________      ________      ________      ________      ________
               51.173        51.367         2.482         3.280         6.074


           Model Estimated Means
              MATH_12       SCI_12        SS_12         MINORITY
              ________      ________      ________      ________
                5.482         5.770         6.207         0.252


           Residuals for Means
              BYPARED       BYFAMINC      PAROCC        BYTXRSTD      BYTXMSTD
              ________      ________      ________      ________      ________
               -0.001         0.012         0.203         0.045         0.056


           Residuals for Means
              BYTXSSTD      BYTXHSTD      HW_10         HW_12         ENG_12
              ________      ________      ________      ________      ________
                0.033         0.047         0.044         0.085         0.049


           Residuals for Means
              MATH_12       SCI_12        SS_12         MINORITY
              ________      ________      ________      ________
                0.041         0.018         0.026        -0.001


           Model Estimated Covariances
              BYPARED       BYFAMINC      PAROCC        BYTXRSTD      BYTXMSTD
              ________      ________      ________      ________      ________
 BYPARED        1.584
 BYFAMINC       1.980         6.735
 PAROCC        15.870        29.210       458.874
 BYTXRSTD       5.128         9.439        75.640       100.201
 BYTXMSTD       5.070         9.331        74.775        71.888        97.825
 BYTXSSTD       4.928         9.070        72.685        69.879        69.080
 BYTXHSTD       4.834         8.897        71.299        68.546        67.762
 HW_10          0.513         0.945         7.573         4.617         4.564
 HW_12          0.524         0.965         7.731         4.714         4.660
 ENG_12         1.058         1.948        15.611        13.734        13.098
 MATH_12        0.927         1.707        13.680        11.610        13.045
 SCI_12         1.017         1.872        15.005        12.735        12.589
 SS_12          1.110         2.043        16.375        13.898        13.739
 MINORITY      -0.130        -0.239        -1.914        -0.958        -0.947


           Model Estimated Covariances
              BYTXSSTD      BYTXHSTD      HW_10         HW_12         ENG_12
              ________      ________      ________      ________      ________
 BYTXSSTD     100.009
 BYTXHSTD      65.869        93.861
 HW_10          4.437         4.352         2.859
 HW_12          4.529         4.443         1.360         3.910
 ENG_12        12.732        12.489         1.528         1.559         7.090
 MATH_12       11.157        10.944         1.339         1.367         5.201
 SCI_12        12.682        12.004         1.468         1.499         5.704
 SS_12         13.355        13.383         1.602         1.636         6.225
 MINORITY      -0.921        -0.903        -0.026        -0.026        -0.151


           Model Estimated Covariances
              MATH_12       SCI_12        SS_12         MINORITY
              ________      ________      ________      ________
 MATH_12        6.906
 SCI_12         4.998         7.022
 SS_12          5.455         5.983         7.914
 MINORITY      -0.133        -0.145        -0.159         0.188


           Residuals for Covariances
              BYPARED       BYFAMINC      PAROCC        BYTXRSTD      BYTXMSTD
              ________      ________      ________      ________      ________
 BYPARED        0.000
 BYFAMINC      -0.031        -0.052
 PAROCC         0.657         3.116        -3.432
 BYTXRSTD       0.663         1.763         4.116        -0.384
 BYTXMSTD       0.783         3.060         7.129        -0.822        -0.093
 BYTXSSTD       0.469         1.140        -5.615        -2.146         1.985
 BYTXHSTD       0.299         1.989         2.094         0.442         0.002
 HW_10          0.088         0.054        -0.670         1.468         1.246
 HW_12          0.209         0.431         1.729         1.738         1.752
 ENG_12         0.356         0.321         1.930         1.710         1.292
 MATH_12        0.254         0.144         0.265         1.665         1.575
 SCI_12         0.214         0.241         0.471         1.452         1.489
 SS_12          0.198         0.354         1.334         2.221         1.564
 MINORITY       0.021        -0.096        -0.245        -0.084        -0.144


           Residuals for Covariances
              BYTXSSTD      BYTXHSTD      HW_10         HW_12         ENG_12
              ________      ________      ________      ________      ________
 BYTXSSTD      -0.046
 BYTXHSTD       2.343        -0.114
 HW_10          0.879         0.747        -0.031
 HW_12          0.832         0.548         0.175        -0.054
 ENG_12        -0.614         0.401         0.325         0.900        -0.089
 MATH_12        0.203         0.251         0.206         0.661         0.300
 SCI_12        -0.503         0.509         0.152         0.791         0.099
 SS_12         -0.375         0.531         0.330         0.880         0.327
 MINORITY      -0.296        -0.239        -0.012        -0.016        -0.036


           Residuals for Covariances
              MATH_12       SCI_12        SS_12         MINORITY
              ________      ________      ________      ________
 MATH_12       -0.035
 SCI_12         0.304        -0.088
 SS_12          0.090        -0.043        -0.059
 MINORITY      -0.027        -0.039         0.006         0.000


TECHNICAL 1 OUTPUT


     PARAMETER SPECIFICATION


           NU
              BYPARED       BYFAMINC      PAROCC        BYTXRSTD      BYTXMSTD
              ________      ________      ________      ________      ________
                    1             2             3             4             5


           NU
              BYTXSSTD      BYTXHSTD      HW_10         HW_12         ENG_12
              ________      ________      ________      ________      ________
                    6             7             8             9            10


           NU
              MATH_12       SCI_12        SS_12         MINORITY
              ________      ________      ________      ________
                   11            12            13             0


           LAMBDA
              FAMBACK       PREVACH       HW            GRADES        HW_SQ
              ________      ________      ________      ________      ________
 BYPARED           14             0             0             0             0
 BYFAMINC          15             0             0             0             0
 PAROCC             0             0             0             0             0
 BYTXRSTD           0             0             0             0             0
 BYTXMSTD           0            16             0             0             0
 BYTXSSTD           0            17             0             0             0
 BYTXHSTD           0            18             0             0             0
 HW_10              0             0             0             0             0
 HW_12              0             0            19             0             0
 ENG_12             0             0             0             0             0
 MATH_12            0             0             0            20             0
 SCI_12             0             0             0            21             0
 SS_12              0             0             0            22             0
 MINORITY           0             0             0             0             0


           LAMBDA
              MINORITY
              ________
 BYPARED            0
 BYFAMINC           0
 PAROCC             0
 BYTXRSTD           0
 BYTXMSTD           0
 BYTXSSTD           0
 BYTXHSTD           0
 HW_10              0
 HW_12              0
 ENG_12             0
 MATH_12            0
 SCI_12             0
 SS_12              0
 MINORITY           0


           THETA
              BYPARED       BYFAMINC      PAROCC        BYTXRSTD      BYTXMSTD
              ________      ________      ________      ________      ________
 BYPARED           23
 BYFAMINC           0            24
 PAROCC             0             0            25
 BYTXRSTD           0             0             0            26
 BYTXMSTD           0             0             0             0            27
 BYTXSSTD           0             0             0             0             0
 BYTXHSTD           0             0             0             0             0
 HW_10              0             0             0             0             0
 HW_12              0             0             0             0             0
 ENG_12             0             0             0            32             0
 MATH_12            0             0             0             0            34
 SCI_12             0             0             0             0             0
 SS_12              0             0             0             0             0
 MINORITY           0             0             0             0             0


           THETA
              BYTXSSTD      BYTXHSTD      HW_10         HW_12         ENG_12
              ________      ________      ________      ________      ________
 BYTXSSTD          28
 BYTXHSTD           0            29
 HW_10              0             0            30
 HW_12              0             0             0            31
 ENG_12             0             0             0             0            33
 MATH_12            0             0             0             0             0
 SCI_12            36             0             0             0             0
 SS_12              0            38             0             0             0
 MINORITY           0             0             0             0             0


           THETA
              MATH_12       SCI_12        SS_12         MINORITY
              ________      ________      ________      ________
 MATH_12           35
 SCI_12             0            37
 SS_12              0             0            39
 MINORITY           0             0             0             0


           ALPHA
              FAMBACK       PREVACH       HW            GRADES        HW_SQ
              ________      ________      ________      ________      ________
                    0             0             0             0             0


           ALPHA
              MINORITY
              ________
                   40


           BETA
              FAMBACK       PREVACH       HW            GRADES        HW_SQ
              ________      ________      ________      ________      ________
 FAMBACK            0             0             0             0             0
 PREVACH           41             0             0             0             0
 HW                43            44             0             0             0
 GRADES             0            46            47             0             0
 HW_SQ              0             0             0             0             0
 MINORITY           0             0             0             0             0


           BETA
              MINORITY
              ________
 FAMBACK            0
 PREVACH           42
 HW                45
 GRADES             0
 HW_SQ              0
 MINORITY           0


           PSI
              FAMBACK       PREVACH       HW            GRADES        HW_SQ
              ________      ________      ________      ________      ________
 FAMBACK           48
 PREVACH            0            49
 HW                 0             0            50
 GRADES             0             0             0            51
 HW_SQ              0             0             0             0             0
 MINORITY          52             0             0             0             0


           PSI
              MINORITY
              ________
 MINORITY          53


     STARTING VALUES


           NU
              BYPARED       BYFAMINC      PAROCC        BYTXRSTD      BYTXMSTD
              ________      ________      ________      ________      ________
                3.127         9.852        51.585        51.297        51.544


           NU
              BYTXSSTD      BYTXHSTD      HW_10         HW_12         ENG_12
              ________      ________      ________      ________      ________
               51.206        51.414         2.526         3.365         6.123


           NU
              MATH_12       SCI_12        SS_12         MINORITY
              ________      ________      ________      ________
                5.522         5.788         6.233         0.000


           LAMBDA
              FAMBACK       PREVACH       HW            GRADES        HW_SQ
              ________      ________      ________      ________      ________
 BYPARED        1.000         0.000         0.000         0.000         0.000
 BYFAMINC       1.000         0.000         0.000         0.000         0.000
 PAROCC         1.000         0.000         0.000         0.000         0.000
 BYTXRSTD       0.000         1.000         0.000         0.000         0.000
 BYTXMSTD       0.000         1.000         0.000         0.000         0.000
 BYTXSSTD       0.000         1.000         0.000         0.000         0.000
 BYTXHSTD       0.000         1.000         0.000         0.000         0.000
 HW_10          0.000         0.000         1.000         0.000         0.000
 HW_12          0.000         0.000         1.000         0.000         0.000
 ENG_12         0.000         0.000         0.000         1.000         0.000
 MATH_12        0.000         0.000         0.000         1.000         0.000
 SCI_12         0.000         0.000         0.000         1.000         0.000
 SS_12          0.000         0.000         0.000         1.000         0.000
 MINORITY       0.000         0.000         0.000         0.000         0.000


           LAMBDA
              MINORITY
              ________
 BYPARED        0.000
 BYFAMINC       0.000
 PAROCC         0.000
 BYTXRSTD       0.000
 BYTXMSTD       0.000
 BYTXSSTD       0.000
 BYTXHSTD       0.000
 HW_10          0.000
 HW_12          0.000
 ENG_12         0.000
 MATH_12        0.000
 SCI_12         0.000
 SS_12          0.000
 MINORITY       1.000


           THETA
              BYPARED       BYFAMINC      PAROCC        BYTXRSTD      BYTXMSTD
              ________      ________      ________      ________      ________
 BYPARED        0.792
 BYFAMINC       0.000         3.342
 PAROCC         0.000         0.000       227.721
 BYTXRSTD       0.000         0.000         0.000        49.909
 BYTXMSTD       0.000         0.000         0.000         0.000        48.866
 BYTXSSTD       0.000         0.000         0.000         0.000         0.000
 BYTXHSTD       0.000         0.000         0.000         0.000         0.000
 HW_10          0.000         0.000         0.000         0.000         0.000
 HW_12          0.000         0.000         0.000         0.000         0.000
 ENG_12         0.000         0.000         0.000         0.000         0.000
 MATH_12        0.000         0.000         0.000         0.000         0.000
 SCI_12         0.000         0.000         0.000         0.000         0.000
 SS_12          0.000         0.000         0.000         0.000         0.000
 MINORITY       0.000         0.000         0.000         0.000         0.000


           THETA
              BYTXSSTD      BYTXHSTD      HW_10         HW_12         ENG_12
              ________      ________      ________      ________      ________
 BYTXSSTD      49.982
 BYTXHSTD       0.000        46.874
 HW_10          0.000         0.000         1.414
 HW_12          0.000         0.000         0.000         1.928
 ENG_12         0.000         0.000         0.000         0.000         3.501
 MATH_12        0.000         0.000         0.000         0.000         0.000
 SCI_12         0.000         0.000         0.000         0.000         0.000
 SS_12          0.000         0.000         0.000         0.000         0.000
 MINORITY       0.000         0.000         0.000         0.000         0.000


           THETA
              MATH_12       SCI_12        SS_12         MINORITY
              ________      ________      ________      ________
 MATH_12        3.435
 SCI_12         0.000         3.467
 SS_12          0.000         0.000         3.927
 MINORITY       0.000         0.000         0.000         0.000


           ALPHA
              FAMBACK       PREVACH       HW            GRADES        HW_SQ
              ________      ________      ________      ________      ________
                0.000         0.000         0.000         0.000         0.000


           ALPHA
              MINORITY
              ________
                0.251


           BETA
              FAMBACK       PREVACH       HW            GRADES        HW_SQ
              ________      ________      ________      ________      ________
 FAMBACK        0.000         0.000         0.000         0.000         0.000
 PREVACH        0.000         0.000         0.000         0.000         0.000
 HW             0.000         0.000         0.000         0.000         0.000
 GRADES         0.000         0.000         0.000         0.000         0.000
 HW_SQ          0.000         0.000         0.000         0.000         0.000
 MINORITY       0.000         0.000         0.000         0.000         0.000


           BETA
              MINORITY
              ________
 FAMBACK        0.000
 PREVACH        0.000
 HW             0.000
 GRADES         0.000
 HW_SQ          0.000
 MINORITY       0.000


           PSI
              FAMBACK       PREVACH       HW            GRADES        HW_SQ
              ________      ________      ________      ________      ________
 FAMBACK        0.050
 PREVACH        0.000         0.050
 HW             0.000         0.000         0.050
 GRADES         0.000         0.000         0.000         0.050
 HW_SQ          0.000         0.000         0.000         0.000         0.000
 MINORITY       0.000         0.000         0.000         0.000         0.000


           PSI
              MINORITY
              ________
 MINORITY       0.094


TECHNICAL 8 OUTPUT


   E STEP  ITER  LOGLIKELIHOOD    ABS CHANGE   REL CHANGE  ALGORITHM
              1 -0.38338726D+05    0.0000000    0.0000000  EM
              2 -0.32780738D+05 5557.9882280    0.1449706  EM
              3 -0.32761846D+05   18.8918414    0.0005763  EM
              4 -0.32743175D+05   18.6710660    0.0005699  EM
              5 -0.32728291D+05   14.8841502    0.0004546  EM
              6 -0.32718684D+05    9.6062243    0.0002935  EM
              7 -0.32713359D+05    5.3250671    0.0001628  EM
              8 -0.32710570D+05    2.7892512    0.0000853  EM
              9 -0.32709010D+05    1.5605079    0.0000477  EM
             10 -0.32707972D+05    1.0374861    0.0000317  EM
             11 -0.32707137D+05    0.8346838    0.0000255  EM
             12 -0.32706373D+05    0.7640854    0.0000234  EM
             13 -0.32705628D+05    0.7456077    0.0000228  EM
             14 -0.32704880D+05    0.7474202    0.0000229  EM
             15 -0.32704123D+05    0.7572623    0.0000232  EM
             16 -0.32703353D+05    0.7704431    0.0000236  EM
             17 -0.32702567D+05    0.7851448    0.0000240  EM
             18 -0.32701767D+05    0.8006383    0.0000245  EM
             19 -0.32700950D+05    0.8166140    0.0000250  EM
             20 -0.32700117D+05    0.8329261    0.0000255  EM
             21 -0.32699268D+05    0.8494985    0.0000260  EM
             22 -0.32698402D+05    0.8662732    0.0000265  EM
             23 -0.32697518D+05    0.8832183    0.0000270  EM
             24 -0.32696618D+05    0.9002980    0.0000275  EM
             25 -0.32695701D+05    0.9174778    0.0000281  EM
             26 -0.32694766D+05    0.9347238    0.0000286  EM
             27 -0.32693814D+05    0.9519996    0.0000291  EM
             28 -0.32692845D+05    0.9692690    0.0000296  EM
             29 -0.32691858D+05    0.9864907    0.0000302  EM
             30 -0.32690854D+05    1.0036210    0.0000307  EM
             31 -0.32689834D+05    1.0206128    0.0000312  EM
             32 -0.32688796D+05    1.0374170    0.0000317  EM
             33 -0.32687742D+05    1.0539829    0.0000322  EM
             34 -0.32686672D+05    1.0702518    0.0000327  EM
             35 -0.32685586D+05    1.0861659    0.0000332  EM
             36 -0.32684484D+05    1.1016623    0.0000337  EM
             37 -0.32683368D+05    1.1166756    0.0000342  EM
             38 -0.32682236D+05    1.1311385    0.0000346  EM
             39 -0.32681092D+05    1.1449778    0.0000350  EM
             40 -0.32679933D+05    1.1581188    0.0000354  EM
             41 -0.32678763D+05    1.1704841    0.0000358  EM
             42 -0.32677581D+05    1.1819928    0.0000362  EM
             43 -0.32676388D+05    1.1925615    0.0000365  EM
             44 -0.32675186D+05    1.2021019    0.0000368  EM
             45 -0.32673976D+05    1.2105284    0.0000370  EM
             46 -0.32672758D+05    1.2177450    0.0000373  EM
             47 -0.32671534D+05    1.2236572    0.0000375  EM
             48 -0.32670306D+05    1.2281674    0.0000376  EM
             49 -0.32669075D+05    1.2311748    0.0000377  EM
             50 -0.32667842D+05    1.2325746    0.0000377  EM
             51 -0.32666610D+05    1.2322633    0.0000377  EM
             52 -0.32665380D+05    1.2301323    0.0000377  EM
             53 -0.32664154D+05    1.2260760    0.0000375  EM
             54 -0.32662934D+05    1.2199817    0.0000373  EM
             55 -0.32661722D+05    1.2117488    0.0000371  EM
             56 -0.32660521D+05    1.2012749    0.0000368  EM
             57 -0.32659332D+05    1.1884621    0.0000364  EM
             58 -0.32658159D+05    1.1732307    0.0000359  EM
             59 -0.32657004D+05    1.1555093    0.0000354  EM
             60 -0.32655868D+05    1.1352473    0.0000348  EM
             61 -0.32655044D+05    0.8240493    0.0000252  QN
             62 -0.32653271D+05    1.7738747    0.0000543  EM
             63 -0.32652194D+05    1.0764446    0.0000330  EM
             64 -0.32651169D+05    1.0251768    0.0000314  EM
             65 -0.32650184D+05    0.9847845    0.0000302  EM
             66 -0.32649237D+05    0.9467957    0.0000290  EM
             67 -0.32648329D+05    0.9086067    0.0000278  EM
             68 -0.32647459D+05    0.8694099    0.0000266  EM
             69 -0.32646630D+05    0.8290642    0.0000254  EM
             70 -0.32645843D+05    0.7877103    0.0000241  EM
             71 -0.32645097D+05    0.7456190    0.0000228  EM
             72 -0.32644394D+05    0.7031243    0.0000215  EM
             73 -0.32643733D+05    0.6605815    0.0000202  EM
             74 -0.32643115D+05    0.6183460    0.0000189  EM
             75 -0.32642538D+05    0.5767576    0.0000177  EM
             76 -0.32642002D+05    0.5361185    0.0000164  EM
             77 -0.32641505D+05    0.4967347    0.0000152  EM
             78 -0.32641046D+05    0.4588036    0.0000141  EM
             79 -0.32640624D+05    0.4225240    0.0000129  EM
             80 -0.32640236D+05    0.3880373    0.0000119  EM
             81 -0.32639880D+05    0.3554416    0.0000109  EM
             82 -0.32639556D+05    0.3247942    0.0000100  EM
             83 -0.32639260D+05    0.2961195    0.0000091  EM
             84 -0.32638990D+05    0.2694063    0.0000083  EM
             85 -0.32638746D+05    0.2446272    0.0000075  EM
             86 -0.32638524D+05    0.2217222    0.0000068  EM
             87 -0.32638323D+05    0.2006245    0.0000061  EM
             88 -0.32638142D+05    0.1812528    0.0000056  EM
             89 -0.32637978D+05    0.1635167    0.0000050  EM
             90 -0.32637831D+05    0.1473209    0.0000045  EM
             91 -0.32637699D+05    0.1325682    0.0000041  EM
             92 -0.32637579D+05    0.1191599    0.0000037  EM
             93 -0.32637472D+05    0.1069990    0.0000033  EM
             94 -0.32637376D+05    0.0959904    0.0000029  EM
             95 -0.32637290D+05    0.0860414    0.0000026  EM
             96 -0.32637213D+05    0.0770653    0.0000024  EM
             97 -0.32637144D+05    0.0689784    0.0000021  EM
             98 -0.32637083D+05    0.0617018    0.0000019  EM
             99 -0.32637027D+05    0.0551623    0.0000017  EM
            100 -0.32636978D+05    0.0492917    0.0000015  EM
            101 -0.32636934D+05    0.0440265    0.0000013  EM
            102 -0.32636895D+05    0.0393085    0.0000012  EM
            103 -0.32636860D+05    0.0350842    0.0000011  EM
            104 -0.32636672D+05    0.1876265    0.0000057  QN
            105 -0.32636621D+05    0.0508977    0.0000016  EM
            106 -0.32636611D+05    0.0101246    0.0000003  EM
            107 -0.32636605D+05    0.0061189    0.0000002  EM
            108 -0.32636600D+05    0.0044708    0.0000001  EM
            109 -0.32636597D+05    0.0035731    0.0000001  EM
            110 -0.32636594D+05    0.0029855    0.0000001  EM
            111 -0.32636591D+05    0.0025559    0.0000001  EM
            112 -0.32636589D+05    0.0022197    0.0000001  EM
            113 -0.32636587D+05    0.0019449    0.0000001  EM
            114 -0.32636585D+05    0.0017140    0.0000001  EM
            115 -0.32636584D+05    0.0015160    0.0000000  EM
            116 -0.32636583D+05    0.0013441    0.0000000  EM
            117 -0.32636581D+05    0.0011936    0.0000000  EM
            118 -0.32636580D+05    0.0010611    0.0000000  EM
            119 -0.32636579D+05    0.0009440    0.0000000  EM


DIAGRAM INFORMATION

  Use View Diagram under the Diagram menu in the Mplus Editor to view the diagram.
  If running Mplus from the Mplus Diagrammer, the diagram opens automatically.

  Diagram output
    c:\users\tzkeith\documents\regression book 3\part 2\chap 22 latent interactions mlm\latent interaction\hw grades\hw

     Beginning Time:  13:07:54
        Ending Time:  13:07:57
       Elapsed Time:  00:00:03



MUTHEN & MUTHEN
3463 Stoner Ave.
Los Angeles, CA  90066

Tel: (310) 391-9971
Fax: (310) 391-8971
Web: www.StatModel.com
Support: Support@StatModel.com

Copyright (c) 1998-2017 Muthen & Muthen
