Mplus VERSION 8
MUTHEN & MUTHEN
04/26/2018   5:56 AM

INPUT INSTRUCTIONS



  TITLE: Homework Achievement Latent curve in regression line?

  DATA:
    FILE IS HW latent 8-12.dat;
  VARIABLE:
       MISSING ARE ALL (-999);
           NAMES ARE
       bytxrstd
       bytxmstd
       bytxsstd
       bytxhstd
       parocc
       HW_10
       HW_12
       eng_12
       math_12
       sci_12
       ss_12
       Female
       byfaminc
       bypared
       Minority;



  USEVARIABLES ARE
      Minority
      BYPARED	
      BYFAMINC	
      PAROCC	
      BYTXRSTD	
      BYTXMSTD	
      BYTXSSTD	
      BYTXHSTD	
      HW_10	
      HW_12	
      ENG_12	
      MATH_12	
      SCI_12	
      SS_12;

  ANALYSIS:
      TYPE=RANDOM;
      ALGORITHM=INTEGRATION;

  MODEL:


      FAMBACK BY
          PAROCC
          BYPARED	
          BYFAMINC;	

      PREVACH BY
          BYTXRSTD	
          BYTXMSTD	
          BYTXSSTD	
          BYTXHSTD;	

      HW BY
          HW_10
          HW_12;	

      GRADES BY
          ENG_12	
          MATH_12	
          SCI_12	
          SS_12;

      BYTXRSTD	WITH ENG_12;
      BYTXMSTD	WITH MATH_12;	
      BYTXSSTD	WITH SCI_12;
      BYTXHSTD	WITH SS_12;	
      Minority    WITH FAMBACK;

      PREVACH ON FAMBACK Minority;
      GRADES ON PREVACH HW;
      HW ON PREVACH FAMBACK Minority;
      HW_Sq | HW XWITH HW;
      GRADES on HW_Sq;



  OUTPUT:  SAMPSTAT STDYX RESIDUAL TECH1 TECH8;




INPUT READING TERMINATED NORMALLY



Homework Achievement Latent curve in regression line?

SUMMARY OF ANALYSIS

Number of groups                                                 1
Number of observations                                        1000

Number of dependent variables                                   13
Number of independent variables                                  1
Number of continuous latent variables                            5

Observed dependent variables

  Continuous
   BYPARED     BYFAMINC    PAROCC      BYTXRSTD    BYTXMSTD    BYTXSSTD
   BYTXHSTD    HW_10       HW_12       ENG_12      MATH_12     SCI_12
   SS_12

Observed independent variables
   MINORITY

Continuous latent variables
   FAMBACK     PREVACH     HW          GRADES      HW_SQ


Estimator                                                      MLR
Information matrix                                        OBSERVED
Optimization Specifications for the Quasi-Newton Algorithm for
Continuous Outcomes
  Maximum number of iterations                                 100
  Convergence criterion                                  0.100D-05
Optimization Specifications for the EM Algorithm
  Maximum number of iterations                                 500
  Convergence criteria
    Loglikelihood change                                 0.100D-02
    Relative loglikelihood change                        0.100D-05
    Derivative                                           0.100D-02
Optimization Specifications for the M step of the EM Algorithm for
Categorical Latent variables
  Number of M step iterations                                    1
  M step convergence criterion                           0.100D-02
  Basis for M step termination                           ITERATION
Optimization Specifications for the M step of the EM Algorithm for
Censored, Binary or Ordered Categorical (Ordinal), Unordered
Categorical (Nominal) and Count Outcomes
  Number of M step iterations                                    1
  M step convergence criterion                           0.100D-02
  Basis for M step termination                           ITERATION
  Maximum value for logit thresholds                            15
  Minimum value for logit thresholds                           -15
  Minimum expected cell size for chi-square              0.100D-01
Maximum number of iterations for H1                           2000
Convergence criterion for H1                             0.100D-03
Optimization algorithm                                         EMA
Integration Specifications
  Type                                                    STANDARD
  Number of integration points                                  15
  Dimensions of numerical integration                            1
  Adaptive quadrature                                           ON
Cholesky                                                       OFF

Input data file(s)
  HW latent 8-12.dat
Input data format  FREE


SUMMARY OF DATA

     Number of missing data patterns            46


COVARIANCE COVERAGE OF DATA

Minimum covariance coverage value   0.100


     PROPORTION OF DATA PRESENT FOR Y


           Covariance Coverage
              BYPARED       BYFAMINC      PAROCC        BYTXRSTD      BYTXMSTD
              ________      ________      ________      ________      ________
 BYPARED        0.999
 BYFAMINC       0.957         0.958
 PAROCC         0.990         0.949         0.991
 BYTXRSTD       0.970         0.930         0.962         0.971
 BYTXMSTD       0.969         0.929         0.962         0.970         0.970
 BYTXSSTD       0.968         0.928         0.960         0.969         0.968
 BYTXHSTD       0.967         0.927         0.959         0.968         0.967
 HW_10          0.953         0.915         0.949         0.926         0.926
 HW_12          0.903         0.866         0.896         0.878         0.877
 ENG_12         0.979         0.940         0.972         0.953         0.952
 MATH_12        0.980         0.940         0.973         0.952         0.951
 SCI_12         0.985         0.945         0.977         0.957         0.956
 SS_12          0.988         0.948         0.980         0.960         0.959
 MINORITY       0.990         0.951         0.982         0.963         0.962


           Covariance Coverage
              BYTXSSTD      BYTXHSTD      HW_10         HW_12         ENG_12
              ________      ________      ________      ________      ________
 BYTXSSTD       0.969
 BYTXHSTD       0.968         0.968
 HW_10          0.924         0.923         0.954
 HW_12          0.876         0.875         0.887         0.904
 ENG_12         0.951         0.950         0.940         0.892         0.980
 MATH_12        0.950         0.949         0.941         0.897         0.967
 SCI_12         0.955         0.954         0.946         0.898         0.973
 SS_12          0.958         0.957         0.948         0.901         0.974
 MINORITY       0.961         0.960         0.945         0.897         0.971


           Covariance Coverage
              MATH_12       SCI_12        SS_12         MINORITY
              ________      ________      ________      ________
 MATH_12        0.981
 SCI_12         0.972         0.986
 SS_12          0.976         0.982         0.989
 MINORITY       0.972         0.977         0.980         0.991


SAMPLE STATISTICS


     ESTIMATED SAMPLE STATISTICS


           Means
              BYPARED       BYFAMINC      PAROCC        BYTXRSTD      BYTXMSTD
              ________      ________      ________      ________      ________
                3.128         9.839        51.384        51.254        51.490


           Means
              BYTXSSTD      BYTXHSTD      HW_10         HW_12         ENG_12
              ________      ________      ________      ________      ________
               51.172        51.369         2.483         3.287         6.075


           Means
              MATH_12       SCI_12        SS_12         MINORITY
              ________      ________      ________      ________
                5.483         5.771         6.207         0.252


           Covariances
              BYPARED       BYFAMINC      PAROCC        BYTXRSTD      BYTXMSTD
              ________      ________      ________      ________      ________
 BYPARED        1.584
 BYFAMINC       1.954         6.738
 PAROCC        16.143        29.086       458.848
 BYTXRSTD       5.190         9.981        71.828        99.962
 BYTXMSTD       5.306        10.315        75.508        70.664        98.038
 BYTXSSTD       4.796         8.416        60.719        68.888        70.859
 BYTXHSTD       4.529         9.260        64.805        69.574        66.725
 HW_10          0.520         0.865         6.440         4.811         4.807
 HW_12          0.510         0.989         6.131         4.902         5.219
 ENG_12         1.335         2.271        15.816        14.121        13.114
 MATH_12        1.121         1.735        12.998        12.348        13.509
 SCI_12         1.180         1.995        14.121        13.421        13.353
 SS_12          1.293         2.375        16.411        15.259        14.484
 MINORITY      -0.110        -0.289        -2.083        -0.914        -0.921


           Covariances
              BYTXSSTD      BYTXHSTD      HW_10         HW_12         ENG_12
              ________      ________      ________      ________      ________
 BYTXSSTD     100.089
 BYTXHSTD      67.498        94.012
 HW_10          4.198         4.030         2.860
 HW_12          4.280         3.889         1.375         3.898
 ENG_12        10.952        11.571         1.548         1.438         7.120
 MATH_12       10.544        10.281         1.270         1.339         5.227
 SCI_12        11.677        11.716         1.428         1.412         5.658
 SS_12         12.199        13.106         1.641         1.565         6.302
 MINORITY      -1.004        -0.895        -0.023        -0.015        -0.181


           Covariances
              MATH_12       SCI_12        SS_12         MINORITY
              ________      ________      ________      ________
 MATH_12        6.942
 SCI_12         5.184         7.003
 SS_12          5.353         5.941         7.913
 MINORITY      -0.158        -0.191        -0.158         0.188


           Correlations
              BYPARED       BYFAMINC      PAROCC        BYTXRSTD      BYTXMSTD
              ________      ________      ________      ________      ________
 BYPARED        1.000
 BYFAMINC       0.598         1.000
 PAROCC         0.599         0.523         1.000
 BYTXRSTD       0.412         0.385         0.335         1.000
 BYTXMSTD       0.426         0.401         0.356         0.714         1.000
 BYTXSSTD       0.381         0.324         0.283         0.689         0.715
 BYTXHSTD       0.371         0.368         0.312         0.718         0.695
 HW_10          0.244         0.197         0.178         0.285         0.287
 HW_12          0.205         0.193         0.145         0.248         0.267
 ENG_12         0.398         0.328         0.277         0.529         0.496
 MATH_12        0.338         0.254         0.230         0.469         0.518
 SCI_12         0.354         0.290         0.249         0.507         0.510
 SS_12          0.365         0.325         0.272         0.543         0.520
 MINORITY      -0.201        -0.257        -0.224        -0.211        -0.214


           Correlations
              BYTXSSTD      BYTXHSTD      HW_10         HW_12         ENG_12
              ________      ________      ________      ________      ________
 BYTXSSTD       1.000
 BYTXHSTD       0.696         1.000
 HW_10          0.248         0.246         1.000
 HW_12          0.217         0.203         0.412         1.000
 ENG_12         0.410         0.447         0.343         0.273         1.000
 MATH_12        0.400         0.402         0.285         0.257         0.744
 SCI_12         0.441         0.457         0.319         0.270         0.801
 SS_12          0.433         0.481         0.345         0.282         0.840
 MINORITY      -0.231        -0.213        -0.032        -0.018        -0.157


           Correlations
              MATH_12       SCI_12        SS_12         MINORITY
              ________      ________      ________      ________
 MATH_12        1.000
 SCI_12         0.744         1.000
 SS_12          0.722         0.798         1.000
 MINORITY      -0.138        -0.167        -0.129         1.000


     MAXIMUM LOG-LIKELIHOOD VALUE FOR THE UNRESTRICTED (H1) MODEL IS -32569.824


UNIVARIATE SAMPLE STATISTICS


     UNIVARIATE HIGHER-ORDER MOMENT DESCRIPTIVE STATISTICS

         Variable/         Mean/     Skewness/   Minimum/ % with                Percentiles
        Sample Size      Variance    Kurtosis    Maximum  Min/Max      20%/60%    40%/80%    Median

     BYPARED               3.127       0.455       1.000    9.41%       2.000      3.000      3.000
             999.000       1.584      -0.048       6.000    5.81%       3.000      4.000
     BYFAMINC              9.852      -0.683       1.000    0.21%       8.000     10.000     10.000
             958.000       6.684       0.569      15.000    2.19%      11.000     12.000
     PAROCC               51.585      -0.673       7.320    2.93%      25.000     56.330     58.010
             991.000     455.441      -0.919      81.870    6.96%      66.090     66.180
     BYTXRSTD             51.297      -0.259      23.098    0.10%      41.914     48.412     52.473
             971.000      99.818      -0.866      67.499    3.81%      54.775     61.136
     BYTXMSTD             51.544       0.061      30.282    0.10%      41.990     47.880     51.268
             970.000      97.731      -1.048      71.222    0.41%      54.802     61.871
     BYTXSSTD             51.206       0.007      26.505    0.10%      42.231     48.951     51.238
             969.000      99.963      -0.573      75.973    0.10%      53.527     60.103
     BYTXHSTD             51.414      -0.315      24.183    0.10%      42.750     49.413     52.034
             968.000      93.747      -0.461      69.508    1.03%      54.000     60.770
     HW_10                 2.526       0.896       0.000    5.35%       1.000      2.000      2.000
             954.000       2.828       0.254       7.000    3.56%       2.000      4.000
     HW_12                 3.365       0.490       0.000    6.19%       2.000      3.000      3.000
             904.000       3.856      -0.271       8.000    3.76%       3.000      5.000
     ENG_12                6.123      -0.244       0.000    1.53%       3.600      5.370      6.370
             980.000       7.002      -0.728      11.250    0.20%       7.180      8.600
     MATH_12               5.522       0.004       0.000    1.94%       3.000      4.800      5.500
             981.000       6.871      -0.740      11.500    0.20%       6.330      8.000
     SCI_12                5.788      -0.106       0.000    1.42%       3.500      5.000      6.000
             986.000       6.934      -0.706      11.500    0.20%       6.570      8.000
     SS_12                 6.233      -0.346       0.000    2.12%       3.670      5.670      6.500
             989.000       7.855      -0.679      11.670    0.10%       7.290      8.860
     MINORITY              0.251       1.147       0.000   74.87%       0.000      0.000      0.000
             991.000       0.188      -0.685       1.000   25.13%       0.000      1.000


THE MODEL ESTIMATION TERMINATED NORMALLY



MODEL FIT INFORMATION

Number of Free Parameters                       54

Loglikelihood

          H0 Value                      -32630.082
          H0 Scaling Correction Factor      1.0212
            for MLR

Information Criteria

          Akaike (AIC)                   65368.165
          Bayesian (BIC)                 65633.184
          Sample-Size Adjusted BIC       65461.677
            (n* = (n + 2) / 24)



MODEL RESULTS

                                                    Two-Tailed
                    Estimate       S.E.  Est./S.E.    P-Value

 FAMBACK  BY
    PAROCC             1.000      0.000    999.000    999.000
    BYPARED            0.068      0.003     22.405      0.000
    BYFAMINC           0.125      0.006     21.357      0.000

 PREVACH  BY
    BYTXRSTD           1.000      0.000    999.000    999.000
    BYTXMSTD           0.989      0.027     36.006      0.000
    BYTXSSTD           0.962      0.029     32.838      0.000
    BYTXHSTD           0.943      0.028     34.150      0.000

 HW       BY
    HW_10              1.000      0.000    999.000    999.000
    HW_12              0.948      0.129      7.359      0.000

 GRADES   BY
    ENG_12             1.000      0.000    999.000    999.000
    MATH_12            0.875      0.023     37.735      0.000
    SCI_12             0.961      0.022     44.240      0.000
    SS_12              1.050      0.021     50.440      0.000

 PREVACH    ON
    FAMBACK            0.307      0.022     14.158      0.000

 GRADES     ON
    PREVACH            0.138      0.012     11.914      0.000
    HW                 0.770      0.125      6.139      0.000
    HW_SQ             -0.173      0.044     -3.967      0.000

 HW         ON
    PREVACH            0.046      0.008      5.509      0.000
    FAMBACK            0.021      0.005      4.451      0.000

 PREVACH    ON
    MINORITY          -1.967      0.630     -3.124      0.002

 HW         ON
    MINORITY           0.281      0.112      2.510      0.012

 MINORITY WITH
    FAMBACK           -1.913      0.250     -7.655      0.000

 BYTXRSTD WITH
    ENG_12             0.471      0.255      1.845      0.065

 BYTXMSTD WITH
    MATH_12            1.572      0.318      4.943      0.000

 BYTXSSTD WITH
    SCI_12             0.450      0.319      1.411      0.158

 BYTXHSTD WITH
    SS_12              0.293      0.305      0.958      0.338

 Means
    MINORITY           0.252      0.014     18.269      0.000

 Intercepts
    BYPARED            3.128      0.040     78.543      0.000
    BYFAMINC           9.840      0.083    118.208      0.000
    PAROCC            51.381      0.682     75.368      0.000
    BYTXRSTD          51.749      0.347    149.054      0.000
    BYTXMSTD          51.980      0.350    148.405      0.000
    BYTXSSTD          51.651      0.342    150.940      0.000
    BYTXHSTD          51.835      0.335    154.633      0.000
    HW_10              2.426      0.061     39.530      0.000
    HW_12              3.227      0.073     44.315      0.000
    ENG_12             6.361      0.125     51.061      0.000
    MATH_12            5.733      0.114     50.094      0.000
    SCI_12             6.046      0.121     50.105      0.000
    SS_12              6.508      0.130     50.052      0.000

 Variances
    MINORITY           0.188      0.007     27.458      0.000
    FAMBACK          233.881     17.030     13.733      0.000

 Residual Variances
    BYPARED            0.508      0.042     12.061      0.000
    BYFAMINC           3.087      0.236     13.106      0.000
    PAROCC           224.994     12.582     17.882      0.000
    BYTXRSTD          27.521      1.757     15.664      0.000
    BYTXMSTD          26.782      1.620     16.531      0.000
    BYTXSSTD          32.814      1.859     17.649      0.000
    BYTXHSTD          29.209      1.808     16.154      0.000
    HW_10              1.399      0.221      6.329      0.000
    HW_12              2.600      0.203     12.811      0.000
    ENG_12             1.158      0.086     13.439      0.000
    MATH_12            2.358      0.124     19.059      0.000
    SCI_12             1.542      0.100     15.390      0.000
    SS_12              1.372      0.112     12.296      0.000
    PREVACH           47.594      3.105     15.330      0.000
    HW                 1.115      0.226      4.944      0.000
    GRADES             2.830      0.227     12.487      0.000


STANDARDIZED MODEL RESULTS


STDYX Standardization

                                                    Two-Tailed
                    Estimate       S.E.  Est./S.E.    P-Value

 FAMBACK  BY
    PAROCC             0.714      0.020     36.379      0.000
    BYPARED            0.824      0.018     46.515      0.000
    BYFAMINC           0.736      0.021     35.657      0.000

 PREVACH  BY
    BYTXRSTD           0.852      0.011     79.366      0.000
    BYTXMSTD           0.852      0.010     81.912      0.000
    BYTXSSTD           0.820      0.012     67.564      0.000
    BYTXHSTD           0.830      0.012     68.393      0.000

 HW       BY
    HW_10              0.717      0.054     13.291      0.000
    HW_12              0.582      0.043     13.647      0.000

 GRADES   BY
    ENG_12             0.917      0.007    125.782      0.000
    MATH_12            0.817      0.013     63.315      0.000
    SCI_12             0.887      0.009     99.068      0.000
    SS_12              0.912      0.008    110.845      0.000

 PREVACH    ON
    FAMBACK            0.551      0.031     18.003      0.000

 GRADES     ON
    PREVACH            0.475      0.038     12.563      0.000
    HW                 0.378      0.049      7.681      0.000
    HW_SQ             -0.103      0.028     -3.692      0.000

 HW         ON
    PREVACH            0.321      0.058      5.587      0.000
    FAMBACK            0.261      0.059      4.457      0.000

 PREVACH    ON
    MINORITY          -0.100      0.032     -3.125      0.002

 HW         ON
    MINORITY           0.100      0.040      2.487      0.013

 MINORITY WITH
    FAMBACK           -0.288      0.034     -8.545      0.000

 BYTXRSTD WITH
    ENG_12             0.083      0.045      1.867      0.062

 BYTXMSTD WITH
    MATH_12            0.198      0.038      5.216      0.000

 BYTXSSTD WITH
    SCI_12             0.063      0.044      1.425      0.154

 BYTXHSTD WITH
    SS_12              0.046      0.048      0.966      0.334

 Means
    MINORITY           0.581      0.021     27.370      0.000

 Intercepts
    BYPARED            2.485      0.054     46.275      0.000
    BYFAMINC           3.791      0.115     32.845      0.000
    PAROCC             2.399      0.065     36.891      0.000
    BYTXRSTD           5.170      0.101     51.191      0.000
    BYTXMSTD           5.256      0.087     60.358      0.000
    BYTXSSTD           5.165      0.103     49.990      0.000
    BYTXHSTD           5.351      0.118     45.189      0.000
    HW_10              1.429      0.036     39.219      0.000
    HW_12              1.628      0.044     36.657      0.000
    ENG_12             2.352      0.061     38.517      0.000
    MATH_12            2.155      0.053     40.371      0.000
    SCI_12             2.249      0.057     39.242      0.000
    SS_12              2.279      0.062     36.876      0.000

 Variances
    MINORITY           1.000      0.000    999.000    999.000
    FAMBACK            1.000      0.000    999.000    999.000

 Residual Variances
    BYPARED            0.321      0.029     10.987      0.000
    BYFAMINC           0.458      0.030     15.085      0.000
    PAROCC             0.490      0.028     17.498      0.000
    BYTXRSTD           0.275      0.018     15.032      0.000
    BYTXMSTD           0.274      0.018     15.447      0.000
    BYTXSSTD           0.328      0.020     16.501      0.000
    BYTXHSTD           0.311      0.020     15.452      0.000
    HW_10              0.486      0.077      6.279      0.000
    HW_12              0.661      0.050     13.334      0.000
    ENG_12             0.158      0.013     11.830      0.000
    MATH_12            0.333      0.021     15.820      0.000
    SCI_12             0.213      0.016     13.428      0.000
    SS_12              0.168      0.015     11.209      0.000
    PREVACH            0.655      0.032     20.303      0.000
    HW                 0.753      0.047     16.067      0.000
    GRADES             0.460      0.037     12.454      0.000


R-SQUARE

    Observed                                        Two-Tailed
    Variable        Estimate       S.E.  Est./S.E.    P-Value

    BYPARED            0.679      0.029     23.257      0.000
    BYFAMINC           0.542      0.030     17.829      0.000
    PAROCC             0.510      0.028     18.190      0.000
    BYTXRSTD           0.725      0.018     39.683      0.000
    BYTXMSTD           0.726      0.018     40.956      0.000
    BYTXSSTD           0.672      0.020     33.782      0.000
    BYTXHSTD           0.689      0.020     34.197      0.000
    HW_10              0.514      0.077      6.645      0.000
    HW_12              0.339      0.050      6.824      0.000
    ENG_12             0.842      0.013     62.891      0.000
    MATH_12            0.667      0.021     31.657      0.000
    SCI_12             0.787      0.016     49.534      0.000
    SS_12              0.832      0.015     55.423      0.000

     Latent                                         Two-Tailed
    Variable        Estimate       S.E.  Est./S.E.    P-Value

    PREVACH            0.345      0.032     10.689      0.000
    HW                 0.247      0.047      5.271      0.000
    GRADES             0.540      0.037     14.630      0.000


QUALITY OF NUMERICAL RESULTS

     Condition Number for the Information Matrix              0.144E-06
       (ratio of smallest to largest eigenvalue)


RESIDUAL OUTPUT


     ESTIMATED MODEL AND RESIDUALS (OBSERVED - ESTIMATED)


           Model Estimated Means
              BYPARED       BYFAMINC      PAROCC        BYTXRSTD      BYTXMSTD
              ________      ________      ________      ________      ________
                3.128         9.840        51.381        51.253        51.489


           Model Estimated Means
              BYTXSSTD      BYTXHSTD      HW_10         HW_12         ENG_12
              ________      ________      ________      ________      ________
               51.174        51.368         2.474         3.272         6.073


           Model Estimated Means
              MATH_12       SCI_12        SS_12         MINORITY
              ________      ________      ________      ________
                5.481         5.769         6.206         0.252


           Residuals for Means
              BYPARED       BYFAMINC      PAROCC        BYTXRSTD      BYTXMSTD
              ________      ________      ________      ________      ________
               -0.001         0.012         0.204         0.044         0.055


           Residuals for Means
              BYTXSSTD      BYTXHSTD      HW_10         HW_12         ENG_12
              ________      ________      ________      ________      ________
                0.032         0.046         0.052         0.093         0.050


           Residuals for Means
              MATH_12       SCI_12        SS_12         MINORITY
              ________      ________      ________      ________
                0.041         0.019         0.027        -0.001


           Model Estimated Covariances
              BYPARED       BYFAMINC      PAROCC        BYTXRSTD      BYTXMSTD
              ________      ________      ________      ________      ________
 BYPARED        1.584
 BYFAMINC       1.981         6.735
 PAROCC        15.862        29.210       458.876
 BYTXRSTD       5.122         9.433        75.527       100.172
 BYTXMSTD       5.064         9.326        74.669        71.826        97.791
 BYTXSSTD       4.926         9.071        72.627        69.861        69.068
 BYTXHSTD       4.832         8.898        71.241        68.529        67.750
 HW_10          0.528         0.973         7.788         4.634         4.581
 HW_12          0.501         0.922         7.383         4.392         4.342
 ENG_12         1.106         2.037        16.308        14.004        13.379
 MATH_12        0.968         1.783        14.277        11.848        13.285
 SCI_12         1.063         1.958        15.675        13.008        12.860
 SS_12          1.161         2.138        17.122        14.209        14.047
 MINORITY      -0.130        -0.239        -1.913        -0.957        -0.946


           Model Estimated Covariances
              BYTXSSTD      BYTXHSTD      HW_10         HW_12         ENG_12
              ________      ________      ________      ________      ________
 BYTXSSTD      99.992
 BYTXHSTD      65.897        93.849
 HW_10          4.456         4.371         2.880
 HW_12          4.224         4.143         1.404         3.931
 ENG_12        13.013        12.765         1.756         1.665         7.313
 MATH_12       11.393        11.176         1.538         1.458         5.388
 SCI_12        12.959        12.270         1.688         1.600         5.916
 SS_12         13.663        13.695         1.844         1.748         6.462
 MINORITY      -0.920        -0.903        -0.031        -0.029        -0.155


           Model Estimated Covariances
              MATH_12       SCI_12        SS_12         MINORITY
              ________      ________      ________      ________
 MATH_12        7.075
 SCI_12         5.179         7.228
 SS_12          5.658         6.212         8.157
 MINORITY      -0.136        -0.149        -0.163         0.188


           Residuals for Covariances
              BYPARED       BYFAMINC      PAROCC        BYTXRSTD      BYTXMSTD
              ________      ________      ________      ________      ________
 BYPARED        0.000
 BYFAMINC      -0.031        -0.051
 PAROCC         0.665         3.115        -3.434
 BYTXRSTD       0.668         1.769         4.229        -0.354
 BYTXMSTD       0.789         3.065         7.235        -0.760        -0.060
 BYTXSSTD       0.471         1.139        -5.556        -2.129         1.998
 BYTXHSTD       0.301         1.988         2.152         0.459         0.013
 HW_10          0.074         0.026        -0.885         1.452         1.229
 HW_12          0.232         0.474         2.078         2.059         2.070
 ENG_12         0.308         0.232         1.233         1.439         1.011
 MATH_12        0.213         0.068        -0.333         1.427         1.335
 SCI_12         0.168         0.156        -0.200         1.178         1.218
 SS_12          0.147         0.259         0.587         1.910         1.256
 MINORITY       0.021        -0.096        -0.246        -0.085        -0.145


           Residuals for Covariances
              BYTXSSTD      BYTXHSTD      HW_10         HW_12         ENG_12
              ________      ________      ________      ________      ________
 BYTXSSTD      -0.029
 BYTXHSTD       2.314        -0.102
 HW_10          0.860         0.728        -0.052
 HW_12          1.137         0.848         0.132        -0.075
 ENG_12        -0.895         0.125         0.096         0.795        -0.311
 MATH_12       -0.033         0.020         0.006         0.570         0.112
 SCI_12        -0.780         0.243        -0.068         0.690        -0.113
 SS_12         -0.682         0.220         0.089         0.768         0.090
 MINORITY      -0.297        -0.240        -0.007        -0.013        -0.031


           Residuals for Covariances
              MATH_12       SCI_12        SS_12         MINORITY
              ________      ________      ________      ________
 MATH_12       -0.204
 SCI_12         0.123        -0.294
 SS_12         -0.112        -0.271        -0.302
 MINORITY      -0.024        -0.035         0.011         0.000


TECHNICAL 1 OUTPUT


     PARAMETER SPECIFICATION


           NU
              BYPARED       BYFAMINC      PAROCC        BYTXRSTD      BYTXMSTD
              ________      ________      ________      ________      ________
                    1             2             3             4             5


           NU
              BYTXSSTD      BYTXHSTD      HW_10         HW_12         ENG_12
              ________      ________      ________      ________      ________
                    6             7             8             9            10


           NU
              MATH_12       SCI_12        SS_12         MINORITY
              ________      ________      ________      ________
                   11            12            13             0


           LAMBDA
              FAMBACK       PREVACH       HW            GRADES        HW_SQ
              ________      ________      ________      ________      ________
 BYPARED           14             0             0             0             0
 BYFAMINC          15             0             0             0             0
 PAROCC             0             0             0             0             0
 BYTXRSTD           0             0             0             0             0
 BYTXMSTD           0            16             0             0             0
 BYTXSSTD           0            17             0             0             0
 BYTXHSTD           0            18             0             0             0
 HW_10              0             0             0             0             0
 HW_12              0             0            19             0             0
 ENG_12             0             0             0             0             0
 MATH_12            0             0             0            20             0
 SCI_12             0             0             0            21             0
 SS_12              0             0             0            22             0
 MINORITY           0             0             0             0             0


           LAMBDA
              MINORITY
              ________
 BYPARED            0
 BYFAMINC           0
 PAROCC             0
 BYTXRSTD           0
 BYTXMSTD           0
 BYTXSSTD           0
 BYTXHSTD           0
 HW_10              0
 HW_12              0
 ENG_12             0
 MATH_12            0
 SCI_12             0
 SS_12              0
 MINORITY           0


           THETA
              BYPARED       BYFAMINC      PAROCC        BYTXRSTD      BYTXMSTD
              ________      ________      ________      ________      ________
 BYPARED           23
 BYFAMINC           0            24
 PAROCC             0             0            25
 BYTXRSTD           0             0             0            26
 BYTXMSTD           0             0             0             0            27
 BYTXSSTD           0             0             0             0             0
 BYTXHSTD           0             0             0             0             0
 HW_10              0             0             0             0             0
 HW_12              0             0             0             0             0
 ENG_12             0             0             0            32             0
 MATH_12            0             0             0             0            34
 SCI_12             0             0             0             0             0
 SS_12              0             0             0             0             0
 MINORITY           0             0             0             0             0


           THETA
              BYTXSSTD      BYTXHSTD      HW_10         HW_12         ENG_12
              ________      ________      ________      ________      ________
 BYTXSSTD          28
 BYTXHSTD           0            29
 HW_10              0             0            30
 HW_12              0             0             0            31
 ENG_12             0             0             0             0            33
 MATH_12            0             0             0             0             0
 SCI_12            36             0             0             0             0
 SS_12              0            38             0             0             0
 MINORITY           0             0             0             0             0


           THETA
              MATH_12       SCI_12        SS_12         MINORITY
              ________      ________      ________      ________
 MATH_12           35
 SCI_12             0            37
 SS_12              0             0            39
 MINORITY           0             0             0             0


           ALPHA
              FAMBACK       PREVACH       HW            GRADES        HW_SQ
              ________      ________      ________      ________      ________
                    0             0             0             0             0


           ALPHA
              MINORITY
              ________
                   40


           BETA
              FAMBACK       PREVACH       HW            GRADES        HW_SQ
              ________      ________      ________      ________      ________
 FAMBACK            0             0             0             0             0
 PREVACH           41             0             0             0             0
 HW                43            44             0             0             0
 GRADES             0            46            47             0            48
 HW_SQ              0             0             0             0             0
 MINORITY           0             0             0             0             0


           BETA
              MINORITY
              ________
 FAMBACK            0
 PREVACH           42
 HW                45
 GRADES             0
 HW_SQ              0
 MINORITY           0


           PSI
              FAMBACK       PREVACH       HW            GRADES        HW_SQ
              ________      ________      ________      ________      ________
 FAMBACK           49
 PREVACH            0            50
 HW                 0             0            51
 GRADES             0             0             0            52
 HW_SQ              0             0             0             0             0
 MINORITY          53             0             0             0             0


           PSI
              MINORITY
              ________
 MINORITY          54


     STARTING VALUES


           NU
              BYPARED       BYFAMINC      PAROCC        BYTXRSTD      BYTXMSTD
              ________      ________      ________      ________      ________
                3.127         9.852        51.585        51.297        51.544


           NU
              BYTXSSTD      BYTXHSTD      HW_10         HW_12         ENG_12
              ________      ________      ________      ________      ________
               51.206        51.414         2.526         3.365         6.123


           NU
              MATH_12       SCI_12        SS_12         MINORITY
              ________      ________      ________      ________
                5.522         5.788         6.233         0.000


           LAMBDA
              FAMBACK       PREVACH       HW            GRADES        HW_SQ
              ________      ________      ________      ________      ________
 BYPARED        1.000         0.000         0.000         0.000         0.000
 BYFAMINC       1.000         0.000         0.000         0.000         0.000
 PAROCC         1.000         0.000         0.000         0.000         0.000
 BYTXRSTD       0.000         1.000         0.000         0.000         0.000
 BYTXMSTD       0.000         1.000         0.000         0.000         0.000
 BYTXSSTD       0.000         1.000         0.000         0.000         0.000
 BYTXHSTD       0.000         1.000         0.000         0.000         0.000
 HW_10          0.000         0.000         1.000         0.000         0.000
 HW_12          0.000         0.000         1.000         0.000         0.000
 ENG_12         0.000         0.000         0.000         1.000         0.000
 MATH_12        0.000         0.000         0.000         1.000         0.000
 SCI_12         0.000         0.000         0.000         1.000         0.000
 SS_12          0.000         0.000         0.000         1.000         0.000
 MINORITY       0.000         0.000         0.000         0.000         0.000


           LAMBDA
              MINORITY
              ________
 BYPARED        0.000
 BYFAMINC       0.000
 PAROCC         0.000
 BYTXRSTD       0.000
 BYTXMSTD       0.000
 BYTXSSTD       0.000
 BYTXHSTD       0.000
 HW_10          0.000
 HW_12          0.000
 ENG_12         0.000
 MATH_12        0.000
 SCI_12         0.000
 SS_12          0.000
 MINORITY       1.000


           THETA
              BYPARED       BYFAMINC      PAROCC        BYTXRSTD      BYTXMSTD
              ________      ________      ________      ________      ________
 BYPARED        0.792
 BYFAMINC       0.000         3.342
 PAROCC         0.000         0.000       227.721
 BYTXRSTD       0.000         0.000         0.000        49.909
 BYTXMSTD       0.000         0.000         0.000         0.000        48.866
 BYTXSSTD       0.000         0.000         0.000         0.000         0.000
 BYTXHSTD       0.000         0.000         0.000         0.000         0.000
 HW_10          0.000         0.000         0.000         0.000         0.000
 HW_12          0.000         0.000         0.000         0.000         0.000
 ENG_12         0.000         0.000         0.000         0.000         0.000
 MATH_12        0.000         0.000         0.000         0.000         0.000
 SCI_12         0.000         0.000         0.000         0.000         0.000
 SS_12          0.000         0.000         0.000         0.000         0.000
 MINORITY       0.000         0.000         0.000         0.000         0.000


           THETA
              BYTXSSTD      BYTXHSTD      HW_10         HW_12         ENG_12
              ________      ________      ________      ________      ________
 BYTXSSTD      49.982
 BYTXHSTD       0.000        46.874
 HW_10          0.000         0.000         1.414
 HW_12          0.000         0.000         0.000         1.928
 ENG_12         0.000         0.000         0.000         0.000         3.501
 MATH_12        0.000         0.000         0.000         0.000         0.000
 SCI_12         0.000         0.000         0.000         0.000         0.000
 SS_12          0.000         0.000         0.000         0.000         0.000
 MINORITY       0.000         0.000         0.000         0.000         0.000


           THETA
              MATH_12       SCI_12        SS_12         MINORITY
              ________      ________      ________      ________
 MATH_12        3.435
 SCI_12         0.000         3.467
 SS_12          0.000         0.000         3.927
 MINORITY       0.000         0.000         0.000         0.000


           ALPHA
              FAMBACK       PREVACH       HW            GRADES        HW_SQ
              ________      ________      ________      ________      ________
                0.000         0.000         0.000         0.000         0.000


           ALPHA
              MINORITY
              ________
                0.251


           BETA
              FAMBACK       PREVACH       HW            GRADES        HW_SQ
              ________      ________      ________      ________      ________
 FAMBACK        0.000         0.000         0.000         0.000         0.000
 PREVACH        0.000         0.000         0.000         0.000         0.000
 HW             0.000         0.000         0.000         0.000         0.000
 GRADES         0.000         0.000         0.000         0.000         0.000
 HW_SQ          0.000         0.000         0.000         0.000         0.000
 MINORITY       0.000         0.000         0.000         0.000         0.000


           BETA
              MINORITY
              ________
 FAMBACK        0.000
 PREVACH        0.000
 HW             0.000
 GRADES         0.000
 HW_SQ          0.000
 MINORITY       0.000


           PSI
              FAMBACK       PREVACH       HW            GRADES        HW_SQ
              ________      ________      ________      ________      ________
 FAMBACK        0.050
 PREVACH        0.000         0.050
 HW             0.000         0.000         0.050
 GRADES         0.000         0.000         0.000         0.050
 HW_SQ          0.000         0.000         0.000         0.000         0.000
 MINORITY       0.000         0.000         0.000         0.000         0.000


           PSI
              MINORITY
              ________
 MINORITY       0.094


TECHNICAL 8 OUTPUT


   E STEP  ITER  LOGLIKELIHOOD    ABS CHANGE   REL CHANGE  ALGORITHM
              1 -0.38338726D+05    0.0000000    0.0000000  EM
              2 -0.32780732D+05 5557.9943277    0.1449708  EM
              3 -0.32761853D+05   18.8784236    0.0005759  EM
              4 -0.32743216D+05   18.6374252    0.0005689  EM
              5 -0.32728247D+05   14.9687807    0.0004572  EM
              6 -0.32718278D+05    9.9689532    0.0003046  EM
              7 -0.32712368D+05    5.9098046    0.0001806  EM
              8 -0.32708969D+05    3.3996771    0.0001039  EM
              9 -0.32706908D+05    2.0608279    0.0000630  EM
             10 -0.32705510D+05    1.3972898    0.0000427  EM
             11 -0.32704433D+05    1.0774785    0.0000329  EM
             12 -0.32703509D+05    0.9235740    0.0000282  EM
             13 -0.32702660D+05    0.8491820    0.0000260  EM
             14 -0.32701846D+05    0.8139692    0.0000249  EM
             15 -0.32701047D+05    0.7991246    0.0000244  EM
             16 -0.32700251D+05    0.7956101    0.0000243  EM
             17 -0.32699453D+05    0.7988531    0.0000244  EM
             18 -0.32698646D+05    0.8063861    0.0000247  EM
             19 -0.32697829D+05    0.8167777    0.0000250  EM
             20 -0.32697000D+05    0.8291609    0.0000254  EM
             21 -0.32696157D+05    0.8429738    0.0000258  EM
             22 -0.32695299D+05    0.8578412    0.0000262  EM
             23 -0.32694426D+05    0.8735044    0.0000267  EM
             24 -0.32693536D+05    0.8897801    0.0000272  EM
             25 -0.32692630D+05    0.9065310    0.0000277  EM
             26 -0.32691706D+05    0.9236540    0.0000283  EM
             27 -0.32690765D+05    0.9410653    0.0000288  EM
             28 -0.32689806D+05    0.9586941    0.0000293  EM
             29 -0.32688830D+05    0.9764775    0.0000299  EM
             30 -0.32687835D+05    0.9943571    0.0000304  EM
             31 -0.32686823D+05    1.0122755    0.0000310  EM
             32 -0.32685793D+05    1.0301753    0.0000315  EM
             33 -0.32684745D+05    1.0479969    0.0000321  EM
             34 -0.32683679D+05    1.0656782    0.0000326  EM
             35 -0.32682596D+05    1.0831502    0.0000331  EM
             36 -0.32681496D+05    1.1003553    0.0000337  EM
             37 -0.32680379D+05    1.1172082    0.0000342  EM
             38 -0.32679245D+05    1.1336359    0.0000347  EM
             39 -0.32678095D+05    1.1495529    0.0000352  EM
             40 -0.32676931D+05    1.1648743    0.0000356  EM
             41 -0.32675751D+05    1.1795078    0.0000361  EM
             42 -0.32674558D+05    1.1933574    0.0000365  EM
             43 -0.32673351D+05    1.2063225    0.0000369  EM
             44 -0.32672133D+05    1.2182985    0.0000373  EM
             45 -0.32670904D+05    1.2291782    0.0000376  EM
             46 -0.32669665D+05    1.2388506    0.0000379  EM
             47 -0.32668418D+05    1.2472032    0.0000382  EM
             48 -0.32667164D+05    1.2541225    0.0000384  EM
             49 -0.32665904D+05    1.2594884    0.0000386  EM
             50 -0.32664641D+05    1.2631914    0.0000387  EM
             51 -0.32663376D+05    1.2651134    0.0000387  EM
             52 -0.32662111D+05    1.2651457    0.0000387  EM
             53 -0.32660848D+05    1.2631783    0.0000387  EM
             54 -0.32659588D+05    1.2591082    0.0000386  EM
             55 -0.32658336D+05    1.2528399    0.0000384  EM
             56 -0.32657091D+05    1.2442865    0.0000381  EM
             57 -0.32655858D+05    1.2333725    0.0000378  EM
             58 -0.32654638D+05    1.2200325    0.0000374  EM
             59 -0.32653434D+05    1.2042283    0.0000369  EM
             60 -0.32652248D+05    1.1859251    0.0000363  EM
             61 -0.32651784D+05    0.4641130    0.0000142  QN
             62 -0.32650197D+05    1.5864308    0.0000486  EM
             63 -0.32649062D+05    1.1348866    0.0000348  EM
             64 -0.32647961D+05    1.1009044    0.0000337  EM
             65 -0.32646893D+05    1.0679326    0.0000327  EM
             66 -0.32645859D+05    1.0342624    0.0000317  EM
             67 -0.32644860D+05    0.9993430    0.0000306  EM
             68 -0.32643897D+05    0.9630367    0.0000295  EM
             69 -0.32642971D+05    0.9253925    0.0000283  EM
             70 -0.32642085D+05    0.8865623    0.0000272  EM
             71 -0.32641238D+05    0.8467516    0.0000259  EM
             72 -0.32640432D+05    0.8062175    0.0000247  EM
             73 -0.32639667D+05    0.7652338    0.0000234  EM
             74 -0.32638943D+05    0.7240852    0.0000222  EM
             75 -0.32638260D+05    0.6830607    0.0000209  EM
             76 -0.32637617D+05    0.6424375    0.0000197  EM
             77 -0.32637015D+05    0.6024780    0.0000185  EM
             78 -0.32636451D+05    0.5634244    0.0000173  EM
             79 -0.32635926D+05    0.5254872    0.0000161  EM
             80 -0.32635437D+05    0.4888492    0.0000150  EM
             81 -0.32634983D+05    0.4536610    0.0000139  EM
             82 -0.32634563D+05    0.4200407    0.0000129  EM
             83 -0.32634175D+05    0.3880731    0.0000119  EM
             84 -0.32633817D+05    0.3578161    0.0000110  EM
             85 -0.32633488D+05    0.3292989    0.0000101  EM
             86 -0.32633185D+05    0.3025237    0.0000093  EM
             87 -0.32632908D+05    0.2774875    0.0000085  EM
             88 -0.32632654D+05    0.2541441    0.0000078  EM
             89 -0.32632421D+05    0.2324518    0.0000071  EM
             90 -0.32632209D+05    0.2123513    0.0000065  EM
             91 -0.32632015D+05    0.1937748    0.0000059  EM
             92 -0.32631839D+05    0.1766502    0.0000054  EM
             93 -0.32631678D+05    0.1608970    0.0000049  EM
             94 -0.32631531D+05    0.1464345    0.0000045  EM
             95 -0.32631398D+05    0.1331835    0.0000041  EM
             96 -0.32631277D+05    0.1210599    0.0000037  EM
             97 -0.32631167D+05    0.1099855    0.0000034  EM
             98 -0.32631067D+05    0.0998833    0.0000031  EM
             99 -0.32630976D+05    0.0906777    0.0000028  EM
            100 -0.32630894D+05    0.0822978    0.0000025  EM
            101 -0.32630820D+05    0.0746769    0.0000023  EM
            102 -0.32630752D+05    0.0677513    0.0000021  EM
            103 -0.32630690D+05    0.0614615    0.0000019  EM
            104 -0.32630412D+05    0.2781731    0.0000085  QN
            105 -0.32630291D+05    0.1215028    0.0000037  EM
            106 -0.32630259D+05    0.0312304    0.0000010  EM
            107 -0.32630238D+05    0.0213925    0.0000007  EM
            108 -0.32630221D+05    0.0165188    0.0000005  EM
            109 -0.32630208D+05    0.0136866    0.0000004  EM
            110 -0.32630196D+05    0.0118140    0.0000004  EM
            111 -0.32630186D+05    0.0104386    0.0000003  EM
            112 -0.32630176D+05    0.0093462    0.0000003  EM
            113 -0.32630168D+05    0.0084300    0.0000003  EM
            114 -0.32630160D+05    0.0076353    0.0000002  EM
            115 -0.32630153D+05    0.0069320    0.0000002  EM
            116 -0.32630147D+05    0.0063022    0.0000002  EM
            117 -0.32630141D+05    0.0057346    0.0000002  EM
            118 -0.32630136D+05    0.0052206    0.0000002  EM
            119 -0.32630131D+05    0.0047548    0.0000001  EM
            120 -0.32630127D+05    0.0043318    0.0000001  EM
            121 -0.32630123D+05    0.0039473    0.0000001  EM
            122 -0.32630119D+05    0.0035977    0.0000001  EM
            123 -0.32630116D+05    0.0032797    0.0000001  EM
            124 -0.32630113D+05    0.0029904    0.0000001  EM
            125 -0.32630110D+05    0.0027271    0.0000001  EM
            126 -0.32630108D+05    0.0024873    0.0000001  EM
            127 -0.32630106D+05    0.0022690    0.0000001  EM
            128 -0.32630103D+05    0.0020701    0.0000001  EM
            129 -0.32630085D+05    0.0181227    0.0000006  QN
            130 -0.32630083D+05    0.0026942    0.0000001  EM
            131 -0.32630082D+05    0.0002685    0.0000000  EM


DIAGRAM INFORMATION

  Use View Diagram under the Diagram menu in the Mplus Editor to view the diagram.
  If running Mplus from the Mplus Diagrammer, the diagram opens automatically.

  Diagram output
    c:\users\tzkeith\documents\regression book 3\part 2\chap 22 latent interactions mlm\latent interaction\hw curve 2.dg

     Beginning Time:  05:56:19
        Ending Time:  05:56:22
       Elapsed Time:  00:00:03



MUTHEN & MUTHEN
3463 Stoner Ave.
Los Angeles, CA  90066

Tel: (310) 391-9971
Fax: (310) 391-8971
Web: www.StatModel.com
Support: Support@StatModel.com

Copyright (c) 1998-2017 Muthen & Muthen
