Mplus VERSION 8
MUTHEN & MUTHEN
04/26/2018   6:45 AM

INPUT INSTRUCTIONS



  TITLE: Homework Achievement Latent curve in regression line?

  DATA:
    FILE IS HW latent 8-12.dat;
  VARIABLE:
       MISSING ARE ALL (-999);
           NAMES ARE
       bytxrstd
       bytxmstd
       bytxsstd
       bytxhstd
       parocc
       HW_10
       HW_12
       eng_12
       math_12
       sci_12
       ss_12
       Female
       byfaminc
       bypared
       Minority;



  USEVARIABLES ARE
      Minority
      BYPARED	
      BYFAMINC	
      PAROCC	
      BYTXRSTD	
      BYTXMSTD	
      BYTXSSTD	
      BYTXHSTD	
      HW_10	
      HW_12	
      ENG_12	
      MATH_12	
      SCI_12	
      SS_12;

  ANALYSIS:
      TYPE=RANDOM;
      ALGORITHM=INTEGRATION;

  MODEL:


      FAMBACK BY
          PAROCC
          BYPARED	
          BYFAMINC;	

      PREVACH BY
          BYTXRSTD	
          BYTXMSTD	
          BYTXSSTD	
          BYTXHSTD;	

      HW BY
          HW_10
          HW_12;	

      GRADES BY
          ENG_12	
          MATH_12	
          SCI_12	
          SS_12;

      BYTXRSTD	WITH ENG_12;
      BYTXMSTD	WITH MATH_12;	
      BYTXSSTD	WITH SCI_12;
      BYTXHSTD	WITH SS_12;	
      Minority    WITH FAMBACK;

      PREVACH ON FAMBACK Minority;
      GRADES ON PREVACH HW;
      HW ON PREVACH FAMBACK Minority;
      HW_Sq | HW XWITH HW;
      GRADES on HW_Sq;

      HW_cube | HW XWITH HW_Sq;
      GRADES on HW_cube;

  OUTPUT:  SAMPSTAT STDYX RESIDUAL TECH1 TECH8;




INPUT READING TERMINATED NORMALLY



Homework Achievement Latent curve in regression line?

SUMMARY OF ANALYSIS

Number of groups                                                 1
Number of observations                                        1000

Number of dependent variables                                   13
Number of independent variables                                  1
Number of continuous latent variables                            6

Observed dependent variables

  Continuous
   BYPARED     BYFAMINC    PAROCC      BYTXRSTD    BYTXMSTD    BYTXSSTD
   BYTXHSTD    HW_10       HW_12       ENG_12      MATH_12     SCI_12
   SS_12

Observed independent variables
   MINORITY

Continuous latent variables
   FAMBACK     PREVACH     HW          GRADES      HW_SQ       HW_CUBE


Estimator                                                      MLR
Information matrix                                        OBSERVED
Optimization Specifications for the Quasi-Newton Algorithm for
Continuous Outcomes
  Maximum number of iterations                                 100
  Convergence criterion                                  0.100D-05
Optimization Specifications for the EM Algorithm
  Maximum number of iterations                                 500
  Convergence criteria
    Loglikelihood change                                 0.100D-02
    Relative loglikelihood change                        0.100D-05
    Derivative                                           0.100D-02
Optimization Specifications for the M step of the EM Algorithm for
Categorical Latent variables
  Number of M step iterations                                    1
  M step convergence criterion                           0.100D-02
  Basis for M step termination                           ITERATION
Optimization Specifications for the M step of the EM Algorithm for
Censored, Binary or Ordered Categorical (Ordinal), Unordered
Categorical (Nominal) and Count Outcomes
  Number of M step iterations                                    1
  M step convergence criterion                           0.100D-02
  Basis for M step termination                           ITERATION
  Maximum value for logit thresholds                            15
  Minimum value for logit thresholds                           -15
  Minimum expected cell size for chi-square              0.100D-01
Maximum number of iterations for H1                           2000
Convergence criterion for H1                             0.100D-03
Optimization algorithm                                         EMA
Integration Specifications
  Type                                                    STANDARD
  Number of integration points                                  15
  Dimensions of numerical integration                            1
  Adaptive quadrature                                           ON
Cholesky                                                       OFF

Input data file(s)
  HW latent 8-12.dat
Input data format  FREE


SUMMARY OF DATA

     Number of missing data patterns            46


COVARIANCE COVERAGE OF DATA

Minimum covariance coverage value   0.100


     PROPORTION OF DATA PRESENT FOR Y


           Covariance Coverage
              BYPARED       BYFAMINC      PAROCC        BYTXRSTD      BYTXMSTD
              ________      ________      ________      ________      ________
 BYPARED        0.999
 BYFAMINC       0.957         0.958
 PAROCC         0.990         0.949         0.991
 BYTXRSTD       0.970         0.930         0.962         0.971
 BYTXMSTD       0.969         0.929         0.962         0.970         0.970
 BYTXSSTD       0.968         0.928         0.960         0.969         0.968
 BYTXHSTD       0.967         0.927         0.959         0.968         0.967
 HW_10          0.953         0.915         0.949         0.926         0.926
 HW_12          0.903         0.866         0.896         0.878         0.877
 ENG_12         0.979         0.940         0.972         0.953         0.952
 MATH_12        0.980         0.940         0.973         0.952         0.951
 SCI_12         0.985         0.945         0.977         0.957         0.956
 SS_12          0.988         0.948         0.980         0.960         0.959
 MINORITY       0.990         0.951         0.982         0.963         0.962


           Covariance Coverage
              BYTXSSTD      BYTXHSTD      HW_10         HW_12         ENG_12
              ________      ________      ________      ________      ________
 BYTXSSTD       0.969
 BYTXHSTD       0.968         0.968
 HW_10          0.924         0.923         0.954
 HW_12          0.876         0.875         0.887         0.904
 ENG_12         0.951         0.950         0.940         0.892         0.980
 MATH_12        0.950         0.949         0.941         0.897         0.967
 SCI_12         0.955         0.954         0.946         0.898         0.973
 SS_12          0.958         0.957         0.948         0.901         0.974
 MINORITY       0.961         0.960         0.945         0.897         0.971


           Covariance Coverage
              MATH_12       SCI_12        SS_12         MINORITY
              ________      ________      ________      ________
 MATH_12        0.981
 SCI_12         0.972         0.986
 SS_12          0.976         0.982         0.989
 MINORITY       0.972         0.977         0.980         0.991


SAMPLE STATISTICS


     ESTIMATED SAMPLE STATISTICS


           Means
              BYPARED       BYFAMINC      PAROCC        BYTXRSTD      BYTXMSTD
              ________      ________      ________      ________      ________
                3.128         9.839        51.384        51.254        51.490


           Means
              BYTXSSTD      BYTXHSTD      HW_10         HW_12         ENG_12
              ________      ________      ________      ________      ________
               51.172        51.369         2.483         3.287         6.075


           Means
              MATH_12       SCI_12        SS_12         MINORITY
              ________      ________      ________      ________
                5.483         5.771         6.207         0.252


           Covariances
              BYPARED       BYFAMINC      PAROCC        BYTXRSTD      BYTXMSTD
              ________      ________      ________      ________      ________
 BYPARED        1.584
 BYFAMINC       1.954         6.738
 PAROCC        16.143        29.086       458.848
 BYTXRSTD       5.190         9.981        71.828        99.962
 BYTXMSTD       5.306        10.315        75.508        70.664        98.038
 BYTXSSTD       4.796         8.416        60.719        68.888        70.859
 BYTXHSTD       4.529         9.260        64.805        69.574        66.725
 HW_10          0.520         0.865         6.440         4.811         4.807
 HW_12          0.510         0.989         6.131         4.902         5.219
 ENG_12         1.335         2.271        15.816        14.121        13.114
 MATH_12        1.121         1.735        12.998        12.348        13.509
 SCI_12         1.180         1.995        14.121        13.421        13.353
 SS_12          1.293         2.375        16.411        15.259        14.484
 MINORITY      -0.110        -0.289        -2.083        -0.914        -0.921


           Covariances
              BYTXSSTD      BYTXHSTD      HW_10         HW_12         ENG_12
              ________      ________      ________      ________      ________
 BYTXSSTD     100.089
 BYTXHSTD      67.498        94.012
 HW_10          4.198         4.030         2.860
 HW_12          4.280         3.889         1.375         3.898
 ENG_12        10.952        11.571         1.548         1.438         7.120
 MATH_12       10.544        10.281         1.270         1.339         5.227
 SCI_12        11.677        11.716         1.428         1.412         5.658
 SS_12         12.199        13.106         1.641         1.565         6.302
 MINORITY      -1.004        -0.895        -0.023        -0.015        -0.181


           Covariances
              MATH_12       SCI_12        SS_12         MINORITY
              ________      ________      ________      ________
 MATH_12        6.942
 SCI_12         5.184         7.003
 SS_12          5.353         5.941         7.913
 MINORITY      -0.158        -0.191        -0.158         0.188


           Correlations
              BYPARED       BYFAMINC      PAROCC        BYTXRSTD      BYTXMSTD
              ________      ________      ________      ________      ________
 BYPARED        1.000
 BYFAMINC       0.598         1.000
 PAROCC         0.599         0.523         1.000
 BYTXRSTD       0.412         0.385         0.335         1.000
 BYTXMSTD       0.426         0.401         0.356         0.714         1.000
 BYTXSSTD       0.381         0.324         0.283         0.689         0.715
 BYTXHSTD       0.371         0.368         0.312         0.718         0.695
 HW_10          0.244         0.197         0.178         0.285         0.287
 HW_12          0.205         0.193         0.145         0.248         0.267
 ENG_12         0.398         0.328         0.277         0.529         0.496
 MATH_12        0.338         0.254         0.230         0.469         0.518
 SCI_12         0.354         0.290         0.249         0.507         0.510
 SS_12          0.365         0.325         0.272         0.543         0.520
 MINORITY      -0.201        -0.257        -0.224        -0.211        -0.214


           Correlations
              BYTXSSTD      BYTXHSTD      HW_10         HW_12         ENG_12
              ________      ________      ________      ________      ________
 BYTXSSTD       1.000
 BYTXHSTD       0.696         1.000
 HW_10          0.248         0.246         1.000
 HW_12          0.217         0.203         0.412         1.000
 ENG_12         0.410         0.447         0.343         0.273         1.000
 MATH_12        0.400         0.402         0.285         0.257         0.744
 SCI_12         0.441         0.457         0.319         0.270         0.801
 SS_12          0.433         0.481         0.345         0.282         0.840
 MINORITY      -0.231        -0.213        -0.032        -0.018        -0.157


           Correlations
              MATH_12       SCI_12        SS_12         MINORITY
              ________      ________      ________      ________
 MATH_12        1.000
 SCI_12         0.744         1.000
 SS_12          0.722         0.798         1.000
 MINORITY      -0.138        -0.167        -0.129         1.000


     MAXIMUM LOG-LIKELIHOOD VALUE FOR THE UNRESTRICTED (H1) MODEL IS -32569.824


UNIVARIATE SAMPLE STATISTICS


     UNIVARIATE HIGHER-ORDER MOMENT DESCRIPTIVE STATISTICS

         Variable/         Mean/     Skewness/   Minimum/ % with                Percentiles
        Sample Size      Variance    Kurtosis    Maximum  Min/Max      20%/60%    40%/80%    Median

     BYPARED               3.127       0.455       1.000    9.41%       2.000      3.000      3.000
             999.000       1.584      -0.048       6.000    5.81%       3.000      4.000
     BYFAMINC              9.852      -0.683       1.000    0.21%       8.000     10.000     10.000
             958.000       6.684       0.569      15.000    2.19%      11.000     12.000
     PAROCC               51.585      -0.673       7.320    2.93%      25.000     56.330     58.010
             991.000     455.441      -0.919      81.870    6.96%      66.090     66.180
     BYTXRSTD             51.297      -0.259      23.098    0.10%      41.914     48.412     52.473
             971.000      99.818      -0.866      67.499    3.81%      54.775     61.136
     BYTXMSTD             51.544       0.061      30.282    0.10%      41.990     47.880     51.268
             970.000      97.731      -1.048      71.222    0.41%      54.802     61.871
     BYTXSSTD             51.206       0.007      26.505    0.10%      42.231     48.951     51.238
             969.000      99.963      -0.573      75.973    0.10%      53.527     60.103
     BYTXHSTD             51.414      -0.315      24.183    0.10%      42.750     49.413     52.034
             968.000      93.747      -0.461      69.508    1.03%      54.000     60.770
     HW_10                 2.526       0.896       0.000    5.35%       1.000      2.000      2.000
             954.000       2.828       0.254       7.000    3.56%       2.000      4.000
     HW_12                 3.365       0.490       0.000    6.19%       2.000      3.000      3.000
             904.000       3.856      -0.271       8.000    3.76%       3.000      5.000
     ENG_12                6.123      -0.244       0.000    1.53%       3.600      5.370      6.370
             980.000       7.002      -0.728      11.250    0.20%       7.180      8.600
     MATH_12               5.522       0.004       0.000    1.94%       3.000      4.800      5.500
             981.000       6.871      -0.740      11.500    0.20%       6.330      8.000
     SCI_12                5.788      -0.106       0.000    1.42%       3.500      5.000      6.000
             986.000       6.934      -0.706      11.500    0.20%       6.570      8.000
     SS_12                 6.233      -0.346       0.000    2.12%       3.670      5.670      6.500
             989.000       7.855      -0.679      11.670    0.10%       7.290      8.860
     MINORITY              0.251       1.147       0.000   74.87%       0.000      0.000      0.000
             991.000       0.188      -0.685       1.000   25.13%       0.000      1.000


THE MODEL ESTIMATION TERMINATED NORMALLY



MODEL FIT INFORMATION

Number of Free Parameters                       55

Loglikelihood

          H0 Value                      -32629.632
          H0 Scaling Correction Factor      1.0177
            for MLR

Information Criteria

          Akaike (AIC)                   65369.264
          Bayesian (BIC)                 65639.190
          Sample-Size Adjusted BIC       65464.507
            (n* = (n + 2) / 24)



MODEL RESULTS

                                                    Two-Tailed
                    Estimate       S.E.  Est./S.E.    P-Value

 FAMBACK  BY
    PAROCC             1.000      0.000    999.000    999.000
    BYPARED            0.068      0.003     22.379      0.000
    BYFAMINC           0.125      0.006     21.360      0.000

 PREVACH  BY
    BYTXRSTD           1.000      0.000    999.000    999.000
    BYTXMSTD           0.988      0.027     35.999      0.000
    BYTXSSTD           0.962      0.029     32.841      0.000
    BYTXHSTD           0.943      0.028     34.150      0.000

 HW       BY
    HW_10              1.000      0.000    999.000    999.000
    HW_12              0.964      0.125      7.705      0.000

 GRADES   BY
    ENG_12             1.000      0.000    999.000    999.000
    MATH_12            0.875      0.023     37.706      0.000
    SCI_12             0.961      0.022     44.244      0.000
    SS_12              1.050      0.021     50.362      0.000

 PREVACH    ON
    FAMBACK            0.307      0.022     14.150      0.000

 GRADES     ON
    PREVACH            0.136      0.013     10.478      0.000
    HW                 0.906      0.227      3.997      0.000
    HW_SQ             -0.154      0.047     -3.296      0.001
    HW_CUBE           -0.028      0.028     -0.972      0.331

 HW         ON
    PREVACH            0.046      0.008      5.613      0.000
    FAMBACK            0.021      0.005      4.483      0.000

 PREVACH    ON
    MINORITY          -1.974      0.630     -3.136      0.002

 HW         ON
    MINORITY           0.278      0.112      2.496      0.013

 MINORITY WITH
    FAMBACK           -1.913      0.250     -7.653      0.000

 BYTXRSTD WITH
    ENG_12             0.471      0.255      1.846      0.065

 BYTXMSTD WITH
    MATH_12            1.571      0.318      4.938      0.000

 BYTXSSTD WITH
    SCI_12             0.453      0.319      1.418      0.156

 BYTXHSTD WITH
    SS_12              0.293      0.305      0.958      0.338

 Means
    MINORITY           0.252      0.014     18.269      0.000

 Intercepts
    BYPARED            3.128      0.040     78.543      0.000
    BYFAMINC           9.840      0.083    118.211      0.000
    PAROCC            51.382      0.682     75.370      0.000
    BYTXRSTD          51.752      0.347    149.091      0.000
    BYTXMSTD          51.982      0.350    148.435      0.000
    BYTXSSTD          51.654      0.342    151.033      0.000
    BYTXHSTD          51.838      0.335    154.707      0.000
    HW_10              2.427      0.061     39.591      0.000
    HW_12              3.225      0.073     44.480      0.000
    ENG_12             6.338      0.130     48.782      0.000
    MATH_12            5.713      0.119     48.179      0.000
    SCI_12             6.024      0.126     47.781      0.000
    SS_12              6.485      0.136     47.803      0.000

 Variances
    MINORITY           0.188      0.007     27.458      0.000
    FAMBACK          233.818     17.033     13.728      0.000

 Residual Variances
    BYPARED            0.508      0.042     12.041      0.000
    BYFAMINC           3.088      0.236     13.109      0.000
    PAROCC           225.054     12.587     17.879      0.000
    BYTXRSTD          27.514      1.757     15.657      0.000
    BYTXMSTD          26.804      1.621     16.536      0.000
    BYTXSSTD          32.796      1.858     17.648      0.000
    BYTXHSTD          29.202      1.808     16.149      0.000
    HW_10              1.439      0.219      6.570      0.000
    HW_12              2.591      0.197     13.175      0.000
    ENG_12             1.157      0.086     13.432      0.000
    MATH_12            2.358      0.124     19.057      0.000
    SCI_12             1.542      0.100     15.401      0.000
    SS_12              1.371      0.112     12.264      0.000
    PREVACH           47.619      3.107     15.326      0.000
    HW                 1.076      0.225      4.774      0.000
    GRADES             2.802      0.247     11.352      0.000


STANDARDIZED MODEL RESULTS


STDYX Standardization

                                                    Two-Tailed
                    Estimate       S.E.  Est./S.E.    P-Value

 FAMBACK  BY
    PAROCC             0.714      0.020     36.356      0.000
    BYPARED            0.824      0.018     46.479      0.000
    BYFAMINC           0.736      0.021     35.647      0.000

 PREVACH  BY
    BYTXRSTD           0.852      0.011     79.372      0.000
    BYTXMSTD           0.852      0.010     81.827      0.000
    BYTXSSTD           0.820      0.012     67.624      0.000
    BYTXHSTD           0.830      0.012     68.409      0.000

 HW       BY
    HW_10              0.707      0.054     13.011      0.000
    HW_12              0.584      0.041     14.311      0.000

 GRADES   BY
    ENG_12             0.885      0.015     60.676      0.000
    MATH_12            0.759      0.024     32.051      0.000
    SCI_12             0.846      0.018     46.630      0.000
    SS_12              0.878      0.016     55.887      0.000

 PREVACH    ON
    FAMBACK            0.550      0.031     17.976      0.000

 GRADES     ON
    PREVACH            0.565      0.065      8.652      0.000
    HW                 0.531      0.099      5.356      0.000
    HW_SQ             -0.108      0.040     -2.737      0.006
    HW_CUBE           -0.023      0.020     -1.188      0.235

 HW         ON
    PREVACH            0.326      0.058      5.642      0.000
    FAMBACK            0.264      0.059      4.494      0.000

 PREVACH    ON
    MINORITY          -0.100      0.032     -3.137      0.002

 HW         ON
    MINORITY           0.101      0.040      2.496      0.013

 MINORITY WITH
    FAMBACK           -0.288      0.034     -8.544      0.000

 BYTXRSTD WITH
    ENG_12             0.084      0.045      1.868      0.062

 BYTXMSTD WITH
    MATH_12            0.198      0.038      5.211      0.000

 BYTXSSTD WITH
    SCI_12             0.064      0.044      1.432      0.152

 BYTXHSTD WITH
    SS_12              0.046      0.048      0.967      0.334

 Means
    MINORITY           0.581      0.021     27.370      0.000

 Intercepts
    BYPARED            2.485      0.054     46.276      0.000
    BYFAMINC           3.791      0.115     32.845      0.000
    PAROCC             2.399      0.065     36.891      0.000
    BYTXRSTD           5.171      0.101     51.199      0.000
    BYTXMSTD           5.257      0.087     60.364      0.000
    BYTXSSTD           5.166      0.103     50.000      0.000
    BYTXHSTD           5.351      0.118     45.193      0.000
    HW_10              1.430      0.037     39.079      0.000
    HW_12              1.627      0.044     36.880      0.000
    ENG_12             2.741      0.154     17.856      0.000
    MATH_12            2.421      0.105     22.990      0.000
    SCI_12             2.590      0.134     19.299      0.000
    SS_12              2.650      0.150     17.677      0.000

 Variances
    MINORITY           1.000      0.000    999.000    999.000
    FAMBACK            1.000      0.000    999.000    999.000

 Residual Variances
    BYPARED            0.321      0.029     10.966      0.000
    BYFAMINC           0.458      0.030     15.087      0.000
    PAROCC             0.490      0.028     17.497      0.000
    BYTXRSTD           0.275      0.018     15.028      0.000
    BYTXMSTD           0.274      0.018     15.449      0.000
    BYTXSSTD           0.328      0.020     16.502      0.000
    BYTXHSTD           0.311      0.020     15.450      0.000
    HW_10              0.500      0.077      6.495      0.000
    HW_12              0.659      0.048     13.846      0.000
    ENG_12             0.216      0.026      8.382      0.000
    MATH_12            0.424      0.036     11.777      0.000
    SCI_12             0.285      0.031      9.327      0.000
    SS_12              0.229      0.028      8.297      0.000
    PREVACH            0.655      0.032     20.300      0.000
    HW                 0.746      0.049     15.273      0.000
    GRADES             0.669      0.096      6.934      0.000


R-SQUARE

    Observed                                        Two-Tailed
    Variable        Estimate       S.E.  Est./S.E.    P-Value

    BYPARED            0.679      0.029     23.239      0.000
    BYFAMINC           0.542      0.030     17.823      0.000
    PAROCC             0.510      0.028     18.178      0.000
    BYTXRSTD           0.725      0.018     39.686      0.000
    BYTXMSTD           0.726      0.018     40.914      0.000
    BYTXSSTD           0.672      0.020     33.812      0.000
    BYTXHSTD           0.689      0.020     34.204      0.000
    HW_10              0.500      0.077      6.506      0.000
    HW_12              0.341      0.048      7.156      0.000
    ENG_12             0.784      0.026     30.338      0.000
    MATH_12            0.576      0.036     16.026      0.000
    SCI_12             0.715      0.031     23.395      0.000
    SS_12              0.771      0.028     27.943      0.000

     Latent                                         Two-Tailed
    Variable        Estimate       S.E.  Est./S.E.    P-Value

    PREVACH            0.345      0.032     10.676      0.000
    HW                 0.254      0.049      5.188      0.000
    GRADES             0.331      0.096      3.433      0.001


QUALITY OF NUMERICAL RESULTS

     Condition Number for the Information Matrix              0.145E-06
       (ratio of smallest to largest eigenvalue)


RESIDUAL OUTPUT


     ESTIMATED MODEL AND RESIDUALS (OBSERVED - ESTIMATED)


           Model Estimated Means
              BYPARED       BYFAMINC      PAROCC        BYTXRSTD      BYTXMSTD
              ________      ________      ________      ________      ________
                3.128         9.840        51.382        51.254        51.490


           Model Estimated Means
              BYTXSSTD      BYTXHSTD      HW_10         HW_12         ENG_12
              ________      ________      ________      ________      ________
               51.175        51.369         2.474         3.271         5.902


           Model Estimated Means
              MATH_12       SCI_12        SS_12         MINORITY
              ________      ________      ________      ________
                5.331         5.605         6.026         0.252


           Residuals for Means
              BYPARED       BYFAMINC      PAROCC        BYTXRSTD      BYTXMSTD
              ________      ________      ________      ________      ________
               -0.001         0.012         0.203         0.043         0.054


           Residuals for Means
              BYTXSSTD      BYTXHSTD      HW_10         HW_12         ENG_12
              ________      ________      ________      ________      ________
                0.031         0.045         0.052         0.094         0.221


           Residuals for Means
              MATH_12       SCI_12        SS_12         MINORITY
              ________      ________      ________      ________
                0.191         0.184         0.207        -0.001


           Model Estimated Covariances
              BYPARED       BYFAMINC      PAROCC        BYTXRSTD      BYTXMSTD
              ________      ________      ________      ________      ________
 BYPARED        1.584
 BYFAMINC       1.981         6.735
 PAROCC        15.863        29.204       458.872
 BYTXRSTD       5.121         9.428        75.487       100.176
 BYTXMSTD       5.062         9.319        74.612        71.819        97.791
 BYTXSSTD       4.925         9.067        72.594        69.877        69.067
 BYTXHSTD       4.831         8.893        71.204        68.539        67.745
 HW_10          0.528         0.972         7.783         4.635         4.581
 HW_12          0.509         0.937         7.502         4.468         4.416
 ENG_12         0.413         0.760         6.085         7.819         7.262
 MATH_12        0.361         0.665         5.326         6.431         7.927
 SCI_12         0.397         0.730         5.848         7.062         6.980
 SS_12          0.433         0.798         6.389         7.715         7.625
 MINORITY      -0.130        -0.239        -1.913        -0.958        -0.947


           Model Estimated Covariances
              BYTXSSTD      BYTXHSTD      HW_10         HW_12         ENG_12
              ________      ________      ________      ________      ________
 BYTXSSTD      99.995
 BYTXHSTD      65.912        93.853
 HW_10          4.457         4.372         2.880
 HW_12          4.297         4.214         1.389         3.931
 ENG_12         7.023         6.930        -0.129        -0.124         5.346
 MATH_12        6.147         6.066        -0.113        -0.109         3.666
 SCI_12         7.203         6.661        -0.124        -0.120         4.025
 SS_12          7.374         7.570        -0.136        -0.131         4.398
 MINORITY      -0.921        -0.904        -0.031        -0.030        -0.112


           Model Estimated Covariances
              MATH_12       SCI_12        SS_12         MINORITY
              ________      ________      ________      ________
 MATH_12        5.567
 SCI_12         3.523         5.411
 SS_12          3.850         4.227         5.990
 MINORITY      -0.098        -0.108        -0.118         0.188


           Residuals for Covariances
              BYPARED       BYFAMINC      PAROCC        BYTXRSTD      BYTXMSTD
              ________      ________      ________      ________      ________
 BYPARED        0.000
 BYFAMINC      -0.031        -0.051
 PAROCC         0.664         3.122        -3.431
 BYTXRSTD       0.670         1.773         4.268        -0.358
 BYTXMSTD       0.791         3.072         7.292        -0.754        -0.060
 BYTXSSTD       0.471         1.143        -5.524        -2.144         1.998
 BYTXHSTD       0.302         1.992         2.189         0.449         0.019
 HW_10          0.074         0.027        -0.880         1.451         1.229
 HW_12          0.224         0.459         1.958         1.983         1.996
 ENG_12         1.002         1.509        11.456         7.625         7.128
 MATH_12        0.820         1.186         8.618         6.844         6.693
 SCI_12         0.835         1.383         9.627         7.125         7.099
 SS_12          0.875         1.599        11.320         8.404         7.678
 MINORITY       0.021        -0.096        -0.246        -0.084        -0.144


           Residuals for Covariances
              BYTXSSTD      BYTXHSTD      HW_10         HW_12         ENG_12
              ________      ________      ________      ________      ________
 BYTXSSTD      -0.032
 BYTXHSTD       2.299        -0.105
 HW_10          0.859         0.727        -0.052
 HW_12          1.064         0.777         0.146        -0.075
 ENG_12         5.095         5.960         1.982         2.584         1.655
 MATH_12        5.213         5.129         1.657         2.137         1.834
 SCI_12         4.976         5.852         1.745         2.410         1.778
 SS_12          5.606         6.345         2.068         2.647         2.154
 MINORITY      -0.296        -0.239        -0.007        -0.012        -0.074


           Residuals for Covariances
              MATH_12       SCI_12        SS_12         MINORITY
              ________      ________      ________      ________
 MATH_12        1.303
 SCI_12         1.779         1.524
 SS_12          1.696         1.713         1.865
 MINORITY      -0.061        -0.076        -0.034         0.000


TECHNICAL 1 OUTPUT


     PARAMETER SPECIFICATION


           NU
              BYPARED       BYFAMINC      PAROCC        BYTXRSTD      BYTXMSTD
              ________      ________      ________      ________      ________
                    1             2             3             4             5


           NU
              BYTXSSTD      BYTXHSTD      HW_10         HW_12         ENG_12
              ________      ________      ________      ________      ________
                    6             7             8             9            10


           NU
              MATH_12       SCI_12        SS_12         MINORITY
              ________      ________      ________      ________
                   11            12            13             0


           LAMBDA
              FAMBACK       PREVACH       HW            GRADES        HW_SQ
              ________      ________      ________      ________      ________
 BYPARED           14             0             0             0             0
 BYFAMINC          15             0             0             0             0
 PAROCC             0             0             0             0             0
 BYTXRSTD           0             0             0             0             0
 BYTXMSTD           0            16             0             0             0
 BYTXSSTD           0            17             0             0             0
 BYTXHSTD           0            18             0             0             0
 HW_10              0             0             0             0             0
 HW_12              0             0            19             0             0
 ENG_12             0             0             0             0             0
 MATH_12            0             0             0            20             0
 SCI_12             0             0             0            21             0
 SS_12              0             0             0            22             0
 MINORITY           0             0             0             0             0


           LAMBDA
              HW_CUBE       MINORITY
              ________      ________
 BYPARED            0             0
 BYFAMINC           0             0
 PAROCC             0             0
 BYTXRSTD           0             0
 BYTXMSTD           0             0
 BYTXSSTD           0             0
 BYTXHSTD           0             0
 HW_10              0             0
 HW_12              0             0
 ENG_12             0             0
 MATH_12            0             0
 SCI_12             0             0
 SS_12              0             0
 MINORITY           0             0


           THETA
              BYPARED       BYFAMINC      PAROCC        BYTXRSTD      BYTXMSTD
              ________      ________      ________      ________      ________
 BYPARED           23
 BYFAMINC           0            24
 PAROCC             0             0            25
 BYTXRSTD           0             0             0            26
 BYTXMSTD           0             0             0             0            27
 BYTXSSTD           0             0             0             0             0
 BYTXHSTD           0             0             0             0             0
 HW_10              0             0             0             0             0
 HW_12              0             0             0             0             0
 ENG_12             0             0             0            32             0
 MATH_12            0             0             0             0            34
 SCI_12             0             0             0             0             0
 SS_12              0             0             0             0             0
 MINORITY           0             0             0             0             0


           THETA
              BYTXSSTD      BYTXHSTD      HW_10         HW_12         ENG_12
              ________      ________      ________      ________      ________
 BYTXSSTD          28
 BYTXHSTD           0            29
 HW_10              0             0            30
 HW_12              0             0             0            31
 ENG_12             0             0             0             0            33
 MATH_12            0             0             0             0             0
 SCI_12            36             0             0             0             0
 SS_12              0            38             0             0             0
 MINORITY           0             0             0             0             0


           THETA
              MATH_12       SCI_12        SS_12         MINORITY
              ________      ________      ________      ________
 MATH_12           35
 SCI_12             0            37
 SS_12              0             0            39
 MINORITY           0             0             0             0


           ALPHA
              FAMBACK       PREVACH       HW            GRADES        HW_SQ
              ________      ________      ________      ________      ________
                    0             0             0             0             0


           ALPHA
              HW_CUBE       MINORITY
              ________      ________
                    0            40


           BETA
              FAMBACK       PREVACH       HW            GRADES        HW_SQ
              ________      ________      ________      ________      ________
 FAMBACK            0             0             0             0             0
 PREVACH           41             0             0             0             0
 HW                43            44             0             0             0
 GRADES             0            46            47             0            48
 HW_SQ              0             0             0             0             0
 HW_CUBE            0             0             0             0             0
 MINORITY           0             0             0             0             0


           BETA
              HW_CUBE       MINORITY
              ________      ________
 FAMBACK            0             0
 PREVACH            0            42
 HW                 0            45
 GRADES            49             0
 HW_SQ              0             0
 HW_CUBE            0             0
 MINORITY           0             0


           PSI
              FAMBACK       PREVACH       HW            GRADES        HW_SQ
              ________      ________      ________      ________      ________
 FAMBACK           50
 PREVACH            0            51
 HW                 0             0            52
 GRADES             0             0             0            53
 HW_SQ              0             0             0             0             0
 HW_CUBE            0             0             0             0             0
 MINORITY          54             0             0             0             0


           PSI
              HW_CUBE       MINORITY
              ________      ________
 HW_CUBE            0
 MINORITY           0            55


     STARTING VALUES


           NU
              BYPARED       BYFAMINC      PAROCC        BYTXRSTD      BYTXMSTD
              ________      ________      ________      ________      ________
                3.127         9.852        51.585        51.297        51.544


           NU
              BYTXSSTD      BYTXHSTD      HW_10         HW_12         ENG_12
              ________      ________      ________      ________      ________
               51.206        51.414         2.526         3.365         6.123


           NU
              MATH_12       SCI_12        SS_12         MINORITY
              ________      ________      ________      ________
                5.522         5.788         6.233         0.000


           LAMBDA
              FAMBACK       PREVACH       HW            GRADES        HW_SQ
              ________      ________      ________      ________      ________
 BYPARED        1.000         0.000         0.000         0.000         0.000
 BYFAMINC       1.000         0.000         0.000         0.000         0.000
 PAROCC         1.000         0.000         0.000         0.000         0.000
 BYTXRSTD       0.000         1.000         0.000         0.000         0.000
 BYTXMSTD       0.000         1.000         0.000         0.000         0.000
 BYTXSSTD       0.000         1.000         0.000         0.000         0.000
 BYTXHSTD       0.000         1.000         0.000         0.000         0.000
 HW_10          0.000         0.000         1.000         0.000         0.000
 HW_12          0.000         0.000         1.000         0.000         0.000
 ENG_12         0.000         0.000         0.000         1.000         0.000
 MATH_12        0.000         0.000         0.000         1.000         0.000
 SCI_12         0.000         0.000         0.000         1.000         0.000
 SS_12          0.000         0.000         0.000         1.000         0.000
 MINORITY       0.000         0.000         0.000         0.000         0.000


           LAMBDA
              HW_CUBE       MINORITY
              ________      ________
 BYPARED        0.000         0.000
 BYFAMINC       0.000         0.000
 PAROCC         0.000         0.000
 BYTXRSTD       0.000         0.000
 BYTXMSTD       0.000         0.000
 BYTXSSTD       0.000         0.000
 BYTXHSTD       0.000         0.000
 HW_10          0.000         0.000
 HW_12          0.000         0.000
 ENG_12         0.000         0.000
 MATH_12        0.000         0.000
 SCI_12         0.000         0.000
 SS_12          0.000         0.000
 MINORITY       0.000         1.000


           THETA
              BYPARED       BYFAMINC      PAROCC        BYTXRSTD      BYTXMSTD
              ________      ________      ________      ________      ________
 BYPARED        0.792
 BYFAMINC       0.000         3.342
 PAROCC         0.000         0.000       227.721
 BYTXRSTD       0.000         0.000         0.000        49.909
 BYTXMSTD       0.000         0.000         0.000         0.000        48.866
 BYTXSSTD       0.000         0.000         0.000         0.000         0.000
 BYTXHSTD       0.000         0.000         0.000         0.000         0.000
 HW_10          0.000         0.000         0.000         0.000         0.000
 HW_12          0.000         0.000         0.000         0.000         0.000
 ENG_12         0.000         0.000         0.000         0.000         0.000
 MATH_12        0.000         0.000         0.000         0.000         0.000
 SCI_12         0.000         0.000         0.000         0.000         0.000
 SS_12          0.000         0.000         0.000         0.000         0.000
 MINORITY       0.000         0.000         0.000         0.000         0.000


           THETA
              BYTXSSTD      BYTXHSTD      HW_10         HW_12         ENG_12
              ________      ________      ________      ________      ________
 BYTXSSTD      49.982
 BYTXHSTD       0.000        46.874
 HW_10          0.000         0.000         1.414
 HW_12          0.000         0.000         0.000         1.928
 ENG_12         0.000         0.000         0.000         0.000         3.501
 MATH_12        0.000         0.000         0.000         0.000         0.000
 SCI_12         0.000         0.000         0.000         0.000         0.000
 SS_12          0.000         0.000         0.000         0.000         0.000
 MINORITY       0.000         0.000         0.000         0.000         0.000


           THETA
              MATH_12       SCI_12        SS_12         MINORITY
              ________      ________      ________      ________
 MATH_12        3.435
 SCI_12         0.000         3.467
 SS_12          0.000         0.000         3.927
 MINORITY       0.000         0.000         0.000         0.000


           ALPHA
              FAMBACK       PREVACH       HW            GRADES        HW_SQ
              ________      ________      ________      ________      ________
                0.000         0.000         0.000         0.000         0.000


           ALPHA
              HW_CUBE       MINORITY
              ________      ________
                0.000         0.251


           BETA
              FAMBACK       PREVACH       HW            GRADES        HW_SQ
              ________      ________      ________      ________      ________
 FAMBACK        0.000         0.000         0.000         0.000         0.000
 PREVACH        0.000         0.000         0.000         0.000         0.000
 HW             0.000         0.000         0.000         0.000         0.000
 GRADES         0.000         0.000         0.000         0.000         0.000
 HW_SQ          0.000         0.000         0.000         0.000         0.000
 HW_CUBE        0.000         0.000         0.000         0.000         0.000
 MINORITY       0.000         0.000         0.000         0.000         0.000


           BETA
              HW_CUBE       MINORITY
              ________      ________
 FAMBACK        0.000         0.000
 PREVACH        0.000         0.000
 HW             0.000         0.000
 GRADES         0.000         0.000
 HW_SQ          0.000         0.000
 HW_CUBE        0.000         0.000
 MINORITY       0.000         0.000


           PSI
              FAMBACK       PREVACH       HW            GRADES        HW_SQ
              ________      ________      ________      ________      ________
 FAMBACK        0.050
 PREVACH        0.000         0.050
 HW             0.000         0.000         0.050
 GRADES         0.000         0.000         0.000         0.050
 HW_SQ          0.000         0.000         0.000         0.000         0.000
 HW_CUBE        0.000         0.000         0.000         0.000         0.000
 MINORITY       0.000         0.000         0.000         0.000         0.000


           PSI
              HW_CUBE       MINORITY
              ________      ________
 HW_CUBE        0.000
 MINORITY       0.000         0.094


TECHNICAL 8 OUTPUT


   E STEP  ITER  LOGLIKELIHOOD    ABS CHANGE   REL CHANGE  ALGORITHM
              1 -0.38338726D+05    0.0000000    0.0000000  EM
              2 -0.32780727D+05 5557.9991588    0.1449709  EM
              3 -0.32761809D+05   18.9181656    0.0005771  EM
              4 -0.32743005D+05   18.8039035    0.0005740  EM
              5 -0.32727713D+05   15.2912006    0.0004670  EM
              6 -0.32717405D+05   10.3085374    0.0003150  EM
              7 -0.32711267D+05    6.1382641    0.0001876  EM
              8 -0.32707742D+05    3.5244063    0.0001077  EM
              9 -0.32705597D+05    2.1448788    0.0000656  EM
             10 -0.32704114D+05    1.4829720    0.0000453  EM
             11 -0.32702935D+05    1.1795857    0.0000361  EM
             12 -0.32701891D+05    1.0439958    0.0000319  EM
             13 -0.32700905D+05    0.9861235    0.0000302  EM
             14 -0.32699938D+05    0.9665883    0.0000296  EM
             15 -0.32698972D+05    0.9661983    0.0000295  EM
             16 -0.32697997D+05    0.9744424    0.0000298  EM
             17 -0.32697009D+05    0.9882555    0.0000302  EM
             18 -0.32696001D+05    1.0087048    0.0000309  EM
             19 -0.32694970D+05    1.0303841    0.0000315  EM
             20 -0.32693917D+05    1.0533700    0.0000322  EM
             21 -0.32692840D+05    1.0768910    0.0000329  EM
             22 -0.32691738D+05    1.1016914    0.0000337  EM
             23 -0.32690608D+05    1.1301431    0.0000346  EM
             24 -0.32689457D+05    1.1507097    0.0000352  EM
             25 -0.32688348D+05    1.1094953    0.0000339  EM
             26 -0.32687168D+05    1.1802827    0.0000361  EM
             27 -0.32685999D+05    1.1684526    0.0000357  EM
             28 -0.32684874D+05    1.1254279    0.0000344  EM
             29 -0.32683677D+05    1.1970159    0.0000366  EM
             30 -0.32682558D+05    1.1185843    0.0000342  EM
             31 -0.32681347D+05    1.2109363    0.0000371  EM
             32 -0.32680208D+05    1.1388938    0.0000348  EM
             33 -0.32679047D+05    1.1614914    0.0000355  EM
             34 -0.32678165D+05    0.8820276    0.0000270  EM
             35 -0.32677037D+05    1.1274726    0.0000345  EM
             36 -0.32675836D+05    1.2015732    0.0000368  EM
             37 -0.32675039D+05    0.7963657    0.0000244  EM
             38 -0.32673822D+05    1.2170559    0.0000372  EM
             39 -0.32672893D+05    0.9293159    0.0000284  EM
             40 -0.32672550D+05    0.3434441    0.0000105  EM
             41 -0.32671147D+05    1.4021387    0.0000429  EM
             42 -0.32670368D+05    0.7788870    0.0000238  EM
             43 -0.32669388D+05    0.9800847    0.0000300  EM
             44 -0.32669163D+05    0.2253282    0.0000069  EM
             45 -0.32667558D+05    1.6046872    0.0000491  EM
             46 -0.32666899D+05    0.6598569    0.0000202  EM
             47 -0.32665834D+05    1.0641789    0.0000326  EM
             48 -0.32665556D+05    0.2787947    0.0000085  EM
             49 -0.32665026D+05    0.5298533    0.0000162  EM
             50 -0.32664247D+05    0.7782407    0.0000238  EM
             51 -0.32663532D+05    0.7158946    0.0000219  EM
             52 -0.32662682D+05    0.8498950    0.0000260  EM
             53 -0.32662109D+05    0.5729895    0.0000175  EM
             54 -0.32662067D+05    0.0412791    0.0000013  EM
             55 -0.32661030D+05    1.0378696    0.0000318  EM
             56 -0.32660357D+05    0.6725928    0.0000206  EM
             57 -0.32660100D+05    0.2572667    0.0000079  EM
             58 -0.32659102D+05    0.9979572    0.0000306  EM
             59 -0.32659632D+05   -0.5299563   -0.0000162  EM
             60 -0.32658103D+05    1.5288742    0.0000468  EM
             61 -0.32657424D+05    0.6789993    0.0000208  EM
             62 -0.32657079D+05    0.3450558    0.0000106  EM
             63 -0.32655902D+05    1.1763380    0.0000360  EM
             64 -0.32657241D+05   -1.3390538   -0.0000410  EM
             65 -0.32655360D+05    1.8816026    0.0000576  EM
             66 -0.32655895D+05   -0.5354303   -0.0000164  EM
             67 -0.32654434D+05    1.4609904    0.0000447  EM
             68 -0.32655524D+05   -1.0898102   -0.0000334  EM
             69 -0.32653974D+05    1.5500239    0.0000475  EM
             70 -0.32653231D+05    0.7433495    0.0000228  EM
             71 -0.32654594D+05   -1.3632087   -0.0000417  EM
             72 -0.32654137D+05    0.4571937    0.0000140  EM
             73 -0.32652742D+05    1.3946559    0.0000427  EM
             74 -0.32650718D+05    2.0244648    0.0000620  EM
             75 -0.32653240D+05   -2.5223392   -0.0000773  EM
             76 -0.32651784D+05    1.4561214    0.0000446  EM
             77 -0.32650809D+05    0.9751686    0.0000299  EM
             78 -0.32650451D+05    0.3572791    0.0000109  EM
             79 -0.32649141D+05    1.3107332    0.0000401  EM
             80 -0.32650882D+05   -1.7413453   -0.0000533  EM
             81 -0.32648637D+05    2.2447005    0.0000687  EM
             82 -0.32649829D+05   -1.1914861   -0.0000365  EM
             83 -0.32647682D+05    2.1464612    0.0000657  EM
             84 -0.32648848D+05   -1.1660702   -0.0000357  EM
             85 -0.32646745D+05    2.1030997    0.0000644  EM
             86 -0.32648058D+05   -1.3125824   -0.0000402  EM
             87 -0.32646688D+05    1.3698820    0.0000420  EM
             88 -0.32646349D+05    0.3392328    0.0000104  EM
             89 -0.32646026D+05    0.3225862    0.0000099  EM
             90 -0.32645715D+05    0.3111413    0.0000095  EM
             91 -0.32645414D+05    0.3012462    0.0000092  EM
             92 -0.32645121D+05    0.2924142    0.0000090  EM
             93 -0.32644837D+05    0.2844859    0.0000087  EM
             94 -0.32644560D+05    0.2773957    0.0000085  EM
             95 -0.32644288D+05    0.2711057    0.0000083  EM
             96 -0.32644023D+05    0.2655805    0.0000081  EM
             97 -0.32643762D+05    0.2607807    0.0000080  EM
             98 -0.32643505D+05    0.2566582    0.0000079  EM
             99 -0.32643339D+05    0.1663014    0.0000051  QN
            100 -0.32642973D+05    0.3660395    0.0000112  EM
            101 -0.32642702D+05    0.2712078    0.0000083  EM
            102 -0.32642444D+05    0.2577505    0.0000079  EM
            103 -0.32642193D+05    0.2514128    0.0000077  EM
            104 -0.32641945D+05    0.2475332    0.0000076  EM
            105 -0.32641700D+05    0.2447396    0.0000075  EM
            106 -0.32641458D+05    0.2425514    0.0000074  EM
            107 -0.32641217D+05    0.2407714    0.0000074  EM
            108 -0.32640978D+05    0.2392986    0.0000073  EM
            109 -0.32640740D+05    0.2380626    0.0000073  EM
            110 -0.32640503D+05    0.2370083    0.0000073  EM
            111 -0.32640267D+05    0.2360871    0.0000072  EM
            112 -0.32640031D+05    0.2352597    0.0000072  EM
            113 -0.32639797D+05    0.2344948    0.0000072  EM
            114 -0.32639563D+05    0.2337687    0.0000072  EM
            115 -0.32639330D+05    0.2330691    0.0000071  EM
            116 -0.32639098D+05    0.2323879    0.0000071  EM
            117 -0.32638866D+05    0.2317286    0.0000071  EM
            118 -0.32638635D+05    0.2311004    0.0000071  EM
            119 -0.32638404D+05    0.2305190    0.0000071  EM
            120 -0.32638174D+05    0.2300096    0.0000070  EM
            121 -0.32637945D+05    0.2295959    0.0000070  EM
            122 -0.32637715D+05    0.2293175    0.0000070  EM
            123 -0.32637486D+05    0.2292048    0.0000070  EM
            124 -0.32637257D+05    0.2293063    0.0000070  EM
            125 -0.32637027D+05    0.2296623    0.0000070  EM
            126 -0.32636797D+05    0.2303206    0.0000071  EM
            127 -0.32636566D+05    0.2313267    0.0000071  EM
            128 -0.32636333D+05    0.2327228    0.0000071  EM
            129 -0.32636098D+05    0.2345418    0.0000072  EM
            130 -0.32635861D+05    0.2367974    0.0000073  EM
            131 -0.32635622D+05    0.2394771    0.0000073  EM
            132 -0.32635379D+05    0.2425258    0.0000074  EM
            133 -0.32635134D+05    0.2458348    0.0000075  EM
            134 -0.32634884D+05    0.2492281    0.0000076  EM
            135 -0.32634632D+05    0.2524623    0.0000077  EM
            136 -0.32634377D+05    0.2552335    0.0000078  EM
            137 -0.32634120D+05    0.2572042    0.0000079  EM
            138 -0.32633861D+05    0.2580430    0.0000079  EM
            139 -0.32633604D+05    0.2574683    0.0000079  EM
            140 -0.32633349D+05    0.2552880    0.0000078  EM
            141 -0.32633097D+05    0.2514188    0.0000077  EM
            142 -0.32632367D+05    0.7300645    0.0000224  QN
            143 -0.32631817D+05    0.5500284    0.0000169  EM
            144 -0.32631584D+05    0.2333370    0.0000072  EM
            145 -0.32631396D+05    0.1879543    0.0000058  EM
            146 -0.32631231D+05    0.1652552    0.0000051  EM
            147 -0.32631082D+05    0.1490531    0.0000046  EM
            148 -0.32630946D+05    0.1352671    0.0000041  EM
            149 -0.32630824D+05    0.1228324    0.0000038  EM
            150 -0.32630712D+05    0.1114490    0.0000034  EM
            151 -0.32630611D+05    0.1010142    0.0000031  EM
            152 -0.32630520D+05    0.0914761    0.0000028  EM
            153 -0.32630437D+05    0.0827864    0.0000025  EM
            154 -0.32630362D+05    0.0748968    0.0000023  EM
            155 -0.32630294D+05    0.0677519    0.0000021  EM
            156 -0.32630233D+05    0.0612944    0.0000019  EM
            157 -0.32630177D+05    0.0554659    0.0000017  EM
            158 -0.32630127D+05    0.0502081    0.0000015  EM
            159 -0.32630082D+05    0.0454661    0.0000014  EM
            160 -0.32630041D+05    0.0411889    0.0000013  EM
            161 -0.32630003D+05    0.0373289    0.0000011  EM
            162 -0.32629969D+05    0.0338438    0.0000010  EM
            163 -0.32629939D+05    0.0306951    0.0000009  EM
            164 -0.32629911D+05    0.0278488    0.0000009  EM
            165 -0.32629886D+05    0.0252742    0.0000008  EM
            166 -0.32629863D+05    0.0229440    0.0000007  EM
            167 -0.32629842D+05    0.0208340    0.0000006  EM
            168 -0.32629823D+05    0.0189225    0.0000006  EM
            169 -0.32629806D+05    0.0171901    0.0000005  EM
            170 -0.32629790D+05    0.0156196    0.0000005  EM
            171 -0.32629776D+05    0.0141952    0.0000004  EM
            172 -0.32629763D+05    0.0129029    0.0000004  EM
            173 -0.32629751D+05    0.0117308    0.0000004  EM
            174 -0.32629741D+05    0.0106667    0.0000003  EM
            175 -0.32629731D+05    0.0097008    0.0000003  EM
            176 -0.32629722D+05    0.0088238    0.0000003  EM
            177 -0.32629714D+05    0.0080275    0.0000002  EM
            178 -0.32629707D+05    0.0073043    0.0000002  EM
            179 -0.32629700D+05    0.0066468    0.0000002  EM
            180 -0.32629694D+05    0.0060498    0.0000002  EM
            181 -0.32629688D+05    0.0055072    0.0000002  EM
            182 -0.32629683D+05    0.0050139    0.0000002  EM
            183 -0.32629679D+05    0.0045655    0.0000001  EM
            184 -0.32629675D+05    0.0041578    0.0000001  EM
            185 -0.32629671D+05    0.0037871    0.0000001  EM
            186 -0.32629667D+05    0.0034499    0.0000001  EM
            187 -0.32629664D+05    0.0031431    0.0000001  EM
            188 -0.32629661D+05    0.0028640    0.0000001  EM
            189 -0.32629659D+05    0.0026100    0.0000001  EM
            190 -0.32629656D+05    0.0023789    0.0000001  EM
            191 -0.32629654D+05    0.0021684    0.0000001  EM
            192 -0.32629652D+05    0.0019768    0.0000001  EM
            193 -0.32629651D+05    0.0018024    0.0000001  EM
            194 -0.32629649D+05    0.0016435    0.0000001  EM
            195 -0.32629633D+05    0.0163645    0.0000005  QN
            196 -0.32629632D+05    0.0006325    0.0000000  EM


DIAGRAM INFORMATION

  Use View Diagram under the Diagram menu in the Mplus Editor to view the diagram.
  If running Mplus from the Mplus Diagrammer, the diagram opens automatically.

  Diagram output
    c:\users\tzkeith\documents\regression book 3\part 2\chap 22 latent interactions mlm\latent interaction\hw cube.dgm

     Beginning Time:  06:45:45
        Ending Time:  06:45:51
       Elapsed Time:  00:00:06



MUTHEN & MUTHEN
3463 Stoner Ave.
Los Angeles, CA  90066

Tel: (310) 391-9971
Fax: (310) 391-8971
Web: www.StatModel.com
Support: Support@StatModel.com

Copyright (c) 1998-2017 Muthen & Muthen
