Mplus VERSION 8
MUTHEN & MUTHEN
05/01/2018   2:12 PM

INPUT INSTRUCTIONS



  TITLE: Homework Achievement Latent curve in regression line?

  DATA:
    FILE IS HW latent 8-12.dat;
  VARIABLE:
       MISSING ARE ALL (-999);
           NAMES ARE
       bytxrstd
       bytxmstd
       bytxsstd
       bytxhstd
       parocc
       HW_10
       HW_12
       eng_12
       math_12
       sci_12
       ss_12
       Female
       byfaminc
       bypared
       Minority;



  USEVARIABLES ARE
      BYPARED	
      BYFAMINC	
      PAROCC	
      BYTXRSTD	
      BYTXMSTD	
      BYTXSSTD	
      BYTXHSTD	
      HW_10	
      HW_12	
      ENG_12	
      MATH_12	
      SCI_12	
      SS_12;

  ANALYSIS:
      TYPE=RANDOM;
      ALGORITHM=INTEGRATION;

  MODEL:


      FAMBACK BY
          PAROCC
          BYPARED	
          BYFAMINC;	

      PREVACH BY
          BYTXRSTD	
          BYTXMSTD	
          BYTXSSTD	
          BYTXHSTD;	

      HW BY
          HW_10
          HW_12;	

      GRADES BY
          ENG_12	
          MATH_12	
          SCI_12	
          SS_12;

      BYTXRSTD	WITH ENG_12;
      BYTXMSTD	WITH MATH_12;	
      BYTXSSTD	WITH SCI_12;
      BYTXHSTD	WITH SS_12;	

      HW_Sq | HW XWITH HW;

      PREVACH ON FAMBACK;
      GRADES ON PREVACH;
      GRADES ON HW HW_Sq@0;
      HW ON PREVACH FAMBACK;


  OUTPUT:  SAMPSTAT STDYX RESIDUAL TECH1 TECH8;




INPUT READING TERMINATED NORMALLY



Homework Achievement Latent curve in regression line?

SUMMARY OF ANALYSIS

Number of groups                                                 1
Number of observations                                        1000

Number of dependent variables                                   13
Number of independent variables                                  0
Number of continuous latent variables                            5

Observed dependent variables

  Continuous
   BYPARED     BYFAMINC    PAROCC      BYTXRSTD    BYTXMSTD    BYTXSSTD
   BYTXHSTD    HW_10       HW_12       ENG_12      MATH_12     SCI_12
   SS_12

Continuous latent variables
   FAMBACK     PREVACH     HW          GRADES      HW_SQ


Estimator                                                      MLR
Information matrix                                        OBSERVED
Optimization Specifications for the Quasi-Newton Algorithm for
Continuous Outcomes
  Maximum number of iterations                                 100
  Convergence criterion                                  0.100D-05
Optimization Specifications for the EM Algorithm
  Maximum number of iterations                                 500
  Convergence criteria
    Loglikelihood change                                 0.100D-02
    Relative loglikelihood change                        0.100D-05
    Derivative                                           0.100D-02
Optimization Specifications for the M step of the EM Algorithm for
Categorical Latent variables
  Number of M step iterations                                    1
  M step convergence criterion                           0.100D-02
  Basis for M step termination                           ITERATION
Optimization Specifications for the M step of the EM Algorithm for
Censored, Binary or Ordered Categorical (Ordinal), Unordered
Categorical (Nominal) and Count Outcomes
  Number of M step iterations                                    1
  M step convergence criterion                           0.100D-02
  Basis for M step termination                           ITERATION
  Maximum value for logit thresholds                            15
  Minimum value for logit thresholds                           -15
  Minimum expected cell size for chi-square              0.100D-01
Maximum number of iterations for H1                           2000
Convergence criterion for H1                             0.100D-03
Optimization algorithm                                         EMA
Integration Specifications
  Type                                                    STANDARD
  Number of integration points                                  15
  Dimensions of numerical integration                            1
  Adaptive quadrature                                           ON
Cholesky                                                       OFF

Input data file(s)
  HW latent 8-12.dat
Input data format  FREE


SUMMARY OF DATA

     Number of missing data patterns            42


COVARIANCE COVERAGE OF DATA

Minimum covariance coverage value   0.100


     PROPORTION OF DATA PRESENT FOR Y


           Covariance Coverage
              BYPARED       BYFAMINC      PAROCC        BYTXRSTD      BYTXMSTD
              ________      ________      ________      ________      ________
 BYPARED        0.999
 BYFAMINC       0.957         0.958
 PAROCC         0.990         0.949         0.991
 BYTXRSTD       0.970         0.930         0.962         0.971
 BYTXMSTD       0.969         0.929         0.962         0.970         0.970
 BYTXSSTD       0.968         0.928         0.960         0.969         0.968
 BYTXHSTD       0.967         0.927         0.959         0.968         0.967
 HW_10          0.953         0.915         0.949         0.926         0.926
 HW_12          0.903         0.866         0.896         0.878         0.877
 ENG_12         0.979         0.940         0.972         0.953         0.952
 MATH_12        0.980         0.940         0.973         0.952         0.951
 SCI_12         0.985         0.945         0.977         0.957         0.956
 SS_12          0.988         0.948         0.980         0.960         0.959


           Covariance Coverage
              BYTXSSTD      BYTXHSTD      HW_10         HW_12         ENG_12
              ________      ________      ________      ________      ________
 BYTXSSTD       0.969
 BYTXHSTD       0.968         0.968
 HW_10          0.924         0.923         0.954
 HW_12          0.876         0.875         0.887         0.904
 ENG_12         0.951         0.950         0.940         0.892         0.980
 MATH_12        0.950         0.949         0.941         0.897         0.967
 SCI_12         0.955         0.954         0.946         0.898         0.973
 SS_12          0.958         0.957         0.948         0.901         0.974


           Covariance Coverage
              MATH_12       SCI_12        SS_12
              ________      ________      ________
 MATH_12        0.981
 SCI_12         0.972         0.986
 SS_12          0.976         0.982         0.989


SAMPLE STATISTICS


     ESTIMATED SAMPLE STATISTICS


           Means
              BYPARED       BYFAMINC      PAROCC        BYTXRSTD      BYTXMSTD
              ________      ________      ________      ________      ________
                3.128         9.841        51.386        51.259        51.494


           Means
              BYTXSSTD      BYTXHSTD      HW_10         HW_12         ENG_12
              ________      ________      ________      ________      ________
               51.181        51.375         2.482         3.288         6.075


           Means
              MATH_12       SCI_12        SS_12
              ________      ________      ________
                5.483         5.771         6.207


           Covariances
              BYPARED       BYFAMINC      PAROCC        BYTXRSTD      BYTXMSTD
              ________      ________      ________      ________      ________
 BYPARED        1.584
 BYFAMINC       1.955         6.734
 PAROCC        16.142        29.011       458.764
 BYTXRSTD       5.199         9.980        71.829        99.973
 BYTXMSTD       5.314        10.304        75.537        70.679        98.056
 BYTXSSTD       4.809         8.418        60.806        68.924        70.885
 BYTXHSTD       4.539         9.268        64.774        69.591        66.738
 HW_10          0.520         0.863         6.404         4.815         4.806
 HW_12          0.509         0.978         6.034         4.895         5.202
 ENG_12         1.335         2.273        15.794        14.120        13.115
 MATH_12        1.121         1.738        12.962        12.355        13.516
 SCI_12         1.180         1.996        14.100        13.411        13.343
 SS_12          1.293         2.374        16.382        15.257        14.481


           Covariances
              BYTXSSTD      BYTXHSTD      HW_10         HW_12         ENG_12
              ________      ________      ________      ________      ________
 BYTXSSTD     100.122
 BYTXHSTD      67.518        94.023
 HW_10          4.191         4.031         2.861
 HW_12          4.265         3.880         1.375         3.896
 ENG_12        10.955        11.574         1.550         1.438         7.120
 MATH_12       10.559        10.290         1.272         1.343         5.227
 SCI_12        11.666        11.709         1.429         1.414         5.656
 SS_12         12.199        13.107         1.643         1.566         6.302


           Covariances
              MATH_12       SCI_12        SS_12
              ________      ________      ________
 MATH_12        6.942
 SCI_12         5.182         7.001
 SS_12          5.351         5.939         7.911


           Correlations
              BYPARED       BYFAMINC      PAROCC        BYTXRSTD      BYTXMSTD
              ________      ________      ________      ________      ________
 BYPARED        1.000
 BYFAMINC       0.599         1.000
 PAROCC         0.599         0.522         1.000
 BYTXRSTD       0.413         0.385         0.335         1.000
 BYTXMSTD       0.426         0.401         0.356         0.714         1.000
 BYTXSSTD       0.382         0.324         0.284         0.689         0.715
 BYTXHSTD       0.372         0.368         0.312         0.718         0.695
 HW_10          0.244         0.197         0.177         0.285         0.287
 HW_12          0.205         0.191         0.143         0.248         0.266
 ENG_12         0.398         0.328         0.276         0.529         0.496
 MATH_12        0.338         0.254         0.230         0.469         0.518
 SCI_12         0.354         0.291         0.249         0.507         0.509
 SS_12          0.365         0.325         0.272         0.542         0.520


           Correlations
              BYTXSSTD      BYTXHSTD      HW_10         HW_12         ENG_12
              ________      ________      ________      ________      ________
 BYTXSSTD       1.000
 BYTXHSTD       0.696         1.000
 HW_10          0.248         0.246         1.000
 HW_12          0.216         0.203         0.412         1.000
 ENG_12         0.410         0.447         0.343         0.273         1.000
 MATH_12        0.401         0.403         0.285         0.258         0.743
 SCI_12         0.441         0.456         0.319         0.271         0.801
 SS_12          0.433         0.481         0.345         0.282         0.840


           Correlations
              MATH_12       SCI_12        SS_12
              ________      ________      ________
 MATH_12        1.000
 SCI_12         0.743         1.000
 SS_12          0.722         0.798         1.000


     MAXIMUM LOG-LIKELIHOOD VALUE FOR THE UNRESTRICTED (H1) MODEL IS -32048.152


UNIVARIATE SAMPLE STATISTICS


     UNIVARIATE HIGHER-ORDER MOMENT DESCRIPTIVE STATISTICS

         Variable/         Mean/     Skewness/   Minimum/ % with                Percentiles
        Sample Size      Variance    Kurtosis    Maximum  Min/Max      20%/60%    40%/80%    Median

     BYPARED               3.127       0.455       1.000    9.41%       2.000      3.000      3.000
             999.000       1.584      -0.048       6.000    5.81%       3.000      4.000
     BYFAMINC              9.852      -0.683       1.000    0.21%       8.000     10.000     10.000
             958.000       6.684       0.569      15.000    2.19%      11.000     12.000
     PAROCC               51.585      -0.673       7.320    2.93%      25.000     56.330     58.010
             991.000     455.441      -0.919      81.870    6.96%      66.090     66.180
     BYTXRSTD             51.297      -0.259      23.098    0.10%      41.914     48.412     52.473
             971.000      99.818      -0.866      67.499    3.81%      54.775     61.136
     BYTXMSTD             51.544       0.061      30.282    0.10%      41.990     47.880     51.268
             970.000      97.731      -1.048      71.222    0.41%      54.802     61.871
     BYTXSSTD             51.206       0.007      26.505    0.10%      42.231     48.951     51.238
             969.000      99.963      -0.573      75.973    0.10%      53.527     60.103
     BYTXHSTD             51.414      -0.315      24.183    0.10%      42.750     49.413     52.034
             968.000      93.747      -0.461      69.508    1.03%      54.000     60.770
     HW_10                 2.526       0.896       0.000    5.35%       1.000      2.000      2.000
             954.000       2.828       0.254       7.000    3.56%       2.000      4.000
     HW_12                 3.365       0.490       0.000    6.19%       2.000      3.000      3.000
             904.000       3.856      -0.271       8.000    3.76%       3.000      5.000
     ENG_12                6.123      -0.244       0.000    1.53%       3.600      5.370      6.370
             980.000       7.002      -0.728      11.250    0.20%       7.180      8.600
     MATH_12               5.522       0.004       0.000    1.94%       3.000      4.800      5.500
             981.000       6.871      -0.740      11.500    0.20%       6.330      8.000
     SCI_12                5.788      -0.106       0.000    1.42%       3.500      5.000      6.000
             986.000       6.934      -0.706      11.500    0.20%       6.570      8.000
     SS_12                 6.233      -0.346       0.000    2.12%       3.670      5.670      6.500
             989.000       7.855      -0.679      11.670    0.10%       7.290      8.860


THE MODEL ESTIMATION TERMINATED NORMALLY



MODEL FIT INFORMATION

Number of Free Parameters                       48

Loglikelihood

          H0 Value                      -32104.834
          H0 Scaling Correction Factor      1.0149
            for MLR

Information Criteria

          Akaike (AIC)                   64305.668
          Bayesian (BIC)                 64541.240
          Sample-Size Adjusted BIC       64388.790
            (n* = (n + 2) / 24)



MODEL RESULTS

                                                    Two-Tailed
                    Estimate       S.E.  Est./S.E.    P-Value

 FAMBACK  BY
    PAROCC             1.000      0.000    999.000    999.000
    BYPARED            0.069      0.003     22.121      0.000
    BYFAMINC           0.124      0.006     21.753      0.000

 PREVACH  BY
    BYTXRSTD           1.000      0.000    999.000    999.000
    BYTXMSTD           0.988      0.028     35.822      0.000
    BYTXSSTD           0.960      0.029     32.657      0.000
    BYTXHSTD           0.942      0.028     34.160      0.000

 HW       BY
    HW_10              1.000      0.000    999.000    999.000
    HW_12              1.011      0.105      9.624      0.000

 GRADES   BY
    ENG_12             1.000      0.000    999.000    999.000
    MATH_12            0.876      0.023     37.674      0.000
    SCI_12             0.961      0.022     44.130      0.000
    SS_12              1.049      0.021     50.587      0.000

 PREVACH    ON
    FAMBACK            0.325      0.021     15.411      0.000

 GRADES     ON
    PREVACH            0.140      0.012     11.842      0.000
    HW                 0.665      0.121      5.508      0.000
    HW_SQ              0.000      0.000    999.000    999.000

 HW         ON
    PREVACH            0.045      0.008      5.691      0.000
    FAMBACK            0.018      0.005      3.986      0.000

 BYTXRSTD WITH
    ENG_12             0.486      0.256      1.901      0.057

 BYTXMSTD WITH
    MATH_12            1.573      0.317      4.954      0.000

 BYTXSSTD WITH
    SCI_12             0.459      0.319      1.441      0.150

 BYTXHSTD WITH
    SS_12              0.266      0.305      0.870      0.384

 Intercepts
    BYPARED            3.128      0.040     78.544      0.000
    BYFAMINC           9.841      0.083    118.224      0.000
    PAROCC            51.389      0.682     75.398      0.000
    BYTXRSTD          51.257      0.319    160.602      0.000
    BYTXMSTD          51.494      0.316    163.104      0.000
    BYTXSSTD          51.179      0.320    160.004      0.000
    BYTXHSTD          51.373      0.310    165.657      0.000
    HW_10              2.481      0.054     45.860      0.000
    HW_12              3.280      0.066     49.793      0.000
    ENG_12             6.074      0.085     71.687      0.000
    MATH_12            5.482      0.084     65.529      0.000
    SCI_12             5.770      0.084     68.786      0.000
    SS_12              6.207      0.089     69.578      0.000

 Variances
    FAMBACK          231.326     16.923     13.670      0.000

 Residual Variances
    BYPARED            0.483      0.043     11.271      0.000
    BYFAMINC           3.161      0.237     13.350      0.000
    PAROCC           227.282     12.683     17.920      0.000
    BYTXRSTD          27.414      1.764     15.541      0.000
    BYTXMSTD          26.728      1.629     16.410      0.000
    BYTXSSTD          32.976      1.865     17.679      0.000
    BYTXHSTD          29.241      1.810     16.160      0.000
    HW_10              1.519      0.167      9.114      0.000
    HW_12              2.536      0.185     13.703      0.000
    ENG_12             1.155      0.086     13.415      0.000
    MATH_12            2.348      0.124     18.993      0.000
    SCI_12             1.541      0.100     15.374      0.000
    SS_12              1.383      0.111     12.409      0.000
    PREVACH           48.383      3.149     15.367      0.000
    HW                 0.999      0.161      6.188      0.000
    GRADES             3.060      0.204     14.974      0.000


STANDARDIZED MODEL RESULTS


STDYX Standardization

                                                    Two-Tailed
                    Estimate       S.E.  Est./S.E.    P-Value

 FAMBACK  BY
    PAROCC             0.710      0.020     35.954      0.000
    BYPARED            0.834      0.018     47.204      0.000
    BYFAMINC           0.728      0.021     34.855      0.000

 PREVACH  BY
    BYTXRSTD           0.852      0.011     79.154      0.000
    BYTXMSTD           0.853      0.010     81.600      0.000
    BYTXSSTD           0.819      0.012     67.084      0.000
    BYTXHSTD           0.830      0.012     68.444      0.000

 HW       BY
    HW_10              0.685      0.041     16.599      0.000
    HW_12              0.593      0.037     15.900      0.000

 GRADES   BY
    ENG_12             0.915      0.007    124.082      0.000
    MATH_12            0.812      0.013     62.186      0.000
    SCI_12             0.884      0.009     97.744      0.000
    SS_12              0.908      0.008    110.208      0.000

 PREVACH    ON
    FAMBACK            0.579      0.028     20.588      0.000

 GRADES     ON
    PREVACH            0.489      0.039     12.485      0.000
    HW                 0.317      0.048      6.578      0.000
    HW_SQ              0.000      0.000    999.000    999.000

 HW         ON
    PREVACH            0.332      0.054      6.113      0.000
    FAMBACK            0.236      0.059      4.005      0.000

 BYTXRSTD WITH
    ENG_12             0.086      0.045      1.924      0.054

 BYTXMSTD WITH
    MATH_12            0.198      0.038      5.227      0.000

 BYTXSSTD WITH
    SCI_12             0.064      0.044      1.455      0.146

 BYTXHSTD WITH
    SS_12              0.042      0.048      0.877      0.380

 Intercepts
    BYPARED            2.485      0.054     46.277      0.000
    BYFAMINC           3.792      0.115     32.840      0.000
    PAROCC             2.400      0.065     36.904      0.000
    BYTXRSTD           5.120      0.100     51.181      0.000
    BYTXMSTD           5.206      0.086     60.855      0.000
    BYTXSSTD           5.117      0.103     49.690      0.000
    BYTXHSTD           5.302      0.118     44.909      0.000
    HW_10              1.466      0.032     45.884      0.000
    HW_12              1.659      0.041     40.223      0.000
    ENG_12             2.281      0.057     39.868      0.000
    MATH_12            2.086      0.049     42.153      0.000
    SCI_12             2.177      0.053     41.120      0.000
    SS_12              2.207      0.058     37.906      0.000

 Variances
    FAMBACK            1.000      0.000    999.000    999.000

 Residual Variances
    BYPARED            0.305      0.029     10.368      0.000
    BYFAMINC           0.469      0.030     15.414      0.000
    PAROCC             0.496      0.028     17.663      0.000
    BYTXRSTD           0.274      0.018     14.903      0.000
    BYTXMSTD           0.273      0.018     15.337      0.000
    BYTXSSTD           0.330      0.020     16.495      0.000
    BYTXHSTD           0.311      0.020     15.483      0.000
    HW_10              0.531      0.057      9.378      0.000
    HW_12              0.649      0.044     14.682      0.000
    ENG_12             0.163      0.013     12.075      0.000
    MATH_12            0.340      0.021     16.024      0.000
    SCI_12             0.219      0.016     13.736      0.000
    SS_12              0.175      0.015     11.669      0.000
    PREVACH            0.665      0.033     20.398      0.000
    HW                 0.743      0.043     17.206      0.000
    GRADES             0.516      0.030     17.453      0.000


R-SQUARE

    Observed                                        Two-Tailed
    Variable        Estimate       S.E.  Est./S.E.    P-Value

    BYPARED            0.695      0.029     23.602      0.000
    BYFAMINC           0.531      0.030     17.427      0.000
    PAROCC             0.504      0.028     17.977      0.000
    BYTXRSTD           0.726      0.018     39.577      0.000
    BYTXMSTD           0.727      0.018     40.800      0.000
    BYTXSSTD           0.670      0.020     33.542      0.000
    BYTXHSTD           0.689      0.020     34.222      0.000
    HW_10              0.469      0.057      8.300      0.000
    HW_12              0.351      0.044      7.950      0.000
    ENG_12             0.837      0.013     62.041      0.000
    MATH_12            0.660      0.021     31.093      0.000
    SCI_12             0.781      0.016     48.872      0.000
    SS_12              0.825      0.015     55.104      0.000

     Latent                                         Two-Tailed
    Variable        Estimate       S.E.  Est./S.E.    P-Value

    PREVACH            0.335      0.033     10.294      0.000
    HW                 0.257      0.043      5.952      0.000
    GRADES             0.484      0.030     16.398      0.000


QUALITY OF NUMERICAL RESULTS

     Condition Number for the Information Matrix              0.285E-04
       (ratio of smallest to largest eigenvalue)


RESIDUAL OUTPUT


     ESTIMATED MODEL AND RESIDUALS (OBSERVED - ESTIMATED)


           Model Estimated Means
              BYPARED       BYFAMINC      PAROCC        BYTXRSTD      BYTXMSTD
              ________      ________      ________      ________      ________
                3.128         9.841        51.389        51.257        51.494


           Model Estimated Means
              BYTXSSTD      BYTXHSTD      HW_10         HW_12         ENG_12
              ________      ________      ________      ________      ________
               51.179        51.373         2.481         3.280         6.074


           Model Estimated Means
              MATH_12       SCI_12        SS_12
              ________      ________      ________
                5.482         5.770         6.207


           Residuals for Means
              BYPARED       BYFAMINC      PAROCC        BYTXRSTD      BYTXMSTD
              ________      ________      ________      ________      ________
               -0.001         0.011         0.196         0.040         0.051


           Residuals for Means
              BYTXSSTD      BYTXHSTD      HW_10         HW_12         ENG_12
              ________      ________      ________      ________      ________
                0.027         0.041         0.045         0.085         0.049


           Residuals for Means
              MATH_12       SCI_12        SS_12
              ________      ________      ________
                0.041         0.018         0.026


           Model Estimated Covariances
              BYPARED       BYFAMINC      PAROCC        BYTXRSTD      BYTXMSTD
              ________      ________      ________      ________      ________
 BYPARED        1.584
 BYFAMINC       1.983         6.735
 PAROCC        15.955        28.753       458.607
 BYTXRSTD       5.184         9.342        75.156       100.214
 BYTXMSTD       5.123         9.232        74.275        71.947        97.831
 BYTXSSTD       4.975         8.966        72.130        69.870        69.051
 BYTXHSTD       4.884         8.802        70.815        68.595        67.791
 HW_10          0.521         0.939         7.557         4.638         4.584
 HW_12          0.527         0.950         7.640         4.689         4.634
 ENG_12         1.070         1.929        15.519        13.734        13.093
 MATH_12        0.938         1.690        13.599        11.609        13.046
 SCI_12         1.029         1.854        14.915        12.733        12.584
 SS_12          1.123         2.023        16.279        13.897        13.734


           Model Estimated Covariances
              BYTXSSTD      BYTXHSTD      HW_10         HW_12         ENG_12
              ________      ________      ________      ________      ________
 BYTXSSTD     100.033
 BYTXHSTD      65.834        93.874
 HW_10          4.452         4.370         2.863
 HW_12          4.500         4.418         1.359         3.909
 ENG_12        12.715        12.483         1.541         1.558         7.090
 MATH_12       11.142        10.939         1.351         1.365         5.200
 SCI_12        12.680        11.998         1.482         1.498         5.704
 SS_12         13.338        13.360         1.617         1.635         6.225


           Model Estimated Covariances
              MATH_12       SCI_12        SS_12
              ________      ________      ________
 MATH_12        6.906
 SCI_12         4.998         7.023
 SS_12          5.455         5.983         7.913


           Residuals for Covariances
              BYPARED       BYFAMINC      PAROCC        BYTXRSTD      BYTXMSTD
              ________      ________      ________      ________      ________
 BYPARED        0.000
 BYFAMINC      -0.033        -0.051
 PAROCC         0.572         3.573        -3.166
 BYTXRSTD       0.607         1.860         4.600        -0.396
 BYTXMSTD       0.730         3.159         7.629        -0.881        -0.100
 BYTXSSTD       0.421         1.244        -5.060        -2.137         2.015
 BYTXHSTD       0.249         2.084         2.579         0.393        -0.027
 HW_10          0.081         0.059        -0.655         1.447         1.226
 HW_12          0.206         0.446         1.821         1.762         1.778
 ENG_12         0.344         0.340         2.022         1.709         1.297
 MATH_12        0.243         0.161         0.345         1.666         1.574
 SCI_12         0.203         0.259         0.560         1.453         1.495
 SS_12          0.186         0.374         1.430         2.222         1.569


           Residuals for Covariances
              BYTXSSTD      BYTXHSTD      HW_10         HW_12         ENG_12
              ________      ________      ________      ________      ________
 BYTXSSTD      -0.070
 BYTXHSTD       2.378        -0.127
 HW_10          0.864         0.728        -0.035
 HW_12          0.861         0.573         0.177        -0.054
 ENG_12        -0.597         0.407         0.311         0.902        -0.088
 MATH_12        0.218         0.257         0.193         0.663         0.300
 SCI_12        -0.500         0.515         0.139         0.793         0.099
 SS_12         -0.357         0.554         0.316         0.882         0.327


           Residuals for Covariances
              MATH_12       SCI_12        SS_12
              ________      ________      ________
 MATH_12       -0.035
 SCI_12         0.304        -0.088
 SS_12          0.090        -0.043        -0.058


TECHNICAL 1 OUTPUT


     PARAMETER SPECIFICATION


           NU
              BYPARED       BYFAMINC      PAROCC        BYTXRSTD      BYTXMSTD
              ________      ________      ________      ________      ________
                    1             2             3             4             5


           NU
              BYTXSSTD      BYTXHSTD      HW_10         HW_12         ENG_12
              ________      ________      ________      ________      ________
                    6             7             8             9            10


           NU
              MATH_12       SCI_12        SS_12
              ________      ________      ________
                   11            12            13


           LAMBDA
              FAMBACK       PREVACH       HW            GRADES        HW_SQ
              ________      ________      ________      ________      ________
 BYPARED           14             0             0             0             0
 BYFAMINC          15             0             0             0             0
 PAROCC             0             0             0             0             0
 BYTXRSTD           0             0             0             0             0
 BYTXMSTD           0            16             0             0             0
 BYTXSSTD           0            17             0             0             0
 BYTXHSTD           0            18             0             0             0
 HW_10              0             0             0             0             0
 HW_12              0             0            19             0             0
 ENG_12             0             0             0             0             0
 MATH_12            0             0             0            20             0
 SCI_12             0             0             0            21             0
 SS_12              0             0             0            22             0


           THETA
              BYPARED       BYFAMINC      PAROCC        BYTXRSTD      BYTXMSTD
              ________      ________      ________      ________      ________
 BYPARED           23
 BYFAMINC           0            24
 PAROCC             0             0            25
 BYTXRSTD           0             0             0            26
 BYTXMSTD           0             0             0             0            27
 BYTXSSTD           0             0             0             0             0
 BYTXHSTD           0             0             0             0             0
 HW_10              0             0             0             0             0
 HW_12              0             0             0             0             0
 ENG_12             0             0             0            32             0
 MATH_12            0             0             0             0            34
 SCI_12             0             0             0             0             0
 SS_12              0             0             0             0             0


           THETA
              BYTXSSTD      BYTXHSTD      HW_10         HW_12         ENG_12
              ________      ________      ________      ________      ________
 BYTXSSTD          28
 BYTXHSTD           0            29
 HW_10              0             0            30
 HW_12              0             0             0            31
 ENG_12             0             0             0             0            33
 MATH_12            0             0             0             0             0
 SCI_12            36             0             0             0             0
 SS_12              0            38             0             0             0


           THETA
              MATH_12       SCI_12        SS_12
              ________      ________      ________
 MATH_12           35
 SCI_12             0            37
 SS_12              0             0            39


           ALPHA
              FAMBACK       PREVACH       HW            GRADES        HW_SQ
              ________      ________      ________      ________      ________
                    0             0             0             0             0


           BETA
              FAMBACK       PREVACH       HW            GRADES        HW_SQ
              ________      ________      ________      ________      ________
 FAMBACK            0             0             0             0             0
 PREVACH           40             0             0             0             0
 HW                41            42             0             0             0
 GRADES             0            43            44             0             0
 HW_SQ              0             0             0             0             0


           PSI
              FAMBACK       PREVACH       HW            GRADES        HW_SQ
              ________      ________      ________      ________      ________
 FAMBACK           45
 PREVACH            0            46
 HW                 0             0            47
 GRADES             0             0             0            48
 HW_SQ              0             0             0             0             0


     STARTING VALUES


           NU
              BYPARED       BYFAMINC      PAROCC        BYTXRSTD      BYTXMSTD
              ________      ________      ________      ________      ________
                3.127         9.852        51.585        51.297        51.544


           NU
              BYTXSSTD      BYTXHSTD      HW_10         HW_12         ENG_12
              ________      ________      ________      ________      ________
               51.206        51.414         2.526         3.365         6.123


           NU
              MATH_12       SCI_12        SS_12
              ________      ________      ________
                5.522         5.788         6.233


           LAMBDA
              FAMBACK       PREVACH       HW            GRADES        HW_SQ
              ________      ________      ________      ________      ________
 BYPARED        1.000         0.000         0.000         0.000         0.000
 BYFAMINC       1.000         0.000         0.000         0.000         0.000
 PAROCC         1.000         0.000         0.000         0.000         0.000
 BYTXRSTD       0.000         1.000         0.000         0.000         0.000
 BYTXMSTD       0.000         1.000         0.000         0.000         0.000
 BYTXSSTD       0.000         1.000         0.000         0.000         0.000
 BYTXHSTD       0.000         1.000         0.000         0.000         0.000
 HW_10          0.000         0.000         1.000         0.000         0.000
 HW_12          0.000         0.000         1.000         0.000         0.000
 ENG_12         0.000         0.000         0.000         1.000         0.000
 MATH_12        0.000         0.000         0.000         1.000         0.000
 SCI_12         0.000         0.000         0.000         1.000         0.000
 SS_12          0.000         0.000         0.000         1.000         0.000


           THETA
              BYPARED       BYFAMINC      PAROCC        BYTXRSTD      BYTXMSTD
              ________      ________      ________      ________      ________
 BYPARED        0.792
 BYFAMINC       0.000         3.342
 PAROCC         0.000         0.000       227.721
 BYTXRSTD       0.000         0.000         0.000        49.909
 BYTXMSTD       0.000         0.000         0.000         0.000        48.866
 BYTXSSTD       0.000         0.000         0.000         0.000         0.000
 BYTXHSTD       0.000         0.000         0.000         0.000         0.000
 HW_10          0.000         0.000         0.000         0.000         0.000
 HW_12          0.000         0.000         0.000         0.000         0.000
 ENG_12         0.000         0.000         0.000         0.000         0.000
 MATH_12        0.000         0.000         0.000         0.000         0.000
 SCI_12         0.000         0.000         0.000         0.000         0.000
 SS_12          0.000         0.000         0.000         0.000         0.000


           THETA
              BYTXSSTD      BYTXHSTD      HW_10         HW_12         ENG_12
              ________      ________      ________      ________      ________
 BYTXSSTD      49.982
 BYTXHSTD       0.000        46.874
 HW_10          0.000         0.000         1.414
 HW_12          0.000         0.000         0.000         1.928
 ENG_12         0.000         0.000         0.000         0.000         3.501
 MATH_12        0.000         0.000         0.000         0.000         0.000
 SCI_12         0.000         0.000         0.000         0.000         0.000
 SS_12          0.000         0.000         0.000         0.000         0.000


           THETA
              MATH_12       SCI_12        SS_12
              ________      ________      ________
 MATH_12        3.435
 SCI_12         0.000         3.467
 SS_12          0.000         0.000         3.927


           ALPHA
              FAMBACK       PREVACH       HW            GRADES        HW_SQ
              ________      ________      ________      ________      ________
                0.000         0.000         0.000         0.000         0.000


           BETA
              FAMBACK       PREVACH       HW            GRADES        HW_SQ
              ________      ________      ________      ________      ________
 FAMBACK        0.000         0.000         0.000         0.000         0.000
 PREVACH        0.000         0.000         0.000         0.000         0.000
 HW             0.000         0.000         0.000         0.000         0.000
 GRADES         0.000         0.000         0.000         0.000         0.000
 HW_SQ          0.000         0.000         0.000         0.000         0.000


           PSI
              FAMBACK       PREVACH       HW            GRADES        HW_SQ
              ________      ________      ________      ________      ________
 FAMBACK        0.050
 PREVACH        0.000         0.050
 HW             0.000         0.000         0.050
 GRADES         0.000         0.000         0.000         0.050
 HW_SQ          0.000         0.000         0.000         0.000         0.000


TECHNICAL 8 OUTPUT


   E STEP  ITER  LOGLIKELIHOOD    ABS CHANGE   REL CHANGE  ALGORITHM
              1 -0.37608308D+05    0.0000000    0.0000000  EM
              2 -0.32246540D+05 5361.7679870    0.1425687  EM
              3 -0.32228222D+05   18.3183053    0.0005681  EM
              4 -0.32210128D+05   18.0934103    0.0005614  EM
              5 -0.32195648D+05   14.4799652    0.0004495  EM
              6 -0.32186238D+05    9.4100567    0.0002923  EM
              7 -0.32180981D+05    5.2569081    0.0001633  EM
              8 -0.32178209D+05    2.7722275    0.0000861  EM
              9 -0.32176651D+05    1.5584178    0.0000484  EM
             10 -0.32175612D+05    1.0389570    0.0000323  EM
             11 -0.32174775D+05    0.8370898    0.0000260  EM
             12 -0.32174008D+05    0.7669997    0.0000238  EM
             13 -0.32173259D+05    0.7489799    0.0000233  EM
             14 -0.32172507D+05    0.7512119    0.0000233  EM
             15 -0.32171746D+05    0.7613946    0.0000237  EM
             16 -0.32170971D+05    0.7748122    0.0000241  EM
             17 -0.32170182D+05    0.7896281    0.0000245  EM
             18 -0.32169376D+05    0.8051085    0.0000250  EM
             19 -0.32168556D+05    0.8209345    0.0000255  EM
             20 -0.32167719D+05    0.8369530    0.0000260  EM
             21 -0.32166865D+05    0.8530750    0.0000265  EM
             22 -0.32165996D+05    0.8692381    0.0000270  EM
             23 -0.32165111D+05    0.8853896    0.0000275  EM
             24 -0.32164209D+05    0.9014803    0.0000280  EM
             25 -0.32163292D+05    0.9174611    0.0000285  EM
             26 -0.32162359D+05    0.9332828    0.0000290  EM
             27 -0.32161410D+05    0.9488945    0.0000295  EM
             28 -0.32160445D+05    0.9642460    0.0000300  EM
             29 -0.32159466D+05    0.9792830    0.0000304  EM
             30 -0.32158472D+05    0.9939529    0.0000309  EM
             31 -0.32157464D+05    1.0082021    0.0000314  EM
             32 -0.32156442D+05    1.0219796    0.0000318  EM
             33 -0.32155407D+05    1.0352307    0.0000322  EM
             34 -0.32154359D+05    1.0479071    0.0000326  EM
             35 -0.32153299D+05    1.0599591    0.0000330  EM
             36 -0.32152228D+05    1.0713444    0.0000333  EM
             37 -0.32151146D+05    1.0820139    0.0000337  EM
             38 -0.32150054D+05    1.0919335    0.0000340  EM
             39 -0.32148953D+05    1.1010650    0.0000342  EM
             40 -0.32147843D+05    1.1093765    0.0000345  EM
             41 -0.32146726D+05    1.1168426    0.0000347  EM
             42 -0.32145603D+05    1.1234431    0.0000349  EM
             43 -0.32144474D+05    1.1291569    0.0000351  EM
             44 -0.32143340D+05    1.1339715    0.0000353  EM
             45 -0.32142202D+05    1.1378692    0.0000354  EM
             46 -0.32141061D+05    1.1408501    0.0000355  EM
             47 -0.32139918D+05    1.1429035    0.0000356  EM
             48 -0.32138774D+05    1.1440280    0.0000356  EM
             49 -0.32137630D+05    1.1442147    0.0000356  EM
             50 -0.32136487D+05    1.1434553    0.0000356  EM
             51 -0.32135345D+05    1.1417433    0.0000355  EM
             52 -0.32134206D+05    1.1390556    0.0000354  EM
             53 -0.32133070D+05    1.1353676    0.0000353  EM
             54 -0.32131940D+05    1.1306425    0.0000352  EM
             55 -0.32130815D+05    1.1248286    0.0000350  EM
             56 -0.32129697D+05    1.1178662    0.0000348  EM
             57 -0.32128587D+05    1.1096742    0.0000345  EM
             58 -0.32127487D+05    1.1001657    0.0000342  EM
             59 -0.32126398D+05    1.0892268    0.0000339  EM
             60 -0.32125079D+05    1.3189319    0.0000411  QN
             61 -0.32123048D+05    2.0307441    0.0000632  EM
             62 -0.32121953D+05    1.0954911    0.0000341  EM
             63 -0.32120927D+05    1.0255153    0.0000319  EM
             64 -0.32119942D+05    0.9849769    0.0000307  EM
             65 -0.32118988D+05    0.9537872    0.0000297  EM
             66 -0.32118064D+05    0.9248775    0.0000288  EM
             67 -0.32117168D+05    0.8955365    0.0000279  EM
             68 -0.32116303D+05    0.8646978    0.0000269  EM
             69 -0.32115471D+05    0.8319883    0.0000259  EM
             70 -0.32114674D+05    0.7973782    0.0000248  EM
             71 -0.32113913D+05    0.7610322    0.0000237  EM
             72 -0.32113190D+05    0.7232268    0.0000225  EM
             73 -0.32112505D+05    0.6843231    0.0000213  EM
             74 -0.32111861D+05    0.6447153    0.0000201  EM
             75 -0.32111256D+05    0.6048288    0.0000188  EM
             76 -0.32110691D+05    0.5650761    0.0000176  EM
             77 -0.32110165D+05    0.5258588    0.0000164  EM
             78 -0.32109677D+05    0.4875384    0.0000152  EM
             79 -0.32109227D+05    0.4504270    0.0000140  EM
             80 -0.32108812D+05    0.4147877    0.0000129  EM
             81 -0.32108431D+05    0.3808221    0.0000119  EM
             82 -0.32108083D+05    0.3486773    0.0000109  EM
             83 -0.32107764D+05    0.3184463    0.0000099  EM
             84 -0.32107474D+05    0.2901715    0.0000090  EM
             85 -0.32107210D+05    0.2638651    0.0000082  EM
             86 -0.32105655D+05    1.5550444    0.0000484  FS
             87 -0.32104999D+05    0.6564598    0.0000204  EM
             88 -0.32104855D+05    0.1436176    0.0000045  QN
             89 -0.32104838D+05    0.0167592    0.0000005  EM
             90 -0.32104836D+05    0.0023186    0.0000001  EM
             91 -0.32104835D+05    0.0011964    0.0000000  EM
             92 -0.32104834D+05    0.0007070    0.0000000  EM


DIAGRAM INFORMATION

  Use View Diagram under the Diagram menu in the Mplus Editor to view the diagram.
  If running Mplus from the Mplus Diagrammer, the diagram opens automatically.

  Diagram output
    c:\users\tzkeith\documents\regression book 3\part 2\chap 22 latent interactions mlm\latent interaction\hw grades\hw

     Beginning Time:  14:12:21
        Ending Time:  14:12:24
       Elapsed Time:  00:00:03



MUTHEN & MUTHEN
3463 Stoner Ave.
Los Angeles, CA  90066

Tel: (310) 391-9971
Fax: (310) 391-8971
Web: www.StatModel.com
Support: Support@StatModel.com

Copyright (c) 1998-2017 Muthen & Muthen
