Mplus VERSION 8
MUTHEN & MUTHEN
01/27/2019  11:15 AM

INPUT INSTRUCTIONS

  TITLE: Homework Latent Model 1
  DATA:
      FILE IS hw latent matrix.txt;
      TYPE IS MEANS STDEVIATIONS CORRELATION;
      NOBSERVATIONS ARE 1000;


  VARIABLE:    NAMES ARE
      Minority bypared	byfaminc	parocc	bytxrstd
      bytxmstd	bytxsstd	bytxhstd	hw_8	hw10
      eng_12	math_12	sci_12	ss_12;


  USEVARIABLES ARE
      MINORITY
      BYPARED	
      BYFAMINC	
      PAROCC	
      BYTXRSTD	
      BYTXMSTD	
      BYTXSSTD	
      BYTXHSTD	
      HW_8	
      HW10	
      ENG_12	
      MATH_12	
      SCI_12	
      SS_12;


  MODEL:
      EMinor BY Minority;
      Minority@.0099;

      FAMBACK BY
          PAROCC
          BYPARED	
          BYFAMINC;	

      PREVACH BY
          BYTXRSTD	
          BYTXMSTD	
          BYTXSSTD	
          BYTXHSTD;	

      HW BY
          HW10
          HW_8;	

      GRADES BY
          ENG_12	
          MATH_12	
          SCI_12	
          SS_12;

      BYTXRSTD	WITH ENG_12;
      BYTXMSTD	WITH MATH_12;	
      BYTXSSTD	WITH SCI_12;
      BYTXHSTD	WITH SS_12;	

      PREVACH ON FAMBACK EMinor;
      GRADES ON PREVACH HW;
      HW ON PREVACH FAMBACK EMinor;

  MODEL INDIRECT :

      GRADES IND PREVACH FAMBACK;
      GRADES IND PREVACH EMinor;
      GRADES IND HW FAMBACK;
      GRADES IND HW EMinor;
      HW IND PREVACH FAMBACK;
      HW IND PREVACH EMinor;


  OUTPUT:  SAMPSTAT STDYX RESIDUAL;




INPUT READING TERMINATED NORMALLY



Homework Latent Model 1

SUMMARY OF ANALYSIS

Number of groups                                                 1
Number of observations                                        1000

Number of dependent variables                                   14
Number of independent variables                                  0
Number of continuous latent variables                            5

Observed dependent variables

  Continuous
   MINORITY    BYPARED     BYFAMINC    PAROCC      BYTXRSTD    BYTXMSTD
   BYTXSSTD    BYTXHSTD    HW_8        HW10        ENG_12      MATH_12
   SCI_12      SS_12

Continuous latent variables
   EMINOR      FAMBACK     PREVACH     HW          GRADES


Estimator                                                       ML
Information matrix                                        EXPECTED
Maximum number of iterations                                  1000
Convergence criterion                                    0.500D-04
Maximum number of steepest descent iterations                   20

Input data file(s)
  hw latent matrix.txt

Input data format  FREE


SAMPLE STATISTICS


     SAMPLE STATISTICS


           Means/Intercepts/Thresholds
              MINORITY      BYPARED       BYFAMINC      PAROCC        BYTXRSTD
              ________      ________      ________      ________      ________
                0.272         3.203         9.917        51.694        51.984


           Means/Intercepts/Thresholds
              BYTXMSTD      BYTXSSTD      BYTXHSTD      HW_8          HW10
              ________      ________      ________      ________      ________
               52.545        51.883        51.653         1.731         3.381


           Means/Intercepts/Thresholds
              ENG_12        MATH_12       SCI_12        SS_12
              ________      ________      ________      ________
                6.250         5.703         5.952         6.418


           Covariances/Correlations/Residual Correlations
              MINORITY      BYPARED       BYFAMINC      PAROCC        BYTXRSTD
              ________      ________      ________      ________      ________
 MINORITY       0.198
 BYPARED       -0.096         1.648
 BYFAMINC      -0.312         1.703         6.367
 PAROCC        -2.322        17.429        28.560       466.507
 BYTXRSTD      -0.934         5.094         7.491        75.242       105.894
 BYTXMSTD      -0.743         5.733         8.762        81.217        76.308
 BYTXSSTD      -1.061         5.081         7.623        71.666        76.178
 BYTXHSTD      -0.952         5.180         7.908        76.046        76.563
 HW_8          -0.002         0.244         0.214         2.575         2.626
 HW10          -0.047         0.509         0.746         7.126         4.293
 ENG_12        -0.116         1.146         1.638        14.995        14.419
 MATH_12       -0.087         1.005         1.527        12.939        11.824
 SCI_12        -0.099         1.011         1.416        13.397        13.353
 SS_12         -0.142         1.210         1.831        16.416        15.355


           Covariances/Correlations/Residual Correlations
              BYTXMSTD      BYTXSSTD      BYTXHSTD      HW_8          HW10
              ________      ________      ________      ________      ________
 BYTXMSTD     107.745
 BYTXSSTD      77.036       106.453
 BYTXHSTD      71.370        76.476       103.679
 HW_8           3.178         2.575         1.930         1.279
 HW10           5.642         4.043         4.007         0.584         3.623
 ENG_12        15.694        12.416        13.357         0.618         1.593
 MATH_12       16.724        11.775        11.453         0.539         1.511
 SCI_12        16.036        13.638        13.000         0.584         1.438
 SS_12         16.895        14.365        15.174         0.587         1.552


           Covariances/Correlations/Residual Correlations
              ENG_12        MATH_12       SCI_12        SS_12
              ________      ________      ________      ________
 ENG_12         7.149
 MATH_12        5.587         7.546
 SCI_12         5.759         5.589         7.194
 SS_12          6.537         5.879         6.123         8.253


THE MODEL ESTIMATION TERMINATED NORMALLY



MODEL FIT INFORMATION

Number of Free Parameters                       53

Loglikelihood

          H0 Value                      -33331.239
          H1 Value                      -33228.912

Information Criteria

          Akaike (AIC)                   66768.478
          Bayesian (BIC)                 67028.589
          Sample-Size Adjusted BIC       66860.258
            (n* = (n + 2) / 24)

Chi-Square Test of Model Fit

          Value                            204.654
          Degrees of Freedom                    66
          P-Value                           0.0000

RMSEA (Root Mean Square Error Of Approximation)

          Estimate                           0.046
          90 Percent C.I.                    0.039  0.053
          Probability RMSEA <= .05           0.825

CFI/TLI

          CFI                                0.983
          TLI                                0.977

Chi-Square Test of Model Fit for the Baseline Model

          Value                           8392.064
          Degrees of Freedom                    91
          P-Value                           0.0000

SRMR (Standardized Root Mean Square Residual)

          Value                              0.027



MODEL RESULTS

                                                    Two-Tailed
                    Estimate       S.E.  Est./S.E.    P-Value

 EMINOR   BY
    MINORITY           1.000      0.000    999.000    999.000

 FAMBACK  BY
    PAROCC             1.000      0.000    999.000    999.000
    BYPARED            0.062      0.003     21.618      0.000
    BYFAMINC           0.100      0.005     19.224      0.000

 PREVACH  BY
    BYTXRSTD           1.000      0.000    999.000    999.000
    BYTXMSTD           0.997      0.030     33.754      0.000
    BYTXSSTD           0.990      0.030     33.537      0.000
    BYTXHSTD           0.967      0.029     32.925      0.000

 HW       BY
    HW10               1.000      0.000    999.000    999.000
    HW_8               0.453      0.060      7.553      0.000

 GRADES   BY
    ENG_12             1.000      0.000    999.000    999.000
    MATH_12            0.896      0.024     37.832      0.000
    SCI_12             0.957      0.022     43.705      0.000
    SS_12              1.062      0.022     48.218      0.000

 PREVACH  ON
    FAMBACK            0.278      0.020     13.656      0.000
    EMINOR            -1.774      0.645     -2.749      0.006

 GRADES   ON
    PREVACH            0.145      0.012     12.580      0.000
    HW                 0.601      0.132      4.569      0.000

 HW       ON
    PREVACH            0.053      0.008      6.643      0.000
    FAMBACK            0.013      0.004      3.122      0.002
    EMINOR             0.281      0.123      2.293      0.022

 FAMBACK  WITH
    EMINOR            -2.136      0.277     -7.709      0.000

 BYTXRSTD WITH
    ENG_12             0.704      0.248      2.844      0.004

 BYTXMSTD WITH
    MATH_12            2.856      0.342      8.350      0.000

 BYTXSSTD WITH
    SCI_12             0.920      0.285      3.227      0.001

 BYTXHSTD WITH
    SS_12              0.533      0.277      1.927      0.054

 Intercepts
    MINORITY           0.272      0.014     19.322      0.000
    BYPARED            3.203      0.041     78.933      0.000
    BYFAMINC           9.917      0.080    124.348      0.000
    PAROCC            51.694      0.683     75.723      0.000
    BYTXRSTD          51.984      0.326    159.590      0.000
    BYTXMSTD          52.545      0.329    159.623      0.000
    BYTXSSTD          51.883      0.326    159.232      0.000
    BYTXHSTD          51.653      0.321    160.682      0.000
    HW_8               1.731      0.036     48.407      0.000
    HW10               3.381      0.060     56.202      0.000
    ENG_12             6.250      0.085     73.881      0.000
    MATH_12            5.703      0.085     66.866      0.000
    SCI_12             5.952      0.085     69.932      0.000
    SS_12              6.418      0.091     70.635      0.000

 Variances
    EMINOR             0.188      0.009     21.242      0.000
    FAMBACK          280.917     21.604     13.003      0.000

 Residual Variances
    MINORITY           0.010      0.000    999.000    999.000
    BYPARED            0.580      0.046     12.697      0.000
    BYFAMINC           3.528      0.193     18.276      0.000
    PAROCC           185.124     13.017     14.222      0.000
    BYTXRSTD          28.555      1.718     16.625      0.000
    BYTXMSTD          31.233      1.821     17.153      0.000
    BYTXSSTD          30.165      1.767     17.067      0.000
    BYTXHSTD          30.864      1.774     17.399      0.000
    HW_8               1.018      0.058     17.562      0.000
    HW10               2.352      0.202     11.639      0.000
    ENG_12             1.052      0.074     14.115      0.000
    MATH_12            2.378      0.122     19.545      0.000
    SCI_12             1.653      0.094     17.625      0.000
    SS_12              1.364      0.090     15.133      0.000
    PREVACH           53.163      3.514     15.130      0.000
    HW                 0.915      0.182      5.020      0.000
    GRADES             3.150      0.202     15.604      0.000


STANDARDIZED MODEL RESULTS


STDYX Standardization

                                                    Two-Tailed
                    Estimate       S.E.  Est./S.E.    P-Value

 EMINOR   BY
    MINORITY           0.975      0.001    849.324      0.000

 FAMBACK  BY
    PAROCC             0.776      0.019     41.471      0.000
    BYPARED            0.805      0.018     44.563      0.000
    BYFAMINC           0.667      0.022     30.489      0.000

 PREVACH  BY
    BYTXRSTD           0.855      0.011     80.703      0.000
    BYTXMSTD           0.844      0.011     76.448      0.000
    BYTXSSTD           0.846      0.011     76.992      0.000
    BYTXHSTD           0.837      0.011     73.318      0.000

 HW       BY
    HW10               0.592      0.045     13.089      0.000
    HW_8               0.451      0.040     11.261      0.000

 GRADES   BY
    ENG_12             0.924      0.006    144.908      0.000
    MATH_12            0.820      0.011     72.141      0.000
    SCI_12             0.878      0.009    103.166      0.000
    SS_12              0.914      0.007    133.778      0.000

 PREVACH  ON
    FAMBACK            0.529      0.030     17.670      0.000
    EMINOR            -0.087      0.032     -2.759      0.006

 GRADES   ON
    PREVACH            0.518      0.038     13.752      0.000
    HW                 0.274      0.049      5.552      0.000

 HW       ON
    PREVACH            0.413      0.060      6.901      0.000
    FAMBACK            0.198      0.062      3.194      0.001
    EMINOR             0.108      0.047      2.314      0.021

 FAMBACK  WITH
    EMINOR            -0.294      0.033     -8.783      0.000

 BYTXRSTD WITH
    ENG_12             0.128      0.044      2.946      0.003

 BYTXMSTD WITH
    MATH_12            0.331      0.034      9.704      0.000

 BYTXSSTD WITH
    SCI_12             0.130      0.039      3.332      0.001

 BYTXHSTD WITH
    SS_12              0.082      0.042      1.963      0.050

 Intercepts
    MINORITY           0.611      0.034     17.737      0.000
    BYPARED            2.496      0.064     38.910      0.000
    BYFAMINC           3.932      0.093     42.083      0.000
    PAROCC             2.395      0.062     38.507      0.000
    BYTXRSTD           5.047      0.117     43.099      0.000
    BYTXMSTD           5.048      0.116     43.432      0.000
    BYTXSSTD           5.035      0.117     43.105      0.000
    BYTXHSTD           5.081      0.118     43.101      0.000
    HW_8               1.531      0.047     32.849      0.000
    HW10               1.777      0.051     34.994      0.000
    ENG_12             2.336      0.061     38.277      0.000
    MATH_12            2.114      0.057     37.399      0.000
    SCI_12             2.211      0.059     37.704      0.000
    SS_12              2.234      0.059     37.794      0.000

 Variances
    EMINOR             1.000      0.000    999.000    999.000
    FAMBACK            1.000      0.000    999.000    999.000

 Residual Variances
    MINORITY           0.050      0.002     22.361      0.000
    BYPARED            0.353      0.029     12.133      0.000
    BYFAMINC           0.555      0.029     18.981      0.000
    PAROCC             0.397      0.029     13.665      0.000
    BYTXRSTD           0.269      0.018     14.858      0.000
    BYTXMSTD           0.288      0.019     15.479      0.000
    BYTXSSTD           0.284      0.019     15.279      0.000
    BYTXHSTD           0.299      0.019     15.612      0.000
    HW_8               0.797      0.036     22.055      0.000
    HW10               0.650      0.054     12.142      0.000
    ENG_12             0.147      0.012     12.480      0.000
    MATH_12            0.327      0.019     17.520      0.000
    SCI_12             0.228      0.015     15.256      0.000
    SS_12              0.165      0.012     13.245      0.000
    PREVACH            0.686      0.030     22.815      0.000
    HW                 0.722      0.049     14.735      0.000
    GRADES             0.516      0.030     17.449      0.000


R-SQUARE

    Observed                                        Two-Tailed
    Variable        Estimate       S.E.  Est./S.E.    P-Value

    MINORITY           0.950      0.002    424.662      0.000
    BYPARED            0.647      0.029     22.281      0.000
    BYFAMINC           0.445      0.029     15.244      0.000
    PAROCC             0.603      0.029     20.736      0.000
    BYTXRSTD           0.731      0.018     40.352      0.000
    BYTXMSTD           0.712      0.019     38.224      0.000
    BYTXSSTD           0.716      0.019     38.496      0.000
    BYTXHSTD           0.701      0.019     36.659      0.000
    HW_8               0.203      0.036      5.630      0.000
    HW10               0.350      0.054      6.544      0.000
    ENG_12             0.853      0.012     72.454      0.000
    MATH_12            0.673      0.019     36.070      0.000
    SCI_12             0.772      0.015     51.583      0.000
    SS_12              0.835      0.012     66.889      0.000

     Latent                                         Two-Tailed
    Variable        Estimate       S.E.  Est./S.E.    P-Value

    PREVACH            0.314      0.030     10.466      0.000
    HW                 0.278      0.049      5.683      0.000
    GRADES             0.484      0.030     16.367      0.000


QUALITY OF NUMERICAL RESULTS

     Condition Number for the Information Matrix              0.798E-05
       (ratio of smallest to largest eigenvalue)


TOTAL, TOTAL INDIRECT, SPECIFIC INDIRECT, AND DIRECT EFFECTS


                                                    Two-Tailed
                    Estimate       S.E.  Est./S.E.    P-Value

Effects from FAMBACK to GRADES

  Sum of indirect      0.048      0.005     10.732      0.000

  Specific indirect

    GRADES
    PREVACH
    FAMBACK            0.040      0.004      9.527      0.000

    GRADES
    HW
    FAMBACK            0.008      0.003      2.727      0.006


Effects from EMINOR to GRADES

  Sum of indirect     -0.089      0.126     -0.704      0.481

  Specific indirect

    GRADES
    PREVACH
    EMINOR            -0.258      0.096     -2.698      0.007

    GRADES
    HW
    EMINOR             0.169      0.079      2.138      0.032


Effects from FAMBACK to HW

  Indirect             0.015      0.002      6.097      0.000

Effects from EMINOR to HW

  Indirect            -0.094      0.037     -2.533      0.011


STANDARDIZED TOTAL, TOTAL INDIRECT, SPECIFIC INDIRECT, AND DIRECT EFFECTS


STDYX Standardization

                                                    Two-Tailed
                    Estimate       S.E.  Est./S.E.    P-Value

Effects from FAMBACK to GRADES

  Sum of indirect      0.328      0.027     12.252      0.000

  Specific indirect

    GRADES
    PREVACH
    FAMBACK            0.274      0.026     10.598      0.000

    GRADES
    HW
    FAMBACK            0.054      0.020      2.743      0.006


Effects from EMINOR to GRADES

  Sum of indirect     -0.016      0.022     -0.705      0.481

  Specific indirect

    GRADES
    PREVACH
    EMINOR            -0.045      0.017     -2.704      0.007

    GRADES
    HW
    EMINOR             0.030      0.014      2.140      0.032


Effects from FAMBACK to HW

  Indirect             0.219      0.034      6.420      0.000

Effects from EMINOR to HW

  Indirect            -0.036      0.014     -2.535      0.011



RESIDUAL OUTPUT


     ESTIMATED MODEL AND RESIDUALS (OBSERVED - ESTIMATED)


           Model Estimated Means/Intercepts/Thresholds
              MINORITY      BYPARED       BYFAMINC      PAROCC        BYTXRSTD
              ________      ________      ________      ________      ________
                0.272         3.203         9.917        51.694        51.984


           Model Estimated Means/Intercepts/Thresholds
              BYTXMSTD      BYTXSSTD      BYTXHSTD      HW_8          HW10
              ________      ________      ________      ________      ________
               52.545        51.883        51.653         1.731         3.381


           Model Estimated Means/Intercepts/Thresholds
              ENG_12        MATH_12       SCI_12        SS_12
              ________      ________      ________      ________
                6.250         5.703         5.952         6.418


           Residuals for Means/Intercepts/Thresholds
              MINORITY      BYPARED       BYFAMINC      PAROCC        BYTXRSTD
              ________      ________      ________      ________      ________
                0.000         0.000         0.000         0.000         0.000


           Residuals for Means/Intercepts/Thresholds
              BYTXMSTD      BYTXSSTD      BYTXHSTD      HW_8          HW10
              ________      ________      ________      ________      ________
                0.000         0.000         0.000         0.000         0.000


           Residuals for Means/Intercepts/Thresholds
              ENG_12        MATH_12       SCI_12        SS_12
              ________      ________      ________      ________
                0.000         0.000         0.000         0.000


           Standardized Residuals (z-scores) for Means/Intercepts/Thresholds
              MINORITY      BYPARED       BYFAMINC      PAROCC        BYTXRSTD
              ________      ________      ________      ________      ________
                0.000         0.000         0.000         0.000         0.000


           Standardized Residuals (z-scores) for Means/Intercepts/Thresholds
              BYTXMSTD      BYTXSSTD      BYTXHSTD      HW_8          HW10
              ________      ________      ________      ________      ________
                0.000         0.000         0.000         0.000         0.000


           Standardized Residuals (z-scores) for Means/Intercepts/Thresholds
              ENG_12        MATH_12       SCI_12        SS_12
              ________      ________      ________      ________
                0.000         0.000         0.000         0.000


           Normalized Residuals for Means/Intercepts/Thresholds
              MINORITY      BYPARED       BYFAMINC      PAROCC        BYTXRSTD
              ________      ________      ________      ________      ________
                0.000         0.000         0.000         0.000         0.000


           Normalized Residuals for Means/Intercepts/Thresholds
              BYTXMSTD      BYTXSSTD      BYTXHSTD      HW_8          HW10
              ________      ________      ________      ________      ________
                0.000         0.000         0.000         0.000         0.000


           Normalized Residuals for Means/Intercepts/Thresholds
              ENG_12        MATH_12       SCI_12        SS_12
              ________      ________      ________      ________
                0.000         0.000         0.000         0.000


           Model Estimated Covariances/Correlations/Residual Correlations
              MINORITY      BYPARED       BYFAMINC      PAROCC        BYTXRSTD
              ________      ________      ________      ________      ________
 MINORITY       0.198
 BYPARED       -0.132         1.646
 BYFAMINC      -0.214         1.738         6.361
 PAROCC        -2.136        17.303        28.212       466.040
 BYTXRSTD      -0.927         5.041         8.220        81.846       106.105
 BYTXMSTD      -0.925         5.028         8.197        81.623        77.339
 BYTXSSTD      -0.918         4.991         8.137        81.025        76.773
 BYTXHSTD      -0.896         4.874         7.946        79.122        74.969
 HW_8          -0.011         0.208         0.340         3.381         2.231
 HW10          -0.025         0.460         0.750         7.466         4.926
 ENG_12        -0.149         1.009         1.645        16.376        14.929
 MATH_12       -0.134         0.903         1.473        14.665        12.739
 SCI_12        -0.143         0.965         1.574        15.671        13.613
 SS_12         -0.159         1.072         1.747        17.398        15.113


           Model Estimated Covariances/Correlations/Residual Correlations
              BYTXMSTD      BYTXSSTD      BYTXHSTD      HW_8          HW10
              ________      ________      ________      ________      ________
 BYTXMSTD     108.361
 BYTXSSTD      76.563       106.168
 BYTXHSTD      74.765        74.218       103.338
 HW_8           2.225         2.208         2.157         1.278
 HW10           4.913         4.877         4.762         0.574         3.619
 ENG_12        14.187        14.083        13.752         0.669         1.478
 MATH_12       15.561        12.612        12.315         0.599         1.323
 SCI_12        13.576        14.397        13.160         0.640         1.414
 SS_12         15.072        14.962        15.143         0.711         1.570


           Model Estimated Covariances/Correlations/Residual Correlations
              ENG_12        MATH_12       SCI_12        SS_12
              ________      ________      ________      ________
 ENG_12         7.156
 MATH_12        5.467         7.274
 SCI_12         5.842         5.232         7.244
 SS_12          6.485         5.808         6.206         8.255


           Residuals for Covariances/Correlations/Residual Correlations
              MINORITY      BYPARED       BYFAMINC      PAROCC        BYTXRSTD
              ________      ________      ________      ________      ________
 MINORITY       0.000
 BYPARED        0.035         0.000
 BYFAMINC      -0.097        -0.037         0.000
 PAROCC        -0.184         0.109         0.320         0.000
 BYTXRSTD      -0.006         0.047        -0.736        -6.679        -0.316
 BYTXMSTD       0.183         0.700         0.556        -0.486        -1.107
 BYTXSSTD      -0.142         0.085        -0.522        -9.431        -0.671
 BYTXHSTD      -0.055         0.302        -0.046        -3.152         1.518
 HW_8           0.010         0.036        -0.126        -0.808         0.393
 HW10          -0.023         0.049        -0.005        -0.347        -0.638
 ENG_12         0.033         0.137        -0.008        -1.396        -0.525
 MATH_12        0.047         0.101         0.052        -1.739        -0.927
 SCI_12         0.044         0.044        -0.159        -2.288        -0.274
 SS_12          0.017         0.137         0.082        -0.998         0.227


           Residuals for Covariances/Correlations/Residual Correlations
              BYTXMSTD      BYTXSSTD      BYTXHSTD      HW_8          HW10
              ________      ________      ________      ________      ________
 BYTXMSTD      -0.723
 BYTXSSTD       0.396         0.179
 BYTXHSTD      -3.466         2.182         0.238
 HW_8           0.950         0.364        -0.228         0.000
 HW10           0.724        -0.837        -0.759         0.010         0.000
 ENG_12         1.492        -1.679        -0.408        -0.052         0.114
 MATH_12        1.147        -0.848        -0.874        -0.061         0.186
 SCI_12         2.444        -0.773        -0.173        -0.057         0.023
 SS_12          1.806        -0.611         0.015        -0.124        -0.019


           Residuals for Covariances/Correlations/Residual Correlations
              ENG_12        MATH_12       SCI_12        SS_12
              ________      ________      ________      ________
 ENG_12        -0.014
 MATH_12        0.114         0.265
 SCI_12        -0.089         0.352        -0.057
 SS_12          0.045         0.065        -0.089        -0.010


           Standardized Residuals (z-scores) for Covariances/Correlations/Residual Corr
              MINORITY      BYPARED       BYFAMINC      PAROCC        BYTXRSTD
              ________      ________      ________      ________      ________
 MINORITY       0.000
 BYPARED        5.164         0.020
 BYFAMINC      -4.136        -2.120       999.000
 PAROCC        -1.271         0.935         0.739         0.015
 BYTXRSTD      -0.098         0.234        -1.481        -1.946       999.000
 BYTXMSTD       2.893         3.100         1.050        -0.132        -2.459
 BYTXSSTD      -2.104         0.406        -1.023        -2.703        -1.380
 BYTXHSTD      -0.816         1.394        -0.090        -0.865         1.974
 HW_8           0.794         1.113        -1.768        -1.476         1.845
 HW10          -1.652         1.117        -0.045        -0.453        -2.228
 ENG_12         1.301         1.854        -0.053        -1.144        -2.063
 MATH_12        1.600         1.208         0.295        -1.245        -2.076
 SCI_12         1.637         0.586        -0.974        -1.804        -0.736
 SS_12          0.619         1.718         0.470        -0.749         0.592


           Standardized Residuals (z-scores) for Covariances/Correlations/Residual Corr
              BYTXMSTD      BYTXSSTD      BYTXHSTD      HW_8          HW10
              ________      ________      ________      ________      ________
 BYTXMSTD      -2.123
 BYTXSSTD       0.540         0.493
 BYTXHSTD     999.000         2.455         0.695
 HW_8           4.196         1.668        -1.073         0.000
 HW10           2.255        -2.831        -2.516         1.025         0.011
 ENG_12         3.685        -5.987        -1.198        -1.265         1.925
 MATH_12        2.495        -1.837        -1.890        -1.029         1.950
 SCI_12         5.136        -2.671        -0.438        -1.187         0.323
 SS_12          3.970        -1.660         0.045        -2.749        -0.294


           Standardized Residuals (z-scores) for Covariances/Correlations/Residual Corr
              ENG_12        MATH_12       SCI_12        SS_12
              ________      ________      ________      ________
 ENG_12       999.000
 MATH_12        1.674         2.690
 SCI_12       999.000         3.892       999.000
 SS_12          1.714         0.913       999.000       999.000


           Normalized Residuals for Covariances/Correlations/Residual Correlations
              MINORITY      BYPARED       BYFAMINC      PAROCC        BYTXRSTD
              ________      ________      ________      ________      ________
 MINORITY       0.000
 BYPARED        1.932         0.000
 BYFAMINC      -2.634        -0.319         0.000
 PAROCC        -0.588         0.105         0.165         0.000
 BYTXRSTD      -0.041         0.106        -0.862        -0.901        -0.067
 BYTXMSTD       1.235         1.528         0.637        -0.065        -0.267
 BYTXSSTD      -0.953         0.190        -0.609        -1.275        -0.162
 BYTXHSTD      -0.377         0.679        -0.054        -0.429         0.370
 HW_8           0.598         0.765        -1.389        -1.041         1.042
 HW10          -0.850         0.617        -0.031        -0.263        -1.007
 ENG_12         0.875         1.194        -0.039        -0.741        -0.535
 MATH_12        1.216         0.873         0.233        -0.907        -0.958
 SCI_12         1.156         0.391        -0.727        -1.218        -0.283
 SS_12          0.422         1.119         0.345        -0.492         0.216


           Normalized Residuals for Covariances/Correlations/Residual Correlations
              BYTXMSTD      BYTXSSTD      BYTXHSTD      HW_8          HW10
              ________      ________      ________      ________      ________
 BYTXMSTD      -0.150
 BYTXSSTD       0.095         0.038
 BYTXHSTD      -0.860         0.532         0.051
 HW_8           2.473         0.963        -0.619         0.000
 HW10           1.115        -1.322        -1.214         0.136         0.000
 ENG_12         1.481        -1.757        -0.426        -0.533         0.678
 MATH_12        1.098        -0.875        -0.915        -0.614         1.081
 SCI_12         2.408        -0.793        -0.181        -0.584         0.137
 SS_12          1.668        -0.587         0.014        -1.190        -0.105


           Normalized Residuals for Covariances/Correlations/Residual Correlations
              ENG_12        MATH_12       SCI_12        SS_12
              ________      ________      ________      ________
 ENG_12        -0.045
 MATH_12        0.392         0.785
 SCI_12        -0.306         1.205        -0.177
 SS_12          0.141         0.209        -0.287        -0.027


DIAGRAM INFORMATION

  Use View Diagram under the Diagram menu in the Mplus Editor to view the diagram.
  If running Mplus from the Mplus Diagrammer, the diagram opens automatically.

  Diagram output
    c:\users\tzkeith\documents\regression book 3\web\instructor materials\chapter 18\mplus\hw latent 1.dgm

     Beginning Time:  11:15:17
        Ending Time:  11:15:17
       Elapsed Time:  00:00:00



MUTHEN & MUTHEN
3463 Stoner Ave.
Los Angeles, CA  90066

Tel: (310) 391-9971
Fax: (310) 391-8971
Web: www.StatModel.com
Support: Support@StatModel.com

Copyright (c) 1998-2017 Muthen & Muthen
