Mplus VERSION 8
MUTHEN & MUTHEN
01/27/2019   1:45 PM

INPUT INSTRUCTIONS

  TITLE: Initial multi group model
  DATA: FILE IS HW MG data.txt;
      TYPE IS STD CORRELATION;
      NOBSERVATIONS ARE 751 274;
      NGROUPS IS 2;

  VARIABLE:    NAMES ARE
      BYPARED	
      BYFAMINC	
      PAROCC	
      BYTXRSTD	
      BYTXMSTD	
      BYTXSSTD	
      BYTXHSTD	
      HW_8	
      HW10	
      ENG_12	
      MATH_12	
      SCI_12	
      SS_12;

  USEVARIABLES ARE
      BYPARED	
      BYFAMINC	
      PAROCC	
      BYTXRSTD	
      BYTXMSTD	
      BYTXSSTD	
      BYTXHSTD	
      HW_8	
      HW10	
      ENG_12	
      MATH_12	
      SCI_12	
      SS_12;


  MODEL:
      FAMBACK BY
          PAROCC
          BYPARED	
          BYFAMINC;	

      PREVACH BY
          BYTXRSTD	
          BYTXMSTD	
          BYTXSSTD	
          BYTXHSTD;	

      HW BY
          HW10
          HW_8;	

      GRADES BY
          ENG_12	
          MATH_12	
          SCI_12	
          SS_12;

      BYTXRSTD	WITH ENG_12;
      BYTXMSTD	WITH MATH_12;	
      BYTXSSTD	WITH SCI_12;
      BYTXHSTD	WITH SS_12;	

      PREVACH ON FAMBACK;
      GRADES ON PREVACH HW;
      HW ON PREVACH FAMBACK;

  MODEL INDIRECT :

      GRADES IND PREVACH FAMBACK;
      GRADES IND HW PREVACH;
      GRADES IND HW FAMBACK;
      HW IND PREVACH FAMBACK;

  !MPLUS DEFAULT IS METRIC INVARIANCE, IN ORDER TO TEST
  !CONFIGURAL INVARIANCE, ADD THE FOLLOWINGS
  !Minority

      MODEL G2:
          FAMBACK BY
          PAROCC@1
          BYPARED	
          BYFAMINC;	

      PREVACH BY
          BYTXRSTD@1	
          BYTXMSTD	
          BYTXSSTD	
          BYTXHSTD;	

      HW BY
          HW10@1
          HW_8;	

      GRADES BY
          ENG_12@1
          MATH_12	
          SCI_12	
          SS_12;


  OUTPUT:  SAMPSTAT STDYX RESIDUAL;




INPUT READING TERMINATED NORMALLY



Initial multi group model

SUMMARY OF ANALYSIS

Number of groups                                                 2
Number of observations
   Group G1                                                    751
   Group G2                                                    274
   Total sample size                                          1025

Number of dependent variables                                   13
Number of independent variables                                  0
Number of continuous latent variables                            4

Observed dependent variables

  Continuous
   BYPARED     BYFAMINC    PAROCC      BYTXRSTD    BYTXMSTD    BYTXSSTD
   BYTXHSTD    HW_8        HW10        ENG_12      MATH_12     SCI_12
   SS_12

Continuous latent variables
   FAMBACK     PREVACH     HW          GRADES


Estimator                                                       ML
Information matrix                                        EXPECTED
Maximum number of iterations                                  1000
Convergence criterion                                    0.500D-04
Maximum number of steepest descent iterations                   20

Input data file(s)
  HW MG data.txt

Input data format  FREE


SAMPLE STATISTICS


     SAMPLE STATISTICS FOR G1


           Covariances/Correlations/Residual Correlations
              BYPARED       BYFAMINC      PAROCC        BYTXRSTD      BYTXMSTD
              ________      ________      ________      ________      ________
 BYPARED        1.481
 BYFAMINC       1.360         5.085
 PAROCC        14.484        19.702       391.099
 BYTXRSTD       4.365         4.709        58.559       102.778
 BYTXMSTD       4.987         6.299        65.842        71.603       104.258
 BYTXSSTD       4.194         4.439        55.661        71.255        73.715
 BYTXHSTD       4.093         4.980        57.360        73.451        67.272
 HW_8           0.222         0.182         2.656         2.147         2.643
 HW10           0.521         0.695         6.256         4.203         5.665
 ENG_12         0.997         1.274        12.364        14.068        14.676
 MATH_12        0.938         1.207        11.216        11.479        16.247
 SCI_12         0.917         1.098        11.558        13.445        15.770
 SS_12          1.001         1.321        13.010        15.138        16.459


           Covariances/Correlations/Residual Correlations
              BYTXSSTD      BYTXHSTD      HW_8          HW10          ENG_12
              ________      ________      ________      ________      ________
 BYTXSSTD     101.692
 BYTXHSTD      73.110       100.040
 HW_8           2.196         1.597         1.275
 HW10           4.051         3.537         0.640         3.711
 ENG_12        11.849        12.515         0.573         1.593         6.907
 MATH_12       11.536        10.754         0.478         1.517         5.383
 SCI_12        13.812        12.777         0.525         1.377         5.595
 SS_12         13.934        14.386         0.541         1.600         6.285


           Covariances/Correlations/Residual Correlations
              MATH_12       SCI_12        SS_12
              ________      ________      ________
 MATH_12        7.394
 SCI_12         5.471         7.115
 SS_12          5.660         5.973         7.893


     SAMPLE STATISTICS FOR G2


           Covariances/Correlations/Residual Correlations
              BYPARED       BYFAMINC      PAROCC        BYTXRSTD      BYTXMSTD
              ________      ________      ________      ________      ________
 BYPARED        1.928
 BYFAMINC       2.047         8.036
 PAROCC        21.287        39.136       574.288
 BYTXRSTD       5.429         9.643        80.332        98.355
 BYTXMSTD       6.463        11.296        91.473        76.367       107.264
 BYTXSSTD       5.609        10.110        69.600        71.254        71.530
 BYTXHSTD       6.468        10.438        86.144        68.518        69.577
 HW_8           0.300         0.265         2.162         3.990         4.663
 HW10           0.394         0.642         7.593         3.745         4.989
 ENG_12         1.346         1.967        17.292        13.373        16.894
 MATH_12        1.029         1.896        13.764        11.196        16.755
 SCI_12         1.081         1.706        13.972        11.321        15.309
 SS_12          1.521         2.386        19.572        13.444        16.064


           Covariances/Correlations/Residual Correlations
              BYTXSSTD      BYTXHSTD      HW_8          HW10          ENG_12
              ________      ________      ________      ________      ________
 BYTXSSTD      98.635
 BYTXHSTD      66.918        96.982
 HW_8           3.611         2.816         1.297
 HW10           3.084         4.418         0.443         3.363
 ENG_12        11.675        13.673         0.737         1.497         7.579
 MATH_12       10.644        11.812         0.695         1.419         5.960
 SCI_12        11.129        11.848         0.742         1.525         5.998
 SS_12         12.668        14.846         0.723         1.300         6.937


           Covariances/Correlations/Residual Correlations
              MATH_12       SCI_12        SS_12
              ________      ________      ________
 MATH_12        7.828
 SCI_12         5.750         7.231
 SS_12          6.254         6.280         8.884


THE MODEL ESTIMATION TERMINATED NORMALLY



MODEL FIT INFORMATION

Number of Free Parameters                       70

Loglikelihood

          H0 Value                      -33483.252
          H1 Value                      -33373.249

Information Criteria

          Akaike (AIC)                   67106.504
          Bayesian (BIC)                 67451.775
          Sample-Size Adjusted BIC       67229.448
            (n* = (n + 2) / 24)

Chi-Square Test of Model Fit

          Value                            220.005
          Degrees of Freedom                   112
          P-Value                           0.0000

Chi-Square Contribution From Each Group

          G1                               127.571
          G2                                92.434

RMSEA (Root Mean Square Error Of Approximation)

          Estimate                           0.043
          90 Percent C.I.                    0.035  0.052
          Probability RMSEA <= .05           0.899

CFI/TLI

          CFI                                0.987
          TLI                                0.982

Chi-Square Test of Model Fit for the Baseline Model

          Value                           8290.390
          Degrees of Freedom                   156
          P-Value                           0.0000

SRMR (Standardized Root Mean Square Residual)

          Value                              0.031



MODEL RESULTS

                                                    Two-Tailed
                    Estimate       S.E.  Est./S.E.    P-Value

Group G1

 FAMBACK  BY
    PAROCC             1.000      0.000    999.000    999.000
    BYPARED            0.072      0.004     16.237      0.000
    BYFAMINC           0.094      0.007     14.112      0.000

 PREVACH  BY
    BYTXRSTD           1.000      0.000    999.000    999.000
    BYTXMSTD           0.997      0.036     28.022      0.000
    BYTXSSTD           0.987      0.035     28.103      0.000
    BYTXHSTD           0.970      0.035     27.524      0.000

 HW       BY
    HW10               1.000      0.000    999.000    999.000
    HW_8               0.389      0.063      6.181      0.000

 GRADES   BY
    ENG_12             1.000      0.000    999.000    999.000
    MATH_12            0.901      0.028     32.154      0.000
    SCI_12             0.972      0.026     37.566      0.000
    SS_12              1.065      0.026     41.677      0.000

 PREVACH  ON
    FAMBACK            0.299      0.027     11.063      0.000

 GRADES   ON
    PREVACH            0.156      0.012     13.222      0.000
    HW                 0.468      0.114      4.118      0.000

 HW       ON
    PREVACH            0.046      0.009      4.917      0.000
    FAMBACK            0.022      0.006      3.658      0.000

 BYTXRSTD WITH
    ENG_12             0.858      0.289      2.971      0.003

 BYTXMSTD WITH
    MATH_12            2.949      0.399      7.387      0.000

 BYTXSSTD WITH
    SCI_12             1.138      0.327      3.483      0.000

 BYTXHSTD WITH
    SS_12              0.349      0.310      1.127      0.260

 Variances
    FAMBACK          201.549     20.380      9.890      0.000

 Residual Variances
    BYPARED            0.430      0.056      7.686      0.000
    BYFAMINC           3.294      0.197     16.701      0.000
    PAROCC           189.028     14.121     13.387      0.000
    BYTXRSTD          29.735      2.043     14.556      0.000
    BYTXMSTD          31.774      2.134     14.890      0.000
    BYTXSSTD          29.387      2.007     14.640      0.000
    BYTXHSTD          30.494      2.044     14.917      0.000
    HW_8               1.026      0.066     15.451      0.000
    HW10               2.070      0.281      7.355      0.000
    ENG_12             1.059      0.085     12.496      0.000
    MATH_12            2.398      0.141     17.014      0.000
    SCI_12             1.643      0.108     15.261      0.000
    SS_12              1.260      0.099     12.770      0.000
    PREVACH           55.518      4.253     13.054      0.000
    HW                 1.269      0.274      4.623      0.000
    GRADES             3.001      0.215     13.978      0.000

Group G2

 FAMBACK  BY
    PAROCC             1.000      0.000    999.000    999.000
    BYPARED            0.058      0.005     11.758      0.000
    BYFAMINC           0.103      0.010     10.682      0.000

 PREVACH  BY
    BYTXRSTD           1.000      0.000    999.000    999.000
    BYTXMSTD           1.060      0.057     18.519      0.000
    BYTXSSTD           0.952      0.058     16.541      0.000
    BYTXHSTD           0.943      0.057     16.542      0.000

 HW       BY
    HW10               1.000      0.000    999.000    999.000
    HW_8               0.802      0.188      4.276      0.000

 GRADES   BY
    ENG_12             1.000      0.000    999.000    999.000
    MATH_12            0.897      0.044     20.554      0.000
    SCI_12             0.923      0.040     22.964      0.000
    SS_12              1.049      0.042     24.756      0.000

 PREVACH  ON
    FAMBACK            0.264      0.032      8.333      0.000

 GRADES   ON
    PREVACH            0.141      0.044      3.175      0.001
    HW                 0.803      0.636      1.262      0.207

 HW       ON
    PREVACH            0.067      0.015      4.386      0.000
    FAMBACK           -0.002      0.005     -0.446      0.655

 BYTXRSTD WITH
    ENG_12             0.177      0.455      0.389      0.698

 BYTXMSTD WITH
    MATH_12            2.375      0.610      3.895      0.000

 BYTXSSTD WITH
    SCI_12             0.287      0.550      0.522      0.601

 BYTXHSTD WITH
    SS_12              1.122      0.571      1.966      0.049

 Variances
    FAMBACK          360.568     50.999      7.070      0.000

 Residual Variances
    BYPARED            0.694      0.099      7.039      0.000
    BYFAMINC           4.164      0.445      9.358      0.000
    PAROCC           211.627     29.409      7.196      0.000
    BYTXRSTD          25.802      3.003      8.592      0.000
    BYTXMSTD          26.151      3.161      8.273      0.000
    BYTXSSTD          33.064      3.465      9.542      0.000
    BYTXHSTD          32.850      3.429      9.581      0.000
    HW_8               0.932      0.126      7.390      0.000
    HW10               2.791      0.283      9.867      0.000
    ENG_12             1.034      0.147      7.019      0.000
    MATH_12            2.310      0.229     10.068      0.000
    SCI_12             1.662      0.180      9.235      0.000
    SS_12              1.644      0.195      8.437      0.000
    PREVACH           46.959      6.021      7.800      0.000
    HW                 0.267      0.154      1.736      0.083
    GRADES             3.713      0.446      8.330      0.000


STANDARDIZED MODEL RESULTS


STDYX Standardization

                                                    Two-Tailed
                    Estimate       S.E.  Est./S.E.    P-Value

Group G1

 FAMBACK  BY
    PAROCC             0.718      0.025     28.331      0.000
    BYPARED            0.842      0.023     36.278      0.000
    BYFAMINC           0.593      0.029     20.490      0.000

 PREVACH  BY
    BYTXRSTD           0.844      0.013     64.816      0.000
    BYTXMSTD           0.835      0.013     62.343      0.000
    BYTXSSTD           0.842      0.013     64.345      0.000
    BYTXHSTD           0.833      0.014     61.075      0.000

 HW       BY
    HW10               0.664      0.057     11.722      0.000
    HW_8               0.441      0.046      9.527      0.000

 GRADES   BY
    ENG_12             0.920      0.008    121.707      0.000
    MATH_12            0.815      0.013     60.619      0.000
    SCI_12             0.878      0.010     88.939      0.000
    SS_12              0.917      0.008    118.136      0.000

 PREVACH  ON
    FAMBACK            0.495      0.034     14.465      0.000

 GRADES   ON
    PREVACH            0.555      0.036     15.257      0.000
    HW                 0.248      0.049      5.050      0.000

 HW       ON
    PREVACH            0.307      0.062      4.951      0.000
    FAMBACK            0.239      0.063      3.763      0.000

 BYTXRSTD WITH
    ENG_12             0.153      0.049      3.109      0.002

 BYTXMSTD WITH
    MATH_12            0.338      0.039      8.649      0.000

 BYTXSSTD WITH
    SCI_12             0.164      0.045      3.650      0.000

 BYTXHSTD WITH
    SS_12              0.056      0.049      1.140      0.254

 Variances
    FAMBACK            1.000      0.000    999.000    999.000

 Residual Variances
    BYPARED            0.291      0.039      7.445      0.000
    BYFAMINC           0.649      0.034     18.921      0.000
    PAROCC             0.484      0.036     13.286      0.000
    BYTXRSTD           0.288      0.022     13.098      0.000
    BYTXMSTD           0.303      0.022     13.534      0.000
    BYTXSSTD           0.291      0.022     13.182      0.000
    BYTXHSTD           0.306      0.023     13.456      0.000
    HW_8               0.806      0.041     19.765      0.000
    HW10               0.559      0.075      7.418      0.000
    ENG_12             0.153      0.014     11.022      0.000
    MATH_12            0.336      0.022     15.325      0.000
    SCI_12             0.229      0.017     13.225      0.000
    SS_12              0.160      0.014     11.222      0.000
    PREVACH            0.755      0.034     22.242      0.000
    HW                 0.776      0.049     15.873      0.000
    GRADES             0.514      0.033     15.799      0.000

Group G2

 FAMBACK  BY
    PAROCC             0.794      0.034     23.397      0.000
    BYPARED            0.799      0.034     23.741      0.000
    BYFAMINC           0.693      0.040     17.497      0.000

 PREVACH  BY
    BYTXRSTD           0.858      0.020     42.873      0.000
    BYTXMSTD           0.869      0.019     46.008      0.000
    BYTXSSTD           0.815      0.024     34.149      0.000
    BYTXHSTD           0.813      0.024     33.955      0.000

 HW       BY
    HW10               0.409      0.075      5.451      0.000
    HW_8               0.528      0.084      6.294      0.000

 GRADES   BY
    ENG_12             0.929      0.012     78.930      0.000
    MATH_12            0.833      0.021     40.570      0.000
    SCI_12             0.877      0.016     53.485      0.000
    SS_12              0.902      0.014     64.171      0.000

 PREVACH  ON
    FAMBACK            0.590      0.050     11.895      0.000

 GRADES   ON
    PREVACH            0.467      0.144      3.244      0.001
    HW                 0.235      0.171      1.375      0.169

 HW       ON
    PREVACH            0.755      0.132      5.714      0.000
    FAMBACK           -0.057      0.127     -0.448      0.654

 BYTXRSTD WITH
    ENG_12             0.034      0.087      0.391      0.696

 BYTXMSTD WITH
    MATH_12            0.306      0.070      4.394      0.000

 BYTXSSTD WITH
    SCI_12             0.039      0.074      0.525      0.600

 BYTXHSTD WITH
    SS_12              0.153      0.075      2.042      0.041

 Variances
    FAMBACK            1.000      0.000    999.000    999.000

 Residual Variances
    BYPARED            0.361      0.054      6.710      0.000
    BYFAMINC           0.520      0.055      9.481      0.000
    PAROCC             0.370      0.054      6.866      0.000
    BYTXRSTD           0.264      0.034      7.672      0.000
    BYTXMSTD           0.244      0.033      7.430      0.000
    BYTXSSTD           0.336      0.039      8.649      0.000
    BYTXHSTD           0.339      0.039      8.706      0.000
    HW_8               0.721      0.089      8.143      0.000
    HW10               0.833      0.061     13.595      0.000
    ENG_12             0.137      0.022      6.251      0.000
    MATH_12            0.306      0.034      8.925      0.000
    SCI_12             0.230      0.029      7.991      0.000
    SS_12              0.186      0.025      7.336      0.000
    PREVACH            0.651      0.059     11.111      0.000
    HW                 0.477      0.152      3.132      0.002
    GRADES             0.569      0.059      9.652      0.000


R-SQUARE

Group G1

    Observed                                        Two-Tailed
    Variable        Estimate       S.E.  Est./S.E.    P-Value

    BYPARED            0.709      0.039     18.139      0.000
    BYFAMINC           0.351      0.034     10.245      0.000
    PAROCC             0.516      0.036     14.166      0.000
    BYTXRSTD           0.712      0.022     32.408      0.000
    BYTXMSTD           0.697      0.022     31.172      0.000
    BYTXSSTD           0.709      0.022     32.173      0.000
    BYTXHSTD           0.694      0.023     30.538      0.000
    HW_8               0.194      0.041      4.763      0.000
    HW10               0.441      0.075      5.861      0.000
    ENG_12             0.847      0.014     60.854      0.000
    MATH_12            0.664      0.022     30.309      0.000
    SCI_12             0.771      0.017     44.470      0.000
    SS_12              0.840      0.014     59.068      0.000

     Latent                                         Two-Tailed
    Variable        Estimate       S.E.  Est./S.E.    P-Value

    PREVACH            0.245      0.034      7.233      0.000
    HW                 0.224      0.049      4.591      0.000
    GRADES             0.486      0.033     14.968      0.000

Group G2

    Observed                                        Two-Tailed
    Variable        Estimate       S.E.  Est./S.E.    P-Value

    BYPARED            0.639      0.054     11.870      0.000
    BYFAMINC           0.480      0.055      8.748      0.000
    PAROCC             0.630      0.054     11.698      0.000
    BYTXRSTD           0.736      0.034     21.437      0.000
    BYTXMSTD           0.756      0.033     23.004      0.000
    BYTXSSTD           0.664      0.039     17.075      0.000
    BYTXHSTD           0.661      0.039     16.978      0.000
    HW_8               0.279      0.089      3.147      0.002
    HW10               0.167      0.061      2.726      0.006
    ENG_12             0.863      0.022     39.465      0.000
    MATH_12            0.694      0.034     20.285      0.000
    SCI_12             0.770      0.029     26.743      0.000
    SS_12              0.814      0.025     32.086      0.000

     Latent                                         Two-Tailed
    Variable        Estimate       S.E.  Est./S.E.    P-Value

    PREVACH            0.349      0.059      5.947      0.000
    HW                 0.523      0.152      3.430      0.001
    GRADES             0.431      0.059      7.325      0.000


QUALITY OF NUMERICAL RESULTS

     Condition Number for the Information Matrix              0.124E-04
       (ratio of smallest to largest eigenvalue)


TOTAL, TOTAL INDIRECT, SPECIFIC INDIRECT, AND DIRECT EFFECTS


                                                    Two-Tailed
                    Estimate       S.E.  Est./S.E.    P-Value

Group G1

Effects from FAMBACK to GRADES

  Sum of indirect      0.057      0.006      9.954      0.000

  Specific indirect

    GRADES
    PREVACH
    FAMBACK            0.047      0.005      8.803      0.000

    GRADES
    HW
    FAMBACK            0.010      0.003      2.904      0.004


Effects from PREVACH to GRADES

  Indirect             0.021      0.007      3.295      0.001

Effects from FAMBACK to HW

  Indirect             0.014      0.003      4.584      0.000

Group G2

Effects from FAMBACK to GRADES

  Sum of indirect      0.035      0.014      2.548      0.011

  Specific indirect

    GRADES
    PREVACH
    FAMBACK            0.037      0.012      3.011      0.003

    GRADES
    HW
    FAMBACK           -0.002      0.004     -0.430      0.667


Effects from PREVACH to GRADES

  Indirect             0.053      0.043      1.250      0.211

Effects from FAMBACK to HW

  Indirect             0.018      0.004      3.923      0.000


STANDARDIZED TOTAL, TOTAL INDIRECT, SPECIFIC INDIRECT, AND DIRECT EFFECTS


STDYX Standardization

                                                    Two-Tailed
                    Estimate       S.E.  Est./S.E.    P-Value

Group G1

Effects from FAMBACK to GRADES

  Sum of indirect      0.334      0.028     11.945      0.000

  Specific indirect

    GRADES
    PREVACH
    FAMBACK            0.275      0.027     10.185      0.000

    GRADES
    HW
    FAMBACK            0.059      0.020      2.932      0.003


Effects from PREVACH to GRADES

  Indirect             0.076      0.023      3.339      0.001

Effects from FAMBACK to HW

  Indirect             0.152      0.032      4.703      0.000

Group G2

Effects from FAMBACK to GRADES

  Sum of indirect      0.262      0.100      2.610      0.009

  Specific indirect

    GRADES
    PREVACH
    FAMBACK            0.276      0.089      3.113      0.002

    GRADES
    HW
    FAMBACK           -0.013      0.031     -0.431      0.667


Effects from PREVACH to GRADES

  Indirect             0.177      0.141      1.254      0.210

Effects from FAMBACK to HW

  Indirect             0.446      0.090      4.953      0.000



RESIDUAL OUTPUT


     ESTIMATED MODEL AND RESIDUALS (OBSERVED - ESTIMATED) FOR G1


           Model Estimated Covariances/Correlations/Residual Correlations
              BYPARED       BYFAMINC      PAROCC        BYTXRSTD      BYTXMSTD
              ________      ________      ________      ________      ________
 BYPARED        1.479
 BYFAMINC       1.367         5.078
 PAROCC        14.536        18.960       390.577
 BYTXRSTD       4.351         5.675        60.321       103.306
 BYTXMSTD       4.339         5.660        60.161        73.377       104.957
 BYTXSSTD       4.296         5.603        59.558        72.641        72.449
 BYTXHSTD       4.220         5.504        58.504        71.356        71.168
 HW_8           0.199         0.260         2.762         1.816         1.811
 HW10           0.512         0.668         7.103         4.671         4.658
 ENG_12         0.920         1.201        12.762        14.555        13.661
 MATH_12        0.829         1.082        11.497        12.339        15.256
 SCI_12         0.895         1.167        12.409        13.318        13.283
 SS_12          0.981         1.279        13.596        14.592        14.554


           Model Estimated Covariances/Correlations/Residual Correlations
              BYTXSSTD      BYTXHSTD      HW_8          HW10          ENG_12
              ________      ________      ________      ________      ________
 BYTXSSTD     101.109
 BYTXHSTD      70.454        99.702
 HW_8           1.793         1.762         1.274
 HW10           4.612         4.530         0.636         3.706
 ENG_12        13.524        13.285         0.582         1.496         6.903
 MATH_12       12.183        11.967         0.524         1.348         5.265
 SCI_12        14.288        12.917         0.566         1.455         5.683
 SS_12         14.408        14.502         0.620         1.594         6.226


           Model Estimated Covariances/Correlations/Residual Correlations
              MATH_12       SCI_12        SS_12
              ________      ________      ________
 MATH_12        7.141
 SCI_12         5.119         7.169
 SS_12          5.609         6.054         7.894


           Residuals for Covariances/Correlations/Residual Correlations
              BYPARED       BYFAMINC      PAROCC        BYTXRSTD      BYTXMSTD
              ________      ________      ________      ________      ________
 BYPARED        0.000
 BYFAMINC      -0.009         0.000
 PAROCC        -0.071         0.715         0.001
 BYTXRSTD       0.008        -0.972        -1.839        -0.664
 BYTXMSTD       0.642         0.631         5.593        -1.869        -0.838
 BYTXSSTD      -0.108        -1.170        -3.971        -1.480         1.167
 BYTXHSTD      -0.132        -0.530        -1.221         1.998        -3.985
 HW_8           0.023        -0.078        -0.109         0.328         0.828
 HW10           0.008         0.026        -0.855        -0.473         0.999
 ENG_12         0.076         0.072        -0.415        -0.506         0.996
 MATH_12        0.108         0.123        -0.296        -0.875         0.969
 SCI_12         0.021        -0.071        -0.866         0.109         2.466
 SS_12          0.019         0.040        -0.603         0.526         1.884


           Residuals for Covariances/Correlations/Residual Correlations
              BYTXSSTD      BYTXHSTD      HW_8          HW10          ENG_12
              ________      ________      ________      ________      ________
 BYTXSSTD       0.447
 BYTXHSTD       2.559         0.205
 HW_8           0.399        -0.167         0.000
 HW10          -0.566        -0.998         0.003         0.000
 ENG_12        -1.691        -0.786        -0.010         0.094        -0.006
 MATH_12       -0.662        -1.228        -0.047         0.167         0.111
 SCI_12        -0.494        -0.158        -0.042        -0.080        -0.095
 SS_12         -0.492        -0.135        -0.080         0.003         0.050


           Residuals for Covariances/Correlations/Residual Correlations
              MATH_12       SCI_12        SS_12
              ________      ________      ________
 MATH_12        0.243
 SCI_12         0.345        -0.063
 SS_12          0.044        -0.089        -0.012


           Standardized Residuals (z-scores) for Covariances/Correlations/Residual Corr
              BYPARED       BYFAMINC      PAROCC        BYTXRSTD      BYTXMSTD
              ________      ________      ________      ________      ________
 BYPARED        0.022
 BYFAMINC      -0.628         0.022
 PAROCC        -1.366         1.282         0.025
 BYTXRSTD       0.040        -1.703        -0.436       999.000
 BYTXMSTD       2.750         1.051         1.254        -5.404        -2.749
 BYTXSSTD      -0.516        -2.053        -0.942        -3.532         1.246
 BYTXHSTD      -0.624        -0.920        -0.285         2.190       999.000
 HW_8           0.690        -1.006        -0.177         1.232         2.986
 HW10           0.211         0.219        -1.027        -1.417         2.672
 ENG_12         0.985         0.416        -0.305        -1.746         2.275
 MATH_12        1.198         0.652        -0.192        -1.722         1.908
 SCI_12         0.260        -0.400        -0.611         0.250         4.564
 SS_12          0.231         0.216        -0.414         1.199         3.693


           Standardized Residuals (z-scores) for Covariances/Correlations/Residual Corr
              BYTXSSTD      BYTXHSTD      HW_8          HW10          ENG_12
              ________      ________      ________      ________      ________
 BYTXSSTD       0.761
 BYTXHSTD       2.447         0.593
 HW_8           1.490        -0.632         0.000
 HW10          -1.669        -2.943         0.341         0.000
 ENG_12        -5.420        -2.153        -0.201         1.448        -0.801
 MATH_12       -1.268        -2.410        -0.666         1.539         1.438
 SCI_12        -1.465        -0.356        -0.725        -1.043       999.000
 SS_12         -1.215        -0.384        -1.494         0.050         1.558


           Standardized Residuals (z-scores) for Covariances/Correlations/Residual Corr
              MATH_12       SCI_12        SS_12
              ________      ________      ________
 MATH_12        2.234
 SCI_12         3.372       999.000
 SS_12          0.574       999.000       999.000


           Normalized Residuals for Covariances/Correlations/Residual Correlations
              BYPARED       BYFAMINC      PAROCC        BYTXRSTD      BYTXMSTD
              ________      ________      ________      ________      ________
 BYPARED        0.000
 BYFAMINC      -0.084         0.000
 PAROCC        -0.070         0.403         0.000
 BYTXRSTD       0.017        -1.142        -0.242        -0.125
 BYTXMSTD       1.315         0.725         0.723        -0.407        -0.156
 BYTXSSTD      -0.228        -1.386        -0.526        -0.326         0.253
 BYTXHSTD      -0.281        -0.630        -0.163         0.438        -0.894
 HW_8           0.451        -0.835        -0.133         0.772         1.921
 HW10           0.087         0.160        -0.608        -0.650         1.339
 ENG_12         0.620         0.325        -0.213        -0.461         0.893
 MATH_12        0.859         0.542        -0.148        -0.804         0.827
 SCI_12         0.170        -0.318        -0.440         0.099         2.150
 SS_12          0.145         0.169        -0.290         0.447         1.563


           Normalized Residuals for Covariances/Correlations/Residual Correlations
              BYTXSSTD      BYTXHSTD      HW_8          HW10          ENG_12
              ________      ________      ________      ________      ________
 BYTXSSTD       0.085
 BYTXHSTD       0.564         0.040
 HW_8           0.945        -0.401         0.000
 HW10          -0.783        -1.398         0.034         0.000
 ENG_12        -1.598        -0.741        -0.092         0.488        -0.016
 MATH_12       -0.611        -1.152        -0.412         0.842         0.341
 SCI_12        -0.449        -0.146        -0.373        -0.413        -0.292
 SS_12         -0.428        -0.118        -0.681         0.016         0.143


           Normalized Residuals for Covariances/Correlations/Residual Correlations
              MATH_12       SCI_12        SS_12
              ________      ________      ________
 MATH_12        0.638
 SCI_12         1.041        -0.173
 SS_12          0.126        -0.255        -0.028


     ESTIMATED MODEL AND RESIDUALS (OBSERVED - ESTIMATED) FOR G2


           Model Estimated Covariances/Correlations/Residual Correlations
              BYPARED       BYFAMINC      PAROCC        BYTXRSTD      BYTXMSTD
              ________      ________      ________      ________      ________
 BYPARED        1.921
 BYFAMINC       2.172         8.006
 PAROCC        21.037        37.222       572.196
 BYTXRSTD       5.554         9.827        95.199        97.895
 BYTXMSTD       5.886        10.415       100.887        76.401       107.118
 BYTXSSTD       5.285         9.351        90.584        68.599        72.698
 BYTXHSTD       5.236         9.264        89.737        67.957        72.018
 HW_8           0.259         0.457         4.431         3.676         3.896
 HW10           0.322         0.570         5.524         4.583         4.856
 ENG_12         1.039         1.839        17.811        13.985        14.634
 MATH_12        0.932         1.649        15.969        12.381        15.496
 SCI_12         0.959         1.697        16.438        12.744        13.506
 SS_12          1.091         1.930        18.691        14.492        15.357


           Model Estimated Covariances/Correlations/Residual Correlations
              BYTXSSTD      BYTXHSTD      HW_8          HW10          ENG_12
              ________      ________      ________      ________      ________
 BYTXSSTD      98.338
 BYTXHSTD      64.663        96.909
 HW_8           3.498         3.465         1.292
 HW10           4.360         4.320         0.449         3.351
 ENG_12        13.139        13.017         0.877         1.093         7.565
 MATH_12       11.781        11.671         0.786         0.980         5.855
 SCI_12        12.413        12.013         0.809         1.009         6.027
 SS_12         13.789        14.782         0.920         1.147         6.853


           Model Estimated Covariances/Correlations/Residual Correlations
              MATH_12       SCI_12        SS_12
              ________      ________      ________
 MATH_12        7.560
 SCI_12         5.404         7.224
 SS_12          6.145         6.325         8.837


           Residuals for Covariances/Correlations/Residual Correlations
              BYPARED       BYFAMINC      PAROCC        BYTXRSTD      BYTXMSTD
              ________      ________      ________      ________      ________
 BYPARED        0.000
 BYFAMINC      -0.132         0.000
 PAROCC         0.172         1.771        -0.004
 BYTXRSTD      -0.145        -0.219       -15.161         0.101
 BYTXMSTD       0.553         0.840        -9.748        -0.313        -0.246
 BYTXSSTD       0.303         0.722       -21.238         2.395        -1.429
 BYTXHSTD       1.209         1.136        -3.908         0.311        -2.695
 HW_8           0.040        -0.193        -2.277         0.300         0.751
 HW10           0.070         0.069         2.042        -0.851         0.115
 ENG_12         0.302         0.122        -0.581        -0.661         2.199
 MATH_12        0.093         0.240        -2.256        -1.226         1.199
 SCI_12         0.118         0.003        -2.516        -1.465         1.748
 SS_12          0.425         0.447         0.809        -1.096         0.648


           Residuals for Covariances/Correlations/Residual Correlations
              BYTXSSTD      BYTXHSTD      HW_8          HW10          ENG_12
              ________      ________      ________      ________      ________
 BYTXSSTD      -0.063
 BYTXHSTD       2.010        -0.281
 HW_8           0.100        -0.660         0.000
 HW10          -1.288         0.082        -0.007         0.000
 ENG_12        -1.507         0.606        -0.143         0.398        -0.013
 MATH_12       -1.175         0.098        -0.094         0.434         0.083
 SCI_12        -1.325        -0.208        -0.070         0.511        -0.051
 SS_12         -1.167         0.009        -0.200         0.148         0.058


           Residuals for Covariances/Correlations/Residual Correlations
              MATH_12       SCI_12        SS_12
              ________      ________      ________
 MATH_12        0.239
 SCI_12         0.325        -0.020
 SS_12          0.086        -0.068         0.015


           Standardized Residuals (z-scores) for Covariances/Correlations/Residual Corr
              BYPARED       BYFAMINC      PAROCC        BYTXRSTD      BYTXMSTD
              ________      ________      ________      ________      ________
 BYPARED        0.000
 BYFAMINC     -11.088       999.000
 PAROCC         0.624         1.627       999.000
 BYTXRSTD      -0.378        -0.224        -2.484         0.258
 BYTXMSTD       1.294         0.805        -1.517        -0.332        -0.278
 BYTXSSTD       0.675         0.670        -3.159         1.479        -1.646
 BYTXHSTD       2.473         1.048        -0.530         0.250       -10.545
 HW_8           0.679        -1.395        -2.289         1.013         2.371
 HW10           0.615         0.274         1.023        -1.840         0.235
 ENG_12         1.819         0.341        -0.213        -1.419         2.745
 MATH_12        0.523         0.618        -0.748        -1.521         1.406
 SCI_12         0.718         0.008        -0.913        -2.293         2.066
 SS_12          2.275         1.120         0.264        -1.610         0.813


           Standardized Residuals (z-scores) for Covariances/Correlations/Residual Corr
              BYTXSSTD      BYTXHSTD      HW_8          HW10          ENG_12
              ________      ________      ________      ________      ________
 BYTXSSTD     999.000
 BYTXHSTD       1.140       999.000
 HW_8           0.298        -2.163         0.000
 HW10          -2.402         0.145        -1.182         0.000
 ENG_12        -2.390         0.801        -2.020         2.329       999.000
 MATH_12       -1.333         0.106        -0.869         2.060         0.686
 SCI_12        -2.429        -0.266        -0.795         2.720       999.000
 SS_12         -1.500         0.013        -2.309         0.784         0.874


           Standardized Residuals (z-scores) for Covariances/Correlations/Residual Corr
              MATH_12       SCI_12        SS_12
              ________      ________      ________
 MATH_12        1.330
 SCI_12         1.925       999.000
 SS_12          0.599        -3.167         0.248


           Normalized Residuals for Covariances/Correlations/Residual Correlations
              BYPARED       BYFAMINC      PAROCC        BYTXRSTD      BYTXMSTD
              ________      ________      ________      ________      ________
 BYPARED        0.000
 BYFAMINC      -0.496         0.000
 PAROCC         0.072         0.375         0.000
 BYTXRSTD      -0.163        -0.122        -1.004         0.012
 BYTXMSTD       0.583         0.444        -0.612        -0.041        -0.027
 BYTXSSTD       0.338         0.401        -1.423         0.327        -0.189
 BYTXHSTD       1.327         0.633        -0.258         0.043        -0.363
 HW_8           0.416        -0.991        -1.382         0.416         0.983
 HW10           0.454         0.220         0.761        -0.761         0.097
 ENG_12         1.239         0.251        -0.142        -0.361         1.102
 MATH_12        0.385         0.489        -0.548        -0.681         0.595
 SCI_12         0.505         0.006        -0.634        -0.840         0.914
 SS_12          1.602         0.847         0.181        -0.561         0.309


           Normalized Residuals for Covariances/Correlations/Residual Correlations
              BYTXSSTD      BYTXHSTD      HW_8          HW10          ENG_12
              ________      ________      ________      ________      ________
 BYTXSSTD      -0.008
 BYTXHSTD       0.282        -0.034
 HW_8           0.140        -0.948         0.000
 HW10          -1.158         0.073        -0.055         0.000
 ENG_12        -0.842         0.332        -0.737         1.256        -0.020
 MATH_12       -0.656         0.054        -0.478         1.354         0.142
 SCI_12        -0.761        -0.119        -0.372         1.645        -0.089
 SS_12         -0.602         0.005        -0.958         0.437         0.090


           Normalized Residuals for Covariances/Correlations/Residual Correlations
              MATH_12       SCI_12        SS_12
              ________      ________      ________
 MATH_12        0.359
 SCI_12         0.571        -0.032
 SS_12          0.137        -0.111         0.019


DIAGRAM INFORMATION

  Use View Diagram under the Diagram menu in the Mplus Editor to view the diagram.
  If running Mplus from the Mplus Diagrammer, the diagram opens automatically.

  Diagram output
    c:\users\tzkeith\documents\regression book 3\web\instructor materials\chapter 18\mplus\initial multi group model.dgm

     Beginning Time:  13:45:33
        Ending Time:  13:45:33
       Elapsed Time:  00:00:00



MUTHEN & MUTHEN
3463 Stoner Ave.
Los Angeles, CA  90066

Tel: (310) 391-9971
Fax: (310) 391-8971
Web: www.StatModel.com
Support: Support@StatModel.com

Copyright (c) 1998-2017 Muthen & Muthen
