Mplus VERSION 8
MUTHEN & MUTHEN
01/20/2019   6:58 AM

INPUT INSTRUCTIONS

  TITLE: First order model (DAS-II first 1)
  DATA: FILE IS das2 cov.txt;
      TYPE IS COVARIANCE;
      NOBSERVATIONS ARE 800;

  VARIABLE:    NAMES ARE worddef verbsim seqquant seqord repict redesign pictsim pattcon
        namevoc matrix digits digback;

  USEVARIABLES = worddef-digback;

  MODEL:
      Gc by namevoc worddef verbsim;
      Gf BY pictsim matrix seqquant;
      Gv BY pattcon redesign repict;
      Gsm BY Digits digback seqord;


  OUTPUT:  SAMPSTAT STDYX RESIDUAL;



INPUT READING TERMINATED NORMALLY



First order model (DAS-II first 1)

SUMMARY OF ANALYSIS

Number of groups                                                 1
Number of observations                                         800

Number of dependent variables                                   12
Number of independent variables                                  0
Number of continuous latent variables                            4

Observed dependent variables

  Continuous
   WORDDEF     VERBSIM     SEQQUANT    SEQORD      REPICT      REDESIGN
   PICTSIM     PATTCON     NAMEVOC     MATRIX      DIGITS      DIGBACK

Continuous latent variables
   GC          GF          GV          GSM


Estimator                                                       ML
Information matrix                                        EXPECTED
Maximum number of iterations                                  1000
Convergence criterion                                    0.500D-04
Maximum number of steepest descent iterations                   20

Input data file(s)
  das2 cov.txt

Input data format  FREE


SAMPLE STATISTICS


     SAMPLE STATISTICS


           Covariances/Correlations/Residual Correlations
              WORDDEF       VERBSIM       SEQQUANT      SEQORD        REPICT
              ________      ________      ________      ________      ________
 WORDDEF       91.515
 VERBSIM       58.426       104.337
 SEQQUANT      42.206        53.058        94.137
 SEQORD        50.336        54.847        54.148       113.429
 REPICT        27.881        36.189        44.164        40.002       102.092
 REDESIGN      31.192        44.286        49.983        48.460        48.188
 PICTSIM       36.862        41.619        39.465        37.482        33.559
 PATTCON       37.207        48.525        54.009        48.525        40.817
 NAMEVOC       53.935        59.638        44.157        52.130        33.625
 MATRIX        41.670        47.500        60.401        54.749        40.013
 DIGITS        44.452        51.763        46.537        61.564        32.911
 DIGBACK       41.778        50.763        52.767        62.898        37.514


           Covariances/Correlations/Residual Correlations
              REDESIGN      PICTSIM       PATTCON       NAMEVOC       MATRIX
              ________      ________      ________      ________      ________
 REDESIGN      99.737
 PICTSIM       41.314       106.383
 PATTCON       55.814        38.716        84.743
 NAMEVOC       44.426        39.344        46.829       102.126
 MATRIX        41.383        39.476        47.341        40.049       104.594
 DIGITS        46.321        37.066        44.279        49.539        39.664
 DIGBACK       47.276        36.981        47.584        43.468        51.088


           Covariances/Correlations/Residual Correlations
              DIGITS        DIGBACK
              ________      ________
 DIGITS       121.523
 DIGBACK       56.199       103.251


THE MODEL ESTIMATION TERMINATED NORMALLY



MODEL FIT INFORMATION

Number of Free Parameters                       30

Loglikelihood

          H0 Value                      -33706.415
          H1 Value                      -33643.450

Information Criteria

          Akaike (AIC)                   67472.829
          Bayesian (BIC)                 67613.368
          Sample-Size Adjusted BIC       67518.101
            (n* = (n + 2) / 24)

Chi-Square Test of Model Fit

          Value                            125.930
          Degrees of Freedom                    48
          P-Value                           0.0000

RMSEA (Root Mean Square Error Of Approximation)

          Estimate                           0.045
          90 Percent C.I.                    0.036  0.055
          Probability RMSEA <= .05           0.792

CFI/TLI

          CFI                                0.982
          TLI                                0.975

Chi-Square Test of Model Fit for the Baseline Model

          Value                           4335.667
          Degrees of Freedom                    66
          P-Value                           0.0000

SRMR (Standardized Root Mean Square Residual)

          Value                              0.027



MODEL RESULTS

                                                    Two-Tailed
                    Estimate       S.E.  Est./S.E.    P-Value

 GC       BY
    NAMEVOC            1.000      0.000    999.000    999.000
    WORDDEF            0.948      0.049     19.347      0.000
    VERBSIM            1.100      0.053     20.786      0.000

 GF       BY
    PICTSIM            1.000      0.000    999.000    999.000
    MATRIX             1.308      0.092     14.170      0.000
    SEQQUANT           1.408      0.093     15.071      0.000

 GV       BY
    PATTCON            1.000      0.000    999.000    999.000
    REDESIGN           0.988      0.047     21.048      0.000
    REPICT             0.798      0.049     16.358      0.000

 GSM      BY
    DIGITS             1.000      0.000    999.000    999.000
    DIGBACK            1.035      0.058     17.929      0.000
    SEQORD             1.119      0.061     18.351      0.000

 GF       WITH
    GC                33.320      3.070     10.854      0.000

 GV       WITH
    GC                41.769      3.271     12.771      0.000
    GF                37.173      3.196     11.631      0.000

 GSM      WITH
    GC                45.334      3.685     12.303      0.000
    GF                35.102      3.276     10.714      0.000
    GV                44.680      3.525     12.674      0.000

 Variances
    GC                55.522      4.882     11.373      0.000
    GF                31.242      4.022      7.767      0.000
    GV                55.780      4.329     12.885      0.000
    GSM               54.415      5.431     10.020      0.000

 Residual Variances
    WORDDEF           41.537      2.628     15.805      0.000
    VERBSIM           37.075      2.728     13.588      0.000
    SEQQUANT          32.094      2.463     13.029      0.000
    SEQORD            45.094      3.077     14.654      0.000
    REPICT            66.461      3.655     18.183      0.000
    REDESIGN          45.123      2.867     15.741      0.000
    PICTSIM           75.007      4.011     18.700      0.000
    PATTCON           28.856      2.235     12.909      0.000
    NAMEVOC           46.475      2.937     15.826      0.000
    MATRIX            51.045      3.082     16.560      0.000
    DIGITS            66.956      3.883     17.241      0.000
    DIGBACK           44.799      2.899     15.456      0.000


STANDARDIZED MODEL RESULTS


STDYX Standardization

                                                    Two-Tailed
                    Estimate       S.E.  Est./S.E.    P-Value

 GC       BY
    NAMEVOC            0.738      0.020     36.806      0.000
    WORDDEF            0.739      0.020     36.912      0.000
    VERBSIM            0.803      0.017     46.227      0.000

 GF       BY
    PICTSIM            0.542      0.028     19.474      0.000
    MATRIX             0.715      0.021     34.392      0.000
    SEQQUANT           0.812      0.017     47.202      0.000

 GV       BY
    PATTCON            0.812      0.017     46.898      0.000
    REDESIGN           0.740      0.020     36.956      0.000
    REPICT             0.590      0.026     22.447      0.000

 GSM      BY
    DIGITS             0.670      0.023     29.166      0.000
    DIGBACK            0.752      0.019     38.753      0.000
    SEQORD             0.776      0.018     42.077      0.000

 GF       WITH
    GC                 0.800      0.024     32.905      0.000

 GV       WITH
    GC                 0.751      0.026     28.871      0.000
    GF                 0.890      0.021     42.016      0.000

 GSM      WITH
    GC                 0.825      0.022     36.758      0.000
    GF                 0.851      0.023     37.268      0.000
    GV                 0.811      0.024     33.713      0.000

 Variances
    GC                 1.000      0.000    999.000    999.000
    GF                 1.000      0.000    999.000    999.000
    GV                 1.000      0.000    999.000    999.000
    GSM                1.000      0.000    999.000    999.000

 Residual Variances
    WORDDEF            0.454      0.030     15.374      0.000
    VERBSIM            0.356      0.028     12.765      0.000
    SEQQUANT           0.341      0.028     12.232      0.000
    SEQORD             0.398      0.029     13.912      0.000
    REPICT             0.652      0.031     21.009      0.000
    REDESIGN           0.453      0.030     15.301      0.000
    PICTSIM            0.706      0.030     23.377      0.000
    PATTCON            0.341      0.028     12.130      0.000
    NAMEVOC            0.456      0.030     15.404      0.000
    MATRIX             0.489      0.030     16.432      0.000
    DIGITS             0.552      0.031     17.944      0.000
    DIGBACK            0.434      0.029     14.884      0.000


R-SQUARE

    Observed                                        Two-Tailed
    Variable        Estimate       S.E.  Est./S.E.    P-Value

    WORDDEF            0.546      0.030     18.456      0.000
    VERBSIM            0.644      0.028     23.114      0.000
    SEQQUANT           0.659      0.028     23.601      0.000
    SEQORD             0.602      0.029     21.038      0.000
    REPICT             0.348      0.031     11.223      0.000
    REDESIGN           0.547      0.030     18.478      0.000
    PICTSIM            0.294      0.030      9.737      0.000
    PATTCON            0.659      0.028     23.449      0.000
    NAMEVOC            0.544      0.030     18.403      0.000
    MATRIX             0.511      0.030     17.196      0.000
    DIGITS             0.448      0.031     14.583      0.000
    DIGBACK            0.566      0.029     19.377      0.000


QUALITY OF NUMERICAL RESULTS

     Condition Number for the Information Matrix              0.548E-02
       (ratio of smallest to largest eigenvalue)


RESIDUAL OUTPUT


     ESTIMATED MODEL AND RESIDUALS (OBSERVED - ESTIMATED)


           Model Estimated Covariances/Correlations/Residual Correlations
              WORDDEF       VERBSIM       SEQQUANT      SEQORD        REPICT
              ________      ________      ________      ________      ________
 WORDDEF       91.400
 VERBSIM       57.857       104.206
 SEQQUANT      44.456        51.582        94.019
 SEQORD        48.094        55.803        55.322       113.287
 REPICT        31.580        36.642        41.753        39.904       101.964
 REDESIGN      39.123        45.394        51.725        49.435        43.984
 PICTSIM       31.576        36.638        43.985        39.295        29.656
 PATTCON       39.583        45.929        52.334        50.017        44.502
 NAMEVOC       52.617        61.051        46.910        50.750        33.324
 MATRIX        41.289        47.908        57.514        51.382        38.779
 DIGITS        42.962        49.848        49.419        60.916        35.646
 DIGBACK       44.477        51.607        51.162        63.065        36.903


           Model Estimated Covariances/Correlations/Residual Correlations
              REDESIGN      PICTSIM       PATTCON       NAMEVOC       MATRIX
              ________      ________      ________      ________      ________
 REDESIGN      99.613
 PICTSIM       36.740       106.249
 PATTCON       55.131        37.173        84.636
 NAMEVOC       41.283        33.320        41.769       101.997
 MATRIX        48.041        40.852        48.607        43.569       104.463
 DIGITS        44.160        35.102        44.680        45.334        45.899
 DIGBACK       45.718        36.340        46.256        46.933        47.518


           Model Estimated Covariances/Correlations/Residual Correlations
              DIGITS        DIGBACK
              ________      ________
 DIGITS       121.371
 DIGBACK       56.335       103.122


           Residuals for Covariances/Correlations/Residual Correlations
              WORDDEF       VERBSIM       SEQQUANT      SEQORD        REPICT
              ________      ________      ________      ________      ________
 WORDDEF        0.001
 VERBSIM        0.497         0.000
 SEQQUANT      -2.302         1.409         0.000
 SEQORD         2.179        -1.025        -1.242         0.000
 REPICT        -3.734        -0.499         2.357         0.048         0.000
 REDESIGN      -7.969        -1.164        -1.805        -1.035         4.144
 PICTSIM        5.240         4.929        -4.569        -1.860         3.860
 PATTCON       -2.423         2.535         1.607        -1.553        -3.736
 NAMEVOC        1.251        -1.488        -2.809         1.315         0.259
 MATRIX         0.329        -0.467         2.811         3.298         1.184
 DIGITS         1.434         1.850        -2.940         0.571        -2.776
 DIGBACK       -2.752        -0.907         1.539        -0.245         0.564


           Residuals for Covariances/Correlations/Residual Correlations
              REDESIGN      PICTSIM       PATTCON       NAMEVOC       MATRIX
              ________      ________      ________      ________      ________
 REDESIGN       0.000
 PICTSIM        4.522         0.001
 PATTCON        0.613         1.495         0.001
 NAMEVOC        3.088         5.974         5.001         0.001
 MATRIX        -6.710        -1.426        -1.325        -3.571         0.000
 DIGITS         2.103         1.918        -0.456         4.144        -6.284
 DIGBACK        1.500         0.595         1.269        -3.519         3.506


           Residuals for Covariances/Correlations/Residual Correlations
              DIGITS        DIGBACK
              ________      ________
 DIGITS         0.000
 DIGBACK       -0.206         0.000


           Standardized Residuals (z-scores) for Covariances/Correlations/Residual Corr
              WORDDEF       VERBSIM       SEQQUANT      SEQORD        REPICT
              ________      ________      ________      ________      ________
 WORDDEF        0.044
 VERBSIM        0.596         0.025
 SEQQUANT      -1.772         1.069         0.003
 SEQORD         1.300        -0.729        -1.040         0.017
 REPICT        -1.765        -0.234         1.404         0.022         0.019
 REDESIGN      -5.092        -0.713        -1.698        -0.632         2.436
 PICTSIM        2.260         2.162        -4.346        -0.861         1.497
 PATTCON       -1.807         1.811         1.652        -1.274        -4.351
 NAMEVOC        1.095        -2.154        -2.066         0.757         0.112
 MATRIX         0.183        -0.281         3.002         1.809         0.572
 DIGITS         0.704         0.945        -1.870         0.411        -1.104
 DIGBACK       -1.829        -0.632         1.129        -0.279         0.264


           Standardized Residuals (z-scores) for Covariances/Correlations/Residual Corr
              REDESIGN      PICTSIM       PATTCON       NAMEVOC       MATRIX
              ________      ________      ________      ________      ________
 REDESIGN       0.019
 PICTSIM        2.086         0.031
 PATTCON        0.928         0.878         0.042
 NAMEVOC        1.573         2.429         2.974         0.038
 MATRIX        -5.056        -0.779        -1.146        -2.001       999.000
 DIGITS         0.973         0.720        -0.270         1.861        -3.192
 DIGBACK        0.865         0.271         0.924        -2.240         1.919


           Standardized Residuals (z-scores) for Covariances/Correlations/Residual Corr
              DIGITS        DIGBACK
              ________      ________
 DIGITS       999.000
 DIGBACK       -0.145       999.000


           Normalized Residuals for Covariances/Correlations/Residual Correlations
              WORDDEF       VERBSIM       SEQQUANT      SEQORD        REPICT
              ________      ________      ________      ________      ________
 WORDDEF        0.000
 VERBSIM        0.124         0.000
 SEQQUANT      -0.639         0.355         0.000
 SEQORD         0.543        -0.238        -0.301         0.000
 REPICT        -1.051        -0.129         0.621         0.012         0.000
 REDESIGN      -2.246        -0.296        -0.469        -0.251         1.049
 PICTSIM        1.409         1.232        -1.203        -0.454         0.998
 PATTCON       -0.718         0.679         0.436        -0.402        -1.042
 NAMEVOC        0.320        -0.353        -0.740         0.311         0.068
 MATRIX         0.088        -0.115         0.685         0.766         0.303
 DIGITS         0.355         0.423        -0.714         0.122        -0.677
 DIGBACK       -0.737        -0.222         0.390        -0.055         0.146


           Normalized Residuals for Covariances/Correlations/Residual Correlations
              REDESIGN      PICTSIM       PATTCON       NAMEVOC       MATRIX
              ________      ________      ________      ________      ________
 REDESIGN       0.000
 PICTSIM        1.154         0.000
 PATTCON        0.161         0.413         0.000
 NAMEVOC        0.793         1.519         1.360         0.000
 MATRIX        -1.724        -0.358        -0.356        -0.912         0.000
 DIGITS         0.499         0.454        -0.117         0.962        -1.489
 DIGBACK        0.379         0.152         0.342        -0.894         0.858


           Normalized Residuals for Covariances/Correlations/Residual Correlations
              DIGITS        DIGBACK
              ________      ________
 DIGITS         0.000
 DIGBACK       -0.047         0.000


DIAGRAM INFORMATION

  Use View Diagram under the Diagram menu in the Mplus Editor to view the diagram.
  If running Mplus from the Mplus Diagrammer, the diagram opens automatically.

  Diagram output
    c:\users\tzkeith\documents\regression book 3\web\instructor materials\chapter 16\mplus\das-ii first 1.dgm

     Beginning Time:  06:58:35
        Ending Time:  06:58:35
       Elapsed Time:  00:00:00



MUTHEN & MUTHEN
3463 Stoner Ave.
Los Angeles, CA  90066

Tel: (310) 391-9971
Fax: (310) 391-8971
Web: www.StatModel.com
Support: Support@StatModel.com

Copyright (c) 1998-2017 Muthen & Muthen
