Mplus VERSION 8
MUTHEN & MUTHEN
01/20/2019   7:00 AM

INPUT INSTRUCTIONS

  TITLE: DAS-II higher order 1
  DATA: FILE IS das2 cov.txt;
      TYPE IS COVARIANCE;
      NOBSERVATIONS ARE 800;

  VARIABLE:    NAMES ARE worddef verbsim seqquant seqord repict redesign pictsim pattcon
        namevoc matrix digits digback;

  USEVARIABLES = worddef-digback;

  MODEL:
      Gc by namevoc worddef verbsim;
      Gf BY pictsim matrix seqquant;
      Gv BY pattcon redesign repict;
      Gsm BY Digits digback seqord;

      g BY Gc Gf Gv Gsm;

  OUTPUT:  SAMPSTAT STDYX RESIDUAL;



INPUT READING TERMINATED NORMALLY



DAS-II higher order 1

SUMMARY OF ANALYSIS

Number of groups                                                 1
Number of observations                                         800

Number of dependent variables                                   12
Number of independent variables                                  0
Number of continuous latent variables                            5

Observed dependent variables

  Continuous
   WORDDEF     VERBSIM     SEQQUANT    SEQORD      REPICT      REDESIGN
   PICTSIM     PATTCON     NAMEVOC     MATRIX      DIGITS      DIGBACK

Continuous latent variables
   GC          GF          GV          GSM         G


Estimator                                                       ML
Information matrix                                        EXPECTED
Maximum number of iterations                                  1000
Convergence criterion                                    0.500D-04
Maximum number of steepest descent iterations                   20

Input data file(s)
  das2 cov.txt

Input data format  FREE


SAMPLE STATISTICS


     SAMPLE STATISTICS


           Covariances/Correlations/Residual Correlations
              WORDDEF       VERBSIM       SEQQUANT      SEQORD        REPICT
              ________      ________      ________      ________      ________
 WORDDEF       91.515
 VERBSIM       58.426       104.337
 SEQQUANT      42.206        53.058        94.137
 SEQORD        50.336        54.847        54.148       113.429
 REPICT        27.881        36.189        44.164        40.002       102.092
 REDESIGN      31.192        44.286        49.983        48.460        48.188
 PICTSIM       36.862        41.619        39.465        37.482        33.559
 PATTCON       37.207        48.525        54.009        48.525        40.817
 NAMEVOC       53.935        59.638        44.157        52.130        33.625
 MATRIX        41.670        47.500        60.401        54.749        40.013
 DIGITS        44.452        51.763        46.537        61.564        32.911
 DIGBACK       41.778        50.763        52.767        62.898        37.514


           Covariances/Correlations/Residual Correlations
              REDESIGN      PICTSIM       PATTCON       NAMEVOC       MATRIX
              ________      ________      ________      ________      ________
 REDESIGN      99.737
 PICTSIM       41.314       106.383
 PATTCON       55.814        38.716        84.743
 NAMEVOC       44.426        39.344        46.829       102.126
 MATRIX        41.383        39.476        47.341        40.049       104.594
 DIGITS        46.321        37.066        44.279        49.539        39.664
 DIGBACK       47.276        36.981        47.584        43.468        51.088


           Covariances/Correlations/Residual Correlations
              DIGITS        DIGBACK
              ________      ________
 DIGITS       121.523
 DIGBACK       56.199       103.251


THE MODEL ESTIMATION TERMINATED NORMALLY



MODEL FIT INFORMATION

Number of Free Parameters                       28

Loglikelihood

          H0 Value                      -33713.868
          H1 Value                      -33643.450

Information Criteria

          Akaike (AIC)                   67483.736
          Bayesian (BIC)                 67614.905
          Sample-Size Adjusted BIC       67525.989
            (n* = (n + 2) / 24)

Chi-Square Test of Model Fit

          Value                            140.836
          Degrees of Freedom                    50
          P-Value                           0.0000

RMSEA (Root Mean Square Error Of Approximation)

          Estimate                           0.048
          90 Percent C.I.                    0.038  0.057
          Probability RMSEA <= .05           0.646

CFI/TLI

          CFI                                0.979
          TLI                                0.972

Chi-Square Test of Model Fit for the Baseline Model

          Value                           4335.667
          Degrees of Freedom                    66
          P-Value                           0.0000

SRMR (Standardized Root Mean Square Residual)

          Value                              0.029



MODEL RESULTS

                                                    Two-Tailed
                    Estimate       S.E.  Est./S.E.    P-Value

 GC       BY
    NAMEVOC            1.000      0.000    999.000    999.000
    WORDDEF            0.942      0.049     19.258      0.000
    VERBSIM            1.101      0.053     20.801      0.000

 GF       BY
    PICTSIM            1.000      0.000    999.000    999.000
    MATRIX             1.316      0.093     14.158      0.000
    SEQQUANT           1.407      0.094     14.998      0.000

 GV       BY
    PATTCON            1.000      0.000    999.000    999.000
    REDESIGN           0.990      0.047     21.047      0.000
    REPICT             0.794      0.049     16.251      0.000

 GSM      BY
    DIGITS             1.000      0.000    999.000    999.000
    DIGBACK            1.048      0.059     17.872      0.000
    SEQORD             1.124      0.062     18.169      0.000

 G        BY
    GC                 1.000      0.000    999.000    999.000
    GF                 0.830      0.064     13.020      0.000
    GV                 1.056      0.061     17.402      0.000
    GSM                1.047      0.069     15.108      0.000

 Variances
    G                 40.911      4.190      9.764      0.000

 Residual Variances
    WORDDEF           41.981      2.649     15.850      0.000
    VERBSIM           36.775      2.734     13.450      0.000
    SEQQUANT          32.417      2.477     13.085      0.000
    SEQORD            45.383      3.095     14.662      0.000
    REPICT            66.789      3.671     18.191      0.000
    REDESIGN          44.883      2.867     15.655      0.000
    PICTSIM           75.121      4.020     18.689      0.000
    PATTCON           28.793      2.243     12.835      0.000
    NAMEVOC           46.320      2.939     15.759      0.000
    MATRIX            50.572      3.075     16.446      0.000
    DIGITS            67.598      3.914     17.270      0.000
    DIGBACK           44.042      2.887     15.256      0.000
    GC                14.765      2.029      7.277      0.000
    GF                 2.974      1.042      2.854      0.004
    GV                10.182      1.903      5.352      0.000
    GSM                8.919      1.828      4.878      0.000


STANDARDIZED MODEL RESULTS


STDYX Standardization

                                                    Two-Tailed
                    Estimate       S.E.  Est./S.E.    P-Value

 GC       BY
    NAMEVOC            0.739      0.020     36.849      0.000
    WORDDEF            0.735      0.020     36.398      0.000
    VERBSIM            0.804      0.017     46.336      0.000

 GF       BY
    PICTSIM            0.541      0.028     19.383      0.000
    MATRIX             0.718      0.021     34.678      0.000
    SEQQUANT           0.809      0.017     46.724      0.000

 GV       BY
    PATTCON            0.812      0.017     46.803      0.000
    REDESIGN           0.741      0.020     37.074      0.000
    REPICT             0.587      0.026     22.222      0.000

 GSM      BY
    DIGITS             0.666      0.023     28.723      0.000
    DIGBACK            0.757      0.019     39.297      0.000
    SEQORD             0.774      0.019     41.704      0.000

 G        BY
    GC                 0.857      0.018     47.085      0.000
    GF                 0.951      0.016     58.147      0.000
    GV                 0.904      0.017     52.528      0.000
    GSM                0.913      0.017     54.727      0.000

 Variances
    G                  1.000      0.000    999.000    999.000

 Residual Variances
    WORDDEF            0.459      0.030     15.460      0.000
    VERBSIM            0.353      0.028     12.635      0.000
    SEQQUANT           0.345      0.028     12.294      0.000
    SEQORD             0.401      0.029     13.937      0.000
    REPICT             0.655      0.031     21.097      0.000
    REDESIGN           0.451      0.030     15.202      0.000
    PICTSIM            0.707      0.030     23.389      0.000
    PATTCON            0.340      0.028     12.065      0.000
    NAMEVOC            0.454      0.030     15.328      0.000
    MATRIX             0.484      0.030     16.272      0.000
    DIGITS             0.557      0.031     18.054      0.000
    DIGBACK            0.427      0.029     14.647      0.000
    GC                 0.265      0.031      8.497      0.000
    GF                 0.096      0.031      3.071      0.002
    GV                 0.182      0.031      5.856      0.000
    GSM                0.166      0.030      5.441      0.000


R-SQUARE

    Observed                                        Two-Tailed
    Variable        Estimate       S.E.  Est./S.E.    P-Value

    WORDDEF            0.541      0.030     18.199      0.000
    VERBSIM            0.647      0.028     23.168      0.000
    SEQQUANT           0.655      0.028     23.362      0.000
    SEQORD             0.599      0.029     20.852      0.000
    REPICT             0.345      0.031     11.111      0.000
    REDESIGN           0.549      0.030     18.537      0.000
    PICTSIM            0.293      0.030      9.692      0.000
    PATTCON            0.660      0.028     23.401      0.000
    NAMEVOC            0.546      0.030     18.424      0.000
    MATRIX             0.516      0.030     17.339      0.000
    DIGITS             0.443      0.031     14.361      0.000
    DIGBACK            0.573      0.029     19.649      0.000

     Latent                                         Two-Tailed
    Variable        Estimate       S.E.  Est./S.E.    P-Value

    GC                 0.735      0.031     23.543      0.000
    GF                 0.904      0.031     29.074      0.000
    GV                 0.818      0.031     26.264      0.000
    GSM                0.834      0.030     27.363      0.000


QUALITY OF NUMERICAL RESULTS

     Condition Number for the Information Matrix              0.829E-03
       (ratio of smallest to largest eigenvalue)


RESIDUAL OUTPUT


     ESTIMATED MODEL AND RESIDUALS (OBSERVED - ESTIMATED)


           Model Estimated Covariances/Correlations/Residual Correlations
              WORDDEF       VERBSIM       SEQQUANT      SEQORD        REPICT
              ________      ________      ________      ________      ________
 WORDDEF       91.401
 VERBSIM       57.727       104.206
 SEQQUANT      44.981        52.542        94.019
 SEQORD        45.352        52.976        56.177       113.287
 REPICT        32.318        37.750        40.031        40.362       101.964
 REDESIGN      40.312        47.089        49.934        50.346        43.876
 PICTSIM       31.975        37.349        43.790        39.933        28.456
 PATTCON       40.721        47.566        50.440        50.856        44.321
 NAMEVOC       52.455        61.272        47.743        48.138        34.302
 MATRIX        42.071        49.143        57.617        52.543        37.442
 DIGITS        40.358        47.142        49.990        60.426        35.917
 DIGBACK       42.303        49.414        52.399        63.338        37.648


           Model Estimated Covariances/Correlations/Residual Correlations
              REDESIGN      PICTSIM       PATTCON       NAMEVOC       MATRIX
              ________      ________      ________      ________      ________
 REDESIGN      99.612
 PICTSIM       35.495       106.249
 PATTCON       55.284        35.855        84.637
 NAMEVOC       42.788        33.938        43.221       101.996
 MATRIX        46.704        40.957        47.177        44.655       104.462
 DIGITS        44.802        35.536        45.256        42.837        46.757
 DIGBACK       46.961        37.248        47.437        44.901        49.010


           Model Estimated Covariances/Correlations/Residual Correlations
              DIGITS        DIGBACK
              ________      ________
 DIGITS       121.369
 DIGBACK       56.363       103.121


           Residuals for Covariances/Correlations/Residual Correlations
              WORDDEF       VERBSIM       SEQQUANT      SEQORD        REPICT
              ________      ________      ________      ________      ________
 WORDDEF        0.000
 VERBSIM        0.626         0.001
 SEQQUANT      -2.827         0.450         0.000
 SEQORD         4.921         1.803        -2.096         0.000
 REPICT        -4.472        -1.607         4.078        -0.410         0.001
 REDESIGN      -9.159        -2.858        -0.013        -1.947         4.252
 PICTSIM        4.842         4.218        -4.374        -2.498         5.061
 PATTCON       -3.561         0.898         3.502        -2.392        -3.555
 NAMEVOC        1.413        -1.708        -3.642         3.927        -0.720
 MATRIX        -0.453        -1.702         2.708         2.137         2.521
 DIGITS         4.038         4.556        -3.512         1.061        -3.047
 DIGBACK       -0.578         1.286         0.302        -0.518        -0.181


           Residuals for Covariances/Correlations/Residual Correlations
              REDESIGN      PICTSIM       PATTCON       NAMEVOC       MATRIX
              ________      ________      ________      ________      ________
 REDESIGN       0.001
 PICTSIM        5.767         0.001
 PATTCON        0.460         2.812         0.000
 NAMEVOC        1.583         5.356         3.549         0.002
 MATRIX        -5.372        -1.531         0.105        -4.656         0.000
 DIGITS         1.461         1.484        -1.032         6.641        -7.142
 DIGBACK        0.256        -0.313         0.087        -1.487         2.014


           Residuals for Covariances/Correlations/Residual Correlations
              DIGITS        DIGBACK
              ________      ________
 DIGITS         0.002
 DIGBACK       -0.234         0.000


           Standardized Residuals (z-scores) for Covariances/Correlations/Residual Corr
              WORDDEF       VERBSIM       SEQQUANT      SEQORD        REPICT
              ________      ________      ________      ________      ________
 WORDDEF        0.009
 VERBSIM        0.744         0.042
 SEQQUANT      -2.100         0.331       999.000
 SEQORD         2.488         1.007        -1.754         0.009
 REPICT        -2.120        -0.762         2.185        -0.190         0.047
 REDESIGN      -5.833        -1.755        -0.010        -1.182         2.502
 PICTSIM        2.094         1.871        -4.072        -1.178         1.891
 PATTCON       -2.594         0.627         2.827        -1.896        -4.089
 NAMEVOC        1.225        -2.668        -2.631         1.925        -0.314
 MATRIX        -0.253        -1.036         2.929         1.203         1.146
 DIGITS         1.764         2.024        -2.245         0.740        -1.210
 DIGBACK       -0.326         0.738         0.229        -0.623        -0.085


           Standardized Residuals (z-scores) for Covariances/Correlations/Residual Corr
              REDESIGN      PICTSIM       PATTCON       NAMEVOC       MATRIX
              ________      ________      ________      ________      ________
 REDESIGN       0.035
 PICTSIM        2.517         0.047
 PATTCON        0.726         1.517         0.009
 NAMEVOC        0.812         2.197         2.099         0.063
 MATRIX        -3.524        -0.846         0.077        -2.646         0.030
 DIGITS         0.676         0.562        -0.604         2.692        -3.713
 DIGBACK        0.150        -0.147         0.064        -0.811         1.153


           Standardized Residuals (z-scores) for Covariances/Correlations/Residual Corr
              DIGITS        DIGBACK
              ________      ________
 DIGITS         0.054
 DIGBACK       -0.167         0.029


           Normalized Residuals for Covariances/Correlations/Residual Correlations
              WORDDEF       VERBSIM       SEQQUANT      SEQORD        REPICT
              ________      ________      ________      ________      ________
 WORDDEF        0.000
 VERBSIM        0.156         0.000
 SEQQUANT      -0.785         0.113         0.000
 SEQORD         1.226         0.419        -0.509         0.000
 REPICT        -1.259        -0.416         1.074        -0.101         0.000
 REDESIGN      -2.581        -0.728        -0.003        -0.472         1.077
 PICTSIM        1.302         1.054        -1.152        -0.610         1.309
 PATTCON       -1.055         0.240         0.950        -0.619        -0.991
 NAMEVOC        0.361        -0.406        -0.959         0.930        -0.190
 MATRIX        -0.121        -0.420         0.660         0.497         0.644
 DIGITS         0.999         1.041        -0.853         0.227        -0.743
 DIGBACK       -0.155         0.315         0.076        -0.117        -0.047


           Normalized Residuals for Covariances/Correlations/Residual Correlations
              REDESIGN      PICTSIM       PATTCON       NAMEVOC       MATRIX
              ________      ________      ________      ________      ________
 REDESIGN       0.000
 PICTSIM        1.472         0.000
 PATTCON        0.121         0.777         0.000
 NAMEVOC        0.406         1.362         0.965         0.000
 MATRIX        -1.381        -0.385         0.028        -1.190         0.000
 DIGITS         0.346         0.351        -0.264         1.543        -1.692
 DIGBACK        0.065        -0.080         0.024        -0.378         0.493


           Normalized Residuals for Covariances/Correlations/Residual Correlations
              DIGITS        DIGBACK
              ________      ________
 DIGITS         0.000
 DIGBACK       -0.053         0.000


DIAGRAM INFORMATION

  Use View Diagram under the Diagram menu in the Mplus Editor to view the diagram.
  If running Mplus from the Mplus Diagrammer, the diagram opens automatically.

  Diagram output
    c:\users\tzkeith\documents\regression book 3\web\instructor materials\chapter 16\mplus\das-ii higher order 1.dgm

     Beginning Time:  07:00:31
        Ending Time:  07:00:31
       Elapsed Time:  00:00:00



MUTHEN & MUTHEN
3463 Stoner Ave.
Los Angeles, CA  90066

Tel: (310) 391-9971
Fax: (310) 391-8971
Web: www.StatModel.com
Support: Support@StatModel.com

Copyright (c) 1998-2017 Muthen & Muthen
