Mplus VERSION 7.11
MUTHEN & MUTHEN
04/23/2015  10:05 AM

INPUT INSTRUCTIONS

  TITLE:	
      KABC CFA Configural invariance
      G1 girls
      G2 boys

  DATA:	FILE  female male matrices.txt;
          TYPE IS MEANS STDEVIATIONS CORRELATION;
          NOBSERVATIONS ARE 146 154;
          NGROUPS=2;

  VARIABLE:  NAMES ARE Atlant_d Atlantis Block_c Exp_Voc Gestalt Hand_Mov Num_Rec
              Rebus_D Riddles
              Rebus Rover Trian_Un Verb_Kno Word_Ord;


  	USEVAR =Atlant_d Atlantis Block_c Exp_Voc Gestalt Hand_Mov Num_Rec
              Rebus_D Riddles
          Rebus Rover Trian_Un Verb_Kno Word_Ord;


      ! ANALYSIS:
      !      TYPE = MEANSTRUCTURE;

  MODEL:
    !  first the measurement model part using the keyword BY:

            Gc BY Riddles Verb_Kno Exp_Voc Gestalt;
            Gv BY Trian_Un Gestalt Block_c Rover;
            Glr BY Rebus Rebus_D Atlantis Atlant_d;
  	      Gsm BY Num_Rec Word_ord Hand_Mov;

    !   and then adding correlated residuals over time using
    !        the keyword WITH:

            Rebus WITH Rebus_D;
  	      Atlantis WITH Atlant_d;
  MODEL G2:
      ! differences for males

          Gc BY Verb_Kno Exp_Voc Gestalt;
          Gv BY Gestalt Block_c Rover;
          Glr BY Rebus_D Atlantis Atlant_d;
  	    Gsm BY Word_ord Hand_Mov;

          [Riddles* Verb_Kno* Exp_Voc* Gestalt*];
          [Gestalt* Trian_Un* Block_c* Rover*];
          [Rebus* Rebus_D* Atlantis* Atlant_d*];
  	    [Word_Ord* Num_Rec* Hand_Mov*];
          [Gc@0 Gv@0 Glr@0 Gsm@0];


  OUTPUT:
          sampstat tech1 standardized modindices(4);





*** ERROR in DATA command
  The file specified for the FILE option cannot be found.  Check that this
  file exists:  female male matrices.txt


MUTHEN & MUTHEN
3463 Stoner Ave.
Los Angeles, CA  90066

Tel: (310) 391-9971
Fax: (310) 391-8971
Web: www.StatModel.com
Support: Support@StatModel.com

Copyright (c) 1998-2013 Muthen & Muthen
